

================================================================
== Vitis HLS Report for 'DebayerG_Pipeline_VITIS_LOOP_318_4'
================================================================
* Date:           Thu Jun 13 19:44:29 2024

* Version:        2024.1 (Build 5069499 on May 21 2024)
* Project:        prj
* Solution:       sol (Vivado IP Flow Target)
* Product family: zynquplus
* Target device:  xck26-sfvc784-2LV-c


================================================================
== Performance Estimates
================================================================
+ Timing: 
    * Summary: 
    +--------+---------+----------+------------+
    |  Clock |  Target | Estimated| Uncertainty|
    +--------+---------+----------+------------+
    |ap_clk  |  4.00 ns|  2.877 ns|     1.08 ns|
    +--------+---------+----------+------------+

+ Latency: 
    * Summary: 
    +---------+---------+-----------+----------+-----+-------+-----------------------------------------------+
    |  Latency (cycles) |  Latency (absolute)  |   Interval  |                    Pipeline                   |
    |   min   |   max   |    min    |    max   | min |  max  |                      Type                     |
    +---------+---------+-----------+----------+-----+-------+-----------------------------------------------+
    |       19|    65554|  76.000 ns|  0.262 ms|    3|  65538|  loop auto-rewind stp(delay=0 clock cycles(s))|
    +---------+---------+-----------+----------+-----+-------+-----------------------------------------------+

    + Detail: 
        * Instance: 
        N/A

        * Loop: 
        +--------------------+---------+---------+----------+-----------+-----------+-----------+----------+
        |                    |  Latency (cycles) | Iteration|  Initiation Interval  |    Trip   |          |
        |      Loop Name     |   min   |   max   |  Latency |  achieved |   target  |   Count   | Pipelined|
        +--------------------+---------+---------+----------+-----------+-----------+-----------+----------+
        |- VITIS_LOOP_318_4  |       17|    65552|        17|          1|          1|  2 ~ 65537|       yes|
        +--------------------+---------+---------+----------+-----------+-----------+-----------+----------+



================================================================
== Utilization Estimates
================================================================
* Summary: 
+-----------------+---------+------+--------+--------+-----+
|       Name      | BRAM_18K|  DSP |   FF   |   LUT  | URAM|
+-----------------+---------+------+--------+--------+-----+
|DSP              |        -|     2|       -|       -|    -|
|Expression       |        -|     -|      22|    2935|    -|
|FIFO             |        -|     -|       -|       -|    -|
|Instance         |        -|     6|       0|      30|    -|
|Memory           |       14|     -|       0|       0|    0|
|Multiplexer      |        -|     -|       0|     655|    -|
|Register         |        -|     -|    3912|    1120|    -|
+-----------------+---------+------+--------+--------+-----+
|Total            |       14|     8|    3934|    4740|    0|
+-----------------+---------+------+--------+--------+-----+
|Available        |      288|  1248|  234240|  117120|   64|
+-----------------+---------+------+--------+--------+-----+
|Utilization (%)  |        4|    ~0|       1|       4|    0|
+-----------------+---------+------+--------+--------+-----+

+ Detail: 
    * Instance: 
    +-------------------------+---------------------+---------+----+---+----+-----+
    |         Instance        |        Module       | BRAM_18K| DSP| FF| LUT| URAM|
    +-------------------------+---------------------+---------+----+---+----+-----+
    |mul_14s_10ns_24_1_1_U59  |mul_14s_10ns_24_1_1  |        0|   1|  0|   5|    0|
    |mul_14s_10ns_24_1_1_U60  |mul_14s_10ns_24_1_1  |        0|   1|  0|   5|    0|
    |mul_18s_8ns_18_1_1_U56   |mul_18s_8ns_18_1_1   |        0|   1|  0|   5|    0|
    |mul_18s_8ns_18_1_1_U57   |mul_18s_8ns_18_1_1   |        0|   1|  0|   5|    0|
    |mul_18s_9ns_18_1_1_U55   |mul_18s_9ns_18_1_1   |        0|   1|  0|   5|    0|
    |mul_18s_9ns_18_1_1_U58   |mul_18s_9ns_18_1_1   |        0|   1|  0|   5|    0|
    +-------------------------+---------------------+---------+----+---+----+-----+
    |Total                    |                     |        0|   6|  0|  30|    0|
    +-------------------------+---------------------+---------+----+---+----+-----+

    * DSP: 
    +------------------------------------+--------------------------------+--------------+
    |              Instance              |             Module             |  Expression  |
    +------------------------------------+--------------------------------+--------------+
    |mac_muladd_14s_10ns_24s_25_4_1_U61  |mac_muladd_14s_10ns_24s_25_4_1  |  i0 + i1 * i2|
    |mac_muladd_14s_10ns_24s_25_4_1_U62  |mac_muladd_14s_10ns_24s_25_4_1  |  i0 + i1 * i2|
    +------------------------------------+--------------------------------+--------------+

    * Memory: 
    +-----------------+----------------------------------------------------------------+---------+---+----+-----+------+-----+------+-------------+
    |      Memory     |                             Module                             | BRAM_18K| FF| LUT| URAM| Words| Bits| Banks| W*Bits*Banks|
    +-----------------+----------------------------------------------------------------+---------+---+----+-----+------+-----+------+-------------+
    |DIV1_TABLE_U     |DebayerG_Pipeline_VITIS_LOOP_318_4_DIV1_TABLE_ROM_AUTO_1R       |        2|  0|   0|    0|  1024|   10|     1|        10240|
    |DIV2_TABLE_U     |DebayerG_Pipeline_VITIS_LOOP_318_4_DIV2_TABLE_ROM_AUTO_1R       |        4|  0|   0|    0|  4096|   18|     1|        73728|
    |linebuf_yuv_3_U  |DebayerG_Pipeline_VITIS_LOOP_318_4_linebuf_yuv_3_RAM_AUTO_1R1W  |        2|  0|   0|    0|  1921|   10|     1|        19210|
    |linebuf_yuv_2_U  |DebayerG_Pipeline_VITIS_LOOP_318_4_linebuf_yuv_3_RAM_AUTO_1R1W  |        2|  0|   0|    0|  1921|   10|     1|        19210|
    |linebuf_yuv_1_U  |DebayerG_Pipeline_VITIS_LOOP_318_4_linebuf_yuv_3_RAM_AUTO_1R1W  |        2|  0|   0|    0|  1921|   10|     1|        19210|
    |linebuf_yuv_U    |DebayerG_Pipeline_VITIS_LOOP_318_4_linebuf_yuv_3_RAM_AUTO_1R1W  |        2|  0|   0|    0|  1921|   10|     1|        19210|
    +-----------------+----------------------------------------------------------------+---------+---+----+-----+------+-----+------+-------------+
    |Total            |                                                                |       14|  0|   0|    0| 12804|   68|     6|       160808|
    +-----------------+----------------------------------------------------------------+---------+---+----+-----+------+-----+------+-------------+

    * FIFO: 
    N/A

    * Expression: 
    +------------------------------------+----------+----+----+----+------------+------------+
    |            Variable Name           | Operation| DSP| FF | LUT| Bitwidth P0| Bitwidth P1|
    +------------------------------------+----------+----+----+----+------------+------------+
    |add_ln451_fu_1453_p2                |         +|   0|   0|  18|          11|          11|
    |add_ln453_fu_1513_p2                |         +|   0|   0|  18|          11|          11|
    |add_ln455_fu_1581_p2                |         +|   0|   0|  18|          11|          11|
    |add_ln457_fu_1637_p2                |         +|   0|   0|  18|          11|          11|
    |add_ln458_fu_1669_p2                |         +|   0|   0|  18|          11|          11|
    |add_ln459_fu_1697_p2                |         +|   0|   0|  18|          11|          11|
    |add_ln460_fu_1729_p2                |         +|   0|   0|  18|          11|          11|
    |add_ln461_fu_1757_p2                |         +|   0|   0|  18|          11|          11|
    |add_ln465_1_fu_1795_p2              |         +|   0|   0|  20|          13|          13|
    |add_ln465_fu_1789_p2                |         +|   0|   0|  20|          13|          13|
    |add_ln466_1_fu_1823_p2              |         +|   0|   0|  20|          13|          13|
    |add_ln466_fu_1817_p2                |         +|   0|   0|  20|          13|          13|
    |add_ln467_fu_1837_p2                |         +|   0|   0|  20|          13|          13|
    |add_ln468_1_fu_1857_p2              |         +|   0|   0|  20|          13|          13|
    |add_ln468_fu_1851_p2                |         +|   0|   0|  20|          13|          13|
    |add_ln476_1_fu_2450_p2              |         +|   0|   0|  20|          13|          13|
    |add_ln476_2_fu_2906_p2              |         +|   0|   0|  21|          14|          14|
    |add_ln476_fu_2444_p2                |         +|   0|   0|  20|          13|          13|
    |add_ln477_1_fu_2598_p2              |         +|   0|   0|  20|          13|          13|
    |add_ln477_2_fu_2928_p2              |         +|   0|   0|  21|          14|          14|
    |add_ln477_fu_2592_p2                |         +|   0|   0|  20|          13|          13|
    |add_ln478_1_fu_2746_p2              |         +|   0|   0|  20|          13|          13|
    |add_ln478_2_fu_2950_p2              |         +|   0|   0|  21|          14|          14|
    |add_ln478_fu_2740_p2                |         +|   0|   0|  20|          13|          13|
    |add_ln479_1_fu_2894_p2              |         +|   0|   0|  20|          13|          13|
    |add_ln479_2_fu_2972_p2              |         +|   0|   0|  21|          14|          14|
    |add_ln479_fu_2888_p2                |         +|   0|   0|  20|          13|          13|
    |add_ln483_fu_1935_p2                |         +|   0|   0|  18|          11|          11|
    |add_ln484_fu_2023_p2                |         +|   0|   0|  18|          11|          11|
    |add_ln492_1_fu_3004_p2              |         +|   0|   0|  20|          13|          13|
    |add_ln492_2_fu_3025_p2              |         +|   0|   0|  18|          11|           1|
    |add_ln492_3_fu_3035_p2              |         +|   0|   0|  20|          13|          13|
    |add_ln492_4_fu_3056_p2              |         +|   0|   0|  20|          13|          13|
    |add_ln492_5_fu_3077_p2              |         +|   0|   0|  20|          13|          13|
    |add_ln492_fu_2994_p2                |         +|   0|   0|  18|          11|           1|
    |add_ln495_1_fu_3161_p2              |         +|   0|   0|  17|          10|          10|
    |add_ln495_fu_3146_p2                |         +|   0|   0|  16|           9|           9|
    |add_ln504_2_fu_3302_p2              |         +|   0|   0|  33|          26|          26|
    |ave_1_fu_2057_p2                    |         +|   0|   0|  21|          14|          14|
    |ave_2_fu_2066_p2                    |         +|   0|   0|  21|          14|          14|
    |ave_3_fu_2078_p2                    |         +|   0|   0|  21|          14|          14|
    |ave_fu_2045_p2                      |         +|   0|   0|  21|          14|          14|
    |g_fu_3377_p2                        |         +|   0|   0|  23|          16|          16|
    |out_x_fu_973_p2                     |         +|   0|   0|  24|          17|           3|
    |sw_1_fu_3171_p2                     |         +|   0|   0|  18|          11|          11|
    |x_11_fu_959_p2                      |         +|   0|   0|  24|          17|           1|
    |K_10_fu_1739_p2                     |         -|   0|   0|  19|          12|          12|
    |K_11_fu_1767_p2                     |         -|   0|   0|  19|          12|          12|
    |K_1_fu_1463_p2                      |         -|   0|   0|  19|          12|          12|
    |K_2_fu_1495_p2                      |         -|   0|   0|  17|          12|          12|
    |K_3_fu_1523_p2                      |         -|   0|   0|  19|          12|          12|
    |K_4_fu_1555_p2                      |         -|   0|   0|  17|          12|          12|
    |K_5_fu_1591_p2                      |         -|   0|   0|  19|          12|          12|
    |K_6_fu_1615_p2                      |         -|   0|   0|  17|          12|          12|
    |K_7_fu_1647_p2                      |         -|   0|   0|  19|          12|          12|
    |K_8_fu_1679_p2                      |         -|   0|   0|  19|          12|          12|
    |K_9_fu_1707_p2                      |         -|   0|   0|  19|          12|          12|
    |K_fu_1427_p2                        |         -|   0|   0|  17|          12|          12|
    |ap_frp_data_req_imgBayer            |         -|   0|  22|   6|           4|           1|
    |sub_ln450_fu_1421_p2                |         -|   0|   0|  17|          12|          12|
    |sub_ln452_fu_1489_p2                |         -|   0|   0|  17|          12|          12|
    |sub_ln454_fu_1549_p2                |         -|   0|   0|  17|          12|          12|
    |sub_ln456_fu_1609_p2                |         -|   0|   0|  17|          12|          12|
    |sub_ln472_1_fu_2126_p2              |         -|   0|   0|  20|           1|          13|
    |sub_ln472_2_fu_2148_p2              |         -|   0|   0|  21|           1|          14|
    |sub_ln472_3_fu_2182_p2              |         -|   0|   0|  20|           1|          13|
    |sub_ln472_4_fu_2204_p2              |         -|   0|   0|  21|           1|          14|
    |sub_ln472_5_fu_2238_p2              |         -|   0|   0|  20|           1|          13|
    |sub_ln472_6_fu_2260_p2              |         -|   0|   0|  21|           1|          14|
    |sub_ln472_7_fu_2294_p2              |         -|   0|   0|  20|           1|          13|
    |sub_ln472_fu_2092_p2                |         -|   0|   0|  21|           1|          14|
    |sub_ln476_1_fu_2342_p2              |         -|   0|   0|  20|          13|          13|
    |sub_ln476_2_fu_2376_p2              |         -|   0|   0|  20|          13|          13|
    |sub_ln476_3_fu_2410_p2              |         -|   0|   0|  20|          13|          13|
    |sub_ln476_fu_2308_p2                |         -|   0|   0|  20|          13|          13|
    |sub_ln477_1_fu_2490_p2              |         -|   0|   0|  20|          13|          13|
    |sub_ln477_2_fu_2524_p2              |         -|   0|   0|  20|          13|          13|
    |sub_ln477_3_fu_2558_p2              |         -|   0|   0|  20|          13|          13|
    |sub_ln477_fu_2456_p2                |         -|   0|   0|  20|          13|          13|
    |sub_ln478_1_fu_2638_p2              |         -|   0|   0|  20|          13|          13|
    |sub_ln478_2_fu_2672_p2              |         -|   0|   0|  20|          13|          13|
    |sub_ln478_3_fu_2706_p2              |         -|   0|   0|  20|          13|          13|
    |sub_ln478_fu_2604_p2                |         -|   0|   0|  20|          13|          13|
    |sub_ln479_1_fu_2786_p2              |         -|   0|   0|  20|          13|          13|
    |sub_ln479_2_fu_2820_p2              |         -|   0|   0|  20|          13|          13|
    |sub_ln479_3_fu_2854_p2              |         -|   0|   0|  20|          13|          13|
    |sub_ln479_fu_2752_p2                |         -|   0|   0|  20|          13|          13|
    |sub_ln483_1_fu_1899_p2              |         -|   0|   0|  18|          11|          11|
    |sub_ln483_fu_1863_p2                |         -|   0|   0|  18|          11|          11|
    |sub_ln484_1_fu_1987_p2              |         -|   0|   0|  18|          11|          11|
    |sub_ln484_fu_1951_p2                |         -|   0|   0|  18|          11|          11|
    |sub_ln504_1_fu_3342_p2              |         -|   0|   0|  22|           1|          15|
    |sub_ln504_fu_3308_p2                |         -|   0|   0|  33|           1|          26|
    |sub_ln61_10_fu_2384_p2              |         -|   0|   0|  19|           1|          12|
    |sub_ln61_11_fu_2418_p2              |         -|   0|   0|  19|           1|          12|
    |sub_ln61_12_fu_2464_p2              |         -|   0|   0|  19|           1|          12|
    |sub_ln61_13_fu_2498_p2              |         -|   0|   0|  19|           1|          12|
    |sub_ln61_14_fu_2532_p2              |         -|   0|   0|  19|           1|          12|
    |sub_ln61_15_fu_2566_p2              |         -|   0|   0|  19|           1|          12|
    |sub_ln61_16_fu_2612_p2              |         -|   0|   0|  19|           1|          12|
    |sub_ln61_17_fu_2646_p2              |         -|   0|   0|  19|           1|          12|
    |sub_ln61_18_fu_2680_p2              |         -|   0|   0|  19|           1|          12|
    |sub_ln61_19_fu_2714_p2              |         -|   0|   0|  19|           1|          12|
    |sub_ln61_20_fu_2760_p2              |         -|   0|   0|  19|           1|          12|
    |sub_ln61_21_fu_2794_p2              |         -|   0|   0|  19|           1|          12|
    |sub_ln61_22_fu_2828_p2              |         -|   0|   0|  19|           1|          12|
    |sub_ln61_23_fu_2862_p2              |         -|   0|   0|  19|           1|          12|
    |sub_ln61_24_fu_1873_p2              |         -|   0|   0|  17|           1|          10|
    |sub_ln61_25_fu_1909_p2              |         -|   0|   0|  17|           1|          10|
    |sub_ln61_26_fu_1961_p2              |         -|   0|   0|  17|           1|          10|
    |sub_ln61_27_fu_1997_p2              |         -|   0|   0|  17|           1|          10|
    |sub_ln61_9_fu_2350_p2               |         -|   0|   0|  19|           1|          12|
    |sub_ln61_fu_2316_p2                 |         -|   0|   0|  19|           1|          12|
    |ap_block_pp0                        |       and|   0|   0|   2|           1|           1|
    |ap_block_state17_pp0_stage0_iter16  |       and|   0|   0|   2|           1|           1|
    |ap_block_state2_pp0_stage0_iter1    |       and|   0|   0|   2|           1|           1|
    |ap_condition_3103                   |       and|   0|   0|   2|           1|           1|
    |ap_condition_3106                   |       and|   0|   0|   2|           1|           1|
    |ap_condition_3131                   |       and|   0|   0|   2|           1|           1|
    |ap_condition_frp_pvb_pf_start       |       and|   0|   0|   2|           1|           1|
    |ap_enable_state1_pp0_iter0_stage0   |       and|   0|   0|   2|           1|           1|
    |ap_enable_state2_pp0_iter1_stage0   |       and|   0|   0|   2|           1|           1|
    |ap_enable_state3_pp0_iter2_stage0   |       and|   0|   0|   2|           1|           1|
    |ap_predicate_op107_load_state1      |       and|   0|   0|   2|           1|           1|
    |ap_predicate_op119_load_state2      |       and|   0|   0|   2|           1|           1|
    |ap_predicate_op124_read_state2      |       and|   0|   0|   2|           1|           1|
    |ap_predicate_op151_load_state3      |       and|   0|   0|   2|           1|           1|
    |pf_all_done                         |       and|   0|   0|   2|           1|           0|
    |cmp147_fu_989_p2                    |      icmp|   0|   0|  24|          17|           1|
    |icmp_ln318_fu_953_p2                |      icmp|   0|   0|  24|          17|          17|
    |icmp_ln328_fu_983_p2                |      icmp|   0|   0|  24|          17|          17|
    |icmp_ln439_fu_1005_p2               |      icmp|   0|   0|  22|          15|          15|
    |icmp_ln510_fu_3408_p2               |      icmp|   0|   0|  13|           6|           1|
    |or_ln510_fu_3458_p2                 |        or|   0|   0|   2|           1|           1|
    |or_ln585_fu_1011_p2                 |        or|   0|   0|  17|          17|          17|
    |PixBufVal_fu_1256_p3                |    select|   0|   0|  10|           1|          10|
    |g_1_fu_3383_p3                      |    select|   0|   0|  16|           1|          16|
    |mean_1_fu_2188_p3                   |    select|   0|   0|  12|           1|          13|
    |mean_2_fu_2244_p3                   |    select|   0|   0|  12|           1|          13|
    |mean_3_fu_2300_p3                   |    select|   0|   0|  12|           1|          13|
    |mean_fu_2132_p3                     |    select|   0|   0|  12|           1|          13|
    |phi_ln509_fu_3428_p3                |    select|   0|   0|  10|           1|          10|
    |phi_ln511_fu_3435_p3                |    select|   0|   0|  10|           1|          10|
    |select_ln387_10_fu_1181_p3          |    select|   0|   0|  10|           1|          10|
    |select_ln387_11_fu_1187_p3          |    select|   0|   0|  10|           1|          10|
    |select_ln387_12_fu_1194_p3          |    select|   0|   0|  10|           1|          10|
    |select_ln387_13_fu_1202_p3          |    select|   0|   0|  10|           1|          10|
    |select_ln387_14_fu_1210_p3          |    select|   0|   0|  10|           1|          10|
    |select_ln387_15_fu_1217_p3          |    select|   0|   0|  10|           1|          10|
    |select_ln387_16_fu_1225_p3          |    select|   0|   0|  10|           1|          10|
    |select_ln387_17_fu_1233_p3          |    select|   0|   0|  10|           1|          10|
    |select_ln387_18_fu_1241_p3          |    select|   0|   0|  10|           1|          10|
    |select_ln387_19_fu_1248_p3          |    select|   0|   0|  10|           1|          10|
    |select_ln387_1_fu_1113_p3           |    select|   0|   0|  10|           1|          10|
    |select_ln387_2_fu_1121_p3           |    select|   0|   0|  10|           1|          10|
    |select_ln387_3_fu_1128_p3           |    select|   0|   0|  10|           1|          10|
    |select_ln387_4_fu_1136_p3           |    select|   0|   0|  10|           1|          10|
    |select_ln387_5_fu_1144_p3           |    select|   0|   0|  10|           1|          10|
    |select_ln387_6_fu_1152_p3           |    select|   0|   0|  10|           1|          10|
    |select_ln387_7_fu_1159_p3           |    select|   0|   0|  10|           1|          10|
    |select_ln387_8_fu_1167_p3           |    select|   0|   0|  10|           1|          10|
    |select_ln387_9_fu_1174_p3           |    select|   0|   0|  10|           1|          10|
    |select_ln387_fu_1105_p3             |    select|   0|   0|  10|           1|          10|
    |select_ln403_1_fu_1263_p3           |    select|   0|   0|  10|           1|          10|
    |select_ln403_2_fu_1271_p3           |    select|   0|   0|  10|           1|          10|
    |select_ln504_fu_3365_p3             |    select|   0|   0|  15|           1|          15|
    |select_ln507_1_fu_3421_p3           |    select|   0|   0|  10|           1|           1|
    |select_ln507_fu_3414_p3             |    select|   0|   0|  10|           1|          10|
    |select_ln510_1_fu_3450_p3           |    select|   0|   0|   2|           1|           2|
    |select_ln510_fu_3462_p3             |    select|   0|   0|  10|           1|          10|
    |select_ln61_10_fu_2694_p3           |    select|   0|   0|  11|           1|          12|
    |select_ln61_11_fu_2728_p3           |    select|   0|   0|  11|           1|          12|
    |select_ln61_12_fu_2774_p3           |    select|   0|   0|  11|           1|          12|
    |select_ln61_13_fu_2808_p3           |    select|   0|   0|  11|           1|          12|
    |select_ln61_14_fu_2842_p3           |    select|   0|   0|  11|           1|          12|
    |select_ln61_15_fu_2876_p3           |    select|   0|   0|  11|           1|          12|
    |select_ln61_16_fu_1887_p3           |    select|   0|   0|  10|           1|          10|
    |select_ln61_17_fu_1923_p3           |    select|   0|   0|  10|           1|          10|
    |select_ln61_18_fu_1975_p3           |    select|   0|   0|  10|           1|          10|
    |select_ln61_19_fu_2011_p3           |    select|   0|   0|  10|           1|          10|
    |select_ln61_1_fu_2364_p3            |    select|   0|   0|  11|           1|          12|
    |select_ln61_2_fu_2398_p3            |    select|   0|   0|  11|           1|          12|
    |select_ln61_3_fu_2432_p3            |    select|   0|   0|  11|           1|          12|
    |select_ln61_4_fu_2478_p3            |    select|   0|   0|  11|           1|          12|
    |select_ln61_5_fu_2512_p3            |    select|   0|   0|  11|           1|          12|
    |select_ln61_6_fu_2546_p3            |    select|   0|   0|  11|           1|          12|
    |select_ln61_7_fu_2580_p3            |    select|   0|   0|  11|           1|          12|
    |select_ln61_8_fu_2626_p3            |    select|   0|   0|  11|           1|          12|
    |select_ln61_9_fu_2660_p3            |    select|   0|   0|  11|           1|          12|
    |select_ln61_fu_2330_p3              |    select|   0|   0|  11|           1|          12|
    |ap_enable_pp0                       |       xor|   0|   0|   2|           1|           2|
    |xor_ln439_fu_995_p2                 |       xor|   0|   0|   2|           1|           1|
    |xor_ln510_fu_3445_p2                |       xor|   0|   0|   2|           1|           2|
    +------------------------------------+----------+----+----+----+------------+------------+
    |Total                               |          |   0|  22|2935|        1238|        2049|
    +------------------------------------+----------+----+----+----+------------+------------+

    * Multiplexer: 
    +---------------------------------------------------+----+-----------+-----+-----------+
    |                        Name                       | LUT| Input Size| Bits| Total Bits|
    +---------------------------------------------------+----+-----------+-----+-----------+
    |ap_frp_data_req_imgBayer                           |   9|          2|    4|          8|
    |ap_phi_mux_empty_147_phi_fu_653_p4                 |  14|          3|   10|         30|
    |ap_phi_mux_empty_148_phi_fu_663_p4                 |  14|          3|   10|         30|
    |ap_phi_mux_empty_150_phi_fu_673_p4                 |  14|          3|   10|         30|
    |ap_phi_mux_empty_151_phi_fu_683_p4                 |  14|          3|   10|         30|
    |ap_phi_mux_empty_152_phi_fu_692_p4                 |  14|          3|   10|         30|
    |ap_phi_mux_empty_154_phi_fu_702_p4                 |  14|          3|   10|         30|
    |ap_phi_mux_empty_155_phi_fu_711_p4                 |  14|          3|   10|         30|
    |ap_phi_mux_empty_157_phi_fu_731_p4                 |  14|          3|   10|         30|
    |ap_phi_mux_empty_158_phi_fu_741_p4                 |  14|          3|   10|         30|
    |ap_phi_mux_empty_159_phi_fu_750_p4                 |  14|          3|   10|         30|
    |ap_phi_mux_empty_161_phi_fu_760_p4                 |  14|          3|   10|         30|
    |ap_phi_mux_empty_162_phi_fu_769_p4                 |  14|          3|   10|         30|
    |ap_phi_mux_empty_163_phi_fu_779_p4                 |  14|          3|   10|         30|
    |ap_phi_mux_empty_165_phi_fu_789_p4                 |  14|          3|   10|         30|
    |ap_phi_mux_g_2_phi_fu_721_p4                       |  14|          3|   10|         30|
    |ap_phi_reg_pp0_iter2_p_0_0_03845_45013_ph_reg_641  |  14|          3|   10|         30|
    |ap_phi_reg_pp0_iter3_empty_149_reg_796             |  14|          3|   10|         30|
    |ap_phi_reg_pp0_iter3_empty_153_reg_805             |  14|          3|   10|         30|
    |ap_phi_reg_pp0_iter3_empty_156_reg_814             |  14|          3|   10|         30|
    |ap_phi_reg_pp0_iter3_empty_160_reg_823             |  14|          3|   10|         30|
    |ap_phi_reg_pp0_iter3_empty_164_reg_832             |  14|          3|   10|         30|
    |ap_sig_allocacmp_z                                 |   9|          2|   17|         34|
    |empty_127_fu_236                                   |   9|          2|   10|         20|
    |empty_128_fu_240                                   |   9|          2|   10|         20|
    |empty_129_fu_244                                   |   9|          2|   10|         20|
    |empty_130_fu_248                                   |   9|          2|   10|         20|
    |empty_131_fu_252                                   |   9|          2|   10|         20|
    |empty_132_fu_256                                   |   9|          2|   10|         20|
    |empty_133_fu_260                                   |   9|          2|   10|         20|
    |empty_134_fu_264                                   |   9|          2|   10|         20|
    |empty_135_fu_268                                   |   9|          2|   10|         20|
    |empty_136_fu_272                                   |   9|          2|   10|         20|
    |empty_137_fu_276                                   |   9|          2|   10|         20|
    |empty_138_fu_280                                   |   9|          2|   10|         20|
    |empty_139_fu_284                                   |   9|          2|   10|         20|
    |empty_140_fu_288                                   |   9|          2|   10|         20|
    |empty_141_fu_292                                   |   9|          2|   10|         20|
    |empty_142_fu_296                                   |   9|          2|   10|         20|
    |empty_143_fu_300                                   |   9|          2|   10|         20|
    |empty_144_fu_304                                   |   9|          2|   10|         20|
    |empty_145_fu_308                                   |   9|          2|   10|         20|
    |empty_146_fu_312                                   |   9|          2|   10|         20|
    |empty_147_reg_650                                  |  14|          3|   10|         30|
    |empty_148_reg_660                                  |  14|          3|   10|         30|
    |empty_150_reg_670                                  |  14|          3|   10|         30|
    |empty_152_reg_689                                  |  14|          3|   10|         30|
    |empty_155_reg_708                                  |  14|          3|   10|         30|
    |empty_157_reg_728                                  |  14|          3|   10|         30|
    |empty_159_reg_747                                  |  14|          3|   10|         30|
    |empty_162_reg_766                                  |  14|          3|   10|         30|
    |empty_163_reg_776                                  |  14|          3|   10|         30|
    |empty_165_reg_786                                  |  14|          3|   10|         30|
    |g_2_reg_718                                        |  14|          3|   10|         30|
    |x_fu_232                                           |   9|          2|   17|         34|
    +---------------------------------------------------+----+-----------+-----+-----------+
    |Total                                              | 655|        142|  558|       1436|
    +---------------------------------------------------+----+-----------+-----+-----------+

    * Register: 
    +---------------------------------------------------+----+----+-----+-----------+
    |                        Name                       | FF | LUT| Bits| Const Bits|
    +---------------------------------------------------+----+----+-----+-----------+
    |LineBufVal_reg_3835                                |  10|   0|   10|          0|
    |SD_1_reg_4085                                      |  10|   0|   10|          0|
    |SD_reg_4080                                        |  10|   0|   10|          0|
    |add_ln465_1_reg_4008                               |  13|   0|   13|          0|
    |add_ln465_reg_4003                                 |  13|   0|   13|          0|
    |add_ln466_1_reg_4040                               |  13|   0|   13|          0|
    |add_ln466_reg_4035                                 |  13|   0|   13|          0|
    |add_ln467_reg_4055                                 |  13|   0|   13|          0|
    |add_ln468_1_reg_4075                               |  13|   0|   13|          0|
    |add_ln468_reg_4070                                 |  13|   0|   13|          0|
    |add_ln476_1_reg_4147                               |  13|   0|   13|          0|
    |add_ln476_reg_4142                                 |  13|   0|   13|          0|
    |add_ln477_1_reg_4157                               |  13|   0|   13|          0|
    |add_ln477_reg_4152                                 |  13|   0|   13|          0|
    |add_ln478_1_reg_4167                               |  13|   0|   13|          0|
    |add_ln478_reg_4162                                 |  13|   0|   13|          0|
    |add_ln479_1_reg_4177                               |  13|   0|   13|          0|
    |add_ln479_reg_4172                                 |  13|   0|   13|          0|
    |add_ln495_reg_4224                                 |   9|   0|    9|          0|
    |add_ln504_2_reg_4302                               |  26|   0|   26|          0|
    |ap_CS_fsm                                          |   1|   0|    1|          0|
    |ap_frp_data_req_imgBayer                           |   4|   0|    4|          0|
    |ap_loop_exit_ready_pp0_iter10_reg                  |   1|   0|    1|          0|
    |ap_loop_exit_ready_pp0_iter11_reg                  |   1|   0|    1|          0|
    |ap_loop_exit_ready_pp0_iter12_reg                  |   1|   0|    1|          0|
    |ap_loop_exit_ready_pp0_iter13_reg                  |   1|   0|    1|          0|
    |ap_loop_exit_ready_pp0_iter14_reg                  |   1|   0|    1|          0|
    |ap_loop_exit_ready_pp0_iter15_reg                  |   1|   0|    1|          0|
    |ap_loop_exit_ready_pp0_iter1_reg                   |   1|   0|    1|          0|
    |ap_loop_exit_ready_pp0_iter2_reg                   |   1|   0|    1|          0|
    |ap_loop_exit_ready_pp0_iter3_reg                   |   1|   0|    1|          0|
    |ap_loop_exit_ready_pp0_iter4_reg                   |   1|   0|    1|          0|
    |ap_loop_exit_ready_pp0_iter5_reg                   |   1|   0|    1|          0|
    |ap_loop_exit_ready_pp0_iter6_reg                   |   1|   0|    1|          0|
    |ap_loop_exit_ready_pp0_iter7_reg                   |   1|   0|    1|          0|
    |ap_loop_exit_ready_pp0_iter8_reg                   |   1|   0|    1|          0|
    |ap_loop_exit_ready_pp0_iter9_reg                   |   1|   0|    1|          0|
    |ap_phi_reg_pp0_iter1_empty_149_reg_796             |  10|   0|   10|          0|
    |ap_phi_reg_pp0_iter1_empty_153_reg_805             |  10|   0|   10|          0|
    |ap_phi_reg_pp0_iter1_empty_156_reg_814             |  10|   0|   10|          0|
    |ap_phi_reg_pp0_iter1_empty_160_reg_823             |  10|   0|   10|          0|
    |ap_phi_reg_pp0_iter1_empty_164_reg_832             |  10|   0|   10|          0|
    |ap_phi_reg_pp0_iter1_p_0_0_03845_45013_ph_reg_641  |  10|   0|   10|          0|
    |ap_phi_reg_pp0_iter2_empty_149_reg_796             |  10|   0|   10|          0|
    |ap_phi_reg_pp0_iter2_empty_153_reg_805             |  10|   0|   10|          0|
    |ap_phi_reg_pp0_iter2_empty_156_reg_814             |  10|   0|   10|          0|
    |ap_phi_reg_pp0_iter2_empty_160_reg_823             |  10|   0|   10|          0|
    |ap_phi_reg_pp0_iter2_empty_164_reg_832             |  10|   0|   10|          0|
    |ap_phi_reg_pp0_iter2_p_0_0_03845_45013_ph_reg_641  |  10|   0|   10|          0|
    |ap_phi_reg_pp0_iter3_empty_149_reg_796             |  10|   0|   10|          0|
    |ap_phi_reg_pp0_iter3_empty_153_reg_805             |  10|   0|   10|          0|
    |ap_phi_reg_pp0_iter3_empty_156_reg_814             |  10|   0|   10|          0|
    |ap_phi_reg_pp0_iter3_empty_160_reg_823             |  10|   0|   10|          0|
    |ap_phi_reg_pp0_iter3_empty_164_reg_832             |  10|   0|   10|          0|
    |ave_1_reg_4095                                     |  14|   0|   14|          0|
    |ave_2_reg_4100                                     |  14|   0|   14|          0|
    |ave_3_reg_4105                                     |  14|   0|   14|          0|
    |ave_reg_4090                                       |  14|   0|   14|          0|
    |cmp147_reg_3800                                    |   1|   0|    1|          0|
    |cmp147_reg_3800_pp0_iter1_reg                      |   1|   0|    1|          0|
    |empty_127_fu_236                                   |  10|   0|   10|          0|
    |empty_128_fu_240                                   |  10|   0|   10|          0|
    |empty_129_fu_244                                   |  10|   0|   10|          0|
    |empty_130_fu_248                                   |  10|   0|   10|          0|
    |empty_131_fu_252                                   |  10|   0|   10|          0|
    |empty_132_fu_256                                   |  10|   0|   10|          0|
    |empty_133_fu_260                                   |  10|   0|   10|          0|
    |empty_134_fu_264                                   |  10|   0|   10|          0|
    |empty_135_fu_268                                   |  10|   0|   10|          0|
    |empty_136_fu_272                                   |  10|   0|   10|          0|
    |empty_137_fu_276                                   |  10|   0|   10|          0|
    |empty_138_fu_280                                   |  10|   0|   10|          0|
    |empty_139_fu_284                                   |  10|   0|   10|          0|
    |empty_140_fu_288                                   |  10|   0|   10|          0|
    |empty_141_fu_292                                   |  10|   0|   10|          0|
    |empty_142_fu_296                                   |  10|   0|   10|          0|
    |empty_143_fu_300                                   |  10|   0|   10|          0|
    |empty_144_fu_304                                   |  10|   0|   10|          0|
    |empty_145_fu_308                                   |  10|   0|   10|          0|
    |empty_146_fu_312                                   |  10|   0|   10|          0|
    |empty_147_reg_650                                  |  10|   0|   10|          0|
    |empty_148_reg_660                                  |  10|   0|   10|          0|
    |empty_150_reg_670                                  |  10|   0|   10|          0|
    |empty_152_reg_689                                  |  10|   0|   10|          0|
    |empty_155_reg_708                                  |  10|   0|   10|          0|
    |empty_157_reg_728                                  |  10|   0|   10|          0|
    |empty_159_reg_747                                  |  10|   0|   10|          0|
    |empty_162_reg_766                                  |  10|   0|   10|          0|
    |empty_163_reg_776                                  |  10|   0|   10|          0|
    |empty_165_reg_786                                  |  10|   0|   10|          0|
    |g_1_reg_4313                                       |  16|   0|   16|          0|
    |g_2_reg_718                                        |  10|   0|   10|          0|
    |icmp_ln318_reg_3768                                |   1|   0|    1|          0|
    |icmp_ln328_reg_3772                                |   1|   0|    1|          0|
    |icmp_ln439_reg_3824                                |   1|   0|    1|          0|
    |icmp_ln510_reg_4324                                |   1|   0|    1|          0|
    |linebuf_yuv_1_addr_reg_3782                        |  11|   0|   11|          0|
    |linebuf_yuv_1_addr_reg_3782_pp0_iter1_reg          |  11|   0|   11|          0|
    |linebuf_yuv_2_addr_reg_3788                        |  11|   0|   11|          0|
    |linebuf_yuv_2_addr_reg_3788_pp0_iter1_reg          |  11|   0|   11|          0|
    |linebuf_yuv_3_addr_reg_3794                        |  11|   0|   11|          0|
    |linebuf_yuv_3_addr_reg_3794_pp0_iter1_reg          |  11|   0|   11|          0|
    |linebuf_yuv_addr_reg_3776                          |  11|   0|   11|          0|
    |lshr_ln501_1_reg_4247                              |  10|   0|   10|          0|
    |lshr_ln501_1_reg_4247_pp0_iter11_reg               |  10|   0|   10|          0|
    |lshr_ln501_2_reg_4252                              |  10|   0|   10|          0|
    |lshr_ln501_2_reg_4252_pp0_iter11_reg               |  10|   0|   10|          0|
    |lshr_ln501_3_reg_4257                              |  10|   0|   10|          0|
    |lshr_ln_reg_4242                                   |  10|   0|   10|          0|
    |mean_1_reg_4118                                    |  13|   0|   13|          0|
    |mean_2_reg_4126                                    |  13|   0|   13|          0|
    |mean_3_reg_4134                                    |  13|   0|   13|          0|
    |mean_reg_4110                                      |  13|   0|   13|          0|
    |mul_ln504_1_reg_4282                               |  24|   0|   24|          0|
    |mul_ln504_2_reg_4287                               |  24|   0|   24|          0|
    |norm_reg_4234                                      |  18|   0|   18|          0|
    |p_load51_reg_3946                                  |  10|   0|   10|          0|
    |p_load52_reg_3940                                  |  10|   0|   10|          0|
    |p_load53_reg_3935                                  |  10|   0|   10|          0|
    |p_load54_reg_3930                                  |  10|   0|   10|          0|
    |p_load55_reg_3924                                  |  10|   0|   10|          0|
    |p_load56_reg_3919                                  |  10|   0|   10|          0|
    |p_load57_reg_3914                                  |  10|   0|   10|          0|
    |p_load58_reg_3908                                  |  10|   0|   10|          0|
    |p_load59_reg_3903                                  |  10|   0|   10|          0|
    |p_load60_reg_3898                                  |  10|   0|   10|          0|
    |p_load61_reg_3892                                  |  10|   0|   10|          0|
    |p_load62_reg_3887                                  |  10|   0|   10|          0|
    |p_load63_reg_3882                                  |  10|   0|   10|          0|
    |p_load64_reg_3876                                  |  10|   0|   10|          0|
    |p_load65_reg_3871                                  |  10|   0|   10|          0|
    |p_load67_reg_3866                                  |  10|   0|   10|          0|
    |p_load69_reg_3861                                  |  10|   0|   10|          0|
    |p_load71_reg_3856                                  |  10|   0|   10|          0|
    |p_load73_reg_3851                                  |  10|   0|   10|          0|
    |p_load_reg_3951                                    |  10|   0|   10|          0|
    |pf_all_done                                        |   1|   0|    1|          0|
    |sext_ln465_1_reg_3987                              |  13|   0|   13|          0|
    |sext_ln465_1_reg_3987_pp0_iter4_reg                |  13|   0|   13|          0|
    |sext_ln465_2_reg_3992                              |  13|   0|   13|          0|
    |sext_ln465_2_reg_3992_pp0_iter4_reg                |  13|   0|   13|          0|
    |sext_ln465_3_reg_3997                              |  13|   0|   13|          0|
    |sext_ln465_3_reg_3997_pp0_iter4_reg                |  13|   0|   13|          0|
    |sext_ln465_reg_3981                                |  13|   0|   13|          0|
    |sext_ln465_reg_3981_pp0_iter4_reg                  |  13|   0|   13|          0|
    |sext_ln466_1_reg_4018                              |  13|   0|   13|          0|
    |sext_ln466_1_reg_4018_pp0_iter4_reg                |  13|   0|   13|          0|
    |sext_ln466_2_reg_4024                              |  13|   0|   13|          0|
    |sext_ln466_2_reg_4024_pp0_iter4_reg                |  13|   0|   13|          0|
    |sext_ln466_3_reg_4030                              |  13|   0|   13|          0|
    |sext_ln466_3_reg_4030_pp0_iter4_reg                |  13|   0|   13|          0|
    |sext_ln466_reg_4013                                |  13|   0|   13|          0|
    |sext_ln466_reg_4013_pp0_iter4_reg                  |  13|   0|   13|          0|
    |sext_ln467_1_reg_4050                              |  13|   0|   13|          0|
    |sext_ln467_1_reg_4050_pp0_iter4_reg                |  13|   0|   13|          0|
    |sext_ln467_reg_4045                                |  13|   0|   13|          0|
    |sext_ln467_reg_4045_pp0_iter4_reg                  |  13|   0|   13|          0|
    |sext_ln468_1_reg_4065                              |  13|   0|   13|          0|
    |sext_ln468_1_reg_4065_pp0_iter4_reg                |  13|   0|   13|          0|
    |sext_ln468_reg_4060                                |  13|   0|   13|          0|
    |sext_ln468_reg_4060_pp0_iter4_reg                  |  13|   0|   13|          0|
    |tmp_51_reg_4318                                    |   1|   0|    1|          0|
    |tmp_53_reg_3831                                    |   1|   0|    1|          0|
    |trunc_ln504_1_reg_4308                             |  13|   0|   13|          0|
    |w_3_reg_4208                                       |   8|   0|    8|          0|
    |w_5_reg_4213                                       |   8|   0|    8|          0|
    |w_7_reg_4218                                       |   9|   0|    9|          0|
    |w_8_reg_4202                                       |   9|   0|    9|          0|
    |x_fu_232                                           |  17|   0|   17|          0|
    |SD_1_reg_4085                                      |  64|  32|   10|          0|
    |SD_reg_4080                                        |  64|  32|   10|          0|
    |ave_1_reg_4095                                     |  64|  32|   14|          0|
    |ave_2_reg_4100                                     |  64|  32|   14|          0|
    |ave_3_reg_4105                                     |  64|  32|   14|          0|
    |ave_reg_4090                                       |  64|  32|   14|          0|
    |g_2_reg_718                                        |  64|  32|   10|          0|
    |icmp_ln318_reg_3768                                |  64|  32|    1|          0|
    |icmp_ln328_reg_3772                                |  64|  32|    1|          0|
    |icmp_ln439_reg_3824                                |  64|  32|    1|          0|
    |p_load51_reg_3946                                  |  64|  32|   10|          0|
    |p_load52_reg_3940                                  |  64|  32|   10|          0|
    |p_load53_reg_3935                                  |  64|  32|   10|          0|
    |p_load54_reg_3930                                  |  64|  32|   10|          0|
    |p_load55_reg_3924                                  |  64|  32|   10|          0|
    |p_load56_reg_3919                                  |  64|  32|   10|          0|
    |p_load57_reg_3914                                  |  64|  32|   10|          0|
    |p_load58_reg_3908                                  |  64|  32|   10|          0|
    |p_load59_reg_3903                                  |  64|  32|   10|          0|
    |p_load60_reg_3898                                  |  64|  32|   10|          0|
    |p_load61_reg_3892                                  |  64|  32|   10|          0|
    |p_load62_reg_3887                                  |  64|  32|   10|          0|
    |p_load63_reg_3882                                  |  64|  32|   10|          0|
    |p_load64_reg_3876                                  |  64|  32|   10|          0|
    |p_load65_reg_3871                                  |  64|  32|   10|          0|
    |p_load67_reg_3866                                  |  64|  32|   10|          0|
    |p_load69_reg_3861                                  |  64|  32|   10|          0|
    |p_load71_reg_3856                                  |  64|  32|   10|          0|
    |p_load73_reg_3851                                  |  64|  32|   10|          0|
    |p_load_reg_3951                                    |  64|  32|   10|          0|
    |tmp_53_reg_3831                                    |  64|  32|    1|          0|
    |w_3_reg_4208                                       |  64|  32|    8|          0|
    |w_5_reg_4213                                       |  64|  32|    8|          0|
    |w_7_reg_4218                                       |  64|  32|    9|          0|
    |w_8_reg_4202                                       |  64|  32|    9|          0|
    +---------------------------------------------------+----+----+-----+-----------+
    |Total                                              |3912|1120| 1996|          0|
    +---------------------------------------------------+----+----+-----+-----------+



================================================================
== Interface
================================================================
* Summary: 
+-------------------------+-----+-----+------------+------------------------------------+--------------+
|        RTL Ports        | Dir | Bits|  Protocol  |            Source Object           |    C Type    |
+-------------------------+-----+-----+------------+------------------------------------+--------------+
|ap_clk                   |   in|    1|  ap_ctrl_hs|  DebayerG_Pipeline_VITIS_LOOP_318_4|  return value|
|ap_rst                   |   in|    1|  ap_ctrl_hs|  DebayerG_Pipeline_VITIS_LOOP_318_4|  return value|
|ap_start                 |   in|    1|  ap_ctrl_hs|  DebayerG_Pipeline_VITIS_LOOP_318_4|  return value|
|ap_done                  |  out|    1|  ap_ctrl_hs|  DebayerG_Pipeline_VITIS_LOOP_318_4|  return value|
|ap_idle                  |  out|    1|  ap_ctrl_hs|  DebayerG_Pipeline_VITIS_LOOP_318_4|  return value|
|ap_ready                 |  out|    1|  ap_ctrl_hs|  DebayerG_Pipeline_VITIS_LOOP_318_4|  return value|
|imgBayer_dout            |   in|   10|     ap_fifo|                            imgBayer|       pointer|
|imgBayer_num_data_valid  |   in|    3|     ap_fifo|                            imgBayer|       pointer|
|imgBayer_fifo_cap        |   in|    3|     ap_fifo|                            imgBayer|       pointer|
|imgBayer_empty_n         |   in|    1|     ap_fifo|                            imgBayer|       pointer|
|imgBayer_read            |  out|    1|     ap_fifo|                            imgBayer|       pointer|
|imgG_din                 |  out|   30|     ap_fifo|                                imgG|       pointer|
|imgG_num_data_valid      |   in|    3|     ap_fifo|                                imgG|       pointer|
|imgG_fifo_cap            |   in|    3|     ap_fifo|                                imgG|       pointer|
|imgG_full_n              |   in|    1|     ap_fifo|                                imgG|       pointer|
|imgG_write               |  out|    1|     ap_fifo|                                imgG|       pointer|
|p_lcssa51995209          |   in|   10|     ap_none|                     p_lcssa51995209|        scalar|
|p_lcssa51985207          |   in|   10|     ap_none|                     p_lcssa51985207|        scalar|
|p_lcssa51975205          |   in|   10|     ap_none|                     p_lcssa51975205|        scalar|
|p_lcssa51965203          |   in|   10|     ap_none|                     p_lcssa51965203|        scalar|
|p_lcssa51955201          |   in|   10|     ap_none|                     p_lcssa51955201|        scalar|
|p_lcssa50385080          |   in|   10|     ap_none|                     p_lcssa50385080|        scalar|
|p_lcssa50375078          |   in|   10|     ap_none|                     p_lcssa50375078|        scalar|
|p_lcssa50355076          |   in|   10|     ap_none|                     p_lcssa50355076|        scalar|
|p_lcssa50345074          |   in|   10|     ap_none|                     p_lcssa50345074|        scalar|
|p_lcssa50335072          |   in|   10|     ap_none|                     p_lcssa50335072|        scalar|
|p_lcssa50315070          |   in|   10|     ap_none|                     p_lcssa50315070|        scalar|
|p_lcssa50305068          |   in|   10|     ap_none|                     p_lcssa50305068|        scalar|
|p_lcssa50295066          |   in|   10|     ap_none|                     p_lcssa50295066|        scalar|
|p_lcssa50275064          |   in|   10|     ap_none|                     p_lcssa50275064|        scalar|
|p_lcssa50265062          |   in|   10|     ap_none|                     p_lcssa50265062|        scalar|
|p_lcssa50255060          |   in|   10|     ap_none|                     p_lcssa50255060|        scalar|
|p_lcssa50235058          |   in|   10|     ap_none|                     p_lcssa50235058|        scalar|
|p_lcssa50225056          |   in|   10|     ap_none|                     p_lcssa50225056|        scalar|
|p_lcssa50215054          |   in|   10|     ap_none|                     p_lcssa50215054|        scalar|
|p_lcssa50195052          |   in|   10|     ap_none|                     p_lcssa50195052|        scalar|
|loopWidth                |   in|   17|   ap_stable|                           loopWidth|        scalar|
|empty                    |   in|    1|     ap_none|                               empty|        scalar|
|xor_r                    |   in|   15|     ap_none|                               xor_r|        scalar|
|cmp689                   |   in|    1|     ap_none|                              cmp689|        scalar|
|out_y                    |   in|   17|     ap_none|                               out_y|        scalar|
|zext_ln275               |   in|   16|   ap_stable|                          zext_ln275|        scalar|
|cmp170                   |   in|    1|     ap_none|                              cmp170|        scalar|
|cmp84                    |   in|    1|     ap_none|                               cmp84|        scalar|
|p_out                    |  out|   10|      ap_vld|                               p_out|       pointer|
|p_out_ap_vld             |  out|    1|      ap_vld|                               p_out|       pointer|
|p_out1                   |  out|   10|      ap_vld|                              p_out1|       pointer|
|p_out1_ap_vld            |  out|    1|      ap_vld|                              p_out1|       pointer|
|p_out2                   |  out|   10|      ap_vld|                              p_out2|       pointer|
|p_out2_ap_vld            |  out|    1|      ap_vld|                              p_out2|       pointer|
|p_out3                   |  out|   10|      ap_vld|                              p_out3|       pointer|
|p_out3_ap_vld            |  out|    1|      ap_vld|                              p_out3|       pointer|
|p_out4                   |  out|   10|      ap_vld|                              p_out4|       pointer|
|p_out4_ap_vld            |  out|    1|      ap_vld|                              p_out4|       pointer|
|p_out5                   |  out|   10|      ap_vld|                              p_out5|       pointer|
|p_out5_ap_vld            |  out|    1|      ap_vld|                              p_out5|       pointer|
|p_out6                   |  out|   10|      ap_vld|                              p_out6|       pointer|
|p_out6_ap_vld            |  out|    1|      ap_vld|                              p_out6|       pointer|
|p_out7                   |  out|   10|      ap_vld|                              p_out7|       pointer|
|p_out7_ap_vld            |  out|    1|      ap_vld|                              p_out7|       pointer|
|p_out8                   |  out|   10|      ap_vld|                              p_out8|       pointer|
|p_out8_ap_vld            |  out|    1|      ap_vld|                              p_out8|       pointer|
|p_out9                   |  out|   10|      ap_vld|                              p_out9|       pointer|
|p_out9_ap_vld            |  out|    1|      ap_vld|                              p_out9|       pointer|
|p_out10                  |  out|   10|      ap_vld|                             p_out10|       pointer|
|p_out10_ap_vld           |  out|    1|      ap_vld|                             p_out10|       pointer|
|p_out11                  |  out|   10|      ap_vld|                             p_out11|       pointer|
|p_out11_ap_vld           |  out|    1|      ap_vld|                             p_out11|       pointer|
|p_out12                  |  out|   10|      ap_vld|                             p_out12|       pointer|
|p_out12_ap_vld           |  out|    1|      ap_vld|                             p_out12|       pointer|
|p_out13                  |  out|   10|      ap_vld|                             p_out13|       pointer|
|p_out13_ap_vld           |  out|    1|      ap_vld|                             p_out13|       pointer|
|p_out14                  |  out|   10|      ap_vld|                             p_out14|       pointer|
|p_out14_ap_vld           |  out|    1|      ap_vld|                             p_out14|       pointer|
|p_out15                  |  out|   10|      ap_vld|                             p_out15|       pointer|
|p_out15_ap_vld           |  out|    1|      ap_vld|                             p_out15|       pointer|
|p_out16                  |  out|   10|      ap_vld|                             p_out16|       pointer|
|p_out16_ap_vld           |  out|    1|      ap_vld|                             p_out16|       pointer|
|p_out17                  |  out|   10|      ap_vld|                             p_out17|       pointer|
|p_out17_ap_vld           |  out|    1|      ap_vld|                             p_out17|       pointer|
|p_out18                  |  out|   10|      ap_vld|                             p_out18|       pointer|
|p_out18_ap_vld           |  out|    1|      ap_vld|                             p_out18|       pointer|
|p_out19                  |  out|   10|      ap_vld|                             p_out19|       pointer|
|p_out19_ap_vld           |  out|    1|      ap_vld|                             p_out19|       pointer|
+-------------------------+-----+-----+------------+------------------------------------+--------------+

