
*** Running vivado
    with args -log design_1_auto_pc_1.vds -m64 -product Vivado -mode batch -messageDb vivado.pb -notrace -source design_1_auto_pc_1.tcl



****** Vivado v2024.1 (64-bit)
  **** SW Build 5076996 on Wed May 22 18:37:14 MDT 2024
  **** IP Build 5075265 on Wed May 22 21:45:21 MDT 2024
  **** SharedData Build 5076995 on Wed May 22 18:29:18 MDT 2024
  **** Start of session at: Sun Jun 16 22:42:25 2024
    ** Copyright 1986-2022 Xilinx, Inc. All Rights Reserved.
    ** Copyright 2022-2024 Advanced Micro Devices, Inc. All Rights Reserved.

source design_1_auto_pc_1.tcl -notrace
create_project: Time (s): cpu = 00:00:05 ; elapsed = 00:00:05 . Memory (MB): peak = 627.637 ; gain = 198.625
INFO: [IP_Flow 19-6924] IPCACHE: Running cache check for IP inst: design_1_auto_pc_1
INFO: [IP_Flow 19-6922] IPCACHE: Exporting cached entry 4d8f7ea3f067f734 to dir: F:/Projects/Vivado/project_Scratch/project_Scratch.runs/design_1_auto_pc_1_synth_1
INFO: [IP_Flow 19-6928] IPCACHE: copied cached file f:/Projects/Vivado/project_Scratch/project_Scratch.cache/ip/2024.1/4/d/4d8f7ea3f067f734/design_1_auto_pc_0.dcp to F:/Projects/Vivado/project_Scratch/project_Scratch.runs/design_1_auto_pc_1_synth_1/design_1_auto_pc_1.dcp.
INFO: [IP_Flow 19-6928] IPCACHE: copied cached file f:/Projects/Vivado/project_Scratch/project_Scratch.cache/ip/2024.1/4/d/4d8f7ea3f067f734/design_1_auto_pc_0_sim_netlist.v to F:/Projects/Vivado/project_Scratch/project_Scratch.runs/design_1_auto_pc_1_synth_1/design_1_auto_pc_1_sim_netlist.v.
INFO: [IP_Flow 19-6928] IPCACHE: copied cached file f:/Projects/Vivado/project_Scratch/project_Scratch.cache/ip/2024.1/4/d/4d8f7ea3f067f734/design_1_auto_pc_0_sim_netlist.vhdl to F:/Projects/Vivado/project_Scratch/project_Scratch.runs/design_1_auto_pc_1_synth_1/design_1_auto_pc_1_sim_netlist.vhdl.
INFO: [IP_Flow 19-6928] IPCACHE: copied cached file f:/Projects/Vivado/project_Scratch/project_Scratch.cache/ip/2024.1/4/d/4d8f7ea3f067f734/design_1_auto_pc_0_stub.v to F:/Projects/Vivado/project_Scratch/project_Scratch.runs/design_1_auto_pc_1_synth_1/design_1_auto_pc_1_stub.v.
INFO: [IP_Flow 19-6928] IPCACHE: copied cached file f:/Projects/Vivado/project_Scratch/project_Scratch.cache/ip/2024.1/4/d/4d8f7ea3f067f734/design_1_auto_pc_0_stub.vhdl to F:/Projects/Vivado/project_Scratch/project_Scratch.runs/design_1_auto_pc_1_synth_1/design_1_auto_pc_1_stub.vhdl.
INFO: [IP_Flow 19-4838] Using cached IP synthesis design for IP design_1_auto_pc_1, cache-ID = 4d8f7ea3f067f734.
INFO: [Common 17-206] Exiting Vivado at Sun Jun 16 22:42:34 2024...
