

================================================================
== Vitis HLS Report for 'AXIvideo2MultiPixStream'
================================================================
* Date:           Thu Jun 13 19:44:20 2024

* Version:        2024.1 (Build 5069499 on May 21 2024)
* Project:        prj
* Solution:       sol (Vivado IP Flow Target)
* Product family: zynquplus
* Target device:  xck26-sfvc784-2LV-c


================================================================
== Performance Estimates
================================================================
+ Timing: 
    * Summary: 
    +--------+---------+----------+------------+
    |  Clock |  Target | Estimated| Uncertainty|
    +--------+---------+----------+------------+
    |ap_clk  |  4.00 ns|  2.102 ns|     1.08 ns|
    +--------+---------+----------+------------+

+ Latency: 
    * Summary: 
    +---------+---------+----------+----------+-----+---------+---------+
    |  Latency (cycles) |  Latency (absolute) |    Interval   | Pipeline|
    |   min   |   max   |    min   |    max   | min |   max   |   Type  |
    +---------+---------+----------+----------+-----+---------+---------+
    |        2|  2084406|  8.000 ns|  8.338 ms|    2|  2084406|       no|
    +---------+---------+----------+----------+-----+---------+---------+

    + Detail: 
        * Instance: 
        +-----------------------------------------------------------------+------------------------------------------------------+---------+---------+----------+----------+-----+------+-----------------------------------------------+
        |                                                                 |                                                      |  Latency (cycles) |  Latency (absolute) |  Interval  |                    Pipeline                   |
        |                             Instance                            |                        Module                        |   min   |   max   |    min   |    max   | min |  max |                      Type                     |
        +-----------------------------------------------------------------+------------------------------------------------------+---------+---------+----------+----------+-----+------+-----------------------------------------------+
        |grp_AXIvideo2MultiPixStream_Pipeline_loop_wait_for_start_fu_202  |AXIvideo2MultiPixStream_Pipeline_loop_wait_for_start  |        2|        2|  8.000 ns|  8.000 ns|    1|     1|  loop auto-rewind stp(delay=0 clock cycles(s))|
        |grp_AXIvideo2MultiPixStream_Pipeline_loop_width_fu_222           |AXIvideo2MultiPixStream_Pipeline_loop_width           |        2|     1922|  8.000 ns|  7.688 us|    1|  1921|  loop auto-rewind stp(delay=0 clock cycles(s))|
        |grp_AXIvideo2MultiPixStream_Pipeline_loop_wait_for_eol_fu_251    |AXIvideo2MultiPixStream_Pipeline_loop_wait_for_eol    |        2|        2|  8.000 ns|  8.000 ns|    1|     1|  loop auto-rewind stp(delay=0 clock cycles(s))|
        |grp_reg_unsigned_short_s_fu_274                                  |reg_unsigned_short_s                                  |        1|        1|  4.000 ns|  4.000 ns|    1|     1|                                            yes|
        |grp_reg_unsigned_short_s_fu_280                                  |reg_unsigned_short_s                                  |        1|        1|  4.000 ns|  4.000 ns|    1|     1|                                            yes|
        +-----------------------------------------------------------------+------------------------------------------------------+---------+---------+----------+----------+-----+------+-----------------------------------------------+

        * Loop: 
        +---------------+---------+---------+-----------+-----------+-----------+----------+----------+
        |               |  Latency (cycles) | Iteration |  Initiation Interval  |   Trip   |          |
        |   Loop Name   |   min   |   max   |  Latency  |  achieved |   target  |   Count  | Pipelined|
        +---------------+---------+---------+-----------+-----------+-----------+----------+----------+
        |- loop_height  |        0|  2084400|  10 ~ 1930|          -|          -|  0 ~ 1080|        no|
        +---------------+---------+---------+-----------+-----------+-----------+----------+----------+



================================================================
== Utilization Estimates
================================================================
* Summary: 
+-----------------+---------+------+--------+--------+-----+
|       Name      | BRAM_18K|  DSP |   FF   |   LUT  | URAM|
+-----------------+---------+------+--------+--------+-----+
|DSP              |        -|     -|       -|       -|    -|
|Expression       |        -|     -|       0|      92|    -|
|FIFO             |        -|     -|       -|       -|    -|
|Instance         |        -|     -|      91|     282|    -|
|Memory           |        -|     -|       -|       -|    -|
|Multiplexer      |        -|     -|       0|     169|    -|
|Register         |        -|     -|      86|       -|    -|
+-----------------+---------+------+--------+--------+-----+
|Total            |        0|     0|     177|     543|    0|
+-----------------+---------+------+--------+--------+-----+
|Available        |      288|  1248|  234240|  117120|   64|
+-----------------+---------+------+--------+--------+-----+
|Utilization (%)  |        0|     0|      ~0|      ~0|    0|
+-----------------+---------+------+--------+--------+-----+

+ Detail: 
    * Instance: 
    +-----------------------------------------------------------------+------------------------------------------------------+---------+----+----+-----+-----+
    |                             Instance                            |                        Module                        | BRAM_18K| DSP| FF | LUT | URAM|
    +-----------------------------------------------------------------+------------------------------------------------------+---------+----+----+-----+-----+
    |grp_AXIvideo2MultiPixStream_Pipeline_loop_wait_for_eol_fu_251    |AXIvideo2MultiPixStream_Pipeline_loop_wait_for_eol    |        0|   0|   4|   52|    0|
    |grp_AXIvideo2MultiPixStream_Pipeline_loop_wait_for_start_fu_202  |AXIvideo2MultiPixStream_Pipeline_loop_wait_for_start  |        0|   0|   4|   38|    0|
    |grp_AXIvideo2MultiPixStream_Pipeline_loop_width_fu_222           |AXIvideo2MultiPixStream_Pipeline_loop_width           |        0|   0|  47|  188|    0|
    |grp_reg_unsigned_short_s_fu_274                                  |reg_unsigned_short_s                                  |        0|   0|  18|    2|    0|
    |grp_reg_unsigned_short_s_fu_280                                  |reg_unsigned_short_s                                  |        0|   0|  18|    2|    0|
    +-----------------------------------------------------------------+------------------------------------------------------+---------+----+----+-----+-----+
    |Total                                                            |                                                      |        0|   0|  91|  282|    0|
    +-----------------------------------------------------------------+------------------------------------------------------+---------+----+----+-----+-----+

    * DSP: 
    N/A

    * Memory: 
    N/A

    * FIFO: 
    N/A

    * Expression: 
    +------------------------+----------+----+---+----+------------+------------+
    |      Variable Name     | Operation| DSP| FF| LUT| Bitwidth P0| Bitwidth P1|
    +------------------------+----------+----+---+----+------------+------------+
    |i_4_fu_332_p2           |         +|   0|  0|  18|          11|           1|
    |and_ln897_fu_342_p2     |       and|   0|  0|   2|           1|           1|
    |cmp10402_fu_313_p2      |      icmp|   0|  0|  18|          11|           1|
    |cond_fu_300_p2          |      icmp|   0|  0|  15|           8|           1|
    |icmp_ln834_fu_286_p2    |      icmp|   0|  0|  15|           8|           1|
    |icmp_ln845_fu_327_p2    |      icmp|   0|  0|  18|          11|          11|
    |ap_block_state1         |        or|   0|  0|   2|           1|           1|
    |select_ln897_fu_360_p3  |    select|   0|  0|   2|           1|           1|
    |xor_ln897_fu_318_p2     |       xor|   0|  0|   2|           1|           2|
    +------------------------+----------+----+---+----+------------+------------+
    |Total                   |          |   0|  0|  92|          53|          20|
    +------------------------+----------+----+---+----+------------+------------+

    * Multiplexer: 
    +----------------------------+----+-----------+-----+-----------+
    |            Name            | LUT| Input Size| Bits| Total Bits|
    +----------------------------+----+-----------+-----+-----------+
    |ap_NS_fsm                   |  59|         11|    1|         11|
    |ap_done                     |   9|          2|    1|          2|
    |axi_data_6_fu_116           |   9|          2|   30|         60|
    |axi_last_2_reg_192          |   9|          2|    1|          2|
    |colorFormat_val20_c5_blk_n  |   9|          2|    1|          2|
    |enableInput_val15_c_blk_n   |   9|          2|    1|          2|
    |height_val4_c3_blk_n        |   9|          2|    1|          2|
    |i_fu_120                    |   9|          2|   11|         22|
    |s_axis_video_TREADY         |  20|          4|    1|          4|
    |sof_reg_180                 |   9|          2|    1|          2|
    |srcYUV_write                |   9|          2|    1|          2|
    |width_val7_c4_blk_n         |   9|          2|    1|          2|
    +----------------------------+----+-----------+-----+-----------+
    |Total                       | 169|         35|   51|        113|
    +----------------------------+----+-----------+-----+-----------+

    * Register: 
    +------------------------------------------------------------------------------+----+----+-----+-----------+
    |                                     Name                                     | FF | LUT| Bits| Const Bits|
    +------------------------------------------------------------------------------+----+----+-----+-----------+
    |and_ln897_reg_453                                                             |   1|   0|    1|          0|
    |ap_CS_fsm                                                                     |  10|   0|   10|          0|
    |ap_done_reg                                                                   |   1|   0|    1|          0|
    |axi_data_6_fu_116                                                             |  30|   0|   30|          0|
    |axi_last_2_reg_192                                                            |   1|   0|    1|          0|
    |axi_last_4_loc_fu_100                                                         |   1|   0|    1|          0|
    |cmp10402_reg_437                                                              |   1|   0|    1|          0|
    |cond_reg_429                                                                  |   1|   0|    1|          0|
    |grp_AXIvideo2MultiPixStream_Pipeline_loop_wait_for_eol_fu_251_ap_start_reg    |   1|   0|    1|          0|
    |grp_AXIvideo2MultiPixStream_Pipeline_loop_wait_for_start_fu_202_ap_start_reg  |   1|   0|    1|          0|
    |grp_AXIvideo2MultiPixStream_Pipeline_loop_width_fu_222_ap_start_reg           |   1|   0|    1|          0|
    |i_fu_120                                                                      |  11|   0|   11|          0|
    |icmp_ln834_reg_400                                                            |   1|   0|    1|          0|
    |select_ln897_reg_464                                                          |   1|   0|    1|          0|
    |sof_reg_180                                                                   |   1|   0|    1|          0|
    |trunc_ln827_reg_404                                                           |  11|   0|   11|          0|
    |trunc_ln828_reg_409                                                           |  11|   0|   11|          0|
    |xor_ln897_reg_442                                                             |   1|   0|    1|          0|
    +------------------------------------------------------------------------------+----+----+-----+-----------+
    |Total                                                                         |  86|   0|   86|          0|
    +------------------------------------------------------------------------------+----+----+-----+-----------+



================================================================
== Interface
================================================================
* Summary: 
+-------------------------------------+-----+-----+------------+-------------------------+--------------+
|              RTL Ports              | Dir | Bits|  Protocol  |      Source Object      |    C Type    |
+-------------------------------------+-----+-----+------------+-------------------------+--------------+
|ap_clk                               |   in|    1|  ap_ctrl_hs|  AXIvideo2MultiPixStream|  return value|
|ap_rst                               |   in|    1|  ap_ctrl_hs|  AXIvideo2MultiPixStream|  return value|
|ap_start                             |   in|    1|  ap_ctrl_hs|  AXIvideo2MultiPixStream|  return value|
|ap_done                              |  out|    1|  ap_ctrl_hs|  AXIvideo2MultiPixStream|  return value|
|ap_continue                          |   in|    1|  ap_ctrl_hs|  AXIvideo2MultiPixStream|  return value|
|ap_idle                              |  out|    1|  ap_ctrl_hs|  AXIvideo2MultiPixStream|  return value|
|ap_ready                             |  out|    1|  ap_ctrl_hs|  AXIvideo2MultiPixStream|  return value|
|s_axis_video_TDATA                   |   in|   32|        axis|    s_axis_video_V_data_V|       pointer|
|s_axis_video_TVALID                  |   in|    1|        axis|    s_axis_video_V_dest_V|       pointer|
|s_axis_video_TREADY                  |  out|    1|        axis|    s_axis_video_V_dest_V|       pointer|
|s_axis_video_TDEST                   |   in|    1|        axis|    s_axis_video_V_dest_V|       pointer|
|s_axis_video_TKEEP                   |   in|    4|        axis|    s_axis_video_V_keep_V|       pointer|
|s_axis_video_TSTRB                   |   in|    4|        axis|    s_axis_video_V_strb_V|       pointer|
|s_axis_video_TUSER                   |   in|    1|        axis|    s_axis_video_V_user_V|       pointer|
|s_axis_video_TLAST                   |   in|    1|        axis|    s_axis_video_V_last_V|       pointer|
|s_axis_video_TID                     |   in|    1|        axis|      s_axis_video_V_id_V|       pointer|
|srcYUV_din                           |  out|   30|     ap_fifo|                   srcYUV|       pointer|
|srcYUV_num_data_valid                |   in|    5|     ap_fifo|                   srcYUV|       pointer|
|srcYUV_fifo_cap                      |   in|    5|     ap_fifo|                   srcYUV|       pointer|
|srcYUV_full_n                        |   in|    1|     ap_fifo|                   srcYUV|       pointer|
|srcYUV_write                         |  out|    1|     ap_fifo|                   srcYUV|       pointer|
|enableInput_val                      |   in|    8|     ap_none|          enableInput_val|        scalar|
|Height_val                           |   in|   16|     ap_none|               Height_val|        scalar|
|WidthIn_val                          |   in|   16|     ap_none|              WidthIn_val|        scalar|
|colorFormat_val                      |   in|    8|     ap_none|          colorFormat_val|        scalar|
|height_val4_c3_din                   |  out|   16|     ap_fifo|           height_val4_c3|       pointer|
|height_val4_c3_num_data_valid        |   in|    3|     ap_fifo|           height_val4_c3|       pointer|
|height_val4_c3_fifo_cap              |   in|    3|     ap_fifo|           height_val4_c3|       pointer|
|height_val4_c3_full_n                |   in|    1|     ap_fifo|           height_val4_c3|       pointer|
|height_val4_c3_write                 |  out|    1|     ap_fifo|           height_val4_c3|       pointer|
|width_val7_c4_din                    |  out|   16|     ap_fifo|            width_val7_c4|       pointer|
|width_val7_c4_num_data_valid         |   in|    3|     ap_fifo|            width_val7_c4|       pointer|
|width_val7_c4_fifo_cap               |   in|    3|     ap_fifo|            width_val7_c4|       pointer|
|width_val7_c4_full_n                 |   in|    1|     ap_fifo|            width_val7_c4|       pointer|
|width_val7_c4_write                  |  out|    1|     ap_fifo|            width_val7_c4|       pointer|
|enableInput_val15_c_din              |  out|    8|     ap_fifo|      enableInput_val15_c|       pointer|
|enableInput_val15_c_num_data_valid   |   in|    3|     ap_fifo|      enableInput_val15_c|       pointer|
|enableInput_val15_c_fifo_cap         |   in|    3|     ap_fifo|      enableInput_val15_c|       pointer|
|enableInput_val15_c_full_n           |   in|    1|     ap_fifo|      enableInput_val15_c|       pointer|
|enableInput_val15_c_write            |  out|    1|     ap_fifo|      enableInput_val15_c|       pointer|
|colorFormat_val20_c5_din             |  out|    8|     ap_fifo|     colorFormat_val20_c5|       pointer|
|colorFormat_val20_c5_num_data_valid  |   in|    3|     ap_fifo|     colorFormat_val20_c5|       pointer|
|colorFormat_val20_c5_fifo_cap        |   in|    3|     ap_fifo|     colorFormat_val20_c5|       pointer|
|colorFormat_val20_c5_full_n          |   in|    1|     ap_fifo|     colorFormat_val20_c5|       pointer|
|colorFormat_val20_c5_write           |  out|    1|     ap_fifo|     colorFormat_val20_c5|       pointer|
+-------------------------------------+-----+-----+------------+-------------------------+--------------+

