================================================================
== Design Size Report
================================================================

* Total Instructions per Compilation Phase
+---------------+-----------------------------+--------------+----------------------------------------------------------------------------------------+
| Phase         | Step                        | Instructions | Description                                                                            |
+---------------+-----------------------------+--------------+----------------------------------------------------------------------------------------+
| Compile/Link  |                             | 9,862        | After all functions are compiled and linked into a single design                       |
|               |                             |              |                                                                                        |
| Unroll/Inline |                             |              | After user unroll and inline pragmas are applied                                       |
|               | (1) unroll                  | 2,726        | user unroll pragmas are applied                                                        |
|               | (2) simplification          | 1,995        | simplification of applied user unroll pragmas                                          |
|               | (3) inline                  | 1,947        | user inline pragmas are applied                                                        |
|               | (4) simplification          | 1,649        | simplification of applied user inline pragmas                                          |
|               |                             |              |                                                                                        |
| Array/Struct  |                             |              | After user array partition and struct aggregate/disaggregate pragmas are applied       |
|               | (1) array partition         | 1,489        | user array partition pragmas are applied                                               |
|               | (2) simplification          | 1,395        | simplification of applied user array partition & struct aggregate/disaggregate pragmas |
|               | (3) aggregate/disaggregate  | 1,399        | user struct aggregate/disaggregate pragmas are applied                                 |
|               | (4) array reshape           | 1,475        | apply array reshape pragmas                                                            |
|               | (5) access patterns         | 1,557        | array access pattern optmizations                                                      |
|               |                             |              |                                                                                        |
| Performance   |                             |              | After transformations are applied to meet performance pragma targets                   |
|               | (1) loop simplification     | 1,552        | loop and instruction simplification                                                    |
|               | (2) parallelization         | 1,529        | loops are unrolled or pipelined to meet performance targets                            |
|               | (3) array partition         | 1,473        | arrays are partitioned to meet performance targets                                     |
|               | (4) simplification          | 1,404        | simplification of design after performance transformations                             |
|               |                             |              |                                                                                        |
| HW Transforms |                             |              | After hardware transfomations                                                          |
|               | (1) lowering                | 1,396        | initial conversion to HW specific instructions                                         |
|               | (2) optimizations           | 1,412        | high level synthesis optimizations                                                     |
+---------------+-----------------------------+--------------+----------------------------------------------------------------------------------------+

* Instructions per Function for each Compilation Phase
+---------------------------------------+----------------------+----------------+----------------+----------------+----------------+----------------+
| Function                              | Location             | Compile/Link   | Unroll/Inline  | Array/Struct   | Performance    | HW Transforms  |
+---------------------------------------+----------------------+----------------+----------------+----------------+----------------+----------------+
| + v_tpg                               | v_tpg.cpp:409        | 9,862          | 1,649          | 1,557          | 1,404          | 1,412          |
|    reg<unsigned short>                | x_hls_utils.h:222    |    1           |    1           |    1           |    1           |    4           |
|  + v_tpgHlsDataFlow                   | v_tpg.cpp:304        | 9,776          | 1,568          | 1,462          | 1,285          | 1,232          |
|   + AXIvideo2MultiPixStream           | v_tpg.cpp:821        |  620           |  213           |  219           |  150           |  135           |
|      Scalar                           | hls_video_core.h:196 |    5           |                |                |                |                |
|      reg<unsigned short>              | x_hls_utils.h:222    |    2 (2 calls) |    2 (2 calls) |    2 (2 calls) |    2 (2 calls) |    8 (2 calls) |
|    + AXIGetBitFields<30, ap_uint<...  | hls_axi_io.h:83      |  222 (3 calls) |                |                |                |                |
|       AXIGetBitFields<30, ap_uint<... | hls_axi_io.h:60      |  204 (3 calls) |                |                |                |                |
|   + tpgBackground                     | v_tpg.cpp:536        | 8,207          | 1,191          | 1,052          |  972           |  964           |
|      Scalar                           | hls_video_core.h:196 |   10 (2 calls) |                |                |                |                |
|    + tpgPatternHorizontalRamp         | v_tpg.cpp:1067       |  134           |                |                |                |                |
|       Scalar                          | hls_video_core.h:196 |    5           |                |                |                |                |
|    + tpgPatternVerticalRamp           | v_tpg.cpp:1090       |  142           |                |                |                |                |
|       Scalar                          | hls_video_core.h:196 |    5           |                |                |                |                |
|    + tpgPatternTemporalRamp           | v_tpg.cpp:1115       |  120           |                |                |                |                |
|       Scalar                          | hls_video_core.h:196 |    5           |                |                |                |                |
|    + tpgPatternSolidRed               | v_tpg.cpp:1130       |  138           |                |                |                |                |
|       Scalar                          | hls_video_core.h:196 |    5           |                |                |                |                |
|    + tpgPatternSolidGreen             | v_tpg.cpp:1151       |  138           |                |                |                |                |
|       Scalar                          | hls_video_core.h:196 |    5           |                |                |                |                |
|    + tpgPatternSolidBlue              | v_tpg.cpp:1172       |  138           |                |                |                |                |
|       Scalar                          | hls_video_core.h:196 |    5           |                |                |                |                |
|    + tpgPatternSolidBlack             | v_tpg.cpp:1193       |  138           |                |                |                |                |
|       Scalar                          | hls_video_core.h:196 |    5           |                |                |                |                |
|    + tpgPatternSolidWhite             | v_tpg.cpp:1214       |  138           |                |                |                |                |
|       Scalar                          | hls_video_core.h:196 |    5           |                |                |                |                |
|    + tpgPatternColorBars              | v_tpg.cpp:1235       |  754           |                |                |                |                |
|       Scalar                          | hls_video_core.h:196 |    5           |                |                |                |                |
|    + tpgPatternZonePlate              | v_tpg.cpp:1319       |  205           |                |                |                |                |
|       Scalar                          | hls_video_core.h:196 |    5           |                |                |                |                |
|       reg<int>                        | x_hls_utils.h:222    |    1           |                |                |                |                |
|    + tpgPatternTartanColorBars        | v_tpg.cpp:1369       |  638           |                |                |                |                |
|       Scalar                          | hls_video_core.h:196 |   10 (2 calls) |                |                |                |                |
|    + tpgPatternCrossHatch             | v_tpg.cpp:1437       |  781           |                |                |                |                |
|       Scalar                          | hls_video_core.h:196 |    5           |                |                |                |                |
|       reg<ap_uint<10> >               | x_hls_utils.h:222    |    3           |                |                |                |                |
|    + tpgPatternRainbow                | v_tpg.cpp:1273       |  277           |                |                |                |                |
|       Scalar                          | hls_video_core.h:196 |    5           |                |                |                |                |
|    + tpgPatternVerticalHorizontal...  | v_tpg.cpp:1527       |  139           |                |                |                |                |
|       Scalar                          | hls_video_core.h:196 |    5           |                |                |                |                |
|    + tpgPatternCheckerBoard           | v_tpg.cpp:1551       |  648           |                |                |                |                |
|       Scalar                          | hls_video_core.h:196 |    5           |                |                |                |                |
|    + tpgPRBS                          | v_tpg.cpp:1823       | 1,767          |                |                |                |                |
|       Scalar                          | hls_video_core.h:196 |    5           |                |                |                |                |
|    + tpgPatternDPColorRamp            | v_tpg.cpp:1618       |  496           |                |                |                |                |
|       Scalar                          | hls_video_core.h:196 |   10 (2 calls) |                |                |                |                |
|    + tpgPatternDPBlackWhiteVertic...  | v_tpg.cpp:1718       |  124           |                |                |                |                |
|       Scalar                          | hls_video_core.h:196 |    5           |                |                |                |                |
|    + tpgPatternDPColorSquare          | v_tpg.cpp:1734       |  947           |  144           |  137           |                |                |
|       Scalar                          | hls_video_core.h:196 |    5           |                |                |                |                |
|      reg<int>                         | x_hls_utils.h:222    |                |    1           |    1           |    1           |    4           |
|      reg<ap_uint<10> >                | x_hls_utils.h:222    |                |    2           |    2           |    2           |    5           |
|   + MultiPixStream2AXIvideo           | v_tpg.cpp:919        |  845           |  134           |  181           |  153           |  121           |
|      Scalar                           | hls_video_core.h:196 |    5           |                |                |                |                |
+---------------------------------------+----------------------+----------------+----------------+----------------+----------------+----------------+

* Design Size Message Settings
+---------------------------------------------+--------+------------------------------------------------------------------+
| Message Setting                             | Value  | Description                                                      |
+---------------------------------------------+--------+------------------------------------------------------------------+
| config_compile -design_size_maximum_warning | 100000 | Show a warning when total design instructions exceeds this value |
+---------------------------------------------+--------+------------------------------------------------------------------+


