

================================================================
== Vitis HLS Report for 'entry_proc'
================================================================
* Date:           Thu Jun 13 19:44:18 2024

* Version:        2024.1 (Build 5069499 on May 21 2024)
* Project:        prj
* Solution:       sol (Vivado IP Flow Target)
* Product family: zynquplus
* Target device:  xck26-sfvc784-2LV-c


================================================================
== Performance Estimates
================================================================
+ Timing: 
    * Summary: 
    +--------+---------+----------+------------+
    |  Clock |  Target | Estimated| Uncertainty|
    +--------+---------+----------+------------+
    |ap_clk  |  4.00 ns|  1.460 ns|     1.08 ns|
    +--------+---------+----------+------------+

+ Latency: 
    * Summary: 
    +---------+---------+----------+----------+-----+-----+---------+
    |  Latency (cycles) |  Latency (absolute) |  Interval | Pipeline|
    |   min   |   max   |    min   |    max   | min | max |   Type  |
    +---------+---------+----------+----------+-----+-----+---------+
    |        0|        0|      0 ns|      0 ns|    0|    0|       no|
    +---------+---------+----------+----------+-----+-----+---------+

    + Detail: 
        * Instance: 
        N/A

        * Loop: 
        N/A



================================================================
== Utilization Estimates
================================================================
* Summary: 
+-----------------+---------+------+--------+--------+-----+
|       Name      | BRAM_18K|  DSP |   FF   |   LUT  | URAM|
+-----------------+---------+------+--------+--------+-----+
|DSP              |        -|     -|       -|       -|    -|
|Expression       |        -|     -|       0|       2|    -|
|FIFO             |        -|     -|       -|       -|    -|
|Instance         |        -|     -|       -|       -|    -|
|Memory           |        -|     -|       -|       -|    -|
|Multiplexer      |        -|     -|       0|     144|    -|
|Register         |        -|     -|       3|       -|    -|
+-----------------+---------+------+--------+--------+-----+
|Total            |        0|     0|       3|     146|    0|
+-----------------+---------+------+--------+--------+-----+
|Available        |      288|  1248|  234240|  117120|   64|
+-----------------+---------+------+--------+--------+-----+
|Utilization (%)  |        0|     0|      ~0|      ~0|    0|
+-----------------+---------+------+--------+--------+-----+

+ Detail: 
    * Instance: 
    N/A

    * DSP: 
    N/A

    * Memory: 
    N/A

    * FIFO: 
    N/A

    * Expression: 
    +-----------------+----------+----+---+----+------------+------------+
    |  Variable Name  | Operation| DSP| FF| LUT| Bitwidth P0| Bitwidth P1|
    +-----------------+----------+----+---+----+------------+------------+
    |ap_block_state1  |        or|   0|  0|   2|           1|           1|
    +-----------------+----------+----+---+----+------------+------------+
    |Total            |          |   0|  0|   2|           1|           1|
    +-----------------+----------+----+---+----+------------+------------+

    * Multiplexer: 
    +----------------------------------+----+-----------+-----+-----------+
    |               Name               | LUT| Input Size| Bits| Total Bits|
    +----------------------------------+----+-----------+-----+-----------+
    |ZplateHorContDelta_val22_c_blk_n  |   9|          2|    1|          2|
    |ZplateHorContStart_val21_c_blk_n  |   9|          2|    1|          2|
    |ZplateVerContDelta_val24_c_blk_n  |   9|          2|    1|          2|
    |ZplateVerContStart_val23_c_blk_n  |   9|          2|    1|          2|
    |ap_done                           |   9|          2|    1|          2|
    |bckgndId_val16_c_blk_n            |   9|          2|    1|          2|
    |dpDynamicRange_val25_c_blk_n      |   9|          2|    1|          2|
    |dpYUVCoef_val26_c_blk_n           |   9|          2|    1|          2|
    |fid_in_val9_c_blk_n               |   9|          2|    1|          2|
    |field_id_val8_c_blk_n             |   9|          2|    1|          2|
    |motionSpeed_val17_c_blk_n         |   9|          2|    1|          2|
    |passthruEndX_val12_c_blk_n        |   9|          2|    1|          2|
    |passthruEndY_val13_c_blk_n        |   9|          2|    1|          2|
    |passthruStartX_val10_c_blk_n      |   9|          2|    1|          2|
    |passthruStartY_val11_c_blk_n      |   9|          2|    1|          2|
    |real_start                        |   9|          2|    1|          2|
    +----------------------------------+----+-----------+-----+-----------+
    |Total                             | 144|         32|   16|         32|
    +----------------------------------+----+-----------+-----+-----------+

    * Register: 
    +----------------+---+----+-----+-----------+
    |      Name      | FF| LUT| Bits| Const Bits|
    +----------------+---+----+-----+-----------+
    |ap_CS_fsm       |  1|   0|    1|          0|
    |ap_done_reg     |  1|   0|    1|          0|
    |start_once_reg  |  1|   0|    1|          0|
    +----------------+---+----+-----+-----------+
    |Total           |  3|   0|    3|          0|
    +----------------+---+----+-----+-----------+



================================================================
== Interface
================================================================
* Summary: 
+-------------------------------------------+-----+-----+------------+----------------------------+--------------+
|                 RTL Ports                 | Dir | Bits|  Protocol  |        Source Object       |    C Type    |
+-------------------------------------------+-----+-----+------------+----------------------------+--------------+
|ap_clk                                     |   in|    1|  ap_ctrl_hs|                  entry_proc|  return value|
|ap_rst                                     |   in|    1|  ap_ctrl_hs|                  entry_proc|  return value|
|ap_start                                   |   in|    1|  ap_ctrl_hs|                  entry_proc|  return value|
|start_full_n                               |   in|    1|  ap_ctrl_hs|                  entry_proc|  return value|
|ap_done                                    |  out|    1|  ap_ctrl_hs|                  entry_proc|  return value|
|ap_continue                                |   in|    1|  ap_ctrl_hs|                  entry_proc|  return value|
|ap_idle                                    |  out|    1|  ap_ctrl_hs|                  entry_proc|  return value|
|ap_ready                                   |  out|    1|  ap_ctrl_hs|                  entry_proc|  return value|
|start_out                                  |  out|    1|  ap_ctrl_hs|                  entry_proc|  return value|
|start_write                                |  out|    1|  ap_ctrl_hs|                  entry_proc|  return value|
|field_id_val8                              |   in|   16|     ap_none|               field_id_val8|        scalar|
|field_id_val8_c_din                        |  out|   16|     ap_fifo|             field_id_val8_c|       pointer|
|field_id_val8_c_num_data_valid             |   in|    3|     ap_fifo|             field_id_val8_c|       pointer|
|field_id_val8_c_fifo_cap                   |   in|    3|     ap_fifo|             field_id_val8_c|       pointer|
|field_id_val8_c_full_n                     |   in|    1|     ap_fifo|             field_id_val8_c|       pointer|
|field_id_val8_c_write                      |  out|    1|     ap_fifo|             field_id_val8_c|       pointer|
|fid_in_val9                                |   in|    1|   ap_stable|                 fid_in_val9|        scalar|
|fid_in_val9_c_din                          |  out|    1|     ap_fifo|               fid_in_val9_c|       pointer|
|fid_in_val9_c_num_data_valid               |   in|    3|     ap_fifo|               fid_in_val9_c|       pointer|
|fid_in_val9_c_fifo_cap                     |   in|    3|     ap_fifo|               fid_in_val9_c|       pointer|
|fid_in_val9_c_full_n                       |   in|    1|     ap_fifo|               fid_in_val9_c|       pointer|
|fid_in_val9_c_write                        |  out|    1|     ap_fifo|               fid_in_val9_c|       pointer|
|passthruStartX_val10                       |   in|   16|     ap_none|        passthruStartX_val10|        scalar|
|passthruStartX_val10_c_din                 |  out|   16|     ap_fifo|      passthruStartX_val10_c|       pointer|
|passthruStartX_val10_c_num_data_valid      |   in|    3|     ap_fifo|      passthruStartX_val10_c|       pointer|
|passthruStartX_val10_c_fifo_cap            |   in|    3|     ap_fifo|      passthruStartX_val10_c|       pointer|
|passthruStartX_val10_c_full_n              |   in|    1|     ap_fifo|      passthruStartX_val10_c|       pointer|
|passthruStartX_val10_c_write               |  out|    1|     ap_fifo|      passthruStartX_val10_c|       pointer|
|passthruStartY_val11                       |   in|   16|     ap_none|        passthruStartY_val11|        scalar|
|passthruStartY_val11_c_din                 |  out|   16|     ap_fifo|      passthruStartY_val11_c|       pointer|
|passthruStartY_val11_c_num_data_valid      |   in|    3|     ap_fifo|      passthruStartY_val11_c|       pointer|
|passthruStartY_val11_c_fifo_cap            |   in|    3|     ap_fifo|      passthruStartY_val11_c|       pointer|
|passthruStartY_val11_c_full_n              |   in|    1|     ap_fifo|      passthruStartY_val11_c|       pointer|
|passthruStartY_val11_c_write               |  out|    1|     ap_fifo|      passthruStartY_val11_c|       pointer|
|passthruEndX_val12                         |   in|   16|     ap_none|          passthruEndX_val12|        scalar|
|passthruEndX_val12_c_din                   |  out|   16|     ap_fifo|        passthruEndX_val12_c|       pointer|
|passthruEndX_val12_c_num_data_valid        |   in|    3|     ap_fifo|        passthruEndX_val12_c|       pointer|
|passthruEndX_val12_c_fifo_cap              |   in|    3|     ap_fifo|        passthruEndX_val12_c|       pointer|
|passthruEndX_val12_c_full_n                |   in|    1|     ap_fifo|        passthruEndX_val12_c|       pointer|
|passthruEndX_val12_c_write                 |  out|    1|     ap_fifo|        passthruEndX_val12_c|       pointer|
|passthruEndY_val13                         |   in|   16|     ap_none|          passthruEndY_val13|        scalar|
|passthruEndY_val13_c_din                   |  out|   16|     ap_fifo|        passthruEndY_val13_c|       pointer|
|passthruEndY_val13_c_num_data_valid        |   in|    3|     ap_fifo|        passthruEndY_val13_c|       pointer|
|passthruEndY_val13_c_fifo_cap              |   in|    3|     ap_fifo|        passthruEndY_val13_c|       pointer|
|passthruEndY_val13_c_full_n                |   in|    1|     ap_fifo|        passthruEndY_val13_c|       pointer|
|passthruEndY_val13_c_write                 |  out|    1|     ap_fifo|        passthruEndY_val13_c|       pointer|
|bckgndId_val16                             |   in|    8|     ap_none|              bckgndId_val16|        scalar|
|bckgndId_val16_c_din                       |  out|    8|     ap_fifo|            bckgndId_val16_c|       pointer|
|bckgndId_val16_c_num_data_valid            |   in|    3|     ap_fifo|            bckgndId_val16_c|       pointer|
|bckgndId_val16_c_fifo_cap                  |   in|    3|     ap_fifo|            bckgndId_val16_c|       pointer|
|bckgndId_val16_c_full_n                    |   in|    1|     ap_fifo|            bckgndId_val16_c|       pointer|
|bckgndId_val16_c_write                     |  out|    1|     ap_fifo|            bckgndId_val16_c|       pointer|
|motionSpeed_val17                          |   in|    8|     ap_none|           motionSpeed_val17|        scalar|
|motionSpeed_val17_c_din                    |  out|    8|     ap_fifo|         motionSpeed_val17_c|       pointer|
|motionSpeed_val17_c_num_data_valid         |   in|    3|     ap_fifo|         motionSpeed_val17_c|       pointer|
|motionSpeed_val17_c_fifo_cap               |   in|    3|     ap_fifo|         motionSpeed_val17_c|       pointer|
|motionSpeed_val17_c_full_n                 |   in|    1|     ap_fifo|         motionSpeed_val17_c|       pointer|
|motionSpeed_val17_c_write                  |  out|    1|     ap_fifo|         motionSpeed_val17_c|       pointer|
|ZplateHorContStart_val21                   |   in|   16|     ap_none|    ZplateHorContStart_val21|        scalar|
|ZplateHorContStart_val21_c_din             |  out|   16|     ap_fifo|  ZplateHorContStart_val21_c|       pointer|
|ZplateHorContStart_val21_c_num_data_valid  |   in|    3|     ap_fifo|  ZplateHorContStart_val21_c|       pointer|
|ZplateHorContStart_val21_c_fifo_cap        |   in|    3|     ap_fifo|  ZplateHorContStart_val21_c|       pointer|
|ZplateHorContStart_val21_c_full_n          |   in|    1|     ap_fifo|  ZplateHorContStart_val21_c|       pointer|
|ZplateHorContStart_val21_c_write           |  out|    1|     ap_fifo|  ZplateHorContStart_val21_c|       pointer|
|ZplateHorContDelta_val22                   |   in|   16|     ap_none|    ZplateHorContDelta_val22|        scalar|
|ZplateHorContDelta_val22_c_din             |  out|   16|     ap_fifo|  ZplateHorContDelta_val22_c|       pointer|
|ZplateHorContDelta_val22_c_num_data_valid  |   in|    3|     ap_fifo|  ZplateHorContDelta_val22_c|       pointer|
|ZplateHorContDelta_val22_c_fifo_cap        |   in|    3|     ap_fifo|  ZplateHorContDelta_val22_c|       pointer|
|ZplateHorContDelta_val22_c_full_n          |   in|    1|     ap_fifo|  ZplateHorContDelta_val22_c|       pointer|
|ZplateHorContDelta_val22_c_write           |  out|    1|     ap_fifo|  ZplateHorContDelta_val22_c|       pointer|
|ZplateVerContStart_val23                   |   in|   16|     ap_none|    ZplateVerContStart_val23|        scalar|
|ZplateVerContStart_val23_c_din             |  out|   16|     ap_fifo|  ZplateVerContStart_val23_c|       pointer|
|ZplateVerContStart_val23_c_num_data_valid  |   in|    3|     ap_fifo|  ZplateVerContStart_val23_c|       pointer|
|ZplateVerContStart_val23_c_fifo_cap        |   in|    3|     ap_fifo|  ZplateVerContStart_val23_c|       pointer|
|ZplateVerContStart_val23_c_full_n          |   in|    1|     ap_fifo|  ZplateVerContStart_val23_c|       pointer|
|ZplateVerContStart_val23_c_write           |  out|    1|     ap_fifo|  ZplateVerContStart_val23_c|       pointer|
|ZplateVerContDelta_val24                   |   in|   16|     ap_none|    ZplateVerContDelta_val24|        scalar|
|ZplateVerContDelta_val24_c_din             |  out|   16|     ap_fifo|  ZplateVerContDelta_val24_c|       pointer|
|ZplateVerContDelta_val24_c_num_data_valid  |   in|    3|     ap_fifo|  ZplateVerContDelta_val24_c|       pointer|
|ZplateVerContDelta_val24_c_fifo_cap        |   in|    3|     ap_fifo|  ZplateVerContDelta_val24_c|       pointer|
|ZplateVerContDelta_val24_c_full_n          |   in|    1|     ap_fifo|  ZplateVerContDelta_val24_c|       pointer|
|ZplateVerContDelta_val24_c_write           |  out|    1|     ap_fifo|  ZplateVerContDelta_val24_c|       pointer|
|dpDynamicRange_val25                       |   in|    8|     ap_none|        dpDynamicRange_val25|        scalar|
|dpDynamicRange_val25_c_din                 |  out|    8|     ap_fifo|      dpDynamicRange_val25_c|       pointer|
|dpDynamicRange_val25_c_num_data_valid      |   in|    3|     ap_fifo|      dpDynamicRange_val25_c|       pointer|
|dpDynamicRange_val25_c_fifo_cap            |   in|    3|     ap_fifo|      dpDynamicRange_val25_c|       pointer|
|dpDynamicRange_val25_c_full_n              |   in|    1|     ap_fifo|      dpDynamicRange_val25_c|       pointer|
|dpDynamicRange_val25_c_write               |  out|    1|     ap_fifo|      dpDynamicRange_val25_c|       pointer|
|dpYUVCoef_val26                            |   in|    8|     ap_none|             dpYUVCoef_val26|        scalar|
|dpYUVCoef_val26_c_din                      |  out|    8|     ap_fifo|           dpYUVCoef_val26_c|       pointer|
|dpYUVCoef_val26_c_num_data_valid           |   in|    3|     ap_fifo|           dpYUVCoef_val26_c|       pointer|
|dpYUVCoef_val26_c_fifo_cap                 |   in|    3|     ap_fifo|           dpYUVCoef_val26_c|       pointer|
|dpYUVCoef_val26_c_full_n                   |   in|    1|     ap_fifo|           dpYUVCoef_val26_c|       pointer|
|dpYUVCoef_val26_c_write                    |  out|    1|     ap_fifo|           dpYUVCoef_val26_c|       pointer|
+-------------------------------------------+-----+-----+------------+----------------------------+--------------+

