

================================================================
== Vitis HLS Report for 'v_tpgHlsDataFlow'
================================================================
* Date:           Thu Jun 13 19:44:28 2024

* Version:        2024.1 (Build 5069499 on May 21 2024)
* Project:        prj
* Solution:       sol (Vivado IP Flow Target)
* Product family: zynquplus
* Target device:  xck26-sfvc784-2LV-c


================================================================
== Performance Estimates
================================================================
+ Timing: 
    * Summary: 
    +--------+---------+----------+------------+
    |  Clock |  Target | Estimated| Uncertainty|
    +--------+---------+----------+------------+
    |ap_clk  |  4.00 ns|  3.392 ns|     1.08 ns|
    +--------+---------+----------+------------+

+ Latency: 
    * Summary: 
    +---------+------------+----------+------------+-----+------------+----------+
    |   Latency (cycles)   |   Latency (absolute)  |     Interval     | Pipeline |
    |   min   |     max    |    min   |     max    | min |     max    |   Type   |
    +---------+------------+----------+------------+-----+------------+----------+
    |       26|  4296605673|  0.104 us|  17.186 sec|    3|  4296605673|  dataflow|
    +---------+------------+----------+------------+-----+------------+----------+

    + Detail: 
        * Instance: 
        +----------------------------+-------------------------+---------+------------+----------+------------+-----+------------+---------+
        |                            |                         |   Latency (cycles)   |   Latency (absolute)  |     Interval     | Pipeline|
        |          Instance          |          Module         |   min   |     max    |    min   |     max    | min |     max    |   Type  |
        +----------------------------+-------------------------+---------+------------+----------+------------+-----+------------+---------+
        |AXIvideo2MultiPixStream_U0  |AXIvideo2MultiPixStream  |        2|     2084406|  8.000 ns|    8.338 ms|    2|     2084406|       no|
        |entry_proc_U0               |entry_proc               |        0|           0|      0 ns|        0 ns|    0|           0|       no|
        |tpgBackground_U0            |tpgBackground            |        2|  4296605672|  8.000 ns|  17.186 sec|    2|  4296605672|       no|
        |MultiPixStream2AXIvideo_U0  |MultiPixStream2AXIvideo  |        1|     2080081|  4.000 ns|    8.320 ms|    1|     2080081|       no|
        +----------------------------+-------------------------+---------+------------+----------+------------+-----+------------+---------+

        * Loop: 
        N/A



================================================================
== Utilization Estimates
================================================================
* Summary: 
+-----------------+---------+------+--------+--------+-----+
|       Name      | BRAM_18K|  DSP |   FF   |   LUT  | URAM|
+-----------------+---------+------+--------+--------+-----+
|DSP              |        -|     -|       -|       -|    -|
|Expression       |        -|     -|       0|      16|    -|
|FIFO             |        -|     -|    2277|    1541|    -|
|Instance         |        9|    13|    5714|    7141|    -|
|Memory           |        -|     -|       -|       -|    -|
|Multiplexer      |        -|     -|       0|      27|    -|
|Register         |        -|     -|       3|       -|    -|
+-----------------+---------+------+--------+--------+-----+
|Total            |        9|    13|    7994|    8725|    0|
+-----------------+---------+------+--------+--------+-----+
|Available        |      288|  1248|  234240|  117120|   64|
+-----------------+---------+------+--------+--------+-----+
|Utilization (%)  |        3|     1|       3|       7|    0|
+-----------------+---------+------+--------+--------+-----+

+ Detail: 
    * Instance: 
    +----------------------------+-------------------------+---------+----+------+------+-----+
    |          Instance          |          Module         | BRAM_18K| DSP|  FF  |  LUT | URAM|
    +----------------------------+-------------------------+---------+----+------+------+-----+
    |AXIvideo2MultiPixStream_U0  |AXIvideo2MultiPixStream  |        0|   0|   177|   543|    0|
    |MultiPixStream2AXIvideo_U0  |MultiPixStream2AXIvideo  |        0|   0|   137|   563|    0|
    |entry_proc_U0               |entry_proc               |        0|   0|     3|   146|    0|
    |tpgBackground_U0            |tpgBackground            |        9|  13|  5397|  5889|    0|
    +----------------------------+-------------------------+---------+----+------+------+-----+
    |Total                       |                         |        9|  13|  5714|  7141|    0|
    +----------------------------+-------------------------+---------+----+------+------+-----+

    * DSP: 
    N/A

    * Memory: 
    N/A

    * FIFO: 
    +------------------------------+---------+----+----+-----+------+-----+---------+
    |             Name             | BRAM_18K| FF | LUT| URAM| Depth| Bits| Size:D*B|
    +------------------------------+---------+----+----+-----+------+-----+---------+
    |ZplateHorContDelta_val22_c_U  |        0|  99|   0|    -|     3|   16|       48|
    |ZplateHorContStart_val21_c_U  |        0|  99|   0|    -|     3|   16|       48|
    |ZplateVerContDelta_val24_c_U  |        0|  99|   0|    -|     3|   16|       48|
    |ZplateVerContStart_val23_c_U  |        0|  99|   0|    -|     3|   16|       48|
    |bckgndId_val16_c_U            |        0|  99|   0|    -|     3|    8|       24|
    |colorFormat_val20_c5_U        |        0|  99|   0|    -|     2|    8|       16|
    |colorFormat_val20_c_U         |        0|  99|   0|    -|     2|    8|       16|
    |dpDynamicRange_val25_c_U      |        0|  99|   0|    -|     3|    8|       24|
    |dpYUVCoef_val26_c_U           |        0|  99|   0|    -|     3|    8|       24|
    |enableInput_val15_c_U         |        0|  99|   0|    -|     2|    8|       16|
    |fid_in_val9_c_U               |        0|  99|   0|    -|     4|    1|        4|
    |field_id_val8_c_U             |        0|  99|   0|    -|     4|   16|       64|
    |height_val4_c3_U              |        0|  99|   0|    -|     2|   16|       32|
    |height_val4_c_U               |        0|  99|   0|    -|     2|   11|       22|
    |motionSpeed_val17_c_U         |        0|  99|   0|    -|     3|    8|       24|
    |ovrlayYUV_U                   |        0|  99|   0|    -|    16|   30|      480|
    |passthruEndX_val12_c_U        |        0|  99|   0|    -|     3|   16|       48|
    |passthruEndY_val13_c_U        |        0|  99|   0|    -|     3|   16|       48|
    |passthruStartX_val10_c_U      |        0|  99|   0|    -|     3|   16|       48|
    |passthruStartY_val11_c_U      |        0|  99|   0|    -|     3|   16|       48|
    |srcYUV_U                      |        0|  99|   0|    -|    16|   30|      480|
    |width_val7_c4_U               |        0|  99|   0|    -|     2|   16|       32|
    |width_val7_c_U                |        0|  99|   0|    -|     2|   11|       22|
    +------------------------------+---------+----+----+-----+------+-----+---------+
    |Total                         |        0|2277|   0|    0|    90|  315|     1664|
    +------------------------------+---------+----+----+-----+------+-----+---------+

    * Expression: 
    +---------------------------------------------+----------+----+---+----+------------+------------+
    |                Variable Name                | Operation| DSP| FF| LUT| Bitwidth P0| Bitwidth P1|
    +---------------------------------------------+----------+----+---+----+------------+------------+
    |AXIvideo2MultiPixStream_U0_ap_start          |       and|   0|  0|   2|           1|           1|
    |ap_idle                                      |       and|   0|  0|   2|           1|           1|
    |ap_sync_ready                                |       and|   0|  0|   2|           1|           1|
    |entry_proc_U0_ap_start                       |       and|   0|  0|   2|           1|           1|
    |tpgBackground_U0_ap_start                    |       and|   0|  0|   2|           1|           1|
    |ap_sync_AXIvideo2MultiPixStream_U0_ap_ready  |        or|   0|  0|   2|           1|           1|
    |ap_sync_entry_proc_U0_ap_ready               |        or|   0|  0|   2|           1|           1|
    |ap_sync_tpgBackground_U0_ap_ready            |        or|   0|  0|   2|           1|           1|
    +---------------------------------------------+----------+----+---+----+------------+------------+
    |Total                                        |          |   0|  0|  16|           8|           8|
    +---------------------------------------------+----------+----+---+----+------------+------------+

    * Multiplexer: 
    +-------------------------------------------------+----+-----------+-----+-----------+
    |                       Name                      | LUT| Input Size| Bits| Total Bits|
    +-------------------------------------------------+----+-----------+-----+-----------+
    |ap_sync_reg_AXIvideo2MultiPixStream_U0_ap_ready  |   9|          2|    1|          2|
    |ap_sync_reg_entry_proc_U0_ap_ready               |   9|          2|    1|          2|
    |ap_sync_reg_tpgBackground_U0_ap_ready            |   9|          2|    1|          2|
    +-------------------------------------------------+----+-----------+-----+-----------+
    |Total                                            |  27|          6|    3|          6|
    +-------------------------------------------------+----+-----------+-----+-----------+

    * Register: 
    +-------------------------------------------------+---+----+-----+-----------+
    |                       Name                      | FF| LUT| Bits| Const Bits|
    +-------------------------------------------------+---+----+-----+-----------+
    |ap_sync_reg_AXIvideo2MultiPixStream_U0_ap_ready  |  1|   0|    1|          0|
    |ap_sync_reg_entry_proc_U0_ap_ready               |  1|   0|    1|          0|
    |ap_sync_reg_tpgBackground_U0_ap_ready            |  1|   0|    1|          0|
    +-------------------------------------------------+---+----+-----+-----------+
    |Total                                            |  3|   0|    3|          0|
    +-------------------------------------------------+---+----+-----+-----------+



================================================================
== Interface
================================================================
* Summary: 
+---------------------------------+-----+-----+------------+--------------------------+--------------+
|            RTL Ports            | Dir | Bits|  Protocol  |       Source Object      |    C Type    |
+---------------------------------+-----+-----+------------+--------------------------+--------------+
|s_axis_video_TDATA               |   in|   32|        axis|     s_axis_video_V_data_V|       pointer|
|s_axis_video_TKEEP               |   in|    4|        axis|     s_axis_video_V_keep_V|       pointer|
|s_axis_video_TSTRB               |   in|    4|        axis|     s_axis_video_V_strb_V|       pointer|
|s_axis_video_TUSER               |   in|    1|        axis|     s_axis_video_V_user_V|       pointer|
|s_axis_video_TLAST               |   in|    1|        axis|     s_axis_video_V_last_V|       pointer|
|s_axis_video_TID                 |   in|    1|        axis|       s_axis_video_V_id_V|       pointer|
|s_axis_video_TDEST               |   in|    1|        axis|     s_axis_video_V_dest_V|       pointer|
|s_axis_video_TVALID              |   in|    1|        axis|     s_axis_video_V_dest_V|       pointer|
|s_axis_video_TREADY              |  out|    1|        axis|     s_axis_video_V_dest_V|       pointer|
|height_val4                      |   in|   16|     ap_none|               height_val4|        scalar|
|height_val4_ap_vld               |   in|    1|     ap_none|               height_val4|        scalar|
|width_val7                       |   in|   16|     ap_none|                width_val7|        scalar|
|width_val7_ap_vld                |   in|    1|     ap_none|                width_val7|        scalar|
|field_id_val8                    |   in|   16|     ap_none|             field_id_val8|        scalar|
|field_id_val8_ap_vld             |   in|    1|     ap_none|             field_id_val8|        scalar|
|fid_in_val9                      |   in|    1|   ap_stable|               fid_in_val9|        scalar|
|fid_in_val9_ap_vld               |   in|    1|   ap_stable|               fid_in_val9|        scalar|
|passthruStartX_val10             |   in|   16|     ap_none|      passthruStartX_val10|        scalar|
|passthruStartX_val10_ap_vld      |   in|    1|     ap_none|      passthruStartX_val10|        scalar|
|passthruStartY_val11             |   in|   16|     ap_none|      passthruStartY_val11|        scalar|
|passthruStartY_val11_ap_vld      |   in|    1|     ap_none|      passthruStartY_val11|        scalar|
|passthruEndX_val12               |   in|   16|     ap_none|        passthruEndX_val12|        scalar|
|passthruEndX_val12_ap_vld        |   in|    1|     ap_none|        passthruEndX_val12|        scalar|
|passthruEndY_val13               |   in|   16|     ap_none|        passthruEndY_val13|        scalar|
|passthruEndY_val13_ap_vld        |   in|    1|     ap_none|        passthruEndY_val13|        scalar|
|enableInput_val15                |   in|    8|     ap_none|         enableInput_val15|        scalar|
|enableInput_val15_ap_vld         |   in|    1|     ap_none|         enableInput_val15|        scalar|
|bckgndId_val16                   |   in|    8|     ap_none|            bckgndId_val16|        scalar|
|bckgndId_val16_ap_vld            |   in|    1|     ap_none|            bckgndId_val16|        scalar|
|motionSpeed_val17                |   in|    8|     ap_none|         motionSpeed_val17|        scalar|
|motionSpeed_val17_ap_vld         |   in|    1|     ap_none|         motionSpeed_val17|        scalar|
|colorFormat_val20                |   in|    8|     ap_none|         colorFormat_val20|        scalar|
|colorFormat_val20_ap_vld         |   in|    1|     ap_none|         colorFormat_val20|        scalar|
|ZplateHorContStart_val21         |   in|   16|     ap_none|  ZplateHorContStart_val21|        scalar|
|ZplateHorContStart_val21_ap_vld  |   in|    1|     ap_none|  ZplateHorContStart_val21|        scalar|
|ZplateHorContDelta_val22         |   in|   16|     ap_none|  ZplateHorContDelta_val22|        scalar|
|ZplateHorContDelta_val22_ap_vld  |   in|    1|     ap_none|  ZplateHorContDelta_val22|        scalar|
|ZplateVerContStart_val23         |   in|   16|     ap_none|  ZplateVerContStart_val23|        scalar|
|ZplateVerContStart_val23_ap_vld  |   in|    1|     ap_none|  ZplateVerContStart_val23|        scalar|
|ZplateVerContDelta_val24         |   in|   16|     ap_none|  ZplateVerContDelta_val24|        scalar|
|ZplateVerContDelta_val24_ap_vld  |   in|    1|     ap_none|  ZplateVerContDelta_val24|        scalar|
|dpDynamicRange_val25             |   in|    8|     ap_none|      dpDynamicRange_val25|        scalar|
|dpDynamicRange_val25_ap_vld      |   in|    1|     ap_none|      dpDynamicRange_val25|        scalar|
|dpYUVCoef_val26                  |   in|    8|     ap_none|           dpYUVCoef_val26|        scalar|
|dpYUVCoef_val26_ap_vld           |   in|    1|     ap_none|           dpYUVCoef_val26|        scalar|
|m_axis_video_TDATA               |  out|   32|        axis|     m_axis_video_V_data_V|       pointer|
|m_axis_video_TKEEP               |  out|    4|        axis|     m_axis_video_V_keep_V|       pointer|
|m_axis_video_TSTRB               |  out|    4|        axis|     m_axis_video_V_strb_V|       pointer|
|m_axis_video_TUSER               |  out|    1|        axis|     m_axis_video_V_user_V|       pointer|
|m_axis_video_TLAST               |  out|    1|        axis|     m_axis_video_V_last_V|       pointer|
|m_axis_video_TID                 |  out|    1|        axis|       m_axis_video_V_id_V|       pointer|
|m_axis_video_TDEST               |  out|    1|        axis|     m_axis_video_V_dest_V|       pointer|
|m_axis_video_TVALID              |  out|    1|        axis|     m_axis_video_V_dest_V|       pointer|
|m_axis_video_TREADY              |   in|    1|        axis|     m_axis_video_V_dest_V|       pointer|
|fid                              |  out|    1|      ap_vld|                       fid|       pointer|
|fid_ap_vld                       |  out|    1|      ap_vld|                       fid|       pointer|
|s                                |   in|   32|     ap_none|                         s|       pointer|
|s_ap_vld                         |   in|    1|     ap_none|                         s|       pointer|
|ap_clk                           |   in|    1|  ap_ctrl_hs|          v_tpgHlsDataFlow|  return value|
|ap_rst                           |   in|    1|  ap_ctrl_hs|          v_tpgHlsDataFlow|  return value|
|ap_start                         |   in|    1|  ap_ctrl_hs|          v_tpgHlsDataFlow|  return value|
|ap_done                          |  out|    1|  ap_ctrl_hs|          v_tpgHlsDataFlow|  return value|
|ap_ready                         |  out|    1|  ap_ctrl_hs|          v_tpgHlsDataFlow|  return value|
|ap_idle                          |  out|    1|  ap_ctrl_hs|          v_tpgHlsDataFlow|  return value|
|ap_continue                      |   in|    1|  ap_ctrl_hs|          v_tpgHlsDataFlow|  return value|
+---------------------------------+-----+-----+------------+--------------------------+--------------+

