

================================================================
== Vitis HLS Report for 'AXIvideo2MultiPixStream'
================================================================
* Date:           Thu Jun 13 17:31:31 2024

* Version:        2024.1 (Build 5069499 on May 21 2024)
* Project:        prj
* Solution:       sol (Vivado IP Flow Target)
* Product family: zynquplus
* Target device:  xck26-sfvc784-2LV-c


================================================================
== Performance Estimates
================================================================
+ Timing: 
    * Summary: 
    +--------+---------+----------+------------+
    |  Clock |  Target | Estimated| Uncertainty|
    +--------+---------+----------+------------+
    |ap_clk  |  3.39 ns|  2.124 ns|     0.92 ns|
    +--------+---------+----------+------------+

+ Latency: 
    * Summary: 
    +---------+---------+-----------+-----------+-----+---------+---------+
    |  Latency (cycles) |   Latency (absolute)  |    Interval   | Pipeline|
    |   min   |   max   |    min    |    max    | min |   max   |   Type  |
    +---------+---------+-----------+-----------+-----+---------+---------+
    |        6|  8316006|  20.340 ns|  28.191 ms|    6|  8316006|       no|
    +---------+---------+-----------+-----------+-----+---------+---------+

    + Detail: 
        * Instance: 
        +-----------------------------------------------------------------+------------------------------------------------------+---------+---------+----------+-----------+-----+------+-----------------------------------------------+
        |                                                                 |                                                      |  Latency (cycles) |  Latency (absolute)  |  Interval  |                    Pipeline                   |
        |                             Instance                            |                        Module                        |   min   |   max   |    min   |    max    | min |  max |                      Type                     |
        +-----------------------------------------------------------------+------------------------------------------------------+---------+---------+----------+-----------+-----+------+-----------------------------------------------+
        |grp_AXIvideo2MultiPixStream_Pipeline_loop_wait_for_start_fu_132  |AXIvideo2MultiPixStream_Pipeline_loop_wait_for_start  |        2|        2|  6.780 ns|   6.780 ns|    1|     1|  loop auto-rewind stp(delay=0 clock cycles(s))|
        |grp_AXIvideo2MultiPixStream_Pipeline_loop_width_fu_152           |AXIvideo2MultiPixStream_Pipeline_loop_width           |        2|     3842|  6.780 ns|  13.024 us|    1|  3841|  loop auto-rewind stp(delay=0 clock cycles(s))|
        |grp_AXIvideo2MultiPixStream_Pipeline_loop_wait_for_eol_fu_180    |AXIvideo2MultiPixStream_Pipeline_loop_wait_for_eol    |        2|        2|  6.780 ns|   6.780 ns|    1|     1|  loop auto-rewind stp(delay=0 clock cycles(s))|
        |grp_reg_unsigned_short_s_fu_216                                  |reg_unsigned_short_s                                  |        1|        1|  3.390 ns|   3.390 ns|    1|     1|                                            yes|
        |grp_reg_unsigned_short_s_fu_221                                  |reg_unsigned_short_s                                  |        1|        1|  3.390 ns|   3.390 ns|    1|     1|                                            yes|
        +-----------------------------------------------------------------+------------------------------------------------------+---------+---------+----------+-----------+-----+------+-----------------------------------------------+

        * Loop: 
        +---------------+---------+---------+-----------+-----------+-----------+----------+----------+
        |               |  Latency (cycles) | Iteration |  Initiation Interval  |   Trip   |          |
        |   Loop Name   |   min   |   max   |  Latency  |  achieved |   target  |   Count  | Pipelined|
        +---------------+---------+---------+-----------+-----------+-----------+----------+----------+
        |- loop_height  |        0|  8316000|  10 ~ 3850|          -|          -|  0 ~ 2160|        no|
        +---------------+---------+---------+-----------+-----------+-----------+----------+----------+



================================================================
== Utilization Estimates
================================================================
* Summary: 
+-----------------+---------+------+--------+--------+-----+
|       Name      | BRAM_18K|  DSP |   FF   |   LUT  | URAM|
+-----------------+---------+------+--------+--------+-----+
|DSP              |        -|     -|       -|       -|    -|
|Expression       |        -|     -|       0|      65|    -|
|FIFO             |        -|     -|       -|       -|    -|
|Instance         |        -|     -|      78|     254|    -|
|Memory           |        -|     -|       -|       -|    -|
|Multiplexer      |        -|     -|       0|     133|    -|
|Register         |        -|     -|     107|       -|    -|
+-----------------+---------+------+--------+--------+-----+
|Total            |        0|     0|     185|     452|    0|
+-----------------+---------+------+--------+--------+-----+
|Available        |      288|  1248|  234240|  117120|   64|
+-----------------+---------+------+--------+--------+-----+
|Utilization (%)  |        0|     0|      ~0|      ~0|    0|
+-----------------+---------+------+--------+--------+-----+

+ Detail: 
    * Instance: 
    +-----------------------------------------------------------------+------------------------------------------------------+---------+----+----+-----+-----+
    |                             Instance                            |                        Module                        | BRAM_18K| DSP| FF | LUT | URAM|
    +-----------------------------------------------------------------+------------------------------------------------------+---------+----+----+-----+-----+
    |grp_AXIvideo2MultiPixStream_Pipeline_loop_wait_for_eol_fu_180    |AXIvideo2MultiPixStream_Pipeline_loop_wait_for_eol    |        0|   0|   4|   52|    0|
    |grp_AXIvideo2MultiPixStream_Pipeline_loop_wait_for_start_fu_132  |AXIvideo2MultiPixStream_Pipeline_loop_wait_for_start  |        0|   0|   4|   38|    0|
    |grp_AXIvideo2MultiPixStream_Pipeline_loop_width_fu_152           |AXIvideo2MultiPixStream_Pipeline_loop_width           |        0|   0|  42|  160|    0|
    |grp_reg_unsigned_short_s_fu_216                                  |reg_unsigned_short_s                                  |        0|   0|  14|    2|    0|
    |grp_reg_unsigned_short_s_fu_221                                  |reg_unsigned_short_s                                  |        0|   0|  14|    2|    0|
    +-----------------------------------------------------------------+------------------------------------------------------+---------+----+----+-----+-----+
    |Total                                                            |                                                      |        0|   0|  78|  254|    0|
    +-----------------------------------------------------------------+------------------------------------------------------+---------+----+----+-----+-----+

    * DSP: 
    N/A

    * Memory: 
    N/A

    * FIFO: 
    N/A

    * Expression: 
    +------------------------+----------+----+---+----+------------+------------+
    |      Variable Name     | Operation| DSP| FF| LUT| Bitwidth P0| Bitwidth P1|
    +------------------------+----------+----+---+----+------------+------------+
    |i_5_fu_249_p2           |         +|   0|  0|  19|          12|           1|
    |and_ln216_fu_259_p2     |       and|   0|  0|   2|           1|           1|
    |cmp10251_fu_229_p2      |      icmp|   0|  0|  19|          12|           1|
    |icmp_ln188_fu_244_p2    |      icmp|   0|  0|  19|          12|          12|
    |ap_block_state1         |        or|   0|  0|   2|           1|           1|
    |select_ln216_fu_277_p3  |    select|   0|  0|   2|           1|           1|
    |xor_ln216_fu_235_p2     |       xor|   0|  0|   2|           1|           2|
    +------------------------+----------+----+---+----+------------+------------+
    |Total                   |          |   0|  0|  65|          40|          19|
    +------------------------+----------+----+---+----+------------+------------+

    * Multiplexer: 
    +----------------------------------+----+-----------+-----+-----------+
    |               Name               | LUT| Input Size| Bits| Total Bits|
    +----------------------------------+----+-----------+-----+-----------+
    |ap_NS_fsm                         |  59|         11|    1|         11|
    |ap_done                           |   9|          2|    1|          2|
    |axi_data_2_fu_74                  |   9|          2|   24|         48|
    |axi_last_2_reg_122                |   9|          2|    1|          2|
    |i_fu_78                           |   9|          2|   12|         24|
    |imgRgb_write                      |   9|          2|    1|          2|
    |s_axis_video_TREADY_int_regslice  |  20|          4|    1|          4|
    |sof_reg_110                       |   9|          2|    1|          2|
    +----------------------------------+----+-----------+-----+-----------+
    |Total                             | 133|         27|   42|         95|
    +----------------------------------+----+-----------+-----+-----------+

    * Register: 
    +------------------------------------------------------------------------------+----+----+-----+-----------+
    |                                     Name                                     | FF | LUT| Bits| Const Bits|
    +------------------------------------------------------------------------------+----+----+-----+-----------+
    |and_ln216_reg_365                                                             |   1|   0|    1|          0|
    |ap_CS_fsm                                                                     |  10|   0|   10|          0|
    |ap_done_reg                                                                   |   1|   0|    1|          0|
    |axi_data_2_fu_74                                                              |  24|   0|   24|          0|
    |axi_last_2_reg_122                                                            |   1|   0|    1|          0|
    |axi_last_4_loc_fu_82                                                          |   1|   0|    1|          0|
    |cmp10251_reg_349                                                              |   1|   0|    1|          0|
    |cols_reg_341                                                                  |  12|   0|   12|          0|
    |grp_AXIvideo2MultiPixStream_Pipeline_loop_wait_for_eol_fu_180_ap_start_reg    |   1|   0|    1|          0|
    |grp_AXIvideo2MultiPixStream_Pipeline_loop_wait_for_start_fu_132_ap_start_reg  |   1|   0|    1|          0|
    |grp_AXIvideo2MultiPixStream_Pipeline_loop_width_fu_152_ap_start_reg           |   1|   0|    1|          0|
    |grp_reg_unsigned_short_s_fu_216_ap_start_reg                                  |   1|   0|    1|          0|
    |grp_reg_unsigned_short_s_fu_221_ap_start_reg                                  |   1|   0|    1|          0|
    |i_fu_78                                                                       |  12|   0|   12|          0|
    |rows_reg_336                                                                  |  12|   0|   12|          0|
    |select_ln216_reg_376                                                          |   1|   0|    1|          0|
    |sof_reg_110                                                                   |   1|   0|    1|          0|
    |trunc_ln170_reg_326                                                           |  12|   0|   12|          0|
    |trunc_ln171_reg_331                                                           |  12|   0|   12|          0|
    |xor_ln216_reg_354                                                             |   1|   0|    1|          0|
    +------------------------------------------------------------------------------+----+----+-----+-----------+
    |Total                                                                         | 107|   0|  107|          0|
    +------------------------------------------------------------------------------+----+----+-----+-----------+



================================================================
== Interface
================================================================
* Summary: 
+-----------------------+-----+-----+------------+-------------------------+--------------+
|       RTL Ports       | Dir | Bits|  Protocol  |      Source Object      |    C Type    |
+-----------------------+-----+-----+------------+-------------------------+--------------+
|ap_clk                 |   in|    1|  ap_ctrl_hs|  AXIvideo2MultiPixStream|  return value|
|ap_rst                 |   in|    1|  ap_ctrl_hs|  AXIvideo2MultiPixStream|  return value|
|ap_start               |   in|    1|  ap_ctrl_hs|  AXIvideo2MultiPixStream|  return value|
|ap_done                |  out|    1|  ap_ctrl_hs|  AXIvideo2MultiPixStream|  return value|
|ap_continue            |   in|    1|  ap_ctrl_hs|  AXIvideo2MultiPixStream|  return value|
|ap_idle                |  out|    1|  ap_ctrl_hs|  AXIvideo2MultiPixStream|  return value|
|ap_ready               |  out|    1|  ap_ctrl_hs|  AXIvideo2MultiPixStream|  return value|
|s_axis_video_TDATA     |   in|   24|        axis|    s_axis_video_V_data_V|       pointer|
|s_axis_video_TVALID    |   in|    1|        axis|    s_axis_video_V_dest_V|       pointer|
|s_axis_video_TREADY    |  out|    1|        axis|    s_axis_video_V_dest_V|       pointer|
|s_axis_video_TDEST     |   in|    1|        axis|    s_axis_video_V_dest_V|       pointer|
|s_axis_video_TKEEP     |   in|    3|        axis|    s_axis_video_V_keep_V|       pointer|
|s_axis_video_TSTRB     |   in|    3|        axis|    s_axis_video_V_strb_V|       pointer|
|s_axis_video_TUSER     |   in|    1|        axis|    s_axis_video_V_user_V|       pointer|
|s_axis_video_TLAST     |   in|    1|        axis|    s_axis_video_V_last_V|       pointer|
|s_axis_video_TID       |   in|    1|        axis|      s_axis_video_V_id_V|       pointer|
|imgRgb_din             |  out|   24|     ap_fifo|                   imgRgb|       pointer|
|imgRgb_num_data_valid  |   in|    5|     ap_fifo|                   imgRgb|       pointer|
|imgRgb_fifo_cap        |   in|    5|     ap_fifo|                   imgRgb|       pointer|
|imgRgb_full_n          |   in|    1|     ap_fifo|                   imgRgb|       pointer|
|imgRgb_write           |  out|    1|     ap_fifo|                   imgRgb|       pointer|
|height                 |   in|   16|     ap_none|                   height|       pointer|
|width                  |   in|   16|     ap_none|                    width|       pointer|
+-----------------------+-----+-----+------------+-------------------------+--------------+

