

================================================================
== Vitis HLS Report for 'Gamma_Pipeline_VITIS_LOOP_315_1'
================================================================
* Date:           Thu Jun 13 17:31:31 2024

* Version:        2024.1 (Build 5069499 on May 21 2024)
* Project:        prj
* Solution:       sol (Vivado IP Flow Target)
* Product family: zynquplus
* Target device:  xck26-sfvc784-2LV-c


================================================================
== Performance Estimates
================================================================
+ Timing: 
    * Summary: 
    +--------+---------+----------+------------+
    |  Clock |  Target | Estimated| Uncertainty|
    +--------+---------+----------+------------+
    |ap_clk  |  3.39 ns|  2.474 ns|     0.92 ns|
    +--------+---------+----------+------------+

+ Latency: 
    * Summary: 
    +---------+---------+----------+----------+-----+-----+-----------------------------------------------+
    |  Latency (cycles) |  Latency (absolute) |  Interval |                    Pipeline                   |
    |   min   |   max   |    min   |    max   | min | max |                      Type                     |
    +---------+---------+----------+----------+-----+-----+-----------------------------------------------+
    |      258|      258|  0.875 us|  0.875 us|  257|  257|  loop auto-rewind stp(delay=0 clock cycles(s))|
    +---------+---------+----------+----------+-----+-----+-----------------------------------------------+

    + Detail: 
        * Instance: 
        N/A

        * Loop: 
        +--------------------+---------+---------+----------+-----------+-----------+------+----------+
        |                    |  Latency (cycles) | Iteration|  Initiation Interval  | Trip |          |
        |      Loop Name     |   min   |   max   |  Latency |  achieved |   target  | Count| Pipelined|
        +--------------------+---------+---------+----------+-----------+-----------+------+----------+
        |- VITIS_LOOP_315_1  |      256|      256|         2|          1|          1|   256|       yes|
        +--------------------+---------+---------+----------+-----------+-----------+------+----------+



================================================================
== Utilization Estimates
================================================================
* Summary: 
+-----------------+---------+------+--------+--------+-----+
|       Name      | BRAM_18K|  DSP |   FF   |   LUT  | URAM|
+-----------------+---------+------+--------+--------+-----+
|DSP              |        -|     -|       -|       -|    -|
|Expression       |        -|     -|       0|      35|    -|
|FIFO             |        -|     -|       -|       -|    -|
|Instance         |        -|     -|       -|       -|    -|
|Memory           |        -|     -|       -|       -|    -|
|Multiplexer      |        -|     -|       0|      36|    -|
|Register         |        -|     -|      21|       -|    -|
+-----------------+---------+------+--------+--------+-----+
|Total            |        0|     0|      21|      71|    0|
+-----------------+---------+------+--------+--------+-----+
|Available        |      288|  1248|  234240|  117120|   64|
+-----------------+---------+------+--------+--------+-----+
|Utilization (%)  |        0|     0|      ~0|      ~0|    0|
+-----------------+---------+------+--------+--------+-----+

+ Detail: 
    * Instance: 
    N/A

    * DSP: 
    N/A

    * Memory: 
    N/A

    * FIFO: 
    N/A

    * Expression: 
    +----------------------+----------+----+---+----+------------+------------+
    |     Variable Name    | Operation| DSP| FF| LUT| Bitwidth P0| Bitwidth P1|
    +----------------------+----------+----+---+----+------------+------------+
    |add_ln315_fu_146_p2   |         +|   0|  0|  16|           9|           1|
    |icmp_ln315_fu_140_p2  |      icmp|   0|  0|  17|           9|          10|
    |ap_enable_pp0         |       xor|   0|  0|   2|           1|           2|
    +----------------------+----------+----+---+----+------------+------------+
    |Total                 |          |   0|  0|  35|          19|          13|
    +----------------------+----------+----+---+----+------------+------------+

    * Multiplexer: 
    +-------------------------+----+-----------+-----+-----------+
    |           Name          | LUT| Input Size| Bits| Total Bits|
    +-------------------------+----+-----------+-----+-----------+
    |ap_done_int              |   9|          2|    1|          2|
    |ap_enable_reg_pp0_iter1  |   9|          2|    1|          2|
    |ap_sig_allocacmp_i_3     |   9|          2|    9|         18|
    |i_fu_50                  |   9|          2|    9|         18|
    +-------------------------+----+-----------+-----+-----------+
    |Total                    |  36|          8|   20|         40|
    +-------------------------+----+-----------+-----+-----------+

    * Register: 
    +-------------------------+---+----+-----+-----------+
    |           Name          | FF| LUT| Bits| Const Bits|
    +-------------------------+---+----+-----+-----------+
    |ap_CS_fsm                |  1|   0|    1|          0|
    |ap_done_reg              |  1|   0|    1|          0|
    |ap_enable_reg_pp0_iter1  |  1|   0|    1|          0|
    |i_fu_50                  |  9|   0|    9|          0|
    |zext_ln315_reg_189       |  9|   0|   64|         55|
    +-------------------------+---+----+-----+-----------+
    |Total                    | 21|   0|   76|         55|
    +-------------------------+---+----+-----+-----------+



================================================================
== Interface
================================================================
* Summary: 
+----------------------+-----+-----+------------+---------------------------------+--------------+
|       RTL Ports      | Dir | Bits|  Protocol  |          Source Object          |    C Type    |
+----------------------+-----+-----+------------+---------------------------------+--------------+
|ap_clk                |   in|    1|  ap_ctrl_hs|  Gamma_Pipeline_VITIS_LOOP_315_1|  return value|
|ap_rst                |   in|    1|  ap_ctrl_hs|  Gamma_Pipeline_VITIS_LOOP_315_1|  return value|
|ap_start              |   in|    1|  ap_ctrl_hs|  Gamma_Pipeline_VITIS_LOOP_315_1|  return value|
|ap_done               |  out|    1|  ap_ctrl_hs|  Gamma_Pipeline_VITIS_LOOP_315_1|  return value|
|ap_idle               |  out|    1|  ap_ctrl_hs|  Gamma_Pipeline_VITIS_LOOP_315_1|  return value|
|ap_ready              |  out|    1|  ap_ctrl_hs|  Gamma_Pipeline_VITIS_LOOP_315_1|  return value|
|gamma_lut_0_address0  |  out|    8|   ap_memory|                      gamma_lut_0|         array|
|gamma_lut_0_ce0       |  out|    1|   ap_memory|                      gamma_lut_0|         array|
|gamma_lut_0_q0        |   in|   16|   ap_memory|                      gamma_lut_0|         array|
|gamma_lut_1_address0  |  out|    8|   ap_memory|                      gamma_lut_1|         array|
|gamma_lut_1_ce0       |  out|    1|   ap_memory|                      gamma_lut_1|         array|
|gamma_lut_1_q0        |   in|   16|   ap_memory|                      gamma_lut_1|         array|
|gamma_lut_2_address0  |  out|    8|   ap_memory|                      gamma_lut_2|         array|
|gamma_lut_2_ce0       |  out|    1|   ap_memory|                      gamma_lut_2|         array|
|gamma_lut_2_q0        |   in|   16|   ap_memory|                      gamma_lut_2|         array|
|lut_0_0_address0      |  out|    8|   ap_memory|                          lut_0_0|         array|
|lut_0_0_ce0           |  out|    1|   ap_memory|                          lut_0_0|         array|
|lut_0_0_we0           |  out|    1|   ap_memory|                          lut_0_0|         array|
|lut_0_0_d0            |  out|    8|   ap_memory|                          lut_0_0|         array|
|lut_1_0_address0      |  out|    8|   ap_memory|                          lut_1_0|         array|
|lut_1_0_ce0           |  out|    1|   ap_memory|                          lut_1_0|         array|
|lut_1_0_we0           |  out|    1|   ap_memory|                          lut_1_0|         array|
|lut_1_0_d0            |  out|    8|   ap_memory|                          lut_1_0|         array|
|lut_2_0_address0      |  out|    8|   ap_memory|                          lut_2_0|         array|
|lut_2_0_ce0           |  out|    1|   ap_memory|                          lut_2_0|         array|
|lut_2_0_we0           |  out|    1|   ap_memory|                          lut_2_0|         array|
|lut_2_0_d0            |  out|    8|   ap_memory|                          lut_2_0|         array|
+----------------------+-----+-----+------------+---------------------------------+--------------+

