

================================================================
== Vitis HLS Report for 'Gamma_Pipeline_VITIS_LOOP_327_4'
================================================================
* Date:           Thu Jun 13 17:31:32 2024

* Version:        2024.1 (Build 5069499 on May 21 2024)
* Project:        prj
* Solution:       sol (Vivado IP Flow Target)
* Product family: zynquplus
* Target device:  xck26-sfvc784-2LV-c


================================================================
== Performance Estimates
================================================================
+ Timing: 
    * Summary: 
    +--------+---------+----------+------------+
    |  Clock |  Target | Estimated| Uncertainty|
    +--------+---------+----------+------------+
    |ap_clk  |  3.39 ns|  2.474 ns|     0.92 ns|
    +--------+---------+----------+------------+

+ Latency: 
    * Summary: 
    +---------+---------+----------+-----------+-----+------+-----------------------------------------------+
    |  Latency (cycles) |  Latency (absolute)  |  Interval  |                    Pipeline                   |
    |   min   |   max   |    min   |    max    | min |  max |                      Type                     |
    +---------+---------+----------+-----------+-----+------+-----------------------------------------------+
    |        2|     3843|  6.780 ns|  13.028 us|    1|  3841|  loop auto-rewind stp(delay=0 clock cycles(s))|
    +---------+---------+----------+-----------+-----+------+-----------------------------------------------+

    + Detail: 
        * Instance: 
        N/A

        * Loop: 
        +--------------------+---------+---------+----------+-----------+-----------+----------+----------+
        |                    |  Latency (cycles) | Iteration|  Initiation Interval  |   Trip   |          |
        |      Loop Name     |   min   |   max   |  Latency |  achieved |   target  |   Count  | Pipelined|
        +--------------------+---------+---------+----------+-----------+-----------+----------+----------+
        |- VITIS_LOOP_327_4  |        0|     3841|         3|          1|          1|  0 ~ 3840|       yes|
        +--------------------+---------+---------+----------+-----------+-----------+----------+----------+



================================================================
== Utilization Estimates
================================================================
* Summary: 
+-----------------+---------+------+--------+--------+-----+
|       Name      | BRAM_18K|  DSP |   FF   |   LUT  | URAM|
+-----------------+---------+------+--------+--------+-----+
|DSP              |        -|     -|       -|       -|    -|
|Expression       |        -|     -|       0|      42|    -|
|FIFO             |        -|     -|       -|       -|    -|
|Instance         |        -|     -|       -|       -|    -|
|Memory           |        -|     -|       -|       -|    -|
|Multiplexer      |        -|     -|       0|      54|    -|
|Register         |        -|     -|      17|       -|    -|
+-----------------+---------+------+--------+--------+-----+
|Total            |        0|     0|      17|      96|    0|
+-----------------+---------+------+--------+--------+-----+
|Available        |      288|  1248|  234240|  117120|   64|
+-----------------+---------+------+--------+--------+-----+
|Utilization (%)  |        0|     0|      ~0|      ~0|    0|
+-----------------+---------+------+--------+--------+-----+

+ Detail: 
    * Instance: 
    N/A

    * DSP: 
    N/A

    * Memory: 
    N/A

    * FIFO: 
    N/A

    * Expression: 
    +---------------------------+----------+----+---+----+------------+------------+
    |       Variable Name       | Operation| DSP| FF| LUT| Bitwidth P0| Bitwidth P1|
    +---------------------------+----------+----+---+----+------------+------------+
    |x_2_fu_134_p2              |         +|   0|  0|  19|          12|           1|
    |icmp_ln327_fu_128_p2       |      icmp|   0|  0|  19|          12|          12|
    |ap_block_pp0_stage0_01001  |        or|   0|  0|   2|           1|           1|
    |ap_enable_pp0              |       xor|   0|  0|   2|           1|           2|
    +---------------------------+----------+----+---+----+------------+------------+
    |Total                      |          |   0|  0|  42|          26|          16|
    +---------------------------+----------+----+---+----+------------+------------+

    * Multiplexer: 
    +-------------------------+----+-----------+-----+-----------+
    |           Name          | LUT| Input Size| Bits| Total Bits|
    +-------------------------+----+-----------+-----+-----------+
    |ap_done_int              |   9|          2|    1|          2|
    |ap_enable_reg_pp0_iter1  |   9|          2|    1|          2|
    |ap_sig_allocacmp_x_1     |   9|          2|   12|         24|
    |imgGamma_blk_n           |   9|          2|    1|          2|
    |imgRgb_blk_n             |   9|          2|    1|          2|
    |x_fu_58                  |   9|          2|   12|         24|
    +-------------------------+----+-----------+-----+-----------+
    |Total                    |  54|         12|   28|         56|
    +-------------------------+----+-----------+-----+-----------+

    * Register: 
    +----------------------------------+----+----+-----+-----------+
    |               Name               | FF | LUT| Bits| Const Bits|
    +----------------------------------+----+----+-----+-----------+
    |ap_CS_fsm                         |   1|   0|    1|          0|
    |ap_done_reg                       |   1|   0|    1|          0|
    |ap_enable_reg_pp0_iter1           |   1|   0|    1|          0|
    |ap_enable_reg_pp0_iter2           |   1|   0|    1|          0|
    |ap_loop_exit_ready_pp0_iter1_reg  |   1|   0|    1|          0|
    |x_fu_58                           |  12|   0|   12|          0|
    +----------------------------------+----+----+-----+-----------+
    |Total                             |  17|   0|   17|          0|
    +----------------------------------+----+----+-----+-----------+



================================================================
== Interface
================================================================
* Summary: 
+-------------------------+-----+-----+------------+---------------------------------+--------------+
|        RTL Ports        | Dir | Bits|  Protocol  |          Source Object          |    C Type    |
+-------------------------+-----+-----+------------+---------------------------------+--------------+
|ap_clk                   |   in|    1|  ap_ctrl_hs|  Gamma_Pipeline_VITIS_LOOP_327_4|  return value|
|ap_rst                   |   in|    1|  ap_ctrl_hs|  Gamma_Pipeline_VITIS_LOOP_327_4|  return value|
|ap_start                 |   in|    1|  ap_ctrl_hs|  Gamma_Pipeline_VITIS_LOOP_327_4|  return value|
|ap_done                  |  out|    1|  ap_ctrl_hs|  Gamma_Pipeline_VITIS_LOOP_327_4|  return value|
|ap_idle                  |  out|    1|  ap_ctrl_hs|  Gamma_Pipeline_VITIS_LOOP_327_4|  return value|
|ap_ready                 |  out|    1|  ap_ctrl_hs|  Gamma_Pipeline_VITIS_LOOP_327_4|  return value|
|imgRgb_dout              |   in|   24|     ap_fifo|                           imgRgb|       pointer|
|imgRgb_num_data_valid    |   in|    5|     ap_fifo|                           imgRgb|       pointer|
|imgRgb_fifo_cap          |   in|    5|     ap_fifo|                           imgRgb|       pointer|
|imgRgb_empty_n           |   in|    1|     ap_fifo|                           imgRgb|       pointer|
|imgRgb_read              |  out|    1|     ap_fifo|                           imgRgb|       pointer|
|imgGamma_din             |  out|   24|     ap_fifo|                         imgGamma|       pointer|
|imgGamma_num_data_valid  |   in|    5|     ap_fifo|                         imgGamma|       pointer|
|imgGamma_fifo_cap        |   in|    5|     ap_fifo|                         imgGamma|       pointer|
|imgGamma_full_n          |   in|    1|     ap_fifo|                         imgGamma|       pointer|
|imgGamma_write           |  out|    1|     ap_fifo|                         imgGamma|       pointer|
|empty                    |   in|   12|   ap_stable|                            empty|        scalar|
|lut_1_0_address0         |  out|    8|   ap_memory|                          lut_1_0|         array|
|lut_1_0_ce0              |  out|    1|   ap_memory|                          lut_1_0|         array|
|lut_1_0_q0               |   in|    8|   ap_memory|                          lut_1_0|         array|
|lut_2_0_address0         |  out|    8|   ap_memory|                          lut_2_0|         array|
|lut_2_0_ce0              |  out|    1|   ap_memory|                          lut_2_0|         array|
|lut_2_0_q0               |   in|    8|   ap_memory|                          lut_2_0|         array|
|lut_0_0_address0         |  out|    8|   ap_memory|                          lut_0_0|         array|
|lut_0_0_ce0              |  out|    1|   ap_memory|                          lut_0_0|         array|
|lut_0_0_q0               |   in|    8|   ap_memory|                          lut_0_0|         array|
+-------------------------+-----+-----+------------+---------------------------------+--------------+

