

================================================================
== Vitis HLS Report for 'MultiPixStream2AXIvideo'
================================================================
* Date:           Thu Jun 13 17:31:32 2024

* Version:        2024.1 (Build 5069499 on May 21 2024)
* Project:        prj
* Solution:       sol (Vivado IP Flow Target)
* Product family: zynquplus
* Target device:  xck26-sfvc784-2LV-c


================================================================
== Performance Estimates
================================================================
+ Timing: 
    * Summary: 
    +--------+---------+----------+------------+
    |  Clock |  Target | Estimated| Uncertainty|
    +--------+---------+----------+------------+
    |ap_clk  |  3.39 ns|  2.045 ns|     0.92 ns|
    +--------+---------+----------+------------+

+ Latency: 
    * Summary: 
    +---------+---------+----------+-----------+-----+---------+---------+
    |  Latency (cycles) |  Latency (absolute)  |    Interval   | Pipeline|
    |   min   |   max   |    min   |    max    | min |   max   |   Type  |
    +---------+---------+----------+-----------+-----+---------+---------+
    |        2|  8305202|  6.780 ns|  28.155 ms|    2|  8305202|       no|
    +---------+---------+----------+-----------+-----+---------+---------+

    + Detail: 
        * Instance: 
        +-------------------------------------------------------------+---------------------------------------------------+---------+---------+-----------+-----------+-----+------+-----------------------------------------------+
        |                                                             |                                                   |  Latency (cycles) |   Latency (absolute)  |  Interval  |                    Pipeline                   |
        |                           Instance                          |                       Module                      |   min   |   max   |    min    |    max    | min |  max |                      Type                     |
        +-------------------------------------------------------------+---------------------------------------------------+---------+---------+-----------+-----------+-----+------+-----------------------------------------------+
        |grp_MultiPixStream2AXIvideo_Pipeline_VITIS_LOOP_258_2_fu_96  |MultiPixStream2AXIvideo_Pipeline_VITIS_LOOP_258_2  |        3|     3843|  10.170 ns|  13.028 us|    1|  3841|  loop auto-rewind stp(delay=0 clock cycles(s))|
        +-------------------------------------------------------------+---------------------------------------------------+---------+---------+-----------+-----------+-----+------+-----------------------------------------------+

        * Loop: 
        +--------------------+---------+---------+----------+-----------+-----------+----------+----------+
        |                    |  Latency (cycles) | Iteration|  Initiation Interval  |   Trip   |          |
        |      Loop Name     |   min   |   max   |  Latency |  achieved |   target  |   Count  | Pipelined|
        +--------------------+---------+---------+----------+-----------+-----------+----------+----------+
        |- VITIS_LOOP_256_1  |        0|  8305200|  5 ~ 3845|          -|          -|  0 ~ 2160|        no|
        +--------------------+---------+---------+----------+-----------+-----------+----------+----------+



================================================================
== Utilization Estimates
================================================================
* Summary: 
+-----------------+---------+------+--------+--------+-----+
|       Name      | BRAM_18K|  DSP |   FF   |   LUT  | URAM|
+-----------------+---------+------+--------+--------+-----+
|DSP              |        -|     -|       -|       -|    -|
|Expression       |        -|     -|       0|      83|    -|
|FIFO             |        -|     -|       -|       -|    -|
|Instance         |        -|     -|      19|     133|    -|
|Memory           |        -|     -|       -|       -|    -|
|Multiplexer      |        -|     -|       0|      62|    -|
|Register         |        -|     -|      58|       -|    -|
+-----------------+---------+------+--------+--------+-----+
|Total            |        0|     0|      77|     278|    0|
+-----------------+---------+------+--------+--------+-----+
|Available        |      288|  1248|  234240|  117120|   64|
+-----------------+---------+------+--------+--------+-----+
|Utilization (%)  |        0|     0|      ~0|      ~0|    0|
+-----------------+---------+------+--------+--------+-----+

+ Detail: 
    * Instance: 
    +-------------------------------------------------------------+---------------------------------------------------+---------+----+----+-----+-----+
    |                           Instance                          |                       Module                      | BRAM_18K| DSP| FF | LUT | URAM|
    +-------------------------------------------------------------+---------------------------------------------------+---------+----+----+-----+-----+
    |grp_MultiPixStream2AXIvideo_Pipeline_VITIS_LOOP_258_2_fu_96  |MultiPixStream2AXIvideo_Pipeline_VITIS_LOOP_258_2  |        0|   0|  19|  133|    0|
    +-------------------------------------------------------------+---------------------------------------------------+---------+----+----+-----+-----+
    |Total                                                        |                                                   |        0|   0|  19|  133|    0|
    +-------------------------------------------------------------+---------------------------------------------------+---------+----+----+-----+-----+

    * DSP: 
    N/A

    * Memory: 
    N/A

    * FIFO: 
    N/A

    * Expression: 
    +---------------------------------------------------------------------------------+----------+----+---+----+------------+------------+
    |                                  Variable Name                                  | Operation| DSP| FF| LUT| Bitwidth P0| Bitwidth P1|
    +---------------------------------------------------------------------------------+----------+----+---+----+------------+------------+
    |i_2_fu_157_p2                                                                    |         +|   0|  0|  19|          12|           1|
    |sub_i_i_fu_132_p2                                                                |         +|   0|  0|  20|          13|           2|
    |and_ln256_fu_163_p2                                                              |       and|   0|  0|   2|           1|           1|
    |grp_MultiPixStream2AXIvideo_Pipeline_VITIS_LOOP_258_2_fu_96_m_axis_video_TREADY  |       and|   0|  0|   2|           1|           1|
    |icmp_ln256_1_fu_152_p2                                                           |      icmp|   0|  0|  19|          12|          12|
    |icmp_ln256_fu_138_p2                                                             |      icmp|   0|  0|  19|          12|           1|
    |ap_block_state1                                                                  |        or|   0|  0|   2|           1|           1|
    +---------------------------------------------------------------------------------+----------+----+---+----+------------+------------+
    |Total                                                                            |          |   0|  0|  83|          52|          19|
    +---------------------------------------------------------------------------------+----------+----+---+----+------------+------------+

    * Multiplexer: 
    +---------------+----+-----------+-----+-----------+
    |      Name     | LUT| Input Size| Bits| Total Bits|
    +---------------+----+-----------+-----+-----------+
    |ap_NS_fsm      |  26|          5|    1|          5|
    |ap_done        |   9|          2|    1|          2|
    |i_fu_68        |   9|          2|   12|         24|
    |imgGamma_read  |   9|          2|    1|          2|
    |sof_reg_84     |   9|          2|    1|          2|
    +---------------+----+-----------+-----+-----------+
    |Total          |  62|         13|   16|         35|
    +---------------+----+-----------+-----+-----------+

    * Register: 
    +--------------------------------------------------------------------------+----+----+-----+-----------+
    |                                   Name                                   | FF | LUT| Bits| Const Bits|
    +--------------------------------------------------------------------------+----+----+-----+-----------+
    |and_ln256_reg_203                                                         |   1|   0|    1|          0|
    |ap_CS_fsm                                                                 |   4|   0|    4|          0|
    |ap_done_reg                                                               |   1|   0|    1|          0|
    |grp_MultiPixStream2AXIvideo_Pipeline_VITIS_LOOP_258_2_fu_96_ap_start_reg  |   1|   0|    1|          0|
    |i_fu_68                                                                   |  12|   0|   12|          0|
    |icmp_ln256_reg_195                                                        |   1|   0|    1|          0|
    |sof_reg_84                                                                |   1|   0|    1|          0|
    |sub_i_i_reg_190                                                           |  13|   0|   13|          0|
    |trunc_ln249_reg_180                                                       |  12|   0|   12|          0|
    |trunc_ln250_reg_185                                                       |  12|   0|   12|          0|
    +--------------------------------------------------------------------------+----+----+-----+-----------+
    |Total                                                                     |  58|   0|   58|          0|
    +--------------------------------------------------------------------------+----+----+-----+-----------+



================================================================
== Interface
================================================================
* Summary: 
+-------------------------+-----+-----+------------+-------------------------+--------------+
|        RTL Ports        | Dir | Bits|  Protocol  |      Source Object      |    C Type    |
+-------------------------+-----+-----+------------+-------------------------+--------------+
|ap_clk                   |   in|    1|  ap_ctrl_hs|  MultiPixStream2AXIvideo|  return value|
|ap_rst                   |   in|    1|  ap_ctrl_hs|  MultiPixStream2AXIvideo|  return value|
|ap_start                 |   in|    1|  ap_ctrl_hs|  MultiPixStream2AXIvideo|  return value|
|ap_done                  |  out|    1|  ap_ctrl_hs|  MultiPixStream2AXIvideo|  return value|
|ap_continue              |   in|    1|  ap_ctrl_hs|  MultiPixStream2AXIvideo|  return value|
|ap_idle                  |  out|    1|  ap_ctrl_hs|  MultiPixStream2AXIvideo|  return value|
|ap_ready                 |  out|    1|  ap_ctrl_hs|  MultiPixStream2AXIvideo|  return value|
|imgGamma_dout            |   in|   24|     ap_fifo|                 imgGamma|       pointer|
|imgGamma_num_data_valid  |   in|    5|     ap_fifo|                 imgGamma|       pointer|
|imgGamma_fifo_cap        |   in|    5|     ap_fifo|                 imgGamma|       pointer|
|imgGamma_empty_n         |   in|    1|     ap_fifo|                 imgGamma|       pointer|
|imgGamma_read            |  out|    1|     ap_fifo|                 imgGamma|       pointer|
|m_axis_video_TDATA       |  out|   24|        axis|    m_axis_video_V_data_V|       pointer|
|m_axis_video_TVALID      |  out|    1|        axis|    m_axis_video_V_dest_V|       pointer|
|m_axis_video_TREADY      |   in|    1|        axis|    m_axis_video_V_dest_V|       pointer|
|m_axis_video_TDEST       |  out|    1|        axis|    m_axis_video_V_dest_V|       pointer|
|m_axis_video_TKEEP       |  out|    3|        axis|    m_axis_video_V_keep_V|       pointer|
|m_axis_video_TSTRB       |  out|    3|        axis|    m_axis_video_V_strb_V|       pointer|
|m_axis_video_TUSER       |  out|    1|        axis|    m_axis_video_V_user_V|       pointer|
|m_axis_video_TLAST       |  out|    1|        axis|    m_axis_video_V_last_V|       pointer|
|m_axis_video_TID         |  out|    1|        axis|      m_axis_video_V_id_V|       pointer|
|height                   |   in|   16|     ap_none|                   height|       pointer|
|width                    |   in|   16|     ap_none|                    width|       pointer|
+-------------------------+-----+-----+------------+-------------------------+--------------+

