

================================================================
== Vitis HLS Report for 'AXIvideo2MultiPixStream'
================================================================
* Date:           Thu Jun 13 17:31:30 2024

* Version:        2024.1 (Build 5069499 on May 21 2024)
* Project:        prj
* Solution:       sol (Vivado IP Flow Target)
* Product family: zynquplus
* Target device:  xck26-sfvc784-2LV-c


================================================================
== Performance Estimates
================================================================
+ Timing: 
    * Summary: 
    +--------+---------+----------+------------+
    |  Clock |  Target | Estimated| Uncertainty|
    +--------+---------+----------+------------+
    |ap_clk  |  3.39 ns|  2.124 ns|     0.92 ns|
    +--------+---------+----------+------------+

+ Latency: 
    * Summary: 
    +---------+---------+-----------+-----------+-----+---------+---------+
    |  Latency (cycles) |   Latency (absolute)  |    Interval   | Pipeline|
    |   min   |   max   |    min    |    max    | min |   max   |   Type  |
    +---------+---------+-----------+-----------+-----+---------+---------+
    |        6|  8316006|  20.340 ns|  28.191 ms|    6|  8316006|       no|
    +---------+---------+-----------+-----------+-----+---------+---------+

    + Detail: 
        * Instance: 
        +-----------------------------------------------------------------+------------------------------------------------------+---------+---------+----------+-----------+-----+------+-----------------------------------------------+
        |                                                                 |                                                      |  Latency (cycles) |  Latency (absolute)  |  Interval  |                    Pipeline                   |
        |                             Instance                            |                        Module                        |   min   |   max   |    min   |    max    | min |  max |                      Type                     |
        +-----------------------------------------------------------------+------------------------------------------------------+---------+---------+----------+-----------+-----+------+-----------------------------------------------+
        |grp_AXIvideo2MultiPixStream_Pipeline_loop_wait_for_start_fu_132  |AXIvideo2MultiPixStream_Pipeline_loop_wait_for_start  |        2|        2|  6.780 ns|   6.780 ns|    1|     1|  loop auto-rewind stp(delay=0 clock cycles(s))|
        |grp_AXIvideo2MultiPixStream_Pipeline_loop_width_fu_152           |AXIvideo2MultiPixStream_Pipeline_loop_width           |        2|     3842|  6.780 ns|  13.024 us|    1|  3841|  loop auto-rewind stp(delay=0 clock cycles(s))|
        |grp_AXIvideo2MultiPixStream_Pipeline_loop_wait_for_eol_fu_180    |AXIvideo2MultiPixStream_Pipeline_loop_wait_for_eol    |        2|        2|  6.780 ns|   6.780 ns|    1|     1|  loop auto-rewind stp(delay=0 clock cycles(s))|
        |grp_reg_unsigned_short_s_fu_216                                  |reg_unsigned_short_s                                  |        1|        1|  3.390 ns|   3.390 ns|    1|     1|                                            yes|
        |grp_reg_unsigned_short_s_fu_221                                  |reg_unsigned_short_s                                  |        1|        1|  3.390 ns|   3.390 ns|    1|     1|                                            yes|
        +-----------------------------------------------------------------+------------------------------------------------------+---------+---------+----------+-----------+-----+------+-----------------------------------------------+

        * Loop: 
        +---------------+---------+---------+-----------+-----------+-----------+----------+----------+
        |               |  Latency (cycles) | Iteration |  Initiation Interval  |   Trip   |          |
        |   Loop Name   |   min   |   max   |  Latency  |  achieved |   target  |   Count  | Pipelined|
        +---------------+---------+---------+-----------+-----------+-----------+----------+----------+
        |- loop_height  |        0|  8316000|  10 ~ 3850|          -|          -|  0 ~ 2160|        no|
        +---------------+---------+---------+-----------+-----------+-----------+----------+----------+

============================================================
+ Verbose Summary: Synthesis Manager
============================================================
InlineROM: 1
ExposeGlobal: 0
============================================================
+ Verbose Summary: CDFG Model
============================================================
IsTopModel: 0
ResetActiveHigh: 1
IsCombinational: 2
IsDatapathOnly: 0
HasWiredReturn: 1
HasMFsm: 0
HasVarLatency: 1
IsPipeline: 0
IsRtlPipelined: 0
IsInstanceOverlapped: 0
IsDontTouch: 0
HasImplIP: 0
IsGatedGlobalClock: 0


============================================================
+ Verbose Summary: Schedule
============================================================
* Number of FSM states : 10
* Pipeline : 0
* Dataflow Pipeline: 0

* FSM state transitions: 
1 --> 2 
2 --> 3 
3 --> 4 
4 --> 5 
5 --> 6 
6 --> 7 
7 --> 8 
8 --> 9 
9 --> 10 
10 --> 5 

* FSM state operations: 

State 1 <SV = 0> <Delay = 0.42>
ST_1 : Operation 11 [1/1] (0.00ns)   --->   "%axi_data_2 = alloca i32 1" [F:/Projects/Vivado/project_4/project_4.runs/kria_starter_kit_v_gamma_lut_0_0_synth_1/prj/sol/.autopilot/db/v_gamma_lut.cpp:166]   --->   Operation 11 'alloca' 'axi_data_2' <Predicate = true> <Delay = 0.00>
ST_1 : Operation 12 [1/1] (0.00ns)   --->   "%i = alloca i32 1" [F:/Projects/Vivado/project_4/project_4.runs/kria_starter_kit_v_gamma_lut_0_0_synth_1/prj/sol/.autopilot/db/v_gamma_lut.cpp:188]   --->   Operation 12 'alloca' 'i' <Predicate = true> <Delay = 0.00>
ST_1 : Operation 13 [1/1] (0.00ns)   --->   "%axi_last_4_loc = alloca i64 1"   --->   Operation 13 'alloca' 'axi_last_4_loc' <Predicate = true> <Delay = 0.00>
ST_1 : Operation 14 [1/1] (0.00ns)   --->   "%axi_data_3_loc = alloca i64 1"   --->   Operation 14 'alloca' 'axi_data_3_loc' <Predicate = true> <Delay = 0.00>
ST_1 : Operation 15 [1/1] (0.00ns)   --->   "%eol_loc = alloca i64 1"   --->   Operation 15 'alloca' 'eol_loc' <Predicate = true> <Delay = 0.00>
ST_1 : Operation 16 [1/1] (0.00ns)   --->   "%axi_last_loc = alloca i64 1"   --->   Operation 16 'alloca' 'axi_last_loc' <Predicate = true> <Delay = 0.00>
ST_1 : Operation 17 [1/1] (0.00ns)   --->   "%height_read = read i16 @_ssdm_op_Read.ap_auto.i16P0A, i16 %height" [F:/Projects/Vivado/project_4/project_4.runs/kria_starter_kit_v_gamma_lut_0_0_synth_1/prj/sol/.autopilot/db/v_gamma_lut.cpp:170]   --->   Operation 17 'read' 'height_read' <Predicate = true> <Delay = 0.00>
ST_1 : Operation 18 [1/1] (0.00ns)   --->   "%trunc_ln170 = trunc i16 %height_read" [F:/Projects/Vivado/project_4/project_4.runs/kria_starter_kit_v_gamma_lut_0_0_synth_1/prj/sol/.autopilot/db/v_gamma_lut.cpp:170]   --->   Operation 18 'trunc' 'trunc_ln170' <Predicate = true> <Delay = 0.00>
ST_1 : Operation 19 [1/1] (0.00ns)   --->   "%width_read = read i16 @_ssdm_op_Read.ap_auto.i16P0A, i16 %width" [F:/Projects/Vivado/project_4/project_4.runs/kria_starter_kit_v_gamma_lut_0_0_synth_1/prj/sol/.autopilot/db/v_gamma_lut.cpp:171]   --->   Operation 19 'read' 'width_read' <Predicate = true> <Delay = 0.00>
ST_1 : Operation 20 [1/1] (0.00ns)   --->   "%trunc_ln171 = trunc i16 %width_read" [F:/Projects/Vivado/project_4/project_4.runs/kria_starter_kit_v_gamma_lut_0_0_synth_1/prj/sol/.autopilot/db/v_gamma_lut.cpp:171]   --->   Operation 20 'trunc' 'trunc_ln171' <Predicate = true> <Delay = 0.00>
ST_1 : Operation 21 [1/1] (0.42ns)   --->   "%store_ln188 = store i12 0, i12 %i" [F:/Projects/Vivado/project_4/project_4.runs/kria_starter_kit_v_gamma_lut_0_0_synth_1/prj/sol/.autopilot/db/v_gamma_lut.cpp:188]   --->   Operation 21 'store' 'store_ln188' <Predicate = true> <Delay = 0.42>

State 2 <SV = 1> <Delay = 0.50>
ST_2 : Operation 22 [1/1] (0.00ns)   --->   "%empty = wait i32 @_ssdm_op_Wait"   --->   Operation 22 'wait' 'empty' <Predicate = true> <Delay = 0.00>
ST_2 : Operation 23 [2/2] (0.50ns)   --->   "%call_ln0 = call void @AXIvideo2MultiPixStream_Pipeline_loop_wait_for_start, i24 %s_axis_video_V_data_V, i3 %s_axis_video_V_keep_V, i3 %s_axis_video_V_strb_V, i1 %s_axis_video_V_user_V, i1 %s_axis_video_V_last_V, i1 %s_axis_video_V_id_V, i1 %s_axis_video_V_dest_V, i24 %axi_data_2, i1 %axi_last_loc"   --->   Operation 23 'call' 'call_ln0' <Predicate = true> <Delay = 0.50> <CoreType = "Generic">   --->   Core 0 '' <Latency = 0> <II = 1> <Delay = 1.00> <Generic> <Opcode : >

State 3 <SV = 2> <Delay = 0.85>
ST_3 : Operation 24 [2/2] (0.00ns)   --->   "%rows = call i12 @reg<unsigned short>, i12 %trunc_ln170" [F:/Projects/Vivado/project_4/project_4.runs/kria_starter_kit_v_gamma_lut_0_0_synth_1/prj/sol/.autopilot/db/v_gamma_lut.cpp:170]   --->   Operation 24 'call' 'rows' <Predicate = true> <Delay = 0.00> <CoreType = "Generic">   --->   Core 0 '' <Latency = 0> <II = 1> <Delay = 1.00> <Generic> <Opcode : >
ST_3 : Operation 25 [2/2] (0.00ns)   --->   "%cols = call i12 @reg<unsigned short>, i12 %trunc_ln171" [F:/Projects/Vivado/project_4/project_4.runs/kria_starter_kit_v_gamma_lut_0_0_synth_1/prj/sol/.autopilot/db/v_gamma_lut.cpp:171]   --->   Operation 25 'call' 'cols' <Predicate = true> <Delay = 0.00> <CoreType = "Generic">   --->   Core 0 '' <Latency = 0> <II = 1> <Delay = 1.00> <Generic> <Opcode : >
ST_3 : Operation 26 [1/2] (0.85ns)   --->   "%call_ln0 = call void @AXIvideo2MultiPixStream_Pipeline_loop_wait_for_start, i24 %s_axis_video_V_data_V, i3 %s_axis_video_V_keep_V, i3 %s_axis_video_V_strb_V, i1 %s_axis_video_V_user_V, i1 %s_axis_video_V_last_V, i1 %s_axis_video_V_id_V, i1 %s_axis_video_V_dest_V, i24 %axi_data_2, i1 %axi_last_loc"   --->   Operation 26 'call' 'call_ln0' <Predicate = true> <Delay = 0.85> <CoreType = "Generic">   --->   Core 0 '' <Latency = 0> <II = 1> <Delay = 1.00> <Generic> <Opcode : >

State 4 <SV = 3> <Delay = 1.09>
ST_4 : Operation 27 [1/1] (0.00ns)   --->   "%specaxissidechannel_ln0 = specaxissidechannel void @_ssdm_op_SpecAXISSideChannel, i24 %s_axis_video_V_data_V, i3 %s_axis_video_V_keep_V, i3 %s_axis_video_V_strb_V, i1 %s_axis_video_V_user_V, i1 %s_axis_video_V_last_V, i1 %s_axis_video_V_id_V, i1 %s_axis_video_V_dest_V, void @empty_14"   --->   Operation 27 'specaxissidechannel' 'specaxissidechannel_ln0' <Predicate = true> <Delay = 0.00>
ST_4 : Operation 28 [1/1] (0.00ns)   --->   "%specstablecontent_ln0 = specstablecontent void @_ssdm_op_SpecStableContent, i16 %height, void "   --->   Operation 28 'specstablecontent' 'specstablecontent_ln0' <Predicate = true> <Delay = 0.00>
ST_4 : Operation 29 [1/1] (0.00ns)   --->   "%specstablecontent_ln0 = specstablecontent void @_ssdm_op_SpecStableContent, i16 %width, void "   --->   Operation 29 'specstablecontent' 'specstablecontent_ln0' <Predicate = true> <Delay = 0.00>
ST_4 : Operation 30 [1/1] (0.00ns)   --->   "%specinterface_ln0 = specinterface void @_ssdm_op_SpecInterface, i24 %imgRgb, void @empty_12, i32 0, i32 0, void @empty_3, i32 0, i32 0, void @empty_3, void @empty_3, void @empty_3, i32 0, i32 0, i32 0, i32 0, void @empty_3, void @empty_3, i32 4294967295, i32 0, i32 0"   --->   Operation 30 'specinterface' 'specinterface_ln0' <Predicate = true> <Delay = 0.00>
ST_4 : Operation 31 [1/1] (0.00ns)   --->   "%specinterface_ln0 = specinterface void @_ssdm_op_SpecInterface, i1 %s_axis_video_V_dest_V, i1 %s_axis_video_V_id_V, i1 %s_axis_video_V_last_V, i1 %s_axis_video_V_user_V, i3 %s_axis_video_V_strb_V, i3 %s_axis_video_V_keep_V, i24 %s_axis_video_V_data_V, void @empty_11, i32 1, i32 1, void @empty_0, i32 0, i32 0, void @empty_3, void @empty_3, void @empty_3, i32 0, i32 0, i32 0, i32 0, void @empty_3, void @empty_3, i32 4294967295, i32 0, i32 0"   --->   Operation 31 'specinterface' 'specinterface_ln0' <Predicate = true> <Delay = 0.00>
ST_4 : Operation 32 [1/2] (0.00ns)   --->   "%rows = call i12 @reg<unsigned short>, i12 %trunc_ln170" [F:/Projects/Vivado/project_4/project_4.runs/kria_starter_kit_v_gamma_lut_0_0_synth_1/prj/sol/.autopilot/db/v_gamma_lut.cpp:170]   --->   Operation 32 'call' 'rows' <Predicate = true> <Delay = 0.00> <CoreType = "Generic">   --->   Core 0 '' <Latency = 0> <II = 1> <Delay = 1.00> <Generic> <Opcode : >
ST_4 : Operation 33 [1/2] (0.00ns)   --->   "%cols = call i12 @reg<unsigned short>, i12 %trunc_ln171" [F:/Projects/Vivado/project_4/project_4.runs/kria_starter_kit_v_gamma_lut_0_0_synth_1/prj/sol/.autopilot/db/v_gamma_lut.cpp:171]   --->   Operation 33 'call' 'cols' <Predicate = true> <Delay = 0.00> <CoreType = "Generic">   --->   Core 0 '' <Latency = 0> <II = 1> <Delay = 1.00> <Generic> <Opcode : >
ST_4 : Operation 34 [1/1] (0.00ns)   --->   "%axi_last_loc_load = load i1 %axi_last_loc"   --->   Operation 34 'load' 'axi_last_loc_load' <Predicate = true> <Delay = 0.00>
ST_4 : Operation 35 [1/1] (0.00ns)   --->   "%empty_49 = wait i32 @_ssdm_op_Wait"   --->   Operation 35 'wait' 'empty_49' <Predicate = true> <Delay = 0.00>
ST_4 : Operation 36 [1/1] (0.80ns)   --->   "%cmp10251 = icmp_ne  i12 %cols, i12 0" [F:/Projects/Vivado/project_4/project_4.runs/kria_starter_kit_v_gamma_lut_0_0_synth_1/prj/sol/.autopilot/db/v_gamma_lut.cpp:171]   --->   Operation 36 'icmp' 'cmp10251' <Predicate = true> <Delay = 0.80> <CoreInst = "Cmp">   --->   Core 9 'Cmp' <Latency = 0> <II = 1> <Delay = 0.80> <FuncUnit> <Opcode : 'seteq' 'setne' 'setle' 'setge' 'setlt' 'setgt'> <InPorts = 2> <OutPorts = 1>
ST_4 : Operation 37 [1/1] (0.28ns)   --->   "%xor_ln216 = xor i1 %cmp10251, i1 1" [F:/Projects/Vivado/project_4/project_4.runs/kria_starter_kit_v_gamma_lut_0_0_synth_1/prj/sol/.autopilot/db/v_gamma_lut.cpp:216]   --->   Operation 37 'xor' 'xor_ln216' <Predicate = true> <Delay = 0.28> <CoreInst = "LogicGate">   --->   Core 74 'LogicGate' <Latency = 0> <II = 1> <Delay = 0.28> <FuncUnit> <Opcode : 'and' 'or' 'xor'> <InPorts = 2> <OutPorts = 1>
ST_4 : Operation 38 [1/1] (0.42ns)   --->   "%br_ln188 = br void %loop_width" [F:/Projects/Vivado/project_4/project_4.runs/kria_starter_kit_v_gamma_lut_0_0_synth_1/prj/sol/.autopilot/db/v_gamma_lut.cpp:188]   --->   Operation 38 'br' 'br_ln188' <Predicate = true> <Delay = 0.42>

State 5 <SV = 4> <Delay = 2.12>
ST_5 : Operation 39 [1/1] (0.00ns)   --->   "%sof = phi i1 1, void %entry, i1 %and_ln216, void %loop_width.split" [F:/Projects/Vivado/project_4/project_4.runs/kria_starter_kit_v_gamma_lut_0_0_synth_1/prj/sol/.autopilot/db/v_gamma_lut.cpp:216]   --->   Operation 39 'phi' 'sof' <Predicate = true> <Delay = 0.00>
ST_5 : Operation 40 [1/1] (0.00ns)   --->   "%axi_last_2 = phi i1 %axi_last_loc_load, void %entry, i1 %axi_last_4_loc_load, void %loop_width.split"   --->   Operation 40 'phi' 'axi_last_2' <Predicate = true> <Delay = 0.00>
ST_5 : Operation 41 [1/1] (0.00ns)   --->   "%i_4 = load i12 %i" [F:/Projects/Vivado/project_4/project_4.runs/kria_starter_kit_v_gamma_lut_0_0_synth_1/prj/sol/.autopilot/db/v_gamma_lut.cpp:188]   --->   Operation 41 'load' 'i_4' <Predicate = true> <Delay = 0.00>
ST_5 : Operation 42 [1/1] (0.80ns)   --->   "%icmp_ln188 = icmp_eq  i12 %i_4, i12 %rows" [F:/Projects/Vivado/project_4/project_4.runs/kria_starter_kit_v_gamma_lut_0_0_synth_1/prj/sol/.autopilot/db/v_gamma_lut.cpp:188]   --->   Operation 42 'icmp' 'icmp_ln188' <Predicate = true> <Delay = 0.80> <CoreInst = "Cmp">   --->   Core 9 'Cmp' <Latency = 0> <II = 1> <Delay = 0.80> <FuncUnit> <Opcode : 'seteq' 'setne' 'setle' 'setge' 'setlt' 'setgt'> <InPorts = 2> <OutPorts = 1>
ST_5 : Operation 43 [1/1] (0.00ns)   --->   "%speclooptripcount_ln0 = speclooptripcount void @_ssdm_op_SpecLoopTripCount, i64 0, i64 2160, i64 0"   --->   Operation 43 'speclooptripcount' 'speclooptripcount_ln0' <Predicate = true> <Delay = 0.00>
ST_5 : Operation 44 [1/1] (0.80ns)   --->   "%i_5 = add i12 %i_4, i12 1" [F:/Projects/Vivado/project_4/project_4.runs/kria_starter_kit_v_gamma_lut_0_0_synth_1/prj/sol/.autopilot/db/v_gamma_lut.cpp:188]   --->   Operation 44 'add' 'i_5' <Predicate = true> <Delay = 0.80> <CoreInst = "Adder">   --->   Core 1 'Adder' <Latency = 0> <II = 1> <Delay = 0.80> <FuncUnit> <Opcode : 'add' 'sub'> <InPorts = 2> <OutPorts = 1>
ST_5 : Operation 45 [1/1] (0.00ns)   --->   "%br_ln188 = br i1 %icmp_ln188, void %loop_width.split, void %for.end49.loopexit" [F:/Projects/Vivado/project_4/project_4.runs/kria_starter_kit_v_gamma_lut_0_0_synth_1/prj/sol/.autopilot/db/v_gamma_lut.cpp:188]   --->   Operation 45 'br' 'br_ln188' <Predicate = true> <Delay = 0.00>
ST_5 : Operation 46 [1/1] (0.00ns)   --->   "%axi_data_2_load = load i24 %axi_data_2"   --->   Operation 46 'load' 'axi_data_2_load' <Predicate = (!icmp_ln188)> <Delay = 0.00>
ST_5 : Operation 47 [1/1] (0.00ns)   --->   "%empty_50 = wait i32 @_ssdm_op_Wait"   --->   Operation 47 'wait' 'empty_50' <Predicate = (!icmp_ln188)> <Delay = 0.00>
ST_5 : Operation 48 [2/2] (1.31ns)   --->   "%call_ln216 = call void @AXIvideo2MultiPixStream_Pipeline_loop_width, i1 %sof, i1 %axi_last_2, i24 %axi_data_2_load, i12 %cols, i24 %imgRgb, i24 %s_axis_video_V_data_V, i3 %s_axis_video_V_keep_V, i3 %s_axis_video_V_strb_V, i1 %s_axis_video_V_user_V, i1 %s_axis_video_V_last_V, i1 %s_axis_video_V_id_V, i1 %s_axis_video_V_dest_V, i1 %eol_loc, i24 %axi_data_3_loc" [F:/Projects/Vivado/project_4/project_4.runs/kria_starter_kit_v_gamma_lut_0_0_synth_1/prj/sol/.autopilot/db/v_gamma_lut.cpp:216]   --->   Operation 48 'call' 'call_ln216' <Predicate = (!icmp_ln188)> <Delay = 1.31> <CoreType = "Generic">   --->   Core 0 '' <Latency = 0> <II = 1> <Delay = 1.00> <Generic> <Opcode : >
ST_5 : Operation 49 [1/1] (0.28ns)   --->   "%and_ln216 = and i1 %sof, i1 %xor_ln216" [F:/Projects/Vivado/project_4/project_4.runs/kria_starter_kit_v_gamma_lut_0_0_synth_1/prj/sol/.autopilot/db/v_gamma_lut.cpp:216]   --->   Operation 49 'and' 'and_ln216' <Predicate = (!icmp_ln188)> <Delay = 0.28> <CoreInst = "LogicGate">   --->   Core 74 'LogicGate' <Latency = 0> <II = 1> <Delay = 0.28> <FuncUnit> <Opcode : 'and' 'or' 'xor'> <InPorts = 2> <OutPorts = 1>
ST_5 : Operation 50 [1/1] (0.42ns)   --->   "%store_ln188 = store i12 %i_5, i12 %i" [F:/Projects/Vivado/project_4/project_4.runs/kria_starter_kit_v_gamma_lut_0_0_synth_1/prj/sol/.autopilot/db/v_gamma_lut.cpp:188]   --->   Operation 50 'store' 'store_ln188' <Predicate = (!icmp_ln188)> <Delay = 0.42>
ST_5 : Operation 51 [1/1] (0.00ns)   --->   "%ret_ln0 = ret"   --->   Operation 51 'ret' 'ret_ln0' <Predicate = (icmp_ln188)> <Delay = 0.00>

State 6 <SV = 5> <Delay = 1.66>
ST_6 : Operation 52 [1/2] (1.66ns)   --->   "%call_ln216 = call void @AXIvideo2MultiPixStream_Pipeline_loop_width, i1 %sof, i1 %axi_last_2, i24 %axi_data_2_load, i12 %cols, i24 %imgRgb, i24 %s_axis_video_V_data_V, i3 %s_axis_video_V_keep_V, i3 %s_axis_video_V_strb_V, i1 %s_axis_video_V_user_V, i1 %s_axis_video_V_last_V, i1 %s_axis_video_V_id_V, i1 %s_axis_video_V_dest_V, i1 %eol_loc, i24 %axi_data_3_loc" [F:/Projects/Vivado/project_4/project_4.runs/kria_starter_kit_v_gamma_lut_0_0_synth_1/prj/sol/.autopilot/db/v_gamma_lut.cpp:216]   --->   Operation 52 'call' 'call_ln216' <Predicate = true> <Delay = 1.66> <CoreType = "Generic">   --->   Core 0 '' <Latency = 0> <II = 1> <Delay = 1.00> <Generic> <Opcode : >

State 7 <SV = 6> <Delay = 0.00>
ST_7 : Operation 53 [1/1] (0.00ns)   --->   "%empty_51 = wait i32 @_ssdm_op_Wait"   --->   Operation 53 'wait' 'empty_51' <Predicate = true> <Delay = 0.00>

State 8 <SV = 7> <Delay = 0.68>
ST_8 : Operation 54 [1/1] (0.00ns)   --->   "%eol_loc_load = load i1 %eol_loc"   --->   Operation 54 'load' 'eol_loc_load' <Predicate = true> <Delay = 0.00>
ST_8 : Operation 55 [1/1] (0.00ns)   --->   "%axi_data_3_loc_load = load i24 %axi_data_3_loc"   --->   Operation 55 'load' 'axi_data_3_loc_load' <Predicate = true> <Delay = 0.00>
ST_8 : Operation 56 [1/1] (0.17ns)   --->   "%select_ln216 = select i1 %cmp10251, i1 %eol_loc_load, i1 %axi_last_2" [F:/Projects/Vivado/project_4/project_4.runs/kria_starter_kit_v_gamma_lut_0_0_synth_1/prj/sol/.autopilot/db/v_gamma_lut.cpp:216]   --->   Operation 56 'select' 'select_ln216' <Predicate = true> <Delay = 0.17> <CoreInst = "Sel">   --->   Core 73 'Sel' <Latency = 0> <II = 1> <Delay = 0.17> <FuncUnit> <Opcode : 'select'> <InPorts = 3> <OutPorts = 1>
ST_8 : Operation 57 [1/1] (0.00ns)   --->   "%empty_52 = wait i32 @_ssdm_op_Wait"   --->   Operation 57 'wait' 'empty_52' <Predicate = true> <Delay = 0.00>
ST_8 : Operation 58 [2/2] (0.50ns)   --->   "%call_ln216 = call void @AXIvideo2MultiPixStream_Pipeline_loop_wait_for_eol, i24 %axi_data_3_loc_load, i1 %select_ln216, i1 %eol_loc_load, i24 %s_axis_video_V_data_V, i3 %s_axis_video_V_keep_V, i3 %s_axis_video_V_strb_V, i1 %s_axis_video_V_user_V, i1 %s_axis_video_V_last_V, i1 %s_axis_video_V_id_V, i1 %s_axis_video_V_dest_V, i24 %axi_data_2, i1 %axi_last_4_loc" [F:/Projects/Vivado/project_4/project_4.runs/kria_starter_kit_v_gamma_lut_0_0_synth_1/prj/sol/.autopilot/db/v_gamma_lut.cpp:216]   --->   Operation 58 'call' 'call_ln216' <Predicate = true> <Delay = 0.50> <CoreType = "Generic">   --->   Core 0 '' <Latency = 0> <II = 1> <Delay = 1.00> <Generic> <Opcode : >

State 9 <SV = 8> <Delay = 0.85>
ST_9 : Operation 59 [1/2] (0.85ns)   --->   "%call_ln216 = call void @AXIvideo2MultiPixStream_Pipeline_loop_wait_for_eol, i24 %axi_data_3_loc_load, i1 %select_ln216, i1 %eol_loc_load, i24 %s_axis_video_V_data_V, i3 %s_axis_video_V_keep_V, i3 %s_axis_video_V_strb_V, i1 %s_axis_video_V_user_V, i1 %s_axis_video_V_last_V, i1 %s_axis_video_V_id_V, i1 %s_axis_video_V_dest_V, i24 %axi_data_2, i1 %axi_last_4_loc" [F:/Projects/Vivado/project_4/project_4.runs/kria_starter_kit_v_gamma_lut_0_0_synth_1/prj/sol/.autopilot/db/v_gamma_lut.cpp:216]   --->   Operation 59 'call' 'call_ln216' <Predicate = true> <Delay = 0.85> <CoreType = "Generic">   --->   Core 0 '' <Latency = 0> <II = 1> <Delay = 1.00> <Generic> <Opcode : >

State 10 <SV = 9> <Delay = 0.00>
ST_10 : Operation 60 [1/1] (0.00ns)   --->   "%specloopname_ln188 = specloopname void @_ssdm_op_SpecLoopName, void @empty_17" [F:/Projects/Vivado/project_4/project_4.runs/kria_starter_kit_v_gamma_lut_0_0_synth_1/prj/sol/.autopilot/db/v_gamma_lut.cpp:188]   --->   Operation 60 'specloopname' 'specloopname_ln188' <Predicate = true> <Delay = 0.00>
ST_10 : Operation 61 [1/1] (0.00ns)   --->   "%axi_last_4_loc_load = load i1 %axi_last_4_loc"   --->   Operation 61 'load' 'axi_last_4_loc_load' <Predicate = true> <Delay = 0.00>
ST_10 : Operation 62 [1/1] (0.00ns)   --->   "%br_ln188 = br void %loop_width" [F:/Projects/Vivado/project_4/project_4.runs/kria_starter_kit_v_gamma_lut_0_0_synth_1/prj/sol/.autopilot/db/v_gamma_lut.cpp:188]   --->   Operation 62 'br' 'br_ln188' <Predicate = true> <Delay = 0.00>


============================================================
+ Verbose Summary: Binding
============================================================
STG Binding: 
---------------- STG Properties BEGIN ----------------
- Is combinational: 0
- Is one-state seq: 0
- Is datapath-only: 0
- Is pipelined: 0
- Is top level: 0
Port [ Return ] is wired: 1; IO mode=ap_ctrl_hs:ce=0
Port [ s_axis_video_V_data_V]:  wired=1; compound=1; hidden=0; nouse=0; global=0; static=0; extern=0; dir=0; type=0; pingpong=0; private_global=0; IO mode=axis:ce=0
Port [ s_axis_video_V_keep_V]:  wired=1; compound=1; hidden=0; nouse=0; global=0; static=0; extern=0; dir=0; type=0; pingpong=0; private_global=0; IO mode=axis:ce=0
Port [ s_axis_video_V_strb_V]:  wired=1; compound=1; hidden=0; nouse=0; global=0; static=0; extern=0; dir=0; type=0; pingpong=0; private_global=0; IO mode=axis:ce=0
Port [ s_axis_video_V_user_V]:  wired=1; compound=1; hidden=0; nouse=0; global=0; static=0; extern=0; dir=0; type=0; pingpong=0; private_global=0; IO mode=axis:ce=0
Port [ s_axis_video_V_last_V]:  wired=1; compound=1; hidden=0; nouse=0; global=0; static=0; extern=0; dir=0; type=0; pingpong=0; private_global=0; IO mode=axis:ce=0
Port [ s_axis_video_V_id_V]:  wired=1; compound=1; hidden=0; nouse=0; global=0; static=0; extern=0; dir=0; type=0; pingpong=0; private_global=0; IO mode=axis:ce=0
Port [ s_axis_video_V_dest_V]:  wired=1; compound=1; hidden=0; nouse=0; global=0; static=0; extern=0; dir=0; type=0; pingpong=0; private_global=0; IO mode=axis:ce=0
Port [ imgRgb]:  wired=1; compound=1; hidden=0; nouse=0; global=0; static=0; extern=0; dir=1; type=3; pingpong=0; private_global=0; IO mode=ap_fifo:ce=0
Port [ height]:  wired=1; compound=0; hidden=0; nouse=0; global=0; static=0; extern=0; dir=0; type=0; pingpong=0; private_global=0; IO mode=ap_none:ce=0
Port [ width]:  wired=1; compound=0; hidden=0; nouse=0; global=0; static=0; extern=0; dir=0; type=0; pingpong=0; private_global=0; IO mode=ap_none:ce=0
---------------- STG Properties END ------------------

---------------- Datapath Model BEGIN ----------------

<LifeTime>
<method=bitvector/>
axi_data_2              (alloca             ) [ 00111111111]
i                       (alloca             ) [ 01111111111]
axi_last_4_loc          (alloca             ) [ 00111111111]
axi_data_3_loc          (alloca             ) [ 00111111111]
eol_loc                 (alloca             ) [ 00111111111]
axi_last_loc            (alloca             ) [ 00111000000]
height_read             (read               ) [ 00000000000]
trunc_ln170             (trunc              ) [ 00110000000]
width_read              (read               ) [ 00000000000]
trunc_ln171             (trunc              ) [ 00110000000]
store_ln188             (store              ) [ 00000000000]
empty                   (wait               ) [ 00000000000]
call_ln0                (call               ) [ 00000000000]
specaxissidechannel_ln0 (specaxissidechannel) [ 00000000000]
specstablecontent_ln0   (specstablecontent  ) [ 00000000000]
specstablecontent_ln0   (specstablecontent  ) [ 00000000000]
specinterface_ln0       (specinterface      ) [ 00000000000]
specinterface_ln0       (specinterface      ) [ 00000000000]
rows                    (call               ) [ 00000111111]
cols                    (call               ) [ 00000111111]
axi_last_loc_load       (load               ) [ 00001111111]
empty_49                (wait               ) [ 00000000000]
cmp10251                (icmp               ) [ 00000111111]
xor_ln216               (xor                ) [ 00000111111]
br_ln188                (br                 ) [ 00001111111]
sof                     (phi                ) [ 00000110000]
axi_last_2              (phi                ) [ 00000111100]
i_4                     (load               ) [ 00000000000]
icmp_ln188              (icmp               ) [ 00000111111]
speclooptripcount_ln0   (speclooptripcount  ) [ 00000000000]
i_5                     (add                ) [ 00000000000]
br_ln188                (br                 ) [ 00000000000]
axi_data_2_load         (load               ) [ 00000010000]
empty_50                (wait               ) [ 00000000000]
and_ln216               (and                ) [ 00001111111]
store_ln188             (store              ) [ 00000000000]
ret_ln0                 (ret                ) [ 00000000000]
call_ln216              (call               ) [ 00000000000]
empty_51                (wait               ) [ 00000000000]
eol_loc_load            (load               ) [ 00000000010]
axi_data_3_loc_load     (load               ) [ 00000000010]
select_ln216            (select             ) [ 00000000010]
empty_52                (wait               ) [ 00000000000]
call_ln216              (call               ) [ 00000000000]
specloopname_ln188      (specloopname       ) [ 00000000000]
axi_last_4_loc_load     (load               ) [ 00001111111]
br_ln188                (br                 ) [ 00001111111]
</LifeTime>

<model>

<comp_list>
<comp id="0" class="1000" name="s_axis_video_V_data_V">
<pin_list>
<pin id="1" dir="1" index="0" bw="1" slack="0"/>
</pin_list>
<bind>
<StgValue><ssdm name="s_axis_video_V_data_V"/></StgValue>
</bind>
</comp>

<comp id="2" class="1000" name="s_axis_video_V_keep_V">
<pin_list>
<pin id="3" dir="1" index="0" bw="1" slack="0"/>
</pin_list>
<bind>
<StgValue><ssdm name="s_axis_video_V_keep_V"/></StgValue>
</bind>
</comp>

<comp id="4" class="1000" name="s_axis_video_V_strb_V">
<pin_list>
<pin id="5" dir="1" index="0" bw="1" slack="0"/>
</pin_list>
<bind>
<StgValue><ssdm name="s_axis_video_V_strb_V"/></StgValue>
</bind>
</comp>

<comp id="6" class="1000" name="s_axis_video_V_user_V">
<pin_list>
<pin id="7" dir="1" index="0" bw="1" slack="0"/>
</pin_list>
<bind>
<StgValue><ssdm name="s_axis_video_V_user_V"/></StgValue>
</bind>
</comp>

<comp id="8" class="1000" name="s_axis_video_V_last_V">
<pin_list>
<pin id="9" dir="1" index="0" bw="1" slack="0"/>
</pin_list>
<bind>
<StgValue><ssdm name="s_axis_video_V_last_V"/></StgValue>
</bind>
</comp>

<comp id="10" class="1000" name="s_axis_video_V_id_V">
<pin_list>
<pin id="11" dir="1" index="0" bw="1" slack="0"/>
</pin_list>
<bind>
<StgValue><ssdm name="s_axis_video_V_id_V"/></StgValue>
</bind>
</comp>

<comp id="12" class="1000" name="s_axis_video_V_dest_V">
<pin_list>
<pin id="13" dir="1" index="0" bw="1" slack="0"/>
</pin_list>
<bind>
<StgValue><ssdm name="s_axis_video_V_dest_V"/></StgValue>
</bind>
</comp>

<comp id="14" class="1000" name="imgRgb">
<pin_list>
<pin id="15" dir="1" index="0" bw="1" slack="0"/>
</pin_list>
<bind>
<StgValue><ssdm name="imgRgb"/></StgValue>
</bind>
</comp>

<comp id="16" class="1000" name="height">
<pin_list>
<pin id="17" dir="1" index="0" bw="1" slack="0"/>
</pin_list>
<bind>
<StgValue><ssdm name="height"/></StgValue>
</bind>
</comp>

<comp id="18" class="1000" name="width">
<pin_list>
<pin id="19" dir="1" index="0" bw="1" slack="0"/>
</pin_list>
<bind>
<StgValue><ssdm name="width"/></StgValue>
</bind>
</comp>

<comp id="20" class="1001" name="const_20">
<pin_list>
<pin id="21" dir="1" index="0" bw="1" slack="0"/>
</pin_list>
<bind>
<StgValue><ssdm name=""/></StgValue>
</bind>
</comp>

<comp id="22" class="1001" name="const_22">
<pin_list>
<pin id="23" dir="1" index="0" bw="1" slack="0"/>
</pin_list>
<bind>
<StgValue><ssdm name=""/></StgValue>
</bind>
</comp>

<comp id="24" class="1001" name="const_24">
<pin_list>
<pin id="25" dir="1" index="0" bw="1" slack="0"/>
</pin_list>
<bind>
<StgValue><ssdm name="_ssdm_op_Read.ap_auto.i16P0A"/></StgValue>
</bind>
</comp>

<comp id="26" class="1001" name="const_26">
<pin_list>
<pin id="27" dir="1" index="0" bw="1" slack="0"/>
</pin_list>
<bind>
<StgValue><ssdm name=""/></StgValue>
</bind>
</comp>

<comp id="28" class="1001" name="const_28">
<pin_list>
<pin id="29" dir="1" index="0" bw="1" slack="2147483647"/>
</pin_list>
<bind>
<StgValue><ssdm name="_ssdm_op_Wait"/></StgValue>
</bind>
</comp>

<comp id="30" class="1001" name="const_30">
<pin_list>
<pin id="31" dir="1" index="0" bw="1" slack="0"/>
</pin_list>
<bind>
<StgValue><ssdm name="AXIvideo2MultiPixStream_Pipeline_loop_wait_for_start"/></StgValue>
</bind>
</comp>

<comp id="32" class="1001" name="const_32">
<pin_list>
<pin id="33" dir="1" index="0" bw="1" slack="0"/>
</pin_list>
<bind>
<StgValue><ssdm name="reg<unsigned short>"/></StgValue>
</bind>
</comp>

<comp id="34" class="1001" name="const_34">
<pin_list>
<pin id="35" dir="1" index="0" bw="1" slack="2147483647"/>
</pin_list>
<bind>
<StgValue><ssdm name="_ssdm_op_SpecAXISSideChannel"/></StgValue>
</bind>
</comp>

<comp id="36" class="1001" name="const_36">
<pin_list>
<pin id="37" dir="1" index="0" bw="1" slack="2147483647"/>
</pin_list>
<bind>
<StgValue><ssdm name="empty_14"/></StgValue>
</bind>
</comp>

<comp id="38" class="1001" name="const_38">
<pin_list>
<pin id="39" dir="1" index="0" bw="1" slack="2147483647"/>
</pin_list>
<bind>
<StgValue><ssdm name="_ssdm_op_SpecStableContent"/></StgValue>
</bind>
</comp>

<comp id="40" class="1001" name="const_40">
<pin_list>
<pin id="41" dir="1" index="0" bw="1" slack="2147483647"/>
</pin_list>
<bind>
<StgValue><ssdm name=""/></StgValue>
</bind>
</comp>

<comp id="42" class="1001" name="const_42">
<pin_list>
<pin id="43" dir="1" index="0" bw="1" slack="2147483647"/>
</pin_list>
<bind>
<StgValue><ssdm name="_ssdm_op_SpecInterface"/></StgValue>
</bind>
</comp>

<comp id="44" class="1001" name="const_44">
<pin_list>
<pin id="45" dir="1" index="0" bw="1" slack="2147483647"/>
</pin_list>
<bind>
<StgValue><ssdm name="empty_12"/></StgValue>
</bind>
</comp>

<comp id="46" class="1001" name="const_46">
<pin_list>
<pin id="47" dir="1" index="0" bw="1" slack="2147483647"/>
</pin_list>
<bind>
<StgValue><ssdm name=""/></StgValue>
</bind>
</comp>

<comp id="48" class="1001" name="const_48">
<pin_list>
<pin id="49" dir="1" index="0" bw="1" slack="2147483647"/>
</pin_list>
<bind>
<StgValue><ssdm name="empty_3"/></StgValue>
</bind>
</comp>

<comp id="50" class="1001" name="const_50">
<pin_list>
<pin id="51" dir="1" index="0" bw="1" slack="2147483647"/>
</pin_list>
<bind>
<StgValue><ssdm name=""/></StgValue>
</bind>
</comp>

<comp id="52" class="1001" name="const_52">
<pin_list>
<pin id="53" dir="1" index="0" bw="1" slack="2147483647"/>
</pin_list>
<bind>
<StgValue><ssdm name="empty_11"/></StgValue>
</bind>
</comp>

<comp id="54" class="1001" name="const_54">
<pin_list>
<pin id="55" dir="1" index="0" bw="1" slack="2147483647"/>
</pin_list>
<bind>
<StgValue><ssdm name="empty_0"/></StgValue>
</bind>
</comp>

<comp id="56" class="1001" name="const_56">
<pin_list>
<pin id="57" dir="1" index="0" bw="1" slack="0"/>
</pin_list>
<bind>
<StgValue><ssdm name=""/></StgValue>
</bind>
</comp>

<comp id="58" class="1001" name="const_58">
<pin_list>
<pin id="59" dir="1" index="0" bw="1" slack="2147483647"/>
</pin_list>
<bind>
<StgValue><ssdm name="_ssdm_op_SpecLoopTripCount"/></StgValue>
</bind>
</comp>

<comp id="60" class="1001" name="const_60">
<pin_list>
<pin id="61" dir="1" index="0" bw="1" slack="2147483647"/>
</pin_list>
<bind>
<StgValue><ssdm name=""/></StgValue>
</bind>
</comp>

<comp id="62" class="1001" name="const_62">
<pin_list>
<pin id="63" dir="1" index="0" bw="1" slack="2147483647"/>
</pin_list>
<bind>
<StgValue><ssdm name=""/></StgValue>
</bind>
</comp>

<comp id="64" class="1001" name="const_64">
<pin_list>
<pin id="65" dir="1" index="0" bw="1" slack="0"/>
</pin_list>
<bind>
<StgValue><ssdm name=""/></StgValue>
</bind>
</comp>

<comp id="66" class="1001" name="const_66">
<pin_list>
<pin id="67" dir="1" index="0" bw="1" slack="0"/>
</pin_list>
<bind>
<StgValue><ssdm name="AXIvideo2MultiPixStream_Pipeline_loop_width"/></StgValue>
</bind>
</comp>

<comp id="68" class="1001" name="const_68">
<pin_list>
<pin id="69" dir="1" index="0" bw="1" slack="0"/>
</pin_list>
<bind>
<StgValue><ssdm name="AXIvideo2MultiPixStream_Pipeline_loop_wait_for_eol"/></StgValue>
</bind>
</comp>

<comp id="70" class="1001" name="const_70">
<pin_list>
<pin id="71" dir="1" index="0" bw="1" slack="2147483647"/>
</pin_list>
<bind>
<StgValue><ssdm name="_ssdm_op_SpecLoopName"/></StgValue>
</bind>
</comp>

<comp id="72" class="1001" name="const_72">
<pin_list>
<pin id="73" dir="1" index="0" bw="1" slack="2147483647"/>
</pin_list>
<bind>
<StgValue><ssdm name="empty_17"/></StgValue>
</bind>
</comp>

<comp id="74" class="1004" name="axi_data_2_fu_74">
<pin_list>
<pin id="75" dir="0" index="0" bw="1" slack="0"/>
<pin id="76" dir="1" index="1" bw="24" slack="1"/>
</pin_list>
<bind>
<opcode="alloca(26) " fcode="alloca"/>
<opset="axi_data_2/1 "/>
</bind>
</comp>

<comp id="78" class="1004" name="i_fu_78">
<pin_list>
<pin id="79" dir="0" index="0" bw="1" slack="0"/>
<pin id="80" dir="1" index="1" bw="12" slack="0"/>
</pin_list>
<bind>
<opcode="alloca(26) " fcode="alloca"/>
<opset="i/1 "/>
</bind>
</comp>

<comp id="82" class="1004" name="axi_last_4_loc_fu_82">
<pin_list>
<pin id="83" dir="0" index="0" bw="1" slack="0"/>
<pin id="84" dir="1" index="1" bw="1" slack="7"/>
</pin_list>
<bind>
<opcode="alloca(26) " fcode="alloca"/>
<opset="axi_last_4_loc/1 "/>
</bind>
</comp>

<comp id="86" class="1004" name="axi_data_3_loc_fu_86">
<pin_list>
<pin id="87" dir="0" index="0" bw="1" slack="0"/>
<pin id="88" dir="1" index="1" bw="24" slack="4"/>
</pin_list>
<bind>
<opcode="alloca(26) " fcode="alloca"/>
<opset="axi_data_3_loc/1 "/>
</bind>
</comp>

<comp id="90" class="1004" name="eol_loc_fu_90">
<pin_list>
<pin id="91" dir="0" index="0" bw="1" slack="0"/>
<pin id="92" dir="1" index="1" bw="1" slack="4"/>
</pin_list>
<bind>
<opcode="alloca(26) " fcode="alloca"/>
<opset="eol_loc/1 "/>
</bind>
</comp>

<comp id="94" class="1004" name="axi_last_loc_fu_94">
<pin_list>
<pin id="95" dir="0" index="0" bw="1" slack="0"/>
<pin id="96" dir="1" index="1" bw="1" slack="1"/>
</pin_list>
<bind>
<opcode="alloca(26) " fcode="alloca"/>
<opset="axi_last_loc/1 "/>
</bind>
</comp>

<comp id="98" class="1004" name="height_read_read_fu_98">
<pin_list>
<pin id="99" dir="0" index="0" bw="16" slack="0"/>
<pin id="100" dir="0" index="1" bw="16" slack="0"/>
<pin id="101" dir="1" index="2" bw="16" slack="0"/>
</pin_list>
<bind>
<opcode="read(1150) " fcode="read"/>
<opset="height_read/1 "/>
</bind>
</comp>

<comp id="104" class="1004" name="width_read_read_fu_104">
<pin_list>
<pin id="105" dir="0" index="0" bw="16" slack="0"/>
<pin id="106" dir="0" index="1" bw="16" slack="0"/>
<pin id="107" dir="1" index="2" bw="16" slack="0"/>
</pin_list>
<bind>
<opcode="read(1150) " fcode="read"/>
<opset="width_read/1 "/>
</bind>
</comp>

<comp id="110" class="1005" name="sof_reg_110">
<pin_list>
<pin id="111" dir="0" index="0" bw="1" slack="1"/>
<pin id="112" dir="1" index="1" bw="1" slack="1"/>
</pin_list>
<bind>
<opset="sof (phireg) "/>
</bind>
</comp>

<comp id="114" class="1004" name="sof_phi_fu_114">
<pin_list>
<pin id="115" dir="0" index="0" bw="1" slack="1"/>
<pin id="116" dir="0" index="1" bw="0" slack="2147483647"/>
<pin id="117" dir="0" index="2" bw="1" slack="0"/>
<pin id="118" dir="0" index="3" bw="0" slack="2147483647"/>
<pin id="119" dir="1" index="4" bw="1" slack="0"/>
</pin_list>
<bind>
<opcode="phi(47) " fcode="phi"/>
<opset="sof/5 "/>
</bind>
</comp>

<comp id="122" class="1005" name="axi_last_2_reg_122">
<pin_list>
<pin id="123" dir="0" index="0" bw="1" slack="1"/>
<pin id="124" dir="1" index="1" bw="1" slack="3"/>
</pin_list>
<bind>
<opset="axi_last_2 (phireg) "/>
</bind>
</comp>

<comp id="125" class="1004" name="axi_last_2_phi_fu_125">
<pin_list>
<pin id="126" dir="0" index="0" bw="1" slack="2147483647"/>
<pin id="127" dir="0" index="1" bw="0" slack="2147483647"/>
<pin id="128" dir="0" index="2" bw="1" slack="2147483647"/>
<pin id="129" dir="0" index="3" bw="0" slack="2147483647"/>
<pin id="130" dir="1" index="4" bw="1" slack="0"/>
</pin_list>
<bind>
<opcode="phi(47) " fcode="phi"/>
<opset="axi_last_2/5 "/>
</bind>
</comp>

<comp id="132" class="1004" name="grp_AXIvideo2MultiPixStream_Pipeline_loop_wait_for_start_fu_132">
<pin_list>
<pin id="133" dir="0" index="0" bw="0" slack="0"/>
<pin id="134" dir="0" index="1" bw="24" slack="0"/>
<pin id="135" dir="0" index="2" bw="3" slack="0"/>
<pin id="136" dir="0" index="3" bw="3" slack="0"/>
<pin id="137" dir="0" index="4" bw="1" slack="0"/>
<pin id="138" dir="0" index="5" bw="1" slack="0"/>
<pin id="139" dir="0" index="6" bw="1" slack="0"/>
<pin id="140" dir="0" index="7" bw="1" slack="0"/>
<pin id="141" dir="0" index="8" bw="24" slack="1"/>
<pin id="142" dir="0" index="9" bw="1" slack="1"/>
<pin id="143" dir="1" index="10" bw="0" slack="2147483647"/>
</pin_list>
<bind>
<opcode="call(48) " fcode="call"/>
<opset="call_ln0/2 "/>
</bind>
</comp>

<comp id="152" class="1004" name="grp_AXIvideo2MultiPixStream_Pipeline_loop_width_fu_152">
<pin_list>
<pin id="153" dir="0" index="0" bw="0" slack="0"/>
<pin id="154" dir="0" index="1" bw="1" slack="0"/>
<pin id="155" dir="0" index="2" bw="1" slack="0"/>
<pin id="156" dir="0" index="3" bw="24" slack="0"/>
<pin id="157" dir="0" index="4" bw="12" slack="1"/>
<pin id="158" dir="0" index="5" bw="24" slack="0"/>
<pin id="159" dir="0" index="6" bw="24" slack="0"/>
<pin id="160" dir="0" index="7" bw="3" slack="0"/>
<pin id="161" dir="0" index="8" bw="3" slack="0"/>
<pin id="162" dir="0" index="9" bw="1" slack="0"/>
<pin id="163" dir="0" index="10" bw="1" slack="0"/>
<pin id="164" dir="0" index="11" bw="1" slack="0"/>
<pin id="165" dir="0" index="12" bw="1" slack="0"/>
<pin id="166" dir="0" index="13" bw="1" slack="4"/>
<pin id="167" dir="0" index="14" bw="24" slack="4"/>
<pin id="168" dir="1" index="15" bw="0" slack="2147483647"/>
</pin_list>
<bind>
<opcode="call(48) " fcode="call"/>
<opset="call_ln216/5 "/>
</bind>
</comp>

<comp id="180" class="1004" name="grp_AXIvideo2MultiPixStream_Pipeline_loop_wait_for_eol_fu_180">
<pin_list>
<pin id="181" dir="0" index="0" bw="0" slack="0"/>
<pin id="182" dir="0" index="1" bw="24" slack="0"/>
<pin id="183" dir="0" index="2" bw="1" slack="0"/>
<pin id="184" dir="0" index="3" bw="1" slack="0"/>
<pin id="185" dir="0" index="4" bw="24" slack="0"/>
<pin id="186" dir="0" index="5" bw="3" slack="0"/>
<pin id="187" dir="0" index="6" bw="3" slack="0"/>
<pin id="188" dir="0" index="7" bw="1" slack="0"/>
<pin id="189" dir="0" index="8" bw="1" slack="0"/>
<pin id="190" dir="0" index="9" bw="1" slack="0"/>
<pin id="191" dir="0" index="10" bw="1" slack="0"/>
<pin id="192" dir="0" index="11" bw="24" slack="7"/>
<pin id="193" dir="0" index="12" bw="1" slack="7"/>
<pin id="194" dir="1" index="13" bw="0" slack="2147483647"/>
</pin_list>
<bind>
<opcode="call(48) " fcode="call"/>
<opset="call_ln216/8 "/>
</bind>
</comp>

<comp id="203" class="1004" name="trunc_ln170_fu_203">
<pin_list>
<pin id="204" dir="0" index="0" bw="16" slack="0"/>
<pin id="205" dir="1" index="1" bw="12" slack="2"/>
</pin_list>
<bind>
<opcode="trunc(33) " fcode="trunc"/>
<opset="trunc_ln170/1 "/>
</bind>
</comp>

<comp id="207" class="1004" name="trunc_ln171_fu_207">
<pin_list>
<pin id="208" dir="0" index="0" bw="16" slack="0"/>
<pin id="209" dir="1" index="1" bw="12" slack="2"/>
</pin_list>
<bind>
<opcode="trunc(33) " fcode="trunc"/>
<opset="trunc_ln171/1 "/>
</bind>
</comp>

<comp id="211" class="1004" name="store_ln188_store_fu_211">
<pin_list>
<pin id="212" dir="0" index="0" bw="1" slack="0"/>
<pin id="213" dir="0" index="1" bw="12" slack="0"/>
<pin id="214" dir="1" index="2" bw="0" slack="2147483647"/>
</pin_list>
<bind>
<opcode="store(28) " fcode="store"/>
<opset="store_ln188/1 "/>
</bind>
</comp>

<comp id="216" class="1004" name="grp_reg_unsigned_short_s_fu_216">
<pin_list>
<pin id="217" dir="0" index="0" bw="12" slack="0"/>
<pin id="218" dir="0" index="1" bw="12" slack="2"/>
<pin id="219" dir="1" index="2" bw="12" slack="1"/>
</pin_list>
<bind>
<opcode="call(48) " fcode="call"/>
<opset="rows/3 "/>
</bind>
</comp>

<comp id="221" class="1004" name="grp_reg_unsigned_short_s_fu_221">
<pin_list>
<pin id="222" dir="0" index="0" bw="12" slack="0"/>
<pin id="223" dir="0" index="1" bw="12" slack="2"/>
<pin id="224" dir="1" index="2" bw="12" slack="0"/>
</pin_list>
<bind>
<opcode="call(48) " fcode="call"/>
<opset="cols/3 "/>
</bind>
</comp>

<comp id="226" class="1004" name="axi_last_loc_load_load_fu_226">
<pin_list>
<pin id="227" dir="0" index="0" bw="1" slack="3"/>
<pin id="228" dir="1" index="1" bw="1" slack="2147483647"/>
</pin_list>
<bind>
<opcode="load(27) " fcode="load"/>
<opset="axi_last_loc_load/4 "/>
</bind>
</comp>

<comp id="229" class="1004" name="cmp10251_fu_229">
<pin_list>
<pin id="230" dir="0" index="0" bw="12" slack="0"/>
<pin id="231" dir="0" index="1" bw="1" slack="0"/>
<pin id="232" dir="1" index="2" bw="1" slack="0"/>
</pin_list>
<bind>
<opcode="icmp(45) " fcode="icmp"/>
<opset="cmp10251/4 "/>
</bind>
</comp>

<comp id="235" class="1004" name="xor_ln216_fu_235">
<pin_list>
<pin id="236" dir="0" index="0" bw="1" slack="0"/>
<pin id="237" dir="0" index="1" bw="1" slack="0"/>
<pin id="238" dir="1" index="2" bw="1" slack="1"/>
</pin_list>
<bind>
<opcode="xor(25) " fcode="xor"/>
<opset="xor_ln216/4 "/>
</bind>
</comp>

<comp id="241" class="1004" name="i_4_load_fu_241">
<pin_list>
<pin id="242" dir="0" index="0" bw="12" slack="4"/>
<pin id="243" dir="1" index="1" bw="12" slack="0"/>
</pin_list>
<bind>
<opcode="load(27) " fcode="load"/>
<opset="i_4/5 "/>
</bind>
</comp>

<comp id="244" class="1004" name="icmp_ln188_fu_244">
<pin_list>
<pin id="245" dir="0" index="0" bw="12" slack="0"/>
<pin id="246" dir="0" index="1" bw="12" slack="1"/>
<pin id="247" dir="1" index="2" bw="1" slack="2147483647"/>
</pin_list>
<bind>
<opcode="icmp(45) " fcode="icmp"/>
<opset="icmp_ln188/5 "/>
</bind>
</comp>

<comp id="249" class="1004" name="i_5_fu_249">
<pin_list>
<pin id="250" dir="0" index="0" bw="12" slack="0"/>
<pin id="251" dir="0" index="1" bw="1" slack="0"/>
<pin id="252" dir="1" index="2" bw="12" slack="0"/>
</pin_list>
<bind>
<opcode="add(8) " fcode="add"/>
<opset="i_5/5 "/>
</bind>
</comp>

<comp id="255" class="1004" name="axi_data_2_load_load_fu_255">
<pin_list>
<pin id="256" dir="0" index="0" bw="24" slack="4"/>
<pin id="257" dir="1" index="1" bw="24" slack="0"/>
</pin_list>
<bind>
<opcode="load(27) " fcode="load"/>
<opset="axi_data_2_load/5 "/>
</bind>
</comp>

<comp id="259" class="1004" name="and_ln216_fu_259">
<pin_list>
<pin id="260" dir="0" index="0" bw="1" slack="0"/>
<pin id="261" dir="0" index="1" bw="1" slack="1"/>
<pin id="262" dir="1" index="2" bw="1" slack="0"/>
</pin_list>
<bind>
<opcode="and(23) " fcode="and"/>
<opset="and_ln216/5 "/>
</bind>
</comp>

<comp id="264" class="1004" name="store_ln188_store_fu_264">
<pin_list>
<pin id="265" dir="0" index="0" bw="12" slack="0"/>
<pin id="266" dir="0" index="1" bw="12" slack="4"/>
<pin id="267" dir="1" index="2" bw="0" slack="2147483647"/>
</pin_list>
<bind>
<opcode="store(28) " fcode="store"/>
<opset="store_ln188/5 "/>
</bind>
</comp>

<comp id="269" class="1004" name="eol_loc_load_load_fu_269">
<pin_list>
<pin id="270" dir="0" index="0" bw="1" slack="7"/>
<pin id="271" dir="1" index="1" bw="1" slack="0"/>
</pin_list>
<bind>
<opcode="load(27) " fcode="load"/>
<opset="eol_loc_load/8 "/>
</bind>
</comp>

<comp id="273" class="1004" name="axi_data_3_loc_load_load_fu_273">
<pin_list>
<pin id="274" dir="0" index="0" bw="24" slack="7"/>
<pin id="275" dir="1" index="1" bw="24" slack="0"/>
</pin_list>
<bind>
<opcode="load(27) " fcode="load"/>
<opset="axi_data_3_loc_load/8 "/>
</bind>
</comp>

<comp id="277" class="1004" name="select_ln216_fu_277">
<pin_list>
<pin id="278" dir="0" index="0" bw="1" slack="4"/>
<pin id="279" dir="0" index="1" bw="1" slack="0"/>
<pin id="280" dir="0" index="2" bw="1" slack="3"/>
<pin id="281" dir="1" index="3" bw="1" slack="0"/>
</pin_list>
<bind>
<opcode="select(49) " fcode="select"/>
<opset="select_ln216/8 "/>
</bind>
</comp>

<comp id="285" class="1004" name="axi_last_4_loc_load_load_fu_285">
<pin_list>
<pin id="286" dir="0" index="0" bw="1" slack="9"/>
<pin id="287" dir="1" index="1" bw="1" slack="2147483647"/>
</pin_list>
<bind>
<opcode="load(27) " fcode="load"/>
<opset="axi_last_4_loc_load/10 "/>
</bind>
</comp>

<comp id="288" class="1005" name="axi_data_2_reg_288">
<pin_list>
<pin id="289" dir="0" index="0" bw="24" slack="1"/>
<pin id="290" dir="1" index="1" bw="24" slack="1"/>
</pin_list>
<bind>
<opset="axi_data_2 "/>
</bind>
</comp>

<comp id="295" class="1005" name="i_reg_295">
<pin_list>
<pin id="296" dir="0" index="0" bw="12" slack="0"/>
<pin id="297" dir="1" index="1" bw="12" slack="0"/>
</pin_list>
<bind>
<opset="i "/>
</bind>
</comp>

<comp id="302" class="1005" name="axi_last_4_loc_reg_302">
<pin_list>
<pin id="303" dir="0" index="0" bw="1" slack="7"/>
<pin id="304" dir="1" index="1" bw="1" slack="7"/>
</pin_list>
<bind>
<opset="axi_last_4_loc "/>
</bind>
</comp>

<comp id="308" class="1005" name="axi_data_3_loc_reg_308">
<pin_list>
<pin id="309" dir="0" index="0" bw="24" slack="4"/>
<pin id="310" dir="1" index="1" bw="24" slack="4"/>
</pin_list>
<bind>
<opset="axi_data_3_loc "/>
</bind>
</comp>

<comp id="314" class="1005" name="eol_loc_reg_314">
<pin_list>
<pin id="315" dir="0" index="0" bw="1" slack="4"/>
<pin id="316" dir="1" index="1" bw="1" slack="4"/>
</pin_list>
<bind>
<opset="eol_loc "/>
</bind>
</comp>

<comp id="320" class="1005" name="axi_last_loc_reg_320">
<pin_list>
<pin id="321" dir="0" index="0" bw="1" slack="1"/>
<pin id="322" dir="1" index="1" bw="1" slack="1"/>
</pin_list>
<bind>
<opset="axi_last_loc "/>
</bind>
</comp>

<comp id="326" class="1005" name="trunc_ln170_reg_326">
<pin_list>
<pin id="327" dir="0" index="0" bw="12" slack="2"/>
<pin id="328" dir="1" index="1" bw="12" slack="2"/>
</pin_list>
<bind>
<opset="trunc_ln170 "/>
</bind>
</comp>

<comp id="331" class="1005" name="trunc_ln171_reg_331">
<pin_list>
<pin id="332" dir="0" index="0" bw="12" slack="2"/>
<pin id="333" dir="1" index="1" bw="12" slack="2"/>
</pin_list>
<bind>
<opset="trunc_ln171 "/>
</bind>
</comp>

<comp id="336" class="1005" name="rows_reg_336">
<pin_list>
<pin id="337" dir="0" index="0" bw="12" slack="1"/>
<pin id="338" dir="1" index="1" bw="12" slack="1"/>
</pin_list>
<bind>
<opset="rows "/>
</bind>
</comp>

<comp id="341" class="1005" name="cols_reg_341">
<pin_list>
<pin id="342" dir="0" index="0" bw="12" slack="1"/>
<pin id="343" dir="1" index="1" bw="12" slack="1"/>
</pin_list>
<bind>
<opset="cols "/>
</bind>
</comp>

<comp id="349" class="1005" name="cmp10251_reg_349">
<pin_list>
<pin id="350" dir="0" index="0" bw="1" slack="4"/>
<pin id="351" dir="1" index="1" bw="1" slack="4"/>
</pin_list>
<bind>
<opset="cmp10251 "/>
</bind>
</comp>

<comp id="354" class="1005" name="xor_ln216_reg_354">
<pin_list>
<pin id="355" dir="0" index="0" bw="1" slack="1"/>
<pin id="356" dir="1" index="1" bw="1" slack="1"/>
</pin_list>
<bind>
<opset="xor_ln216 "/>
</bind>
</comp>

<comp id="365" class="1005" name="and_ln216_reg_365">
<pin_list>
<pin id="366" dir="0" index="0" bw="1" slack="0"/>
<pin id="367" dir="1" index="1" bw="1" slack="0"/>
</pin_list>
<bind>
<opset="and_ln216 "/>
</bind>
</comp>

<comp id="376" class="1005" name="select_ln216_reg_376">
<pin_list>
<pin id="377" dir="0" index="0" bw="1" slack="1"/>
<pin id="378" dir="1" index="1" bw="1" slack="1"/>
</pin_list>
<bind>
<opset="select_ln216 "/>
</bind>
</comp>

</comp_list>

<net_list>
<net id="77"><net_src comp="20" pin="0"/><net_sink comp="74" pin=0"/></net>

<net id="81"><net_src comp="20" pin="0"/><net_sink comp="78" pin=0"/></net>

<net id="85"><net_src comp="22" pin="0"/><net_sink comp="82" pin=0"/></net>

<net id="89"><net_src comp="22" pin="0"/><net_sink comp="86" pin=0"/></net>

<net id="93"><net_src comp="22" pin="0"/><net_sink comp="90" pin=0"/></net>

<net id="97"><net_src comp="22" pin="0"/><net_sink comp="94" pin=0"/></net>

<net id="102"><net_src comp="24" pin="0"/><net_sink comp="98" pin=0"/></net>

<net id="103"><net_src comp="16" pin="0"/><net_sink comp="98" pin=1"/></net>

<net id="108"><net_src comp="24" pin="0"/><net_sink comp="104" pin=0"/></net>

<net id="109"><net_src comp="18" pin="0"/><net_sink comp="104" pin=1"/></net>

<net id="113"><net_src comp="56" pin="0"/><net_sink comp="110" pin=0"/></net>

<net id="120"><net_src comp="110" pin="1"/><net_sink comp="114" pin=0"/></net>

<net id="121"><net_src comp="114" pin="4"/><net_sink comp="110" pin=0"/></net>

<net id="131"><net_src comp="125" pin="4"/><net_sink comp="122" pin=0"/></net>

<net id="144"><net_src comp="30" pin="0"/><net_sink comp="132" pin=0"/></net>

<net id="145"><net_src comp="0" pin="0"/><net_sink comp="132" pin=1"/></net>

<net id="146"><net_src comp="2" pin="0"/><net_sink comp="132" pin=2"/></net>

<net id="147"><net_src comp="4" pin="0"/><net_sink comp="132" pin=3"/></net>

<net id="148"><net_src comp="6" pin="0"/><net_sink comp="132" pin=4"/></net>

<net id="149"><net_src comp="8" pin="0"/><net_sink comp="132" pin=5"/></net>

<net id="150"><net_src comp="10" pin="0"/><net_sink comp="132" pin=6"/></net>

<net id="151"><net_src comp="12" pin="0"/><net_sink comp="132" pin=7"/></net>

<net id="169"><net_src comp="66" pin="0"/><net_sink comp="152" pin=0"/></net>

<net id="170"><net_src comp="114" pin="4"/><net_sink comp="152" pin=1"/></net>

<net id="171"><net_src comp="125" pin="4"/><net_sink comp="152" pin=2"/></net>

<net id="172"><net_src comp="14" pin="0"/><net_sink comp="152" pin=5"/></net>

<net id="173"><net_src comp="0" pin="0"/><net_sink comp="152" pin=6"/></net>

<net id="174"><net_src comp="2" pin="0"/><net_sink comp="152" pin=7"/></net>

<net id="175"><net_src comp="4" pin="0"/><net_sink comp="152" pin=8"/></net>

<net id="176"><net_src comp="6" pin="0"/><net_sink comp="152" pin=9"/></net>

<net id="177"><net_src comp="8" pin="0"/><net_sink comp="152" pin=10"/></net>

<net id="178"><net_src comp="10" pin="0"/><net_sink comp="152" pin=11"/></net>

<net id="179"><net_src comp="12" pin="0"/><net_sink comp="152" pin=12"/></net>

<net id="195"><net_src comp="68" pin="0"/><net_sink comp="180" pin=0"/></net>

<net id="196"><net_src comp="0" pin="0"/><net_sink comp="180" pin=4"/></net>

<net id="197"><net_src comp="2" pin="0"/><net_sink comp="180" pin=5"/></net>

<net id="198"><net_src comp="4" pin="0"/><net_sink comp="180" pin=6"/></net>

<net id="199"><net_src comp="6" pin="0"/><net_sink comp="180" pin=7"/></net>

<net id="200"><net_src comp="8" pin="0"/><net_sink comp="180" pin=8"/></net>

<net id="201"><net_src comp="10" pin="0"/><net_sink comp="180" pin=9"/></net>

<net id="202"><net_src comp="12" pin="0"/><net_sink comp="180" pin=10"/></net>

<net id="206"><net_src comp="98" pin="2"/><net_sink comp="203" pin=0"/></net>

<net id="210"><net_src comp="104" pin="2"/><net_sink comp="207" pin=0"/></net>

<net id="215"><net_src comp="26" pin="0"/><net_sink comp="211" pin=0"/></net>

<net id="220"><net_src comp="32" pin="0"/><net_sink comp="216" pin=0"/></net>

<net id="225"><net_src comp="32" pin="0"/><net_sink comp="221" pin=0"/></net>

<net id="233"><net_src comp="221" pin="2"/><net_sink comp="229" pin=0"/></net>

<net id="234"><net_src comp="26" pin="0"/><net_sink comp="229" pin=1"/></net>

<net id="239"><net_src comp="229" pin="2"/><net_sink comp="235" pin=0"/></net>

<net id="240"><net_src comp="56" pin="0"/><net_sink comp="235" pin=1"/></net>

<net id="248"><net_src comp="241" pin="1"/><net_sink comp="244" pin=0"/></net>

<net id="253"><net_src comp="241" pin="1"/><net_sink comp="249" pin=0"/></net>

<net id="254"><net_src comp="64" pin="0"/><net_sink comp="249" pin=1"/></net>

<net id="258"><net_src comp="255" pin="1"/><net_sink comp="152" pin=3"/></net>

<net id="263"><net_src comp="114" pin="4"/><net_sink comp="259" pin=0"/></net>

<net id="268"><net_src comp="249" pin="2"/><net_sink comp="264" pin=0"/></net>

<net id="272"><net_src comp="269" pin="1"/><net_sink comp="180" pin=3"/></net>

<net id="276"><net_src comp="273" pin="1"/><net_sink comp="180" pin=1"/></net>

<net id="282"><net_src comp="269" pin="1"/><net_sink comp="277" pin=1"/></net>

<net id="283"><net_src comp="122" pin="1"/><net_sink comp="277" pin=2"/></net>

<net id="284"><net_src comp="277" pin="3"/><net_sink comp="180" pin=2"/></net>

<net id="291"><net_src comp="74" pin="1"/><net_sink comp="288" pin=0"/></net>

<net id="292"><net_src comp="288" pin="1"/><net_sink comp="132" pin=8"/></net>

<net id="293"><net_src comp="288" pin="1"/><net_sink comp="255" pin=0"/></net>

<net id="294"><net_src comp="288" pin="1"/><net_sink comp="180" pin=11"/></net>

<net id="298"><net_src comp="78" pin="1"/><net_sink comp="295" pin=0"/></net>

<net id="299"><net_src comp="295" pin="1"/><net_sink comp="211" pin=1"/></net>

<net id="300"><net_src comp="295" pin="1"/><net_sink comp="241" pin=0"/></net>

<net id="301"><net_src comp="295" pin="1"/><net_sink comp="264" pin=1"/></net>

<net id="305"><net_src comp="82" pin="1"/><net_sink comp="302" pin=0"/></net>

<net id="306"><net_src comp="302" pin="1"/><net_sink comp="180" pin=12"/></net>

<net id="307"><net_src comp="302" pin="1"/><net_sink comp="285" pin=0"/></net>

<net id="311"><net_src comp="86" pin="1"/><net_sink comp="308" pin=0"/></net>

<net id="312"><net_src comp="308" pin="1"/><net_sink comp="152" pin=14"/></net>

<net id="313"><net_src comp="308" pin="1"/><net_sink comp="273" pin=0"/></net>

<net id="317"><net_src comp="90" pin="1"/><net_sink comp="314" pin=0"/></net>

<net id="318"><net_src comp="314" pin="1"/><net_sink comp="152" pin=13"/></net>

<net id="319"><net_src comp="314" pin="1"/><net_sink comp="269" pin=0"/></net>

<net id="323"><net_src comp="94" pin="1"/><net_sink comp="320" pin=0"/></net>

<net id="324"><net_src comp="320" pin="1"/><net_sink comp="132" pin=9"/></net>

<net id="325"><net_src comp="320" pin="1"/><net_sink comp="226" pin=0"/></net>

<net id="329"><net_src comp="203" pin="1"/><net_sink comp="326" pin=0"/></net>

<net id="330"><net_src comp="326" pin="1"/><net_sink comp="216" pin=1"/></net>

<net id="334"><net_src comp="207" pin="1"/><net_sink comp="331" pin=0"/></net>

<net id="335"><net_src comp="331" pin="1"/><net_sink comp="221" pin=1"/></net>

<net id="339"><net_src comp="216" pin="2"/><net_sink comp="336" pin=0"/></net>

<net id="340"><net_src comp="336" pin="1"/><net_sink comp="244" pin=1"/></net>

<net id="344"><net_src comp="221" pin="2"/><net_sink comp="341" pin=0"/></net>

<net id="345"><net_src comp="341" pin="1"/><net_sink comp="152" pin=4"/></net>

<net id="352"><net_src comp="229" pin="2"/><net_sink comp="349" pin=0"/></net>

<net id="353"><net_src comp="349" pin="1"/><net_sink comp="277" pin=0"/></net>

<net id="357"><net_src comp="235" pin="2"/><net_sink comp="354" pin=0"/></net>

<net id="358"><net_src comp="354" pin="1"/><net_sink comp="259" pin=1"/></net>

<net id="368"><net_src comp="259" pin="2"/><net_sink comp="365" pin=0"/></net>

<net id="369"><net_src comp="365" pin="1"/><net_sink comp="114" pin=2"/></net>

<net id="379"><net_src comp="277" pin="3"/><net_sink comp="376" pin=0"/></net>

<net id="380"><net_src comp="376" pin="1"/><net_sink comp="180" pin=2"/></net>

</net_list>

</model> 
---------------- Datapath Model END ------------------

* FSMD analyzer results:
  - Output states:
	Port: imgRgb | {5 6 }
 - Input state : 
	Port: AXIvideo2MultiPixStream : s_axis_video_V_data_V | {2 3 5 6 8 9 }
	Port: AXIvideo2MultiPixStream : s_axis_video_V_keep_V | {2 3 5 6 8 9 }
	Port: AXIvideo2MultiPixStream : s_axis_video_V_strb_V | {2 3 5 6 8 9 }
	Port: AXIvideo2MultiPixStream : s_axis_video_V_user_V | {2 3 5 6 8 9 }
	Port: AXIvideo2MultiPixStream : s_axis_video_V_last_V | {2 3 5 6 8 9 }
	Port: AXIvideo2MultiPixStream : s_axis_video_V_id_V | {2 3 5 6 8 9 }
	Port: AXIvideo2MultiPixStream : s_axis_video_V_dest_V | {2 3 5 6 8 9 }
	Port: AXIvideo2MultiPixStream : height | {1 }
	Port: AXIvideo2MultiPixStream : width | {1 }
  - Chain level:
	State 1
		store_ln188 : 1
	State 2
	State 3
	State 4
		cmp10251 : 1
		xor_ln216 : 2
	State 5
		icmp_ln188 : 1
		i_5 : 1
		br_ln188 : 2
		call_ln216 : 1
		and_ln216 : 1
		store_ln188 : 2
	State 6
	State 7
	State 8
		select_ln216 : 1
		call_ln216 : 2
	State 9
	State 10


============================================================
+ Verbose Summary: Datapath Resource usage 
============================================================

* Functional unit list:
|----------|-----------------------------------------------------------------|---------|---------|
| Operation|                         Functional Unit                         |    FF   |   LUT   |
|----------|-----------------------------------------------------------------|---------|---------|
|          | grp_AXIvideo2MultiPixStream_Pipeline_loop_wait_for_start_fu_132 |    3    |    0    |
|          |      grp_AXIvideo2MultiPixStream_Pipeline_loop_width_fu_152     |    41   |    40   |
|   call   |  grp_AXIvideo2MultiPixStream_Pipeline_loop_wait_for_eol_fu_180  |    3    |    0    |
|          |                 grp_reg_unsigned_short_s_fu_216                 |    12   |    0    |
|          |                 grp_reg_unsigned_short_s_fu_221                 |    12   |    0    |
|----------|-----------------------------------------------------------------|---------|---------|
|   icmp   |                         cmp10251_fu_229                         |    0    |    19   |
|          |                        icmp_ln188_fu_244                        |    0    |    19   |
|----------|-----------------------------------------------------------------|---------|---------|
|    add   |                            i_5_fu_249                           |    0    |    19   |
|----------|-----------------------------------------------------------------|---------|---------|
|    xor   |                         xor_ln216_fu_235                        |    0    |    2    |
|----------|-----------------------------------------------------------------|---------|---------|
|    and   |                         and_ln216_fu_259                        |    0    |    2    |
|----------|-----------------------------------------------------------------|---------|---------|
|  select  |                       select_ln216_fu_277                       |    0    |    2    |
|----------|-----------------------------------------------------------------|---------|---------|
|   read   |                      height_read_read_fu_98                     |    0    |    0    |
|          |                      width_read_read_fu_104                     |    0    |    0    |
|----------|-----------------------------------------------------------------|---------|---------|
|   trunc  |                        trunc_ln170_fu_203                       |    0    |    0    |
|          |                        trunc_ln171_fu_207                       |    0    |    0    |
|----------|-----------------------------------------------------------------|---------|---------|
|   Total  |                                                                 |    71   |   103   |
|----------|-----------------------------------------------------------------|---------|---------|

Memories:
N/A

* Register list:
+----------------------+--------+
|                      |   FF   |
+----------------------+--------+
|   and_ln216_reg_365  |    1   |
|  axi_data_2_reg_288  |   24   |
|axi_data_3_loc_reg_308|   24   |
|  axi_last_2_reg_122  |    1   |
|axi_last_4_loc_reg_302|    1   |
| axi_last_loc_reg_320 |    1   |
|   cmp10251_reg_349   |    1   |
|     cols_reg_341     |   12   |
|    eol_loc_reg_314   |    1   |
|       i_reg_295      |   12   |
|     rows_reg_336     |   12   |
| select_ln216_reg_376 |    1   |
|      sof_reg_110     |    1   |
|  trunc_ln170_reg_326 |   12   |
|  trunc_ln171_reg_331 |   12   |
|   xor_ln216_reg_354  |    1   |
+----------------------+--------+
|         Total        |   117  |
+----------------------+--------+

* Multiplexer (MUX) list: 
|---------------------------------------------------------------|------|------|------|--------||---------||---------||---------|
|                              Comp                             |  Pin | Size |  BW  | S x BW ||  Delay  ||    FF   ||   LUT   |
|---------------------------------------------------------------|------|------|------|--------||---------||---------||---------|
|                          sof_reg_110                          |  p0  |   2  |   1  |    2   ||    0    ||    9    |
| grp_AXIvideo2MultiPixStream_Pipeline_loop_wait_for_eol_fu_180 |  p2  |   2  |   1  |    2   ||    0    ||    9    |
|---------------------------------------------------------------|------|------|------|--------||---------||---------||---------|
|                             Total                             |      |      |      |    4   ||  0.854  ||    0    ||    18   |
|---------------------------------------------------------------|------|------|------|--------||---------||---------||---------|



* Summary:
+-----------+--------+--------+--------+
|           |  Delay |   FF   |   LUT  |
+-----------+--------+--------+--------+
|  Function |    -   |   71   |   103  |
|   Memory  |    -   |    -   |    -   |
|Multiplexer|    0   |    0   |   18   |
|  Register |    -   |   117  |    -   |
+-----------+--------+--------+--------+
|   Total   |    0   |   188  |   121  |
+-----------+--------+--------+--------+
