

================================================================
== Vitis HLS Report for 'DebayerRandBatG'
================================================================
* Date:           Mon Jun 17 21:38:18 2024

* Version:        2024.1 (Build 5069499 on May 21 2024)
* Project:        prj
* Solution:       sol (Vivado IP Flow Target)
* Product family: zynquplus
* Target device:  xck26-sfvc784-2LV-c


================================================================
== Performance Estimates
================================================================
+ Timing: 
    * Summary: 
    +--------+---------+----------+------------+
    |  Clock |  Target | Estimated| Uncertainty|
    +--------+---------+----------+------------+
    |ap_clk  |  6.73 ns|  4.788 ns|     1.82 ns|
    +--------+---------+----------+------------+

+ Latency: 
    * Summary: 
    +---------+---------+-----------+-----------+-----+---------+---------+
    |  Latency (cycles) |   Latency (absolute)  |    Interval   | Pipeline|
    |   min   |   max   |    min    |    max    | min |   max   |   Type  |
    +---------+---------+-----------+-----------+-----+---------+---------+
    |        9|  2084169|  60.606 ns|  14.035 ms|    9|  2084169|       no|
    +---------+---------+-----------+-----------+-----+---------+---------+

    + Detail: 
        * Instance: 
        +------------------------------------------------------+-------------------------------------------+---------+---------+-----------+-----------+-----+------+-----------------------------------------------+
        |                                                      |                                           |  Latency (cycles) |   Latency (absolute)  |  Interval  |                    Pipeline                   |
        |                       Instance                       |                   Module                  |   min   |   max   |    min    |    max    | min |  max |                      Type                     |
        +------------------------------------------------------+-------------------------------------------+---------+---------+-----------+-----------+-----+------+-----------------------------------------------+
        |grp_DebayerRandBatG_Pipeline_VITIS_LOOP_881_2_fu_134  |DebayerRandBatG_Pipeline_VITIS_LOOP_881_2  |        5|     1925|  33.670 ns|  12.963 us|    2|  1922|  loop auto-rewind stp(delay=0 clock cycles(s))|
        +------------------------------------------------------+-------------------------------------------+---------+---------+-----------+-----------+-----+------+-----------------------------------------------+

        * Loop: 
        +--------------------+---------+---------+----------+-----------+-----------+----------+----------+
        |                    |  Latency (cycles) | Iteration|  Initiation Interval  |   Trip   |          |
        |      Loop Name     |   min   |   max   |  Latency |  achieved |   target  |   Count  | Pipelined|
        +--------------------+---------+---------+----------+-----------+-----------+----------+----------+
        |- VITIS_LOOP_878_1  |        8|  2084168|  8 ~ 1928|          -|          -|  1 ~ 1081|        no|
        +--------------------+---------+---------+----------+-----------+-----------+----------+----------+



================================================================
== Utilization Estimates
================================================================
* Summary: 
+-----------------+---------+------+--------+--------+-----+
|       Name      | BRAM_18K|  DSP |   FF   |   LUT  | URAM|
+-----------------+---------+------+--------+--------+-----+
|DSP              |        -|     -|       -|       -|    -|
|Expression       |        -|     -|       0|     127|    -|
|FIFO             |        -|     -|       -|       -|    -|
|Instance         |        8|     -|     754|    1728|    0|
|Memory           |        -|     -|       -|       -|    -|
|Multiplexer      |        -|     -|       0|      71|    -|
|Register         |        -|     -|     312|       -|    -|
+-----------------+---------+------+--------+--------+-----+
|Total            |        8|     0|    1066|    1926|    0|
+-----------------+---------+------+--------+--------+-----+
|Available        |      288|  1248|  234240|  117120|   64|
+-----------------+---------+------+--------+--------+-----+
|Utilization (%)  |        2|     0|      ~0|       1|    0|
+-----------------+---------+------+--------+--------+-----+

+ Detail: 
    * Instance: 
    +------------------------------------------------------+-------------------------------------------+---------+----+-----+------+-----+
    |                       Instance                       |                   Module                  | BRAM_18K| DSP|  FF |  LUT | URAM|
    +------------------------------------------------------+-------------------------------------------+---------+----+-----+------+-----+
    |grp_DebayerRandBatG_Pipeline_VITIS_LOOP_881_2_fu_134  |DebayerRandBatG_Pipeline_VITIS_LOOP_881_2  |        8|   0|  754|  1728|    0|
    +------------------------------------------------------+-------------------------------------------+---------+----+-----+------+-----+
    |Total                                                 |                                           |        8|   0|  754|  1728|    0|
    +------------------------------------------------------+-------------------------------------------+---------+----+-----+------+-----+

    * DSP: 
    N/A

    * Memory: 
    N/A

    * FIFO: 
    N/A

    * Expression: 
    +----------------------+----------+----+---+----+------------+------------+
    |     Variable Name    | Operation| DSP| FF| LUT| Bitwidth P0| Bitwidth P1|
    +----------------------+----------+----+---+----+------------+------------+
    |loopHeight_fu_172_p2  |         +|   0|  0|  18|          11|           1|
    |loopWidth_fu_178_p2   |         +|   0|  0|  18|          11|           1|
    |y_6_fu_211_p2         |         +|   0|  0|  18|          11|           1|
    |cmp203_i_fu_277_p2    |      icmp|   0|  0|  18|          11|           1|
    |cmp59_i_fu_272_p2     |      icmp|   0|  0|  18|          11|          11|
    |icmp_ln878_fu_206_p2  |      icmp|   0|  0|  18|          11|          11|
    |ap_block_state1       |        or|   0|  0|   2|           1|           1|
    |tmp4_i_fu_257_p2      |       xor|   0|  0|   2|           1|           2|
    |xor_i_fu_267_p2       |       xor|   0|  0|  15|          15|          15|
    +----------------------+----------+----+---+----+------------+------------+
    |Total                 |          |   0|  0| 127|          83|          44|
    +----------------------+----------+----+---+----+------------+------------+

    * Multiplexer: 
    +--------------------+----+-----------+-----+-----------+
    |        Name        | LUT| Input Size| Bits| Total Bits|
    +--------------------+----+-----------+-----+-----------+
    |ap_NS_fsm           |  26|          5|    1|          5|
    |ap_done             |   9|          2|    1|          2|
    |bayerPhase_c_blk_n  |   9|          2|    1|          2|
    |imgRB_read          |   9|          2|    1|          2|
    |imgRgb_write        |   9|          2|    1|          2|
    |y_fu_64             |   9|          2|   11|         22|
    +--------------------+----+-----------+-----+-----------+
    |Total               |  71|         15|   16|         35|
    +--------------------+----+-----------+-----+-----------+

    * Register: 
    +-------------------------------------------------------------------+----+----+-----+-----------+
    |                                Name                               | FF | LUT| Bits| Const Bits|
    +-------------------------------------------------------------------+----+----+-----+-----------+
    |ap_CS_fsm                                                          |   4|   0|    4|          0|
    |ap_done_reg                                                        |   1|   0|    1|          0|
    |cmp203_i_reg_470                                                   |   1|   0|    1|          0|
    |cmp59_i_reg_465                                                    |   1|   0|    1|          0|
    |grp_DebayerRandBatG_Pipeline_VITIS_LOOP_881_2_fu_134_ap_start_reg  |   1|   0|    1|          0|
    |loopHeight_reg_377                                                 |  11|   0|   11|          0|
    |loopWidth_reg_382                                                  |  11|   0|   11|          0|
    |p_0_0_0116117861798_lcssa1834_i_fu_88                              |  10|   0|   10|          0|
    |p_0_0_0116117861798_lcssa1834_i_load_reg_425                       |  10|   0|   10|          0|
    |p_0_0_0116217841796_lcssa1832_i_fu_84                              |  10|   0|   10|          0|
    |p_0_0_0116217841796_lcssa1832_i_load_reg_420                       |  10|   0|   10|          0|
    |p_0_0_0116317821794_lcssa1830_i_fu_80                              |  10|   0|   10|          0|
    |p_0_0_0116317821794_lcssa1830_i_load_reg_415                       |  10|   0|   10|          0|
    |p_0_0_01183_217801810_lcssa1846_i_fu_112                           |  10|   0|   10|          0|
    |p_0_0_01183_217801810_lcssa1846_i_load_reg_455                     |  10|   0|   10|          0|
    |p_0_0_01184_217781808_lcssa1844_i_fu_108                           |  10|   0|   10|          0|
    |p_0_0_01184_217781808_lcssa1844_i_load_reg_450                     |  10|   0|   10|          0|
    |p_0_0_01185_217761806_lcssa1842_i_fu_104                           |  10|   0|   10|          0|
    |p_0_0_01185_217761806_lcssa1842_i_load_reg_445                     |  10|   0|   10|          0|
    |p_0_0_0_0_011491799_lcssa1836_i_fu_92                              |  10|   0|   10|          0|
    |p_0_0_0_0_011491799_lcssa1836_i_load_reg_430                       |  10|   0|   10|          0|
    |p_0_0_0_0_011551704_lcssa1748_i_fu_68                              |  10|   0|   10|          0|
    |p_0_0_0_0_011551704_lcssa1748_i_load_reg_400                       |  10|   0|   10|          0|
    |p_0_1_0_0_011501801_lcssa1838_i_fu_96                              |  10|   0|   10|          0|
    |p_0_1_0_0_011501801_lcssa1838_i_load_reg_435                       |  10|   0|   10|          0|
    |p_0_1_0_0_011561707_lcssa1750_i_fu_72                              |  10|   0|   10|          0|
    |p_0_1_0_0_011561707_lcssa1750_i_load_reg_405                       |  10|   0|   10|          0|
    |p_0_2_0_0_011511803_lcssa1840_i_fu_100                             |  10|   0|   10|          0|
    |p_0_2_0_0_011511803_lcssa1840_i_load_reg_440                       |  10|   0|   10|          0|
    |p_0_2_0_0_011571710_lcssa1752_i_fu_76                              |  10|   0|   10|          0|
    |p_0_2_0_0_011571710_lcssa1752_i_load_reg_410                       |  10|   0|   10|          0|
    |trunc_ln870_1_i_reg_392                                            |  15|   0|   15|          0|
    |x_phase_reg_387                                                    |   1|   0|    1|          0|
    |xor_i_reg_460                                                      |  15|   0|   15|          0|
    |y_fu_64                                                            |  11|   0|   11|          0|
    +-------------------------------------------------------------------+----+----+-----+-----------+
    |Total                                                              | 312|   0|  312|          0|
    +-------------------------------------------------------------------+----+----+-----+-----------+



================================================================
== Interface
================================================================
* Summary: 
+-----------------------------+-----+-----+------------+-----------------+--------------+
|          RTL Ports          | Dir | Bits|  Protocol  |  Source Object  |    C Type    |
+-----------------------------+-----+-----+------------+-----------------+--------------+
|ap_clk                       |   in|    1|  ap_ctrl_hs|  DebayerRandBatG|  return value|
|ap_rst                       |   in|    1|  ap_ctrl_hs|  DebayerRandBatG|  return value|
|ap_start                     |   in|    1|  ap_ctrl_hs|  DebayerRandBatG|  return value|
|ap_done                      |  out|    1|  ap_ctrl_hs|  DebayerRandBatG|  return value|
|ap_continue                  |   in|    1|  ap_ctrl_hs|  DebayerRandBatG|  return value|
|ap_idle                      |  out|    1|  ap_ctrl_hs|  DebayerRandBatG|  return value|
|ap_ready                     |  out|    1|  ap_ctrl_hs|  DebayerRandBatG|  return value|
|imgRB_dout                   |   in|   30|     ap_fifo|            imgRB|       pointer|
|imgRB_num_data_valid         |   in|    3|     ap_fifo|            imgRB|       pointer|
|imgRB_fifo_cap               |   in|    3|     ap_fifo|            imgRB|       pointer|
|imgRB_empty_n                |   in|    1|     ap_fifo|            imgRB|       pointer|
|imgRB_read                   |  out|    1|     ap_fifo|            imgRB|       pointer|
|imgRgb_din                   |  out|   30|     ap_fifo|           imgRgb|       pointer|
|imgRgb_num_data_valid        |   in|    3|     ap_fifo|           imgRgb|       pointer|
|imgRgb_fifo_cap              |   in|    3|     ap_fifo|           imgRgb|       pointer|
|imgRgb_full_n                |   in|    1|     ap_fifo|           imgRgb|       pointer|
|imgRgb_write                 |  out|    1|     ap_fifo|           imgRgb|       pointer|
|height                       |   in|   11|   ap_stable|           height|        scalar|
|width                        |   in|   11|   ap_stable|            width|        scalar|
|bayerPhase_c_dout            |   in|   16|     ap_fifo|     bayerPhase_c|       pointer|
|bayerPhase_c_num_data_valid  |   in|    3|     ap_fifo|     bayerPhase_c|       pointer|
|bayerPhase_c_fifo_cap        |   in|    3|     ap_fifo|     bayerPhase_c|       pointer|
|bayerPhase_c_empty_n         |   in|    1|     ap_fifo|     bayerPhase_c|       pointer|
|bayerPhase_c_read            |  out|    1|     ap_fifo|     bayerPhase_c|       pointer|
+-----------------------------+-----+-----+------------+-----------------+--------------+

