

================================================================
== Vitis HLS Report for 'DebayerG_Pipeline_VITIS_LOOP_318_4'
================================================================
* Date:           Mon Jun 17 21:38:16 2024

* Version:        2024.1 (Build 5069499 on May 21 2024)
* Project:        prj
* Solution:       sol (Vivado IP Flow Target)
* Product family: zynquplus
* Target device:  xck26-sfvc784-2LV-c


================================================================
== Performance Estimates
================================================================
+ Timing: 
    * Summary: 
    +--------+---------+----------+------------+
    |  Clock |  Target | Estimated| Uncertainty|
    +--------+---------+----------+------------+
    |ap_clk  |  6.73 ns|  4.854 ns|     1.82 ns|
    +--------+---------+----------+------------+

+ Latency: 
    * Summary: 
    +---------+---------+-----------+----------+-----+-------+-----------------------------------------------+
    |  Latency (cycles) |  Latency (absolute)  |   Interval  |                    Pipeline                   |
    |   min   |   max   |    min    |    max   | min |  max  |                      Type                     |
    +---------+---------+-----------+----------+-----+-------+-----------------------------------------------+
    |       13|    65548|  87.542 ns|  0.441 ms|    3|  65538|  loop auto-rewind stp(delay=0 clock cycles(s))|
    +---------+---------+-----------+----------+-----+-------+-----------------------------------------------+

    + Detail: 
        * Instance: 
        N/A

        * Loop: 
        +--------------------+---------+---------+----------+-----------+-----------+-----------+----------+
        |                    |  Latency (cycles) | Iteration|  Initiation Interval  |    Trip   |          |
        |      Loop Name     |   min   |   max   |  Latency |  achieved |   target  |   Count   | Pipelined|
        +--------------------+---------+---------+----------+-----------+-----------+-----------+----------+
        |- VITIS_LOOP_318_4  |       11|    65546|        11|          1|          1|  2 ~ 65537|       yes|
        +--------------------+---------+---------+----------+-----------+-----------+-----------+----------+



================================================================
== Utilization Estimates
================================================================
* Summary: 
+-----------------+---------+------+--------+--------+-----+
|       Name      | BRAM_18K|  DSP |   FF   |   LUT  | URAM|
+-----------------+---------+------+--------+--------+-----+
|DSP              |        -|     2|       -|       -|    -|
|Expression       |        -|     -|       0|    2921|    -|
|FIFO             |        -|     -|       -|       -|    -|
|Instance         |        -|     6|       0|      30|    -|
|Memory           |       14|     -|       0|       0|    0|
|Multiplexer      |        -|     -|       0|     682|    -|
|Register         |        -|     -|    2952|     896|    -|
+-----------------+---------+------+--------+--------+-----+
|Total            |       14|     8|    2952|    4529|    0|
+-----------------+---------+------+--------+--------+-----+
|Available        |      288|  1248|  234240|  117120|   64|
+-----------------+---------+------+--------+--------+-----+
|Utilization (%)  |        4|    ~0|       1|       3|    0|
+-----------------+---------+------+--------+--------+-----+

+ Detail: 
    * Instance: 
    +-------------------------+---------------------+---------+----+---+----+-----+
    |         Instance        |        Module       | BRAM_18K| DSP| FF| LUT| URAM|
    +-------------------------+---------------------+---------+----+---+----+-----+
    |mul_14s_10ns_24_1_1_U59  |mul_14s_10ns_24_1_1  |        0|   1|  0|   5|    0|
    |mul_14s_10ns_24_1_1_U60  |mul_14s_10ns_24_1_1  |        0|   1|  0|   5|    0|
    |mul_18s_8ns_18_1_1_U56   |mul_18s_8ns_18_1_1   |        0|   1|  0|   5|    0|
    |mul_18s_8ns_18_1_1_U57   |mul_18s_8ns_18_1_1   |        0|   1|  0|   5|    0|
    |mul_18s_9ns_18_1_1_U55   |mul_18s_9ns_18_1_1   |        0|   1|  0|   5|    0|
    |mul_18s_9ns_18_1_1_U58   |mul_18s_9ns_18_1_1   |        0|   1|  0|   5|    0|
    +-------------------------+---------------------+---------+----+---+----+-----+
    |Total                    |                     |        0|   6|  0|  30|    0|
    +-------------------------+---------------------+---------+----+---+----+-----+

    * DSP: 
    +------------------------------------+--------------------------------+--------------+
    |              Instance              |             Module             |  Expression  |
    +------------------------------------+--------------------------------+--------------+
    |mac_muladd_14s_10ns_24s_25_4_1_U61  |mac_muladd_14s_10ns_24s_25_4_1  |  i0 + i1 * i2|
    |mac_muladd_14s_10ns_24s_25_4_1_U62  |mac_muladd_14s_10ns_24s_25_4_1  |  i0 + i1 * i2|
    +------------------------------------+--------------------------------+--------------+

    * Memory: 
    +-----------------+----------------------------------------------------------------+---------+---+----+-----+------+-----+------+-------------+
    |      Memory     |                             Module                             | BRAM_18K| FF| LUT| URAM| Words| Bits| Banks| W*Bits*Banks|
    +-----------------+----------------------------------------------------------------+---------+---+----+-----+------+-----+------+-------------+
    |DIV1_TABLE_U     |DebayerG_Pipeline_VITIS_LOOP_318_4_DIV1_TABLE_ROM_AUTO_1R       |        2|  0|   0|    0|  1024|   10|     1|        10240|
    |DIV2_TABLE_U     |DebayerG_Pipeline_VITIS_LOOP_318_4_DIV2_TABLE_ROM_AUTO_1R       |        4|  0|   0|    0|  4096|   18|     1|        73728|
    |linebuf_yuv_3_U  |DebayerG_Pipeline_VITIS_LOOP_318_4_linebuf_yuv_3_RAM_AUTO_1R1W  |        2|  0|   0|    0|  1921|   10|     1|        19210|
    |linebuf_yuv_2_U  |DebayerG_Pipeline_VITIS_LOOP_318_4_linebuf_yuv_3_RAM_AUTO_1R1W  |        2|  0|   0|    0|  1921|   10|     1|        19210|
    |linebuf_yuv_1_U  |DebayerG_Pipeline_VITIS_LOOP_318_4_linebuf_yuv_3_RAM_AUTO_1R1W  |        2|  0|   0|    0|  1921|   10|     1|        19210|
    |linebuf_yuv_U    |DebayerG_Pipeline_VITIS_LOOP_318_4_linebuf_yuv_3_RAM_AUTO_1R1W  |        2|  0|   0|    0|  1921|   10|     1|        19210|
    +-----------------+----------------------------------------------------------------+---------+---+----+-----+------+-----+------+-------------+
    |Total            |                                                                |       14|  0|   0|    0| 12804|   68|     6|       160808|
    +-----------------+----------------------------------------------------------------+---------+---+----+-----+------+-----+------+-------------+

    * FIFO: 
    N/A

    * Expression: 
    +------------------------------------+----------+----+---+----+------------+------------+
    |            Variable Name           | Operation| DSP| FF| LUT| Bitwidth P0| Bitwidth P1|
    +------------------------------------+----------+----+---+----+------------+------------+
    |add_ln451_fu_1464_p2                |         +|   0|  0|  18|          11|          11|
    |add_ln453_fu_1524_p2                |         +|   0|  0|  18|          11|          11|
    |add_ln455_fu_1592_p2                |         +|   0|  0|  18|          11|          11|
    |add_ln457_fu_1648_p2                |         +|   0|  0|  18|          11|          11|
    |add_ln458_fu_1680_p2                |         +|   0|  0|  18|          11|          11|
    |add_ln459_fu_1708_p2                |         +|   0|  0|  18|          11|          11|
    |add_ln460_fu_1740_p2                |         +|   0|  0|  18|          11|          11|
    |add_ln461_fu_1768_p2                |         +|   0|  0|  18|          11|          11|
    |add_ln465_1_fu_1810_p2              |         +|   0|  0|  20|          13|          13|
    |add_ln465_fu_1800_p2                |         +|   0|  0|  20|          13|          13|
    |add_ln466_1_fu_1852_p2              |         +|   0|  0|  20|          13|          13|
    |add_ln466_fu_1842_p2                |         +|   0|  0|  20|          13|          13|
    |add_ln467_fu_1876_p2                |         +|   0|  0|  20|          13|          13|
    |add_ln468_1_fu_1910_p2              |         +|   0|  0|  20|          13|          13|
    |add_ln468_fu_1900_p2                |         +|   0|  0|  20|          13|          13|
    |add_ln476_1_fu_2463_p2              |         +|   0|  0|  20|          13|          13|
    |add_ln476_2_fu_2473_p2              |         +|   0|  0|  21|          14|          14|
    |add_ln476_fu_2453_p2                |         +|   0|  0|  20|          13|          13|
    |add_ln477_1_fu_2639_p2              |         +|   0|  0|  20|          13|          13|
    |add_ln477_2_fu_2649_p2              |         +|   0|  0|  21|          14|          14|
    |add_ln477_fu_2629_p2                |         +|   0|  0|  20|          13|          13|
    |add_ln478_1_fu_2815_p2              |         +|   0|  0|  20|          13|          13|
    |add_ln478_2_fu_2825_p2              |         +|   0|  0|  21|          14|          14|
    |add_ln478_fu_2805_p2                |         +|   0|  0|  20|          13|          13|
    |add_ln479_1_fu_2991_p2              |         +|   0|  0|  20|          13|          13|
    |add_ln479_2_fu_3001_p2              |         +|   0|  0|  21|          14|          14|
    |add_ln479_fu_2981_p2                |         +|   0|  0|  20|          13|          13|
    |add_ln483_fu_2186_p2                |         +|   0|  0|  18|          11|          11|
    |add_ln484_fu_2274_p2                |         +|   0|  0|  18|          11|          11|
    |add_ln492_1_fu_3033_p2              |         +|   0|  0|  20|          13|          13|
    |add_ln492_2_fu_3049_p2              |         +|   0|  0|  18|          11|           1|
    |add_ln492_3_fu_3059_p2              |         +|   0|  0|  20|          13|          13|
    |add_ln492_4_fu_3075_p2              |         +|   0|  0|  20|          13|          13|
    |add_ln492_5_fu_3091_p2              |         +|   0|  0|  20|          13|          13|
    |add_ln492_fu_3023_p2                |         +|   0|  0|  18|          11|           1|
    |add_ln495_1_fu_3189_p2              |         +|   0|  0|  17|          10|          10|
    |add_ln495_fu_3179_p2                |         +|   0|  0|  16|           9|           9|
    |add_ln504_2_fu_3338_p2              |         +|   0|  0|  33|          26|          26|
    |ave_1_fu_1862_p2                    |         +|   0|  0|  21|          14|          14|
    |ave_2_fu_1886_p2                    |         +|   0|  0|  21|          14|          14|
    |ave_3_fu_1920_p2                    |         +|   0|  0|  21|          14|          14|
    |ave_fu_1820_p2                      |         +|   0|  0|  21|          14|          14|
    |g_fu_3416_p2                        |         +|   0|  0|  23|          16|          16|
    |out_x_fu_978_p2                     |         +|   0|  0|  24|          17|           3|
    |sw_1_fu_3199_p2                     |         +|   0|  0|  18|          11|          11|
    |x_11_fu_964_p2                      |         +|   0|  0|  24|          17|           1|
    |K_10_fu_1750_p2                     |         -|   0|  0|  19|          12|          12|
    |K_11_fu_1778_p2                     |         -|   0|  0|  19|          12|          12|
    |K_1_fu_1474_p2                      |         -|   0|  0|  19|          12|          12|
    |K_2_fu_1506_p2                      |         -|   0|  0|  17|          12|          12|
    |K_3_fu_1534_p2                      |         -|   0|  0|  19|          12|          12|
    |K_4_fu_1566_p2                      |         -|   0|  0|  17|          12|          12|
    |K_5_fu_1602_p2                      |         -|   0|  0|  19|          12|          12|
    |K_6_fu_1626_p2                      |         -|   0|  0|  17|          12|          12|
    |K_7_fu_1658_p2                      |         -|   0|  0|  19|          12|          12|
    |K_8_fu_1690_p2                      |         -|   0|  0|  19|          12|          12|
    |K_9_fu_1718_p2                      |         -|   0|  0|  19|          12|          12|
    |K_fu_1438_p2                        |         -|   0|  0|  17|          12|          12|
    |sub_ln450_fu_1432_p2                |         -|   0|  0|  17|          12|          12|
    |sub_ln452_fu_1500_p2                |         -|   0|  0|  17|          12|          12|
    |sub_ln454_fu_1560_p2                |         -|   0|  0|  17|          12|          12|
    |sub_ln456_fu_1620_p2                |         -|   0|  0|  17|          12|          12|
    |sub_ln472_1_fu_1968_p2              |         -|   0|  0|  20|           1|          13|
    |sub_ln472_2_fu_1990_p2              |         -|   0|  0|  21|           1|          14|
    |sub_ln472_3_fu_2020_p2              |         -|   0|  0|  20|           1|          13|
    |sub_ln472_4_fu_2034_p2              |         -|   0|  0|  21|           1|          14|
    |sub_ln472_5_fu_2064_p2              |         -|   0|  0|  20|           1|          13|
    |sub_ln472_6_fu_2078_p2              |         -|   0|  0|  21|           1|          14|
    |sub_ln472_7_fu_2108_p2              |         -|   0|  0|  20|           1|          13|
    |sub_ln472_fu_1934_p2                |         -|   0|  0|  21|           1|          14|
    |sub_ln476_1_fu_2351_p2              |         -|   0|  0|  20|          13|          13|
    |sub_ln476_2_fu_2385_p2              |         -|   0|  0|  20|          13|          13|
    |sub_ln476_3_fu_2419_p2              |         -|   0|  0|  20|          13|          13|
    |sub_ln476_fu_2317_p2                |         -|   0|  0|  20|          13|          13|
    |sub_ln477_1_fu_2524_p2              |         -|   0|  0|  20|          13|          13|
    |sub_ln477_2_fu_2559_p2              |         -|   0|  0|  20|          13|          13|
    |sub_ln477_3_fu_2594_p2              |         -|   0|  0|  20|          13|          13|
    |sub_ln477_fu_2489_p2                |         -|   0|  0|  20|          13|          13|
    |sub_ln478_1_fu_2700_p2              |         -|   0|  0|  20|          13|          13|
    |sub_ln478_2_fu_2735_p2              |         -|   0|  0|  20|          13|          13|
    |sub_ln478_3_fu_2770_p2              |         -|   0|  0|  20|          13|          13|
    |sub_ln478_fu_2665_p2                |         -|   0|  0|  20|          13|          13|
    |sub_ln479_1_fu_2876_p2              |         -|   0|  0|  20|          13|          13|
    |sub_ln479_2_fu_2911_p2              |         -|   0|  0|  20|          13|          13|
    |sub_ln479_3_fu_2946_p2              |         -|   0|  0|  20|          13|          13|
    |sub_ln479_fu_2841_p2                |         -|   0|  0|  20|          13|          13|
    |sub_ln483_1_fu_2150_p2              |         -|   0|  0|  18|          11|          11|
    |sub_ln483_fu_2114_p2                |         -|   0|  0|  18|          11|          11|
    |sub_ln484_1_fu_2238_p2              |         -|   0|  0|  18|          11|          11|
    |sub_ln484_fu_2202_p2                |         -|   0|  0|  18|          11|          11|
    |sub_ln504_1_fu_3380_p2              |         -|   0|  0|  22|           1|          15|
    |sub_ln504_fu_3356_p2                |         -|   0|  0|  33|           1|          26|
    |sub_ln61_10_fu_2393_p2              |         -|   0|  0|  19|           1|          12|
    |sub_ln61_11_fu_2427_p2              |         -|   0|  0|  19|           1|          12|
    |sub_ln61_12_fu_2498_p2              |         -|   0|  0|  19|           1|          12|
    |sub_ln61_13_fu_2533_p2              |         -|   0|  0|  19|           1|          12|
    |sub_ln61_14_fu_2568_p2              |         -|   0|  0|  19|           1|          12|
    |sub_ln61_15_fu_2603_p2              |         -|   0|  0|  19|           1|          12|
    |sub_ln61_16_fu_2674_p2              |         -|   0|  0|  19|           1|          12|
    |sub_ln61_17_fu_2709_p2              |         -|   0|  0|  19|           1|          12|
    |sub_ln61_18_fu_2744_p2              |         -|   0|  0|  19|           1|          12|
    |sub_ln61_19_fu_2779_p2              |         -|   0|  0|  19|           1|          12|
    |sub_ln61_20_fu_2850_p2              |         -|   0|  0|  19|           1|          12|
    |sub_ln61_21_fu_2885_p2              |         -|   0|  0|  19|           1|          12|
    |sub_ln61_22_fu_2920_p2              |         -|   0|  0|  19|           1|          12|
    |sub_ln61_23_fu_2955_p2              |         -|   0|  0|  19|           1|          12|
    |sub_ln61_24_fu_2124_p2              |         -|   0|  0|  17|           1|          10|
    |sub_ln61_25_fu_2160_p2              |         -|   0|  0|  17|           1|          10|
    |sub_ln61_26_fu_2212_p2              |         -|   0|  0|  17|           1|          10|
    |sub_ln61_27_fu_2248_p2              |         -|   0|  0|  17|           1|          10|
    |sub_ln61_9_fu_2359_p2               |         -|   0|  0|  19|           1|          12|
    |sub_ln61_fu_2325_p2                 |         -|   0|  0|  19|           1|          12|
    |ap_block_pp0                        |       and|   0|  0|   2|           1|           1|
    |ap_block_state11_pp0_stage0_iter10  |       and|   0|  0|   2|           1|           1|
    |ap_block_state2_pp0_stage0_iter1    |       and|   0|  0|   2|           1|           1|
    |ap_condition_2659                   |       and|   0|  0|   2|           1|           1|
    |ap_condition_366                    |       and|   0|  0|   2|           1|           1|
    |ap_enable_state1_pp0_iter0_stage0   |       and|   0|  0|   2|           1|           1|
    |ap_enable_state2_pp0_iter1_stage0   |       and|   0|  0|   2|           1|           1|
    |ap_predicate_op101_load_state1      |       and|   0|  0|   2|           1|           1|
    |ap_predicate_op140_load_state2      |       and|   0|  0|   2|           1|           1|
    |ap_predicate_op145_read_state2      |       and|   0|  0|   2|           1|           1|
    |cmp147_fu_994_p2                    |      icmp|   0|  0|  24|          17|           1|
    |icmp_ln318_fu_958_p2                |      icmp|   0|  0|  24|          17|          17|
    |icmp_ln328_fu_988_p2                |      icmp|   0|  0|  24|          17|          17|
    |icmp_ln439_fu_1010_p2               |      icmp|   0|  0|  22|          15|          15|
    |icmp_ln510_fu_3473_p2               |      icmp|   0|  0|  13|           6|           1|
    |ap_block_pp0_stage0_01001           |        or|   0|  0|   2|           1|           1|
    |or_ln510_fu_3497_p2                 |        or|   0|  0|   2|           1|           1|
    |or_ln585_fu_1016_p2                 |        or|   0|  0|  17|          17|          17|
    |PixBufVal_fu_1265_p3                |    select|   0|  0|  10|           1|          10|
    |g_1_fu_3443_p3                      |    select|   0|  0|  16|           1|          16|
    |mean_1_fu_2293_p3                   |    select|   0|  0|  12|           1|          13|
    |mean_2_fu_2302_p3                   |    select|   0|  0|  12|           1|          13|
    |mean_3_fu_2311_p3                   |    select|   0|  0|  12|           1|          13|
    |mean_fu_1974_p3                     |    select|   0|  0|  12|           1|          13|
    |phi_ln509_fu_3436_p3                |    select|   0|  0|  10|           1|          10|
    |phi_ln511_fu_3448_p3                |    select|   0|  0|  10|           1|          10|
    |select_ln387_10_fu_1188_p3          |    select|   0|  0|  10|           1|          10|
    |select_ln387_11_fu_1195_p3          |    select|   0|  0|  10|           1|          10|
    |select_ln387_12_fu_1203_p3          |    select|   0|  0|  10|           1|          10|
    |select_ln387_13_fu_1211_p3          |    select|   0|  0|  10|           1|          10|
    |select_ln387_14_fu_1219_p3          |    select|   0|  0|  10|           1|          10|
    |select_ln387_15_fu_1226_p3          |    select|   0|  0|  10|           1|          10|
    |select_ln387_16_fu_1234_p3          |    select|   0|  0|  10|           1|          10|
    |select_ln387_17_fu_1242_p3          |    select|   0|  0|  10|           1|          10|
    |select_ln387_18_fu_1250_p3          |    select|   0|  0|  10|           1|          10|
    |select_ln387_19_fu_1257_p3          |    select|   0|  0|  10|           1|          10|
    |select_ln387_1_fu_1118_p3           |    select|   0|  0|  10|           1|          10|
    |select_ln387_2_fu_1126_p3           |    select|   0|  0|  10|           1|          10|
    |select_ln387_3_fu_1133_p3           |    select|   0|  0|  10|           1|          10|
    |select_ln387_4_fu_1141_p3           |    select|   0|  0|  10|           1|          10|
    |select_ln387_5_fu_1149_p3           |    select|   0|  0|  10|           1|          10|
    |select_ln387_6_fu_1157_p3           |    select|   0|  0|  10|           1|          10|
    |select_ln387_7_fu_1164_p3           |    select|   0|  0|  10|           1|          10|
    |select_ln387_8_fu_1172_p3           |    select|   0|  0|  10|           1|          10|
    |select_ln387_9_fu_1180_p3           |    select|   0|  0|  10|           1|          10|
    |select_ln387_fu_1110_p3             |    select|   0|  0|  10|           1|          10|
    |select_ln403_1_fu_1273_p3           |    select|   0|  0|  10|           1|          10|
    |select_ln403_2_fu_1281_p3           |    select|   0|  0|  10|           1|          10|
    |select_ln504_fu_3404_p3             |    select|   0|  0|  15|           1|          15|
    |select_ln507_1_fu_3429_p3           |    select|   0|  0|  10|           1|           1|
    |select_ln507_fu_3422_p3             |    select|   0|  0|  10|           1|          10|
    |select_ln510_1_fu_3489_p3           |    select|   0|  0|   2|           1|           2|
    |select_ln510_fu_3503_p3             |    select|   0|  0|  10|           1|          10|
    |select_ln61_10_fu_2758_p3           |    select|   0|  0|  11|           1|          12|
    |select_ln61_11_fu_2793_p3           |    select|   0|  0|  11|           1|          12|
    |select_ln61_12_fu_2864_p3           |    select|   0|  0|  11|           1|          12|
    |select_ln61_13_fu_2899_p3           |    select|   0|  0|  11|           1|          12|
    |select_ln61_14_fu_2934_p3           |    select|   0|  0|  11|           1|          12|
    |select_ln61_15_fu_2969_p3           |    select|   0|  0|  11|           1|          12|
    |select_ln61_16_fu_2138_p3           |    select|   0|  0|  10|           1|          10|
    |select_ln61_17_fu_2174_p3           |    select|   0|  0|  10|           1|          10|
    |select_ln61_18_fu_2226_p3           |    select|   0|  0|  10|           1|          10|
    |select_ln61_19_fu_2262_p3           |    select|   0|  0|  10|           1|          10|
    |select_ln61_1_fu_2373_p3            |    select|   0|  0|  11|           1|          12|
    |select_ln61_2_fu_2407_p3            |    select|   0|  0|  11|           1|          12|
    |select_ln61_3_fu_2441_p3            |    select|   0|  0|  11|           1|          12|
    |select_ln61_4_fu_2512_p3            |    select|   0|  0|  11|           1|          12|
    |select_ln61_5_fu_2547_p3            |    select|   0|  0|  11|           1|          12|
    |select_ln61_6_fu_2582_p3            |    select|   0|  0|  11|           1|          12|
    |select_ln61_7_fu_2617_p3            |    select|   0|  0|  11|           1|          12|
    |select_ln61_8_fu_2688_p3            |    select|   0|  0|  11|           1|          12|
    |select_ln61_9_fu_2723_p3            |    select|   0|  0|  11|           1|          12|
    |select_ln61_fu_2339_p3              |    select|   0|  0|  11|           1|          12|
    |ap_enable_pp0                       |       xor|   0|  0|   2|           1|           2|
    |xor_ln439_fu_1000_p2                |       xor|   0|  0|   2|           1|           1|
    |xor_ln510_fu_3483_p2                |       xor|   0|  0|   2|           1|           2|
    +------------------------------------+----------+----+---+----+------------+------------+
    |Total                               |          |   0|  0|2921|        1230|        2045|
    +------------------------------------+----------+----+---+----+------------+------------+

    * Multiplexer: 
    +-----------------------------------------------+----+-----------+-----+-----------+
    |                      Name                     | LUT| Input Size| Bits| Total Bits|
    +-----------------------------------------------+----+-----------+-----+-----------+
    |ap_done_int                                    |   9|          2|    1|          2|
    |ap_enable_reg_pp0_iter2                        |   9|          2|    1|          2|
    |ap_phi_mux_empty_147_phi_fu_658_p4             |  14|          3|   10|         30|
    |ap_phi_mux_empty_148_phi_fu_668_p4             |  14|          3|   10|         30|
    |ap_phi_mux_empty_150_phi_fu_678_p4             |  14|          3|   10|         30|
    |ap_phi_mux_empty_151_phi_fu_688_p4             |  14|          3|   10|         30|
    |ap_phi_mux_empty_152_phi_fu_697_p4             |  14|          3|   10|         30|
    |ap_phi_mux_empty_154_phi_fu_707_p4             |  14|          3|   10|         30|
    |ap_phi_mux_empty_155_phi_fu_716_p4             |  14|          3|   10|         30|
    |ap_phi_mux_empty_157_phi_fu_736_p4             |  14|          3|   10|         30|
    |ap_phi_mux_empty_158_phi_fu_746_p4             |  14|          3|   10|         30|
    |ap_phi_mux_empty_159_phi_fu_755_p4             |  14|          3|   10|         30|
    |ap_phi_mux_empty_161_phi_fu_765_p4             |  14|          3|   10|         30|
    |ap_phi_mux_empty_162_phi_fu_774_p4             |  14|          3|   10|         30|
    |ap_phi_mux_empty_163_phi_fu_784_p4             |  14|          3|   10|         30|
    |ap_phi_mux_empty_165_phi_fu_794_p4             |  14|          3|   10|         30|
    |ap_phi_mux_g_2_phi_fu_726_p4                   |  14|          3|   10|         30|
    |ap_phi_mux_p_0_0_03845_45013_ph_phi_fu_647_p4  |  14|          3|   10|         30|
    |ap_phi_reg_pp0_iter2_empty_149_reg_801         |  14|          3|   10|         30|
    |ap_phi_reg_pp0_iter2_empty_153_reg_810         |  14|          3|   10|         30|
    |ap_phi_reg_pp0_iter2_empty_156_reg_819         |  14|          3|   10|         30|
    |ap_phi_reg_pp0_iter2_empty_160_reg_828         |  14|          3|   10|         30|
    |ap_phi_reg_pp0_iter2_empty_164_reg_837         |  14|          3|   10|         30|
    |ap_sig_allocacmp_z                             |   9|          2|   17|         34|
    |empty_127_fu_236                               |   9|          2|   10|         20|
    |empty_128_fu_240                               |   9|          2|   10|         20|
    |empty_129_fu_244                               |   9|          2|   10|         20|
    |empty_130_fu_248                               |   9|          2|   10|         20|
    |empty_131_fu_252                               |   9|          2|   10|         20|
    |empty_132_fu_256                               |   9|          2|   10|         20|
    |empty_133_fu_260                               |   9|          2|   10|         20|
    |empty_134_fu_264                               |   9|          2|   10|         20|
    |empty_135_fu_268                               |   9|          2|   10|         20|
    |empty_136_fu_272                               |   9|          2|   10|         20|
    |empty_137_fu_276                               |   9|          2|   10|         20|
    |empty_138_fu_280                               |   9|          2|   10|         20|
    |empty_139_fu_284                               |   9|          2|   10|         20|
    |empty_140_fu_288                               |   9|          2|   10|         20|
    |empty_141_fu_292                               |   9|          2|   10|         20|
    |empty_142_fu_296                               |   9|          2|   10|         20|
    |empty_143_fu_300                               |   9|          2|   10|         20|
    |empty_144_fu_304                               |   9|          2|   10|         20|
    |empty_145_fu_308                               |   9|          2|   10|         20|
    |empty_146_fu_312                               |   9|          2|   10|         20|
    |empty_147_reg_655                              |  14|          3|   10|         30|
    |empty_148_reg_665                              |  14|          3|   10|         30|
    |empty_150_reg_675                              |  14|          3|   10|         30|
    |empty_152_reg_694                              |  14|          3|   10|         30|
    |empty_155_reg_713                              |  14|          3|   10|         30|
    |empty_157_reg_733                              |  14|          3|   10|         30|
    |empty_159_reg_752                              |  14|          3|   10|         30|
    |empty_162_reg_771                              |  14|          3|   10|         30|
    |empty_163_reg_781                              |  14|          3|   10|         30|
    |empty_165_reg_791                              |  14|          3|   10|         30|
    |g_2_reg_723                                    |  14|          3|   10|         30|
    |imgBayer_blk_n                                 |   9|          2|    1|          2|
    |imgG_blk_n                                     |   9|          2|    1|          2|
    |x_fu_232                                       |   9|          2|   17|         34|
    +-----------------------------------------------+----+-----------+-----+-----------+
    |Total                                          | 682|        148|  558|       1436|
    +-----------------------------------------------+----+-----------+-----+-----------+

    * Register: 
    +----------------------------------------+----+----+-----+-----------+
    |                  Name                  | FF | LUT| Bits| Const Bits|
    +----------------------------------------+----+----+-----+-----------+
    |SD_1_reg_4148                           |  10|   0|   10|          0|
    |SD_reg_4143                             |  10|   0|   10|          0|
    |ap_CS_fsm                               |   1|   0|    1|          0|
    |ap_done_reg                             |   1|   0|    1|          0|
    |ap_enable_reg_pp0_iter1                 |   1|   0|    1|          0|
    |ap_enable_reg_pp0_iter10                |   1|   0|    1|          0|
    |ap_enable_reg_pp0_iter2                 |   1|   0|    1|          0|
    |ap_enable_reg_pp0_iter3                 |   1|   0|    1|          0|
    |ap_enable_reg_pp0_iter4                 |   1|   0|    1|          0|
    |ap_enable_reg_pp0_iter5                 |   1|   0|    1|          0|
    |ap_enable_reg_pp0_iter6                 |   1|   0|    1|          0|
    |ap_enable_reg_pp0_iter7                 |   1|   0|    1|          0|
    |ap_enable_reg_pp0_iter8                 |   1|   0|    1|          0|
    |ap_enable_reg_pp0_iter9                 |   1|   0|    1|          0|
    |ap_loop_exit_ready_pp0_iter1_reg        |   1|   0|    1|          0|
    |ap_loop_exit_ready_pp0_iter2_reg        |   1|   0|    1|          0|
    |ap_loop_exit_ready_pp0_iter3_reg        |   1|   0|    1|          0|
    |ap_loop_exit_ready_pp0_iter4_reg        |   1|   0|    1|          0|
    |ap_loop_exit_ready_pp0_iter5_reg        |   1|   0|    1|          0|
    |ap_loop_exit_ready_pp0_iter6_reg        |   1|   0|    1|          0|
    |ap_loop_exit_ready_pp0_iter7_reg        |   1|   0|    1|          0|
    |ap_loop_exit_ready_pp0_iter8_reg        |   1|   0|    1|          0|
    |ap_loop_exit_ready_pp0_iter9_reg        |   1|   0|    1|          0|
    |ap_phi_reg_pp0_iter1_empty_149_reg_801  |  10|   0|   10|          0|
    |ap_phi_reg_pp0_iter1_empty_153_reg_810  |  10|   0|   10|          0|
    |ap_phi_reg_pp0_iter1_empty_156_reg_819  |  10|   0|   10|          0|
    |ap_phi_reg_pp0_iter1_empty_160_reg_828  |  10|   0|   10|          0|
    |ap_phi_reg_pp0_iter1_empty_164_reg_837  |  10|   0|   10|          0|
    |ap_phi_reg_pp0_iter2_empty_149_reg_801  |  10|   0|   10|          0|
    |ap_phi_reg_pp0_iter2_empty_153_reg_810  |  10|   0|   10|          0|
    |ap_phi_reg_pp0_iter2_empty_156_reg_819  |  10|   0|   10|          0|
    |ap_phi_reg_pp0_iter2_empty_160_reg_828  |  10|   0|   10|          0|
    |ap_phi_reg_pp0_iter2_empty_164_reg_837  |  10|   0|   10|          0|
    |ave_1_reg_4055                          |  14|   0|   14|          0|
    |ave_2_reg_4070                          |  14|   0|   14|          0|
    |ave_3_reg_4085                          |  14|   0|   14|          0|
    |ave_reg_4028                            |  14|   0|   14|          0|
    |cmp147_reg_3841                         |   1|   0|    1|          0|
    |empty_127_fu_236                        |  10|   0|   10|          0|
    |empty_128_fu_240                        |  10|   0|   10|          0|
    |empty_129_fu_244                        |  10|   0|   10|          0|
    |empty_130_fu_248                        |  10|   0|   10|          0|
    |empty_131_fu_252                        |  10|   0|   10|          0|
    |empty_132_fu_256                        |  10|   0|   10|          0|
    |empty_133_fu_260                        |  10|   0|   10|          0|
    |empty_134_fu_264                        |  10|   0|   10|          0|
    |empty_135_fu_268                        |  10|   0|   10|          0|
    |empty_136_fu_272                        |  10|   0|   10|          0|
    |empty_137_fu_276                        |  10|   0|   10|          0|
    |empty_138_fu_280                        |  10|   0|   10|          0|
    |empty_139_fu_284                        |  10|   0|   10|          0|
    |empty_140_fu_288                        |  10|   0|   10|          0|
    |empty_141_fu_292                        |  10|   0|   10|          0|
    |empty_142_fu_296                        |  10|   0|   10|          0|
    |empty_143_fu_300                        |  10|   0|   10|          0|
    |empty_144_fu_304                        |  10|   0|   10|          0|
    |empty_145_fu_308                        |  10|   0|   10|          0|
    |empty_146_fu_312                        |  10|   0|   10|          0|
    |empty_147_reg_655                       |  10|   0|   10|          0|
    |empty_148_reg_665                       |  10|   0|   10|          0|
    |empty_150_reg_675                       |  10|   0|   10|          0|
    |empty_152_reg_694                       |  10|   0|   10|          0|
    |empty_155_reg_713                       |  10|   0|   10|          0|
    |empty_157_reg_733                       |  10|   0|   10|          0|
    |empty_159_reg_752                       |  10|   0|   10|          0|
    |empty_162_reg_771                       |  10|   0|   10|          0|
    |empty_163_reg_781                       |  10|   0|   10|          0|
    |empty_165_reg_791                       |  10|   0|   10|          0|
    |g_2_reg_723                             |  10|   0|   10|          0|
    |g_reg_4263                              |  16|   0|   16|          0|
    |icmp_ln318_reg_3809                     |   1|   0|    1|          0|
    |icmp_ln328_reg_3813                     |   1|   0|    1|          0|
    |icmp_ln439_reg_3865                     |   1|   0|    1|          0|
    |linebuf_yuv_1_addr_reg_3823             |  11|   0|   11|          0|
    |linebuf_yuv_2_addr_reg_3829             |  11|   0|   11|          0|
    |linebuf_yuv_3_addr_reg_3835             |  11|   0|   11|          0|
    |linebuf_yuv_addr_reg_3817               |  11|   0|   11|          0|
    |lshr_ln501_1_reg_4228                   |  10|   0|   10|          0|
    |lshr_ln501_1_reg_4228_pp0_iter7_reg     |  10|   0|   10|          0|
    |lshr_ln501_2_reg_4233                   |  10|   0|   10|          0|
    |lshr_ln501_2_reg_4233_pp0_iter7_reg     |  10|   0|   10|          0|
    |mean_reg_4090                           |  13|   0|   13|          0|
    |p_load51_reg_3971                       |  10|   0|   10|          0|
    |p_load52_reg_3965                       |  10|   0|   10|          0|
    |p_load53_reg_3960                       |  10|   0|   10|          0|
    |p_load54_reg_3955                       |  10|   0|   10|          0|
    |p_load55_reg_3949                       |  10|   0|   10|          0|
    |p_load56_reg_3944                       |  10|   0|   10|          0|
    |p_load57_reg_3939                       |  10|   0|   10|          0|
    |p_load58_reg_3933                       |  10|   0|   10|          0|
    |p_load59_reg_3928                       |  10|   0|   10|          0|
    |p_load60_reg_3923                       |  10|   0|   10|          0|
    |p_load61_reg_3917                       |  10|   0|   10|          0|
    |p_load62_reg_3912                       |  10|   0|   10|          0|
    |p_load63_reg_3907                       |  10|   0|   10|          0|
    |p_load64_reg_3901                       |  10|   0|   10|          0|
    |p_load65_reg_3896                       |  10|   0|   10|          0|
    |p_load67_reg_3891                       |  10|   0|   10|          0|
    |p_load69_reg_3886                       |  10|   0|   10|          0|
    |p_load71_reg_3881                       |  10|   0|   10|          0|
    |p_load73_reg_3876                       |  10|   0|   10|          0|
    |p_load_reg_3976                         |  10|   0|   10|          0|
    |sext_ln465_1_reg_4012                   |  13|   0|   13|          0|
    |sext_ln465_2_reg_4017                   |  13|   0|   13|          0|
    |sext_ln465_3_reg_4022                   |  13|   0|   13|          0|
    |sext_ln465_reg_4006                     |  13|   0|   13|          0|
    |sext_ln466_1_reg_4038                   |  13|   0|   13|          0|
    |sext_ln466_2_reg_4044                   |  13|   0|   13|          0|
    |sext_ln466_3_reg_4050                   |  13|   0|   13|          0|
    |sext_ln466_reg_4033                     |  13|   0|   13|          0|
    |sext_ln467_1_reg_4065                   |  13|   0|   13|          0|
    |sext_ln467_reg_4060                     |  13|   0|   13|          0|
    |sext_ln468_1_reg_4080                   |  13|   0|   13|          0|
    |sext_ln468_reg_4075                     |  13|   0|   13|          0|
    |sub_ln472_3_reg_4108                    |  13|   0|   13|          0|
    |sub_ln472_5_reg_4123                    |  13|   0|   13|          0|
    |sub_ln472_7_reg_4138                    |  13|   0|   13|          0|
    |tmp_27_reg_4098                         |   1|   0|    1|          0|
    |tmp_28_reg_4113                         |   1|   0|    1|          0|
    |tmp_29_reg_4128                         |   1|   0|    1|          0|
    |tmp_53_reg_3872                         |   1|   0|    1|          0|
    |trunc_ln472_3_reg_4133                  |  12|   0|   12|          0|
    |trunc_ln472_5_reg_4103                  |  12|   0|   12|          0|
    |trunc_ln472_8_reg_4118                  |  12|   0|   12|          0|
    |var_quant_1_reg_4158                    |  10|   0|   10|          0|
    |var_quant_2_reg_4163                    |  10|   0|   10|          0|
    |var_quant_3_reg_4168                    |  10|   0|   10|          0|
    |var_quant_reg_4153                      |  10|   0|   10|          0|
    |w_3_reg_4198                            |   8|   0|    8|          0|
    |w_5_reg_4203                            |   8|   0|    8|          0|
    |w_7_reg_4208                            |   9|   0|    9|          0|
    |w_8_reg_4193                            |   9|   0|    9|          0|
    |x_fu_232                                |  17|   0|   17|          0|
    |zext_ln504_4_reg_4258                   |  10|   0|   16|          6|
    |ave_1_reg_4055                          |  64|  32|   14|          0|
    |ave_2_reg_4070                          |  64|  32|   14|          0|
    |ave_3_reg_4085                          |  64|  32|   14|          0|
    |ave_reg_4028                            |  64|  32|   14|          0|
    |g_2_reg_723                             |  64|  32|   10|          0|
    |icmp_ln318_reg_3809                     |  64|  32|    1|          0|
    |icmp_ln439_reg_3865                     |  64|  32|    1|          0|
    |p_load51_reg_3971                       |  64|  32|   10|          0|
    |p_load52_reg_3965                       |  64|  32|   10|          0|
    |p_load53_reg_3960                       |  64|  32|   10|          0|
    |p_load54_reg_3955                       |  64|  32|   10|          0|
    |p_load55_reg_3949                       |  64|  32|   10|          0|
    |p_load56_reg_3944                       |  64|  32|   10|          0|
    |p_load57_reg_3939                       |  64|  32|   10|          0|
    |p_load58_reg_3933                       |  64|  32|   10|          0|
    |p_load59_reg_3928                       |  64|  32|   10|          0|
    |p_load60_reg_3923                       |  64|  32|   10|          0|
    |p_load61_reg_3917                       |  64|  32|   10|          0|
    |p_load62_reg_3912                       |  64|  32|   10|          0|
    |p_load63_reg_3907                       |  64|  32|   10|          0|
    |p_load64_reg_3901                       |  64|  32|   10|          0|
    |p_load65_reg_3896                       |  64|  32|   10|          0|
    |p_load67_reg_3891                       |  64|  32|   10|          0|
    |p_load69_reg_3886                       |  64|  32|   10|          0|
    |p_load71_reg_3881                       |  64|  32|   10|          0|
    |p_load73_reg_3876                       |  64|  32|   10|          0|
    |p_load_reg_3976                         |  64|  32|   10|          0|
    |tmp_53_reg_3872                         |  64|  32|    1|          0|
    +----------------------------------------+----+----+-----+-----------+
    |Total                                   |2952| 896| 1435|          6|
    +----------------------------------------+----+----+-----+-----------+



================================================================
== Interface
================================================================
* Summary: 
+-------------------------+-----+-----+------------+------------------------------------+--------------+
|        RTL Ports        | Dir | Bits|  Protocol  |            Source Object           |    C Type    |
+-------------------------+-----+-----+------------+------------------------------------+--------------+
|ap_clk                   |   in|    1|  ap_ctrl_hs|  DebayerG_Pipeline_VITIS_LOOP_318_4|  return value|
|ap_rst                   |   in|    1|  ap_ctrl_hs|  DebayerG_Pipeline_VITIS_LOOP_318_4|  return value|
|ap_start                 |   in|    1|  ap_ctrl_hs|  DebayerG_Pipeline_VITIS_LOOP_318_4|  return value|
|ap_done                  |  out|    1|  ap_ctrl_hs|  DebayerG_Pipeline_VITIS_LOOP_318_4|  return value|
|ap_idle                  |  out|    1|  ap_ctrl_hs|  DebayerG_Pipeline_VITIS_LOOP_318_4|  return value|
|ap_ready                 |  out|    1|  ap_ctrl_hs|  DebayerG_Pipeline_VITIS_LOOP_318_4|  return value|
|imgBayer_dout            |   in|   10|     ap_fifo|                            imgBayer|       pointer|
|imgBayer_num_data_valid  |   in|    3|     ap_fifo|                            imgBayer|       pointer|
|imgBayer_fifo_cap        |   in|    3|     ap_fifo|                            imgBayer|       pointer|
|imgBayer_empty_n         |   in|    1|     ap_fifo|                            imgBayer|       pointer|
|imgBayer_read            |  out|    1|     ap_fifo|                            imgBayer|       pointer|
|imgG_din                 |  out|   30|     ap_fifo|                                imgG|       pointer|
|imgG_num_data_valid      |   in|    3|     ap_fifo|                                imgG|       pointer|
|imgG_fifo_cap            |   in|    3|     ap_fifo|                                imgG|       pointer|
|imgG_full_n              |   in|    1|     ap_fifo|                                imgG|       pointer|
|imgG_write               |  out|    1|     ap_fifo|                                imgG|       pointer|
|p_lcssa51995209          |   in|   10|     ap_none|                     p_lcssa51995209|        scalar|
|p_lcssa51985207          |   in|   10|     ap_none|                     p_lcssa51985207|        scalar|
|p_lcssa51975205          |   in|   10|     ap_none|                     p_lcssa51975205|        scalar|
|p_lcssa51965203          |   in|   10|     ap_none|                     p_lcssa51965203|        scalar|
|p_lcssa51955201          |   in|   10|     ap_none|                     p_lcssa51955201|        scalar|
|p_lcssa50385080          |   in|   10|     ap_none|                     p_lcssa50385080|        scalar|
|p_lcssa50375078          |   in|   10|     ap_none|                     p_lcssa50375078|        scalar|
|p_lcssa50355076          |   in|   10|     ap_none|                     p_lcssa50355076|        scalar|
|p_lcssa50345074          |   in|   10|     ap_none|                     p_lcssa50345074|        scalar|
|p_lcssa50335072          |   in|   10|     ap_none|                     p_lcssa50335072|        scalar|
|p_lcssa50315070          |   in|   10|     ap_none|                     p_lcssa50315070|        scalar|
|p_lcssa50305068          |   in|   10|     ap_none|                     p_lcssa50305068|        scalar|
|p_lcssa50295066          |   in|   10|     ap_none|                     p_lcssa50295066|        scalar|
|p_lcssa50275064          |   in|   10|     ap_none|                     p_lcssa50275064|        scalar|
|p_lcssa50265062          |   in|   10|     ap_none|                     p_lcssa50265062|        scalar|
|p_lcssa50255060          |   in|   10|     ap_none|                     p_lcssa50255060|        scalar|
|p_lcssa50235058          |   in|   10|     ap_none|                     p_lcssa50235058|        scalar|
|p_lcssa50225056          |   in|   10|     ap_none|                     p_lcssa50225056|        scalar|
|p_lcssa50215054          |   in|   10|     ap_none|                     p_lcssa50215054|        scalar|
|p_lcssa50195052          |   in|   10|     ap_none|                     p_lcssa50195052|        scalar|
|loopWidth                |   in|   17|   ap_stable|                           loopWidth|        scalar|
|empty                    |   in|    1|     ap_none|                               empty|        scalar|
|xor_r                    |   in|   15|     ap_none|                               xor_r|        scalar|
|cmp689                   |   in|    1|     ap_none|                              cmp689|        scalar|
|out_y                    |   in|   17|     ap_none|                               out_y|        scalar|
|zext_ln275               |   in|   16|   ap_stable|                          zext_ln275|        scalar|
|cmp170                   |   in|    1|     ap_none|                              cmp170|        scalar|
|cmp84                    |   in|    1|     ap_none|                               cmp84|        scalar|
|p_out                    |  out|   10|      ap_vld|                               p_out|       pointer|
|p_out_ap_vld             |  out|    1|      ap_vld|                               p_out|       pointer|
|p_out1                   |  out|   10|      ap_vld|                              p_out1|       pointer|
|p_out1_ap_vld            |  out|    1|      ap_vld|                              p_out1|       pointer|
|p_out2                   |  out|   10|      ap_vld|                              p_out2|       pointer|
|p_out2_ap_vld            |  out|    1|      ap_vld|                              p_out2|       pointer|
|p_out3                   |  out|   10|      ap_vld|                              p_out3|       pointer|
|p_out3_ap_vld            |  out|    1|      ap_vld|                              p_out3|       pointer|
|p_out4                   |  out|   10|      ap_vld|                              p_out4|       pointer|
|p_out4_ap_vld            |  out|    1|      ap_vld|                              p_out4|       pointer|
|p_out5                   |  out|   10|      ap_vld|                              p_out5|       pointer|
|p_out5_ap_vld            |  out|    1|      ap_vld|                              p_out5|       pointer|
|p_out6                   |  out|   10|      ap_vld|                              p_out6|       pointer|
|p_out6_ap_vld            |  out|    1|      ap_vld|                              p_out6|       pointer|
|p_out7                   |  out|   10|      ap_vld|                              p_out7|       pointer|
|p_out7_ap_vld            |  out|    1|      ap_vld|                              p_out7|       pointer|
|p_out8                   |  out|   10|      ap_vld|                              p_out8|       pointer|
|p_out8_ap_vld            |  out|    1|      ap_vld|                              p_out8|       pointer|
|p_out9                   |  out|   10|      ap_vld|                              p_out9|       pointer|
|p_out9_ap_vld            |  out|    1|      ap_vld|                              p_out9|       pointer|
|p_out10                  |  out|   10|      ap_vld|                             p_out10|       pointer|
|p_out10_ap_vld           |  out|    1|      ap_vld|                             p_out10|       pointer|
|p_out11                  |  out|   10|      ap_vld|                             p_out11|       pointer|
|p_out11_ap_vld           |  out|    1|      ap_vld|                             p_out11|       pointer|
|p_out12                  |  out|   10|      ap_vld|                             p_out12|       pointer|
|p_out12_ap_vld           |  out|    1|      ap_vld|                             p_out12|       pointer|
|p_out13                  |  out|   10|      ap_vld|                             p_out13|       pointer|
|p_out13_ap_vld           |  out|    1|      ap_vld|                             p_out13|       pointer|
|p_out14                  |  out|   10|      ap_vld|                             p_out14|       pointer|
|p_out14_ap_vld           |  out|    1|      ap_vld|                             p_out14|       pointer|
|p_out15                  |  out|   10|      ap_vld|                             p_out15|       pointer|
|p_out15_ap_vld           |  out|    1|      ap_vld|                             p_out15|       pointer|
|p_out16                  |  out|   10|      ap_vld|                             p_out16|       pointer|
|p_out16_ap_vld           |  out|    1|      ap_vld|                             p_out16|       pointer|
|p_out17                  |  out|   10|      ap_vld|                             p_out17|       pointer|
|p_out17_ap_vld           |  out|    1|      ap_vld|                             p_out17|       pointer|
|p_out18                  |  out|   10|      ap_vld|                             p_out18|       pointer|
|p_out18_ap_vld           |  out|    1|      ap_vld|                             p_out18|       pointer|
|p_out19                  |  out|   10|      ap_vld|                             p_out19|       pointer|
|p_out19_ap_vld           |  out|    1|      ap_vld|                             p_out19|       pointer|
+-------------------------+-----+-----+------------+------------------------------------+--------------+

