Copyright 1986-2022 Xilinx, Inc. All Rights Reserved. Copyright 2022-2024 Advanced Micro Devices, Inc. All Rights Reserved.
----------------------------------------------------------------------------------------------------------------------------------------------------------------------
| Tool Version     : Vivado v.2024.1 (win64) Build 5076996 Wed May 22 18:37:14 MDT 2024
| Date             : Mon Jun 17 21:46:52 2024
| Host             : Tey running 64-bit major release  (build 9200)
| Command          : report_power -file design_1_wrapper_power_routed.rpt -pb design_1_wrapper_power_summary_routed.pb -rpx design_1_wrapper_power_routed.rpx
| Design           : design_1_wrapper
| Device           : xck26-sfvc784-2LV-c
| Design State     : routed
| Grade            : commercial
| Process          : typical
| Characterization : Production
----------------------------------------------------------------------------------------------------------------------------------------------------------------------

Power Report

Table of Contents
-----------------
1. Summary
1.1 On-Chip Components
1.2 Power Supply Summary
1.3 Confidence Level
2. Settings
2.1 Environment
2.2 Clock Constraints
3. Detailed Reports
3.1 By Hierarchy

1. Summary
----------

+--------------------------+--------------+
| Total On-Chip Power (W)  | 3.174        |
| Design Power Budget (W)  | Unspecified* |
| Power Budget Margin (W)  | NA           |
| Dynamic (W)              | 2.870        |
| Device Static (W)        | 0.303        |
| Effective TJA (C/W)      | 2.3          |
| Max Ambient (C)          | 77.6         |
| Junction Temperature (C) | 32.4         |
| Confidence Level         | Low          |
| Setting File             | ---          |
| Simulation Activity File | ---          |
| Design Nets Matched      | NA           |
+--------------------------+--------------+
* Specify Design Power Budget using, set_operating_conditions -design_power_budget <value in Watts>


1.1 On-Chip Components
----------------------

+--------------------------+-----------+----------+-----------+-----------------+
| On-Chip                  | Power (W) | Used     | Available | Utilization (%) |
+--------------------------+-----------+----------+-----------+-----------------+
| Clocks                   |     0.075 |       12 |       --- |             --- |
| CLB Logic                |     0.075 |    49271 |       --- |             --- |
|   LUT as Logic           |     0.044 |    16263 |    117120 |           13.89 |
|   LUT as Distributed RAM |     0.020 |      742 |     57600 |            1.29 |
|   LUT as Shift Register  |     0.004 |      607 |     57600 |            1.05 |
|   Register               |     0.004 |    24312 |    234240 |           10.38 |
|   CARRY8                 |     0.002 |      390 |     14640 |            2.66 |
|   Others                 |     0.000 |     1597 |       --- |             --- |
|   F7/F8 Muxes            |     0.000 |      293 |    117120 |            0.25 |
|   BUFG                   |     0.000 |        1 |        32 |            3.13 |
| Signals                  |     0.056 |    37439 |       --- |             --- |
| Block RAM                |     0.025 |     30.5 |       144 |           21.18 |
| MMCM                     |     0.000 |        0 |       --- |             --- |
| PLL                      |     0.062 |        1 |       --- |             --- |
| DSPs                     |     0.007 |        8 |      1248 |            0.64 |
| I/O                      |     0.023 |       10 |       189 |            5.29 |
| PS8                      |     2.548 |        1 |       --- |             --- |
| Static Power             |     0.303 |          |           |                 |
|   PS Static              |     0.000 |          |           |                 |
|   PL Static              |     0.303 |          |           |                 |
| Total                    |     3.174 |          |           |                 |
+--------------------------+-----------+----------+-----------+-----------------+


1.2 Power Supply Summary
------------------------

+-----------------+-------------+-----------+-------------+------------+-------------+-------------+------------+
| Source          | Voltage (V) | Total (A) | Dynamic (A) | Static (A) | Powerup (A) | Budget (A)  | Margin (A) |
+-----------------+-------------+-----------+-------------+------------+-------------+-------------+------------+
| Vccint          |       0.720 |     0.420 |       0.329 |      0.091 |       NA    | Unspecified | NA         |
| Vccint_io       |       0.850 |     0.050 |       0.013 |      0.037 |       NA    | Unspecified | NA         |
| Vccbram         |       0.850 |     0.003 |       0.002 |      0.001 |       NA    | Unspecified | NA         |
| Vccaux          |       1.800 |     0.109 |       0.034 |      0.075 |       NA    | Unspecified | NA         |
| Vccaux_io       |       1.800 |     0.037 |       0.005 |      0.031 |       NA    | Unspecified | NA         |
| Vcco33          |       3.300 |     0.000 |       0.000 |      0.000 |       NA    | Unspecified | NA         |
| Vcco25          |       2.500 |     0.000 |       0.000 |      0.000 |       NA    | Unspecified | NA         |
| Vcco18          |       1.800 |     0.000 |       0.000 |      0.000 |       NA    | Unspecified | NA         |
| Vcco15          |       1.500 |     0.000 |       0.000 |      0.000 |       NA    | Unspecified | NA         |
| Vcco135         |       1.350 |     0.000 |       0.000 |      0.000 |       NA    | Unspecified | NA         |
| Vcco12          |       1.200 |     0.001 |       0.001 |      0.000 |       NA    | Unspecified | NA         |
| Vcco10          |       1.000 |     0.000 |       0.000 |      0.000 |       NA    | Unspecified | NA         |
| Vccadc          |       1.800 |     0.008 |       0.000 |      0.008 |       NA    | Unspecified | NA         |
| VCC_PSINTFP     |       0.850 |     0.968 |       0.968 |      0.000 |       NA    | Unspecified | NA         |
| VCC_PSINTLP     |       0.850 |     0.246 |       0.246 |      0.000 |       NA    | Unspecified | NA         |
| VPS_MGTRAVCC    |       0.850 |     0.067 |       0.067 |      0.000 |       NA    | Unspecified | NA         |
| VCC_PSINTFP_DDR |       0.850 |     0.726 |       0.726 |      0.000 |       NA    | Unspecified | NA         |
| VCC_PSPLL       |       1.200 |     0.071 |       0.071 |      0.000 |       NA    | Unspecified | NA         |
| VPS_MGTRAVTT    |       1.800 |     0.025 |       0.025 |      0.000 |       NA    | Unspecified | NA         |
| VCCO_PSDDR_504  |       1.200 |     0.592 |       0.592 |      0.000 |       NA    | Unspecified | NA         |
| VCC_PSAUX       |       1.800 |     0.000 |       0.000 |      0.000 |       NA    | Unspecified | NA         |
| VCC_PSBATT      |       1.200 |     0.000 |       0.000 |      0.000 |       NA    | Unspecified | NA         |
| VCC_PSDDR_PLL   |       1.800 |     0.000 |       0.000 |      0.000 |       NA    | Unspecified | NA         |
| VCCO_PSIO0_500  |       1.800 |     0.000 |       0.000 |      0.000 |       NA    | Unspecified | NA         |
| VCCO_PSIO1_501  |       1.800 |     0.000 |       0.000 |      0.000 |       NA    | Unspecified | NA         |
| VCCO_PSIO2_502  |       1.800 |     0.000 |       0.000 |      0.000 |       NA    | Unspecified | NA         |
| VCCO_PSIO3_503  |       1.800 |     0.000 |       0.000 |      0.000 |       NA    | Unspecified | NA         |
| VCC_PSADC       |       1.800 |     0.000 |       0.000 |      0.000 |       NA    | Unspecified | NA         |
| MGTAVcc         |       0.900 |     0.000 |       0.000 |      0.000 |       NA    | Unspecified | NA         |
| MGTAVtt         |       1.200 |     0.000 |       0.000 |      0.000 |       NA    | Unspecified | NA         |
| MGTVccaux       |       1.800 |     0.000 |       0.000 |      0.000 |       NA    | Unspecified | NA         |
+-----------------+-------------+-----------+-------------+------------+-------------+-------------+------------+


1.3 Confidence Level
--------------------

+-----------------------------+------------+--------------------------------------------------------+------------------------------------------------------------------------------------------------------------+
| User Input Data             | Confidence | Details                                                | Action                                                                                                     |
+-----------------------------+------------+--------------------------------------------------------+------------------------------------------------------------------------------------------------------------+
| Design implementation state | High       | Design is routed                                       |                                                                                                            |
| Clock nodes activity        | High       | User specified more than 95% of clocks                 |                                                                                                            |
| I/O nodes activity          | Low        | More than 75% of inputs are missing user specification | Provide missing input activity with simulation results or by editing the "By Resource Type -> I/Os" view   |
| Internal nodes activity     | Medium     | User specified less than 25% of internal nodes         | Provide missing internal nodes activity with simulation results or by editing the "By Resource Type" views |
| Device models               | High       | Device models are Production                           |                                                                                                            |
|                             |            |                                                        |                                                                                                            |
| Overall confidence level    | Low        |                                                        |                                                                                                            |
+-----------------------------+------------+--------------------------------------------------------+------------------------------------------------------------------------------------------------------------+


2. Settings
-----------

2.1 Environment
---------------

+-----------------------+--------------------------+
| Ambient Temp (C)      | 25.0                     |
| ThetaJA (C/W)         | 2.3                      |
| Airflow (LFM)         | 250                      |
| Heat Sink             | medium (Medium Profile)  |
| ThetaSA (C/W)         | 5.5                      |
| Board Selection       | medium (10"x10")         |
| # of Board Layers     | 12to15 (12 to 15 Layers) |
| Board Temperature (C) | 25.0                     |
+-----------------------+--------------------------+


2.2 Clock Constraints
---------------------

+------------------------------------------------------+-------------------------------------------------------------------------------------------------------------------------------------------------------------------------------------------------+-----------------+
| Clock                                                | Domain                                                                                                                                                                                          | Constraint (ns) |
+------------------------------------------------------+-------------------------------------------------------------------------------------------------------------------------------------------------------------------------------------------------+-----------------+
| GEN_PLL_IN_IP_USP.pll0_clkout0                       | design_1_i/mipi_csi2_rx_subsyst_0/inst/phy/inst/inst/bd_d10d_phy_0_rx_support_i/slave_rx.bd_d10d_phy_0_rx_hssio_i/inst/top_inst/clk_rst_top_inst/clk_scheme_inst/GEN_PLL_IN_IP_USP.pll0_clkout0 |             5.4 |
| clk_out1_design_1_clk_wiz_0_0                        | design_1_i/clk_wiz_0/inst/clk_out1_design_1_clk_wiz_0_0                                                                                                                                         |             6.7 |
| clk_out2_design_1_clk_wiz_0_0                        | design_1_i/clk_wiz_0/inst/clk_out2_design_1_clk_wiz_0_0                                                                                                                                         |             5.0 |
| clk_pl_0                                             | design_1_i/zynq_ultra_ps_e_0/inst/pl_clk_unbuffered[0]                                                                                                                                          |             4.7 |
| clkoutphy_out                                        | design_1_i/mipi_csi2_rx_subsyst_0/inst/phy/inst/inst/bd_d10d_phy_0_rx_support_i/slave_rx.bd_d10d_phy_0_rx_hssio_i/inst/top_inst/clk_rst_top_inst/clk_scheme_inst/shared_pll0_clkoutphy_out      |             0.7 |
| clkoutphy_out_DIV                                    | design_1_i/mipi_csi2_rx_subsyst_0/inst/phy/inst/inst/bd_d10d_phy_0_rx_support_i/slave_rx.bd_d10d_phy_0_rx_hssio_i/inst/top_inst/bs_ctrl_top_inst/n0_tx_bit_ctrl_out0[26]                        |             5.4 |
| som240_1_connector_mipi_csi_isp_clk_p                | som240_1_connector_mipi_csi_isp_clk_p                                                                                                                                                           |             1.4 |
| som240_1_connector_mipi_csi_isp_clk_p_FIFO_WRCLK_OUT | design_1_i/mipi_csi2_rx_subsyst_0/inst/phy/inst/inst/bd_d10d_phy_0_rx_support_i/slave_rx.bd_d10d_phy_0_rx_hssio_i/inst/top_inst/bs_top_inst/u_rx_bs/fifo_wr_clk_0                               |             5.6 |
+------------------------------------------------------+-------------------------------------------------------------------------------------------------------------------------------------------------------------------------------------------------+-----------------+


3. Detailed Reports
-------------------

3.1 By Hierarchy
----------------

+----------------------------+-----------+
| Name                       | Power (W) |
+----------------------------+-----------+
| design_1_wrapper           |     2.870 |
|   design_1_i               |     2.870 |
|     axi_interconnect_0     |     0.016 |
|       s00_couplers         |     0.007 |
|       s01_couplers         |     0.006 |
|       xbar                 |     0.003 |
|     axi_vdma_0             |     0.015 |
|       U0                   |     0.015 |
|     mipi_csi2_rx_subsyst_0 |     0.119 |
|       inst                 |     0.119 |
|     proc_sys_reset_3       |     0.002 |
|       U0                   |     0.002 |
|     smartconnect_0         |     0.044 |
|       inst                 |     0.044 |
|     v_axi4s_vid_out_0      |     0.004 |
|       inst                 |     0.004 |
|     v_demosaic_0           |     0.088 |
|       inst                 |     0.088 |
|     v_gamma_lut_0          |     0.009 |
|       inst                 |     0.009 |
|     v_tc_0                 |     0.016 |
|       U0                   |     0.016 |
|     v_tpg_0                |     0.008 |
|       inst                 |     0.008 |
|     zynq_ultra_ps_e_0      |     2.550 |
|       inst                 |     2.550 |
+----------------------------+-----------+


