==============================================================
Vitis HLS - High-Level Synthesis from C, C++ and OpenCL v2024.1 (64-bit)
Tool Version Limit: 2024.05
Copyright 1986-2022 Xilinx, Inc. All Rights Reserved.
Copyright 2022-2024 Advanced Micro Devices, Inc. All Rights Reserved.

==============================================================
INFO: [HLS 200-1505] Using default flow_target 'vivado'
INFO: [HLS 200-1510] Running: set_part xck26-sfvc784-2lv-c 
INFO: [HLS 200-1611] Setting target device to 'xck26-sfvc784-2LV-c'
INFO: [HLS 200-1510] Running: add_files -cflags  -I f:/Projects/Vivado/project_4/project_4.gen/sources_1/bd/kria_starter_kit/ip/kria_starter_kit_v_gamma_lut_0_0/src/hls -I f:/Projects/Vivado/project_4/project_4.gen/sources_1/bd/kria_starter_kit/ip/kria_starter_kit_v_gamma_lut_0_0/src  f:/Projects/Vivado/project_4/project_4.gen/sources_1/bd/kria_starter_kit/ip/kria_starter_kit_v_gamma_lut_0_0/src/v_gamma_lut_config.h 
INFO: [HLS 200-10] Adding design file 'f:/Projects/Vivado/project_4/project_4.gen/sources_1/bd/kria_starter_kit/ip/kria_starter_kit_v_gamma_lut_0_0/src/v_gamma_lut_config.h' to the project
INFO: [HLS 200-1510] Running: add_files -cflags  -I f:/Projects/Vivado/project_4/project_4.gen/sources_1/bd/kria_starter_kit/ip/kria_starter_kit_v_gamma_lut_0_0/src/hls -I f:/Projects/Vivado/project_4/project_4.gen/sources_1/bd/kria_starter_kit/ip/kria_starter_kit_v_gamma_lut_0_0/src  f:/Projects/Vivado/project_4/project_4.gen/sources_1/bd/kria_starter_kit/ip/kria_starter_kit_v_gamma_lut_0_0/src/v_gamma_lut.cpp 
INFO: [HLS 200-10] Adding design file 'f:/Projects/Vivado/project_4/project_4.gen/sources_1/bd/kria_starter_kit/ip/kria_starter_kit_v_gamma_lut_0_0/src/v_gamma_lut.cpp' to the project
INFO: [HLS 200-1510] Running: add_files -cflags  -I f:/Projects/Vivado/project_4/project_4.gen/sources_1/bd/kria_starter_kit/ip/kria_starter_kit_v_gamma_lut_0_0/src/hls -I f:/Projects/Vivado/project_4/project_4.gen/sources_1/bd/kria_starter_kit/ip/kria_starter_kit_v_gamma_lut_0_0/src  f:/Projects/Vivado/project_4/project_4.gen/sources_1/bd/kria_starter_kit/ip/kria_starter_kit_v_gamma_lut_0_0/src/v_gamma_lut.h 
INFO: [HLS 200-10] Adding design file 'f:/Projects/Vivado/project_4/project_4.gen/sources_1/bd/kria_starter_kit/ip/kria_starter_kit_v_gamma_lut_0_0/src/v_gamma_lut.h' to the project
INFO: [HLS 200-1510] Running: add_files -cflags  -I f:/Projects/Vivado/project_4/project_4.gen/sources_1/bd/kria_starter_kit/ip/kria_starter_kit_v_gamma_lut_0_0/src/hls -I f:/Projects/Vivado/project_4/project_4.gen/sources_1/bd/kria_starter_kit/ip/kria_starter_kit_v_gamma_lut_0_0/src  f:/Projects/Vivado/project_4/project_4.gen/sources_1/bd/kria_starter_kit/ip/kria_starter_kit_v_gamma_lut_0_0/src/hls_video.h 
INFO: [HLS 200-10] Adding design file 'f:/Projects/Vivado/project_4/project_4.gen/sources_1/bd/kria_starter_kit/ip/kria_starter_kit_v_gamma_lut_0_0/src/hls_video.h' to the project
INFO: [HLS 200-1510] Running: add_files -cflags  -I f:/Projects/Vivado/project_4/project_4.gen/sources_1/bd/kria_starter_kit/ip/kria_starter_kit_v_gamma_lut_0_0/src/hls -I f:/Projects/Vivado/project_4/project_4.gen/sources_1/bd/kria_starter_kit/ip/kria_starter_kit_v_gamma_lut_0_0/src  f:/Projects/Vivado/project_4/project_4.gen/sources_1/bd/kria_starter_kit/ip/kria_starter_kit_v_gamma_lut_0_0/src/hls_opencv.h 
INFO: [HLS 200-10] Adding design file 'f:/Projects/Vivado/project_4/project_4.gen/sources_1/bd/kria_starter_kit/ip/kria_starter_kit_v_gamma_lut_0_0/src/hls_opencv.h' to the project
INFO: [HLS 200-1510] Running: add_files -cflags  -I f:/Projects/Vivado/project_4/project_4.gen/sources_1/bd/kria_starter_kit/ip/kria_starter_kit_v_gamma_lut_0_0/src/hls -I f:/Projects/Vivado/project_4/project_4.gen/sources_1/bd/kria_starter_kit/ip/kria_starter_kit_v_gamma_lut_0_0/src  f:/Projects/Vivado/project_4/project_4.gen/sources_1/bd/kria_starter_kit/ip/kria_starter_kit_v_gamma_lut_0_0/src/hls/hls_axi_io.h 
INFO: [HLS 200-10] Adding design file 'f:/Projects/Vivado/project_4/project_4.gen/sources_1/bd/kria_starter_kit/ip/kria_starter_kit_v_gamma_lut_0_0/src/hls/hls_axi_io.h' to the project
INFO: [HLS 200-1510] Running: add_files -cflags  -I f:/Projects/Vivado/project_4/project_4.gen/sources_1/bd/kria_starter_kit/ip/kria_starter_kit_v_gamma_lut_0_0/src/hls -I f:/Projects/Vivado/project_4/project_4.gen/sources_1/bd/kria_starter_kit/ip/kria_starter_kit_v_gamma_lut_0_0/src  f:/Projects/Vivado/project_4/project_4.gen/sources_1/bd/kria_starter_kit/ip/kria_starter_kit_v_gamma_lut_0_0/src/hls/hls_video_arithm.h 
INFO: [HLS 200-10] Adding design file 'f:/Projects/Vivado/project_4/project_4.gen/sources_1/bd/kria_starter_kit/ip/kria_starter_kit_v_gamma_lut_0_0/src/hls/hls_video_arithm.h' to the project
INFO: [HLS 200-1510] Running: add_files -cflags  -I f:/Projects/Vivado/project_4/project_4.gen/sources_1/bd/kria_starter_kit/ip/kria_starter_kit_v_gamma_lut_0_0/src/hls -I f:/Projects/Vivado/project_4/project_4.gen/sources_1/bd/kria_starter_kit/ip/kria_starter_kit_v_gamma_lut_0_0/src  f:/Projects/Vivado/project_4/project_4.gen/sources_1/bd/kria_starter_kit/ip/kria_starter_kit_v_gamma_lut_0_0/src/hls/hls_video_core.h 
INFO: [HLS 200-10] Adding design file 'f:/Projects/Vivado/project_4/project_4.gen/sources_1/bd/kria_starter_kit/ip/kria_starter_kit_v_gamma_lut_0_0/src/hls/hls_video_core.h' to the project
INFO: [HLS 200-1510] Running: add_files -cflags  -I f:/Projects/Vivado/project_4/project_4.gen/sources_1/bd/kria_starter_kit/ip/kria_starter_kit_v_gamma_lut_0_0/src/hls -I f:/Projects/Vivado/project_4/project_4.gen/sources_1/bd/kria_starter_kit/ip/kria_starter_kit_v_gamma_lut_0_0/src  f:/Projects/Vivado/project_4/project_4.gen/sources_1/bd/kria_starter_kit/ip/kria_starter_kit_v_gamma_lut_0_0/src/hls/hls_video_fast.h 
INFO: [HLS 200-10] Adding design file 'f:/Projects/Vivado/project_4/project_4.gen/sources_1/bd/kria_starter_kit/ip/kria_starter_kit_v_gamma_lut_0_0/src/hls/hls_video_fast.h' to the project
INFO: [HLS 200-1510] Running: add_files -cflags  -I f:/Projects/Vivado/project_4/project_4.gen/sources_1/bd/kria_starter_kit/ip/kria_starter_kit_v_gamma_lut_0_0/src/hls -I f:/Projects/Vivado/project_4/project_4.gen/sources_1/bd/kria_starter_kit/ip/kria_starter_kit_v_gamma_lut_0_0/src  f:/Projects/Vivado/project_4/project_4.gen/sources_1/bd/kria_starter_kit/ip/kria_starter_kit_v_gamma_lut_0_0/src/hls/hls_video_haar.h 
INFO: [HLS 200-10] Adding design file 'f:/Projects/Vivado/project_4/project_4.gen/sources_1/bd/kria_starter_kit/ip/kria_starter_kit_v_gamma_lut_0_0/src/hls/hls_video_haar.h' to the project
INFO: [HLS 200-1510] Running: add_files -cflags  -I f:/Projects/Vivado/project_4/project_4.gen/sources_1/bd/kria_starter_kit/ip/kria_starter_kit_v_gamma_lut_0_0/src/hls -I f:/Projects/Vivado/project_4/project_4.gen/sources_1/bd/kria_starter_kit/ip/kria_starter_kit_v_gamma_lut_0_0/src  f:/Projects/Vivado/project_4/project_4.gen/sources_1/bd/kria_starter_kit/ip/kria_starter_kit_v_gamma_lut_0_0/src/hls/hls_video_harris.h 
INFO: [HLS 200-10] Adding design file 'f:/Projects/Vivado/project_4/project_4.gen/sources_1/bd/kria_starter_kit/ip/kria_starter_kit_v_gamma_lut_0_0/src/hls/hls_video_harris.h' to the project
INFO: [HLS 200-1510] Running: add_files -cflags  -I f:/Projects/Vivado/project_4/project_4.gen/sources_1/bd/kria_starter_kit/ip/kria_starter_kit_v_gamma_lut_0_0/src/hls -I f:/Projects/Vivado/project_4/project_4.gen/sources_1/bd/kria_starter_kit/ip/kria_starter_kit_v_gamma_lut_0_0/src  f:/Projects/Vivado/project_4/project_4.gen/sources_1/bd/kria_starter_kit/ip/kria_starter_kit_v_gamma_lut_0_0/src/hls/hls_video_histogram.h 
INFO: [HLS 200-10] Adding design file 'f:/Projects/Vivado/project_4/project_4.gen/sources_1/bd/kria_starter_kit/ip/kria_starter_kit_v_gamma_lut_0_0/src/hls/hls_video_histogram.h' to the project
INFO: [HLS 200-1510] Running: add_files -cflags  -I f:/Projects/Vivado/project_4/project_4.gen/sources_1/bd/kria_starter_kit/ip/kria_starter_kit_v_gamma_lut_0_0/src/hls -I f:/Projects/Vivado/project_4/project_4.gen/sources_1/bd/kria_starter_kit/ip/kria_starter_kit_v_gamma_lut_0_0/src  f:/Projects/Vivado/project_4/project_4.gen/sources_1/bd/kria_starter_kit/ip/kria_starter_kit_v_gamma_lut_0_0/src/hls/hls_video_hough.h 
INFO: [HLS 200-10] Adding design file 'f:/Projects/Vivado/project_4/project_4.gen/sources_1/bd/kria_starter_kit/ip/kria_starter_kit_v_gamma_lut_0_0/src/hls/hls_video_hough.h' to the project
INFO: [HLS 200-1510] Running: add_files -cflags  -I f:/Projects/Vivado/project_4/project_4.gen/sources_1/bd/kria_starter_kit/ip/kria_starter_kit_v_gamma_lut_0_0/src/hls -I f:/Projects/Vivado/project_4/project_4.gen/sources_1/bd/kria_starter_kit/ip/kria_starter_kit_v_gamma_lut_0_0/src  f:/Projects/Vivado/project_4/project_4.gen/sources_1/bd/kria_starter_kit/ip/kria_starter_kit_v_gamma_lut_0_0/src/hls/hls_video_imgbase.h 
INFO: [HLS 200-10] Adding design file 'f:/Projects/Vivado/project_4/project_4.gen/sources_1/bd/kria_starter_kit/ip/kria_starter_kit_v_gamma_lut_0_0/src/hls/hls_video_imgbase.h' to the project
INFO: [HLS 200-1510] Running: add_files -cflags  -I f:/Projects/Vivado/project_4/project_4.gen/sources_1/bd/kria_starter_kit/ip/kria_starter_kit_v_gamma_lut_0_0/src/hls -I f:/Projects/Vivado/project_4/project_4.gen/sources_1/bd/kria_starter_kit/ip/kria_starter_kit_v_gamma_lut_0_0/src  f:/Projects/Vivado/project_4/project_4.gen/sources_1/bd/kria_starter_kit/ip/kria_starter_kit_v_gamma_lut_0_0/src/hls/hls_video_imgproc.h 
INFO: [HLS 200-10] Adding design file 'f:/Projects/Vivado/project_4/project_4.gen/sources_1/bd/kria_starter_kit/ip/kria_starter_kit_v_gamma_lut_0_0/src/hls/hls_video_imgproc.h' to the project
INFO: [HLS 200-1510] Running: add_files -cflags  -I f:/Projects/Vivado/project_4/project_4.gen/sources_1/bd/kria_starter_kit/ip/kria_starter_kit_v_gamma_lut_0_0/src/hls -I f:/Projects/Vivado/project_4/project_4.gen/sources_1/bd/kria_starter_kit/ip/kria_starter_kit_v_gamma_lut_0_0/src  f:/Projects/Vivado/project_4/project_4.gen/sources_1/bd/kria_starter_kit/ip/kria_starter_kit_v_gamma_lut_0_0/src/hls/hls_video_io.h 
INFO: [HLS 200-10] Adding design file 'f:/Projects/Vivado/project_4/project_4.gen/sources_1/bd/kria_starter_kit/ip/kria_starter_kit_v_gamma_lut_0_0/src/hls/hls_video_io.h' to the project
INFO: [HLS 200-1510] Running: add_files -cflags  -I f:/Projects/Vivado/project_4/project_4.gen/sources_1/bd/kria_starter_kit/ip/kria_starter_kit_v_gamma_lut_0_0/src/hls -I f:/Projects/Vivado/project_4/project_4.gen/sources_1/bd/kria_starter_kit/ip/kria_starter_kit_v_gamma_lut_0_0/src  f:/Projects/Vivado/project_4/project_4.gen/sources_1/bd/kria_starter_kit/ip/kria_starter_kit_v_gamma_lut_0_0/src/hls/hls_video_mem.h 
INFO: [HLS 200-10] Adding design file 'f:/Projects/Vivado/project_4/project_4.gen/sources_1/bd/kria_starter_kit/ip/kria_starter_kit_v_gamma_lut_0_0/src/hls/hls_video_mem.h' to the project
INFO: [HLS 200-1510] Running: add_files -cflags  -I f:/Projects/Vivado/project_4/project_4.gen/sources_1/bd/kria_starter_kit/ip/kria_starter_kit_v_gamma_lut_0_0/src/hls -I f:/Projects/Vivado/project_4/project_4.gen/sources_1/bd/kria_starter_kit/ip/kria_starter_kit_v_gamma_lut_0_0/src  f:/Projects/Vivado/project_4/project_4.gen/sources_1/bd/kria_starter_kit/ip/kria_starter_kit_v_gamma_lut_0_0/src/hls/hls_video_stereobm.h 
INFO: [HLS 200-10] Adding design file 'f:/Projects/Vivado/project_4/project_4.gen/sources_1/bd/kria_starter_kit/ip/kria_starter_kit_v_gamma_lut_0_0/src/hls/hls_video_stereobm.h' to the project
INFO: [HLS 200-1510] Running: add_files -cflags  -I f:/Projects/Vivado/project_4/project_4.gen/sources_1/bd/kria_starter_kit/ip/kria_starter_kit_v_gamma_lut_0_0/src/hls -I f:/Projects/Vivado/project_4/project_4.gen/sources_1/bd/kria_starter_kit/ip/kria_starter_kit_v_gamma_lut_0_0/src  f:/Projects/Vivado/project_4/project_4.gen/sources_1/bd/kria_starter_kit/ip/kria_starter_kit_v_gamma_lut_0_0/src/hls/hls_video_types.h 
INFO: [HLS 200-10] Adding design file 'f:/Projects/Vivado/project_4/project_4.gen/sources_1/bd/kria_starter_kit/ip/kria_starter_kit_v_gamma_lut_0_0/src/hls/hls_video_types.h' to the project
INFO: [HLS 200-1510] Running: add_files -cflags  -I f:/Projects/Vivado/project_4/project_4.gen/sources_1/bd/kria_starter_kit/ip/kria_starter_kit_v_gamma_lut_0_0/src/hls -I f:/Projects/Vivado/project_4/project_4.gen/sources_1/bd/kria_starter_kit/ip/kria_starter_kit_v_gamma_lut_0_0/src  f:/Projects/Vivado/project_4/project_4.gen/sources_1/bd/kria_starter_kit/ip/kria_starter_kit_v_gamma_lut_0_0/src/hls/hls_video_undistort.h 
INFO: [HLS 200-10] Adding design file 'f:/Projects/Vivado/project_4/project_4.gen/sources_1/bd/kria_starter_kit/ip/kria_starter_kit_v_gamma_lut_0_0/src/hls/hls_video_undistort.h' to the project
INFO: [HLS 200-1510] Running: create_clock -period 3.390 -name ap_clk 
INFO: [SYN 201-201] Setting up clock 'ap_clk' with a period of 3.39ns.
INFO: [HLS 200-1510] Running: config_rtl -module_prefix kria_starter_kit_v_gamma_lut_0_0_ 
INFO: [HLS 200-1510] Running: config_export -vendor xilinx.com -library ip -version 1.1 
INFO: [HLS 200-1510] Running: csynth_design 
INFO: [HLS 200-111] Finished File checks and directory preparation: CPU user time: 0 seconds. CPU system time: 0 seconds. Elapsed time: 0.085 seconds; current allocated memory: 235.238 MB.
INFO: [HLS 200-10] Analyzing design file '../../project_4.gen/sources_1/bd/kria_starter_kit/ip/kria_starter_kit_v_gamma_lut_0_0/src/v_gamma_lut.cpp' ... 
WARNING: [HLS 214-114] Since the only kind of statements allowed in a canonical dataflow region are variable declarations and function calls, the compiler may not be able to correctly handle the region (F:/Projects/Vivado/project_4/project_4.runs/kria_starter_kit_v_gamma_lut_0_0_synth_1/prj/sol/.autopilot/db/v_gamma_lut.cpp:138:9)
WARNING: [HLS 200-471] Dataflow form checks found 1 issue(s) in file ../../project_4.gen/sources_1/bd/kria_starter_kit/ip/kria_starter_kit_v_gamma_lut_0_0/src/v_gamma_lut.cpp
INFO: [HLS 200-111] Finished Source Code Analysis and Preprocessing: CPU user time: 4 seconds. CPU system time: 0 seconds. Elapsed time: 31.341 seconds; current allocated memory: 254.102 MB.
INFO: [HLS 200-777] Using interface defaults for 'Vivado' flow target.
INFO: [HLS 200-1995] There were 1,715 instructions in the design after the 'Compile/Link' phase of compilation. See the Design Size Report for more details: F:/Projects/Vivado/project_4/project_4.runs/kria_starter_kit_v_gamma_lut_0_0_synth_1/prj/sol/syn/report/csynth_design_size.rpt
INFO: [HLS 200-1995] There were 609 instructions in the design after the 'Unroll/Inline (step 1)' phase of compilation. See the Design Size Report for more details: F:/Projects/Vivado/project_4/project_4.runs/kria_starter_kit_v_gamma_lut_0_0_synth_1/prj/sol/syn/report/csynth_design_size.rpt
INFO: [HLS 200-1995] There were 400 instructions in the design after the 'Unroll/Inline (step 2)' phase of compilation. See the Design Size Report for more details: F:/Projects/Vivado/project_4/project_4.runs/kria_starter_kit_v_gamma_lut_0_0_synth_1/prj/sol/syn/report/csynth_design_size.rpt
INFO: [HLS 200-1995] There were 427 instructions in the design after the 'Unroll/Inline (step 3)' phase of compilation. See the Design Size Report for more details: F:/Projects/Vivado/project_4/project_4.runs/kria_starter_kit_v_gamma_lut_0_0_synth_1/prj/sol/syn/report/csynth_design_size.rpt
INFO: [HLS 200-1995] There were 427 instructions in the design after the 'Unroll/Inline (step 4)' phase of compilation. See the Design Size Report for more details: F:/Projects/Vivado/project_4/project_4.runs/kria_starter_kit_v_gamma_lut_0_0_synth_1/prj/sol/syn/report/csynth_design_size.rpt
INFO: [HLS 200-1995] There were 356 instructions in the design after the 'Array/Struct (step 1)' phase of compilation. See the Design Size Report for more details: F:/Projects/Vivado/project_4/project_4.runs/kria_starter_kit_v_gamma_lut_0_0_synth_1/prj/sol/syn/report/csynth_design_size.rpt
INFO: [HLS 200-1995] There were 356 instructions in the design after the 'Array/Struct (step 2)' phase of compilation. See the Design Size Report for more details: F:/Projects/Vivado/project_4/project_4.runs/kria_starter_kit_v_gamma_lut_0_0_synth_1/prj/sol/syn/report/csynth_design_size.rpt
INFO: [HLS 200-1995] There were 362 instructions in the design after the 'Array/Struct (step 3)' phase of compilation. See the Design Size Report for more details: F:/Projects/Vivado/project_4/project_4.runs/kria_starter_kit_v_gamma_lut_0_0_synth_1/prj/sol/syn/report/csynth_design_size.rpt
INFO: [HLS 200-1995] There were 436 instructions in the design after the 'Array/Struct (step 4)' phase of compilation. See the Design Size Report for more details: F:/Projects/Vivado/project_4/project_4.runs/kria_starter_kit_v_gamma_lut_0_0_synth_1/prj/sol/syn/report/csynth_design_size.rpt
INFO: [HLS 200-1995] There were 495 instructions in the design after the 'Array/Struct (step 5)' phase of compilation. See the Design Size Report for more details: F:/Projects/Vivado/project_4/project_4.runs/kria_starter_kit_v_gamma_lut_0_0_synth_1/prj/sol/syn/report/csynth_design_size.rpt
INFO: [HLS 200-1995] There were 509 instructions in the design after the 'Performance (step 1)' phase of compilation. See the Design Size Report for more details: F:/Projects/Vivado/project_4/project_4.runs/kria_starter_kit_v_gamma_lut_0_0_synth_1/prj/sol/syn/report/csynth_design_size.rpt
INFO: [HLS 200-1995] There were 488 instructions in the design after the 'Performance (step 2)' phase of compilation. See the Design Size Report for more details: F:/Projects/Vivado/project_4/project_4.runs/kria_starter_kit_v_gamma_lut_0_0_synth_1/prj/sol/syn/report/csynth_design_size.rpt
INFO: [HLS 200-1995] There were 407 instructions in the design after the 'Performance (step 3)' phase of compilation. See the Design Size Report for more details: F:/Projects/Vivado/project_4/project_4.runs/kria_starter_kit_v_gamma_lut_0_0_synth_1/prj/sol/syn/report/csynth_design_size.rpt
INFO: [HLS 200-1995] There were 407 instructions in the design after the 'Performance (step 4)' phase of compilation. See the Design Size Report for more details: F:/Projects/Vivado/project_4/project_4.runs/kria_starter_kit_v_gamma_lut_0_0_synth_1/prj/sol/syn/report/csynth_design_size.rpt
INFO: [HLS 200-1995] There were 348 instructions in the design after the 'HW Transforms (step 1)' phase of compilation. See the Design Size Report for more details: F:/Projects/Vivado/project_4/project_4.runs/kria_starter_kit_v_gamma_lut_0_0_synth_1/prj/sol/syn/report/csynth_design_size.rpt
INFO: [HLS 200-1995] There were 354 instructions in the design after the 'HW Transforms (step 2)' phase of compilation. See the Design Size Report for more details: F:/Projects/Vivado/project_4/project_4.runs/kria_starter_kit_v_gamma_lut_0_0_synth_1/prj/sol/syn/report/csynth_design_size.rpt
INFO: [HLS 214-131] Inlining function 'void hls::AXIGetBitFields<24, ap_uint<8> >(ap_uint<24>, int, int, ap_uint<8>&)' into 'void hls::AXIGetBitFields<24, ap_uint<8> >(hls::axis<ap_uint<24>, 1ul, 1ul, 1ul, (unsigned char)56, false>, int, int, ap_uint<8>&)' (f:/Projects/Vivado/project_4/project_4.gen/sources_1/bd/kria_starter_kit/ip/kria_starter_kit_v_gamma_lut_0_0/src/hls/hls_axi_io.h:85:2)
INFO: [HLS 214-131] Inlining function 'hls::Scalar<3, ap_uint<8> >::Scalar()' into 'AXIvideo2MultiPixStream(hls::stream<hls::axis<ap_uint<24>, 1ul, 1ul, 1ul, (unsigned char)56, false>, 0>&, hls::stream<hls::Scalar<3, ap_uint<8> >, 0>&, unsigned short&, unsigned short&)' (F:/Projects/Vivado/project_4/project_4.runs/kria_starter_kit_v_gamma_lut_0_0_synth_1/prj/sol/.autopilot/db/v_gamma_lut.cpp:167:21)
INFO: [HLS 214-131] Inlining function 'void hls::AXIGetBitFields<24, ap_uint<8> >(hls::axis<ap_uint<24>, 1ul, 1ul, 1ul, (unsigned char)56, false>, int, int, ap_uint<8>&)' into 'AXIvideo2MultiPixStream(hls::stream<hls::axis<ap_uint<24>, 1ul, 1ul, 1ul, (unsigned char)56, false>, 0>&, hls::stream<hls::Scalar<3, ap_uint<8> >, 0>&, unsigned short&, unsigned short&)' (F:/Projects/Vivado/project_4/project_4.runs/kria_starter_kit_v_gamma_lut_0_0_synth_1/prj/sol/.autopilot/db/v_gamma_lut.cpp:209:21)
INFO: [HLS 214-131] Inlining function 'hls::Scalar<3, ap_uint<8> >::Scalar()' into 'Gamma(hls::stream<hls::Scalar<3, ap_uint<8> >, 0>&, hls::stream<hls::Scalar<3, ap_uint<8> >, 0>&, unsigned short&, unsigned short&, unsigned short*, unsigned short*, unsigned short*)' (F:/Projects/Vivado/project_4/project_4.runs/kria_starter_kit_v_gamma_lut_0_0_synth_1/prj/sol/.autopilot/db/v_gamma_lut.cpp:305:21)
INFO: [HLS 214-131] Inlining function 'hls::Scalar<3, ap_uint<8> >::Scalar()' into 'Gamma(hls::stream<hls::Scalar<3, ap_uint<8> >, 0>&, hls::stream<hls::Scalar<3, ap_uint<8> >, 0>&, unsigned short&, unsigned short&, unsigned short*, unsigned short*, unsigned short*)' (F:/Projects/Vivado/project_4/project_4.runs/kria_starter_kit_v_gamma_lut_0_0_synth_1/prj/sol/.autopilot/db/v_gamma_lut.cpp:306:21)
INFO: [HLS 214-131] Inlining function 'hls::Scalar<3, ap_uint<8> >::Scalar()' into 'MultiPixStream2AXIvideo(hls::stream<hls::Scalar<3, ap_uint<8> >, 0>&, hls::stream<hls::axis<ap_uint<24>, 1ul, 1ul, 1ul, (unsigned char)56, false>, 0>&, unsigned short&, unsigned short&)' (F:/Projects/Vivado/project_4/project_4.runs/kria_starter_kit_v_gamma_lut_0_0_synth_1/prj/sol/.autopilot/db/v_gamma_lut.cpp:243:21)
INFO: [HLS 214-377] Adding 'pix' into disaggregation list because there's array-partition pragma applied on the struct field (f:/Projects/Vivado/project_4/project_4.gen/sources_1/bd/kria_starter_kit/ip/kria_starter_kit_v_gamma_lut_0_0/src/hls/hls_video_core.h:197:9)
INFO: [HLS 214-377] Adding 'dstpix' into disaggregation list because there's array-partition pragma applied on the struct field (f:/Projects/Vivado/project_4/project_4.gen/sources_1/bd/kria_starter_kit/ip/kria_starter_kit_v_gamma_lut_0_0/src/hls/hls_video_core.h:197:9)
INFO: [HLS 214-377] Adding 'srcpix' into disaggregation list because there's array-partition pragma applied on the struct field (f:/Projects/Vivado/project_4/project_4.gen/sources_1/bd/kria_starter_kit/ip/kria_starter_kit_v_gamma_lut_0_0/src/hls/hls_video_core.h:197:9)
INFO: [HLS 214-210] Disaggregating variable 'pix' (F:/Projects/Vivado/project_4/project_4.runs/kria_starter_kit_v_gamma_lut_0_0_synth_1/prj/sol/.autopilot/db/v_gamma_lut.cpp:167:21)
INFO: [HLS 214-210] Disaggregating variable 'dstpix' (F:/Projects/Vivado/project_4/project_4.runs/kria_starter_kit_v_gamma_lut_0_0_synth_1/prj/sol/.autopilot/db/v_gamma_lut.cpp:306:21)
INFO: [HLS 214-210] Disaggregating variable 'srcpix' (F:/Projects/Vivado/project_4/project_4.runs/kria_starter_kit_v_gamma_lut_0_0_synth_1/prj/sol/.autopilot/db/v_gamma_lut.cpp:305:21)
INFO: [HLS 214-210] Disaggregating variable 'pix' (F:/Projects/Vivado/project_4/project_4.runs/kria_starter_kit_v_gamma_lut_0_0_synth_1/prj/sol/.autopilot/db/v_gamma_lut.cpp:243:21)
INFO: [HLS 214-291] Loop 'VITIS_LOOP_276_3' is marked as complete unroll implied by the pipeline pragma (F:/Projects/Vivado/project_4/project_4.runs/kria_starter_kit_v_gamma_lut_0_0_synth_1/prj/sol/.autopilot/db/v_gamma_lut.cpp:276:31)
INFO: [HLS 214-291] Loop 'VITIS_LOOP_278_4' is marked as complete unroll implied by the pipeline pragma (F:/Projects/Vivado/project_4/project_4.runs/kria_starter_kit_v_gamma_lut_0_0_synth_1/prj/sol/.autopilot/db/v_gamma_lut.cpp:278:35)
INFO: [HLS 214-291] Loop 'VITIS_LOOP_335_5' is marked as complete unroll implied by the pipeline pragma (F:/Projects/Vivado/project_4/project_4.runs/kria_starter_kit_v_gamma_lut_0_0_synth_1/prj/sol/.autopilot/db/v_gamma_lut.cpp:335:31)
INFO: [HLS 214-291] Loop 'VITIS_LOOP_205_1' is marked as complete unroll implied by the pipeline pragma (F:/Projects/Vivado/project_4/project_4.runs/kria_starter_kit_v_gamma_lut_0_0_synth_1/prj/sol/.autopilot/db/v_gamma_lut.cpp:205:31)
INFO: [HLS 214-291] Loop 'VITIS_LOOP_207_2' is marked as complete unroll implied by the pipeline pragma (F:/Projects/Vivado/project_4/project_4.runs/kria_starter_kit_v_gamma_lut_0_0_synth_1/prj/sol/.autopilot/db/v_gamma_lut.cpp:207:35)
INFO: [HLS 214-186] Unrolling loop 'VITIS_LOOP_276_3' (F:/Projects/Vivado/project_4/project_4.runs/kria_starter_kit_v_gamma_lut_0_0_synth_1/prj/sol/.autopilot/db/v_gamma_lut.cpp:276:31) in function 'MultiPixStream2AXIvideo' completely with a factor of 1 (F:/Projects/Vivado/project_4/project_4.runs/kria_starter_kit_v_gamma_lut_0_0_synth_1/prj/sol/.autopilot/db/v_gamma_lut.cpp:241:0)
INFO: [HLS 214-186] Unrolling loop 'VITIS_LOOP_278_4' (F:/Projects/Vivado/project_4/project_4.runs/kria_starter_kit_v_gamma_lut_0_0_synth_1/prj/sol/.autopilot/db/v_gamma_lut.cpp:278:35) in function 'MultiPixStream2AXIvideo' completely with a factor of 3 (F:/Projects/Vivado/project_4/project_4.runs/kria_starter_kit_v_gamma_lut_0_0_synth_1/prj/sol/.autopilot/db/v_gamma_lut.cpp:241:0)
INFO: [HLS 214-186] Unrolling loop 'VITIS_LOOP_335_5' (F:/Projects/Vivado/project_4/project_4.runs/kria_starter_kit_v_gamma_lut_0_0_synth_1/prj/sol/.autopilot/db/v_gamma_lut.cpp:335:31) in function 'Gamma' completely with a factor of 1 (F:/Projects/Vivado/project_4/project_4.runs/kria_starter_kit_v_gamma_lut_0_0_synth_1/prj/sol/.autopilot/db/v_gamma_lut.cpp:302:0)
INFO: [HLS 214-186] Unrolling loop 'VITIS_LOOP_205_1' (F:/Projects/Vivado/project_4/project_4.runs/kria_starter_kit_v_gamma_lut_0_0_synth_1/prj/sol/.autopilot/db/v_gamma_lut.cpp:205:31) in function 'AXIvideo2MultiPixStream' completely with a factor of 1 (F:/Projects/Vivado/project_4/project_4.runs/kria_starter_kit_v_gamma_lut_0_0_synth_1/prj/sol/.autopilot/db/v_gamma_lut.cpp:164:0)
INFO: [HLS 214-186] Unrolling loop 'VITIS_LOOP_207_2' (F:/Projects/Vivado/project_4/project_4.runs/kria_starter_kit_v_gamma_lut_0_0_synth_1/prj/sol/.autopilot/db/v_gamma_lut.cpp:207:35) in function 'AXIvideo2MultiPixStream' completely with a factor of 3 (F:/Projects/Vivado/project_4/project_4.runs/kria_starter_kit_v_gamma_lut_0_0_synth_1/prj/sol/.autopilot/db/v_gamma_lut.cpp:164:0)
INFO: [HLS 214-241] Aggregating fifo (hls::stream) variable 'imgRgb' with compact=bit mode in 24-bits (F:/Projects/Vivado/project_4/project_4.runs/kria_starter_kit_v_gamma_lut_0_0_synth_1/prj/sol/.autopilot/db/v_gamma_lut.cpp:136:19)
INFO: [HLS 214-241] Aggregating fifo (hls::stream) variable 'imgGamma' with compact=bit mode in 24-bits (F:/Projects/Vivado/project_4/project_4.runs/kria_starter_kit_v_gamma_lut_0_0_synth_1/prj/sol/.autopilot/db/v_gamma_lut.cpp:136:27)
INFO: [HLS 214-376] automatically set the pipeline for Loop< VITIS_LOOP_315_1> at F:/Projects/Vivado/project_4/project_4.runs/kria_starter_kit_v_gamma_lut_0_0_synth_1/prj/sol/.autopilot/db/v_gamma_lut.cpp:315:23 
INFO: [HLS 200-111] Finished Compiling Optimization and Transform: CPU user time: 0 seconds. CPU system time: 0 seconds. Elapsed time: 8.74 seconds; current allocated memory: 255.785 MB.
INFO: [HLS 200-111] Finished Checking Pragmas: CPU user time: 0 seconds. CPU system time: 0 seconds. Elapsed time: 0.003 seconds; current allocated memory: 255.805 MB.
INFO: [HLS 200-10] Starting code transformations ...
INFO: [HLS 200-111] Finished Standard Transforms: CPU user time: 0 seconds. CPU system time: 0 seconds. Elapsed time: 0.11 seconds; current allocated memory: 261.227 MB.
INFO: [HLS 200-10] Checking synthesizability ...
INFO: [HLS 200-111] Finished Checking Synthesizability: CPU user time: 1 seconds. CPU system time: 0 seconds. Elapsed time: 0.055 seconds; current allocated memory: 263.840 MB.
WARNING: [XFORM 203-561] Updating loop upper bound from 65535 to 3840 for loop 'VITIS_LOOP_258_2' (F:/Projects/Vivado/project_4/project_4.runs/kria_starter_kit_v_gamma_lut_0_0_synth_1/prj/sol/.autopilot/db/v_gamma_lut.cpp:258:43) in function 'MultiPixStream2AXIvideo'.
WARNING: [XFORM 203-561] Ignored invalid trip count directive (MAX (= 3840) < AVE (= 32767)) for loop 'VITIS_LOOP_258_2' (F:/Projects/Vivado/project_4/project_4.runs/kria_starter_kit_v_gamma_lut_0_0_synth_1/prj/sol/.autopilot/db/v_gamma_lut.cpp:258:43) in function 'MultiPixStream2AXIvideo'.
WARNING: [XFORM 203-561] Updating loop upper bound from 65535 to 2160 for loop 'VITIS_LOOP_256_1' (F:/Projects/Vivado/project_4/project_4.runs/kria_starter_kit_v_gamma_lut_0_0_synth_1/prj/sol/.autopilot/db/v_gamma_lut.cpp:256:39) in function 'MultiPixStream2AXIvideo'.
WARNING: [XFORM 203-561] Ignored invalid trip count directive (MAX (= 2160) < AVE (= 32767)) for loop 'VITIS_LOOP_256_1' (F:/Projects/Vivado/project_4/project_4.runs/kria_starter_kit_v_gamma_lut_0_0_synth_1/prj/sol/.autopilot/db/v_gamma_lut.cpp:256:39) in function 'MultiPixStream2AXIvideo'.
WARNING: [XFORM 203-561] Updating loop upper bound from 65535 to 3840 for loop 'VITIS_LOOP_327_4' (F:/Projects/Vivado/project_4/project_4.runs/kria_starter_kit_v_gamma_lut_0_0_synth_1/prj/sol/.autopilot/db/v_gamma_lut.cpp:303:11) in function 'Gamma'.
WARNING: [XFORM 203-561] Ignored invalid trip count directive (MAX (= 3840) < AVE (= 32767)) for loop 'VITIS_LOOP_327_4' (F:/Projects/Vivado/project_4/project_4.runs/kria_starter_kit_v_gamma_lut_0_0_synth_1/prj/sol/.autopilot/db/v_gamma_lut.cpp:303:11) in function 'Gamma'.
WARNING: [XFORM 203-561] Updating loop upper bound from 65535 to 2160 for loop 'VITIS_LOOP_325_3' (F:/Projects/Vivado/project_4/project_4.runs/kria_starter_kit_v_gamma_lut_0_0_synth_1/prj/sol/.autopilot/db/v_gamma_lut.cpp:303:9) in function 'Gamma'.
WARNING: [XFORM 203-561] Ignored invalid trip count directive (MAX (= 2160) < AVE (= 32767)) for loop 'VITIS_LOOP_325_3' (F:/Projects/Vivado/project_4/project_4.runs/kria_starter_kit_v_gamma_lut_0_0_synth_1/prj/sol/.autopilot/db/v_gamma_lut.cpp:303:9) in function 'Gamma'.
WARNING: [XFORM 203-561] Updating loop upper bound from 65535 to 3840 for loop 'loop_width' (F:/Projects/Vivado/project_4/project_4.runs/kria_starter_kit_v_gamma_lut_0_0_synth_1/prj/sol/.autopilot/db/v_gamma_lut.cpp:166:30) in function 'AXIvideo2MultiPixStream'.
WARNING: [XFORM 203-561] Ignored invalid trip count directive (MAX (= 3840) < AVE (= 32767)) for loop 'loop_width' (F:/Projects/Vivado/project_4/project_4.runs/kria_starter_kit_v_gamma_lut_0_0_synth_1/prj/sol/.autopilot/db/v_gamma_lut.cpp:166:30) in function 'AXIvideo2MultiPixStream'.
WARNING: [XFORM 203-561] Updating loop upper bound from 65535 to 2160 for loop 'loop_height' (F:/Projects/Vivado/project_4/project_4.runs/kria_starter_kit_v_gamma_lut_0_0_synth_1/prj/sol/.autopilot/db/v_gamma_lut.cpp:166:30) in function 'AXIvideo2MultiPixStream'.
WARNING: [XFORM 203-561] Ignored invalid trip count directive (MAX (= 2160) < AVE (= 32767)) for loop 'loop_height' (F:/Projects/Vivado/project_4/project_4.runs/kria_starter_kit_v_gamma_lut_0_0_synth_1/prj/sol/.autopilot/db/v_gamma_lut.cpp:166:30) in function 'AXIvideo2MultiPixStream'.
INFO: [XFORM 203-102] Partitioning array 'lut_0' (F:/Projects/Vivado/project_4/project_4.runs/kria_starter_kit_v_gamma_lut_0_0_synth_1/prj/sol/.autopilot/db/v_gamma_lut.cpp:307) in dimension 2 automatically.
INFO: [XFORM 203-102] Partitioning array 'lut_1' (F:/Projects/Vivado/project_4/project_4.runs/kria_starter_kit_v_gamma_lut_0_0_synth_1/prj/sol/.autopilot/db/v_gamma_lut.cpp:308) in dimension 2 automatically.
INFO: [XFORM 203-102] Partitioning array 'lut_2' (F:/Projects/Vivado/project_4/project_4.runs/kria_starter_kit_v_gamma_lut_0_0_synth_1/prj/sol/.autopilot/db/v_gamma_lut.cpp:309) in dimension 2 automatically.
INFO: [XFORM 203-712] Applying dataflow to function 'v_gamma_lut' (F:/Projects/Vivado/project_4/project_4.runs/kria_starter_kit_v_gamma_lut_0_0_synth_1/prj/sol/.autopilot/db/v_gamma_lut.cpp:89:1), detected/extracted 5 process function(s): 
	 'Block_entry.split.split.split_proc'
	 'Block_entry.split.split.split.split.split.split_proc'
	 'AXIvideo2MultiPixStream'
	 'Gamma'
	 'MultiPixStream2AXIvideo'.
INFO: [HLS 200-111] Finished Loop, function and other optimizations: CPU user time: 0 seconds. CPU system time: 0 seconds. Elapsed time: 1.824 seconds; current allocated memory: 287.289 MB.
WARNING: [HLS 200-1449] Process Gamma has both a predecessor and reads an input from its caller (see the GUI dataflow viewer). This may lead to lower throughput. Consider copying this input via a predecessor process.
INFO: [HLS 200-111] Finished Architecture Synthesis: CPU user time: 0 seconds. CPU system time: 0 seconds. Elapsed time: 0.163 seconds; current allocated memory: 368.434 MB.
INFO: [HLS 200-10] Starting hardware synthesis ...
INFO: [HLS 200-10] Synthesizing 'v_gamma_lut' ...
WARNING: [SYN 201-103] Legalizing function name 'reg<unsigned short>' to 'reg_unsigned_short_s'.
INFO: [HLS 200-10] ----------------------------------------------------------------
INFO: [HLS 200-42] -- Implementing module 'reg_unsigned_short_s' 
INFO: [HLS 200-10] ----------------------------------------------------------------
INFO: [SCHED 204-11] Starting scheduling ...
INFO: [SCHED 204-61] Pipelining function 'reg<unsigned short>'.
INFO: [HLS 200-1470] Pipelining result : Target II = 1, Final II = 1, Depth = 2, function 'reg<unsigned short>'
INFO: [SCHED 204-11] Finished scheduling.
INFO: [HLS 200-111] Finished Scheduling: CPU user time: 0 seconds. CPU system time: 0 seconds. Elapsed time: 0.637 seconds; current allocated memory: 372.062 MB.
INFO: [BIND 205-100] Starting micro-architecture generation ...
INFO: [BIND 205-101] Performing variable lifetime analysis.
INFO: [BIND 205-101] Exploring resource sharing.
INFO: [BIND 205-101] Binding ...
INFO: [BIND 205-100] Finished micro-architecture generation.
INFO: [HLS 200-111] Finished Binding: CPU user time: 0 seconds. CPU system time: 0 seconds. Elapsed time: 0.053 seconds; current allocated memory: 373.168 MB.
INFO: [HLS 200-10] ----------------------------------------------------------------
INFO: [HLS 200-42] -- Implementing module 'AXIvideo2MultiPixStream_Pipeline_loop_wait_for_start' 
INFO: [HLS 200-10] ----------------------------------------------------------------
INFO: [SCHED 204-11] Starting scheduling ...
INFO: [SCHED 204-61] Pipelining loop 'loop_wait_for_start'.
INFO: [HLS 200-1470] Pipelining result : Target II = 1, Final II = 1, Depth = 1, loop 'loop_wait_for_start'
INFO: [SCHED 204-11] Finished scheduling.
INFO: [HLS 200-111] Finished Scheduling: CPU user time: 0 seconds. CPU system time: 0 seconds. Elapsed time: 0.078 seconds; current allocated memory: 373.383 MB.
INFO: [BIND 205-100] Starting micro-architecture generation ...
INFO: [BIND 205-101] Performing variable lifetime analysis.
INFO: [BIND 205-101] Exploring resource sharing.
INFO: [BIND 205-101] Binding ...
INFO: [BIND 205-100] Finished micro-architecture generation.
INFO: [HLS 200-111] Finished Binding: CPU user time: 0 seconds. CPU system time: 0 seconds. Elapsed time: 0.05 seconds; current allocated memory: 373.742 MB.
INFO: [HLS 200-10] ----------------------------------------------------------------
INFO: [HLS 200-42] -- Implementing module 'AXIvideo2MultiPixStream_Pipeline_loop_width' 
INFO: [HLS 200-10] ----------------------------------------------------------------
INFO: [SCHED 204-11] Starting scheduling ...
INFO: [SCHED 204-61] Pipelining loop 'loop_width'.
INFO: [HLS 200-1470] Pipelining result : Target II = 1, Final II = 1, Depth = 2, loop 'loop_width'
INFO: [SCHED 204-11] Finished scheduling.
INFO: [HLS 200-111] Finished Scheduling: CPU user time: 0 seconds. CPU system time: 0 seconds. Elapsed time: 0.072 seconds; current allocated memory: 373.902 MB.
INFO: [BIND 205-100] Starting micro-architecture generation ...
INFO: [BIND 205-101] Performing variable lifetime analysis.
INFO: [BIND 205-101] Exploring resource sharing.
INFO: [BIND 205-101] Binding ...
INFO: [BIND 205-100] Finished micro-architecture generation.
INFO: [HLS 200-111] Finished Binding: CPU user time: 0 seconds. CPU system time: 0 seconds. Elapsed time: 0.051 seconds; current allocated memory: 373.918 MB.
INFO: [HLS 200-10] ----------------------------------------------------------------
INFO: [HLS 200-42] -- Implementing module 'AXIvideo2MultiPixStream_Pipeline_loop_wait_for_eol' 
INFO: [HLS 200-10] ----------------------------------------------------------------
INFO: [SCHED 204-11] Starting scheduling ...
INFO: [SCHED 204-61] Pipelining loop 'loop_wait_for_eol'.
INFO: [HLS 200-1470] Pipelining result : Target II = 1, Final II = 1, Depth = 1, loop 'loop_wait_for_eol'
INFO: [SCHED 204-11] Finished scheduling.
INFO: [HLS 200-111] Finished Scheduling: CPU user time: 0 seconds. CPU system time: 0 seconds. Elapsed time: 0.066 seconds; current allocated memory: 373.977 MB.
INFO: [BIND 205-100] Starting micro-architecture generation ...
INFO: [BIND 205-101] Performing variable lifetime analysis.
INFO: [BIND 205-101] Exploring resource sharing.
INFO: [BIND 205-101] Binding ...
INFO: [BIND 205-100] Finished micro-architecture generation.
INFO: [HLS 200-111] Finished Binding: CPU user time: 0 seconds. CPU system time: 0 seconds. Elapsed time: 0.046 seconds; current allocated memory: 374.004 MB.
INFO: [HLS 200-10] ----------------------------------------------------------------
INFO: [HLS 200-42] -- Implementing module 'AXIvideo2MultiPixStream' 
INFO: [HLS 200-10] ----------------------------------------------------------------
INFO: [SCHED 204-11] Starting scheduling ...
INFO: [SCHED 204-11] Finished scheduling.
INFO: [HLS 200-111] Finished Scheduling: CPU user time: 0 seconds. CPU system time: 0 seconds. Elapsed time: 0.055 seconds; current allocated memory: 374.168 MB.
INFO: [BIND 205-100] Starting micro-architecture generation ...
INFO: [BIND 205-101] Performing variable lifetime analysis.
INFO: [BIND 205-101] Exploring resource sharing.
INFO: [BIND 205-101] Binding ...
INFO: [BIND 205-100] Finished micro-architecture generation.
INFO: [HLS 200-111] Finished Binding: CPU user time: 0 seconds. CPU system time: 0 seconds. Elapsed time: 0.05 seconds; current allocated memory: 374.492 MB.
INFO: [HLS 200-10] ----------------------------------------------------------------
INFO: [HLS 200-42] -- Implementing module 'Gamma_Pipeline_VITIS_LOOP_315_1' 
INFO: [HLS 200-10] ----------------------------------------------------------------
INFO: [SCHED 204-11] Starting scheduling ...
INFO: [SCHED 204-61] Pipelining loop 'VITIS_LOOP_315_1'.
INFO: [HLS 200-1470] Pipelining result : Target II = NA, Final II = 1, Depth = 2, loop 'VITIS_LOOP_315_1'
INFO: [SCHED 204-11] Finished scheduling.
INFO: [HLS 200-111] Finished Scheduling: CPU user time: 0 seconds. CPU system time: 0 seconds. Elapsed time: 0.085 seconds; current allocated memory: 374.930 MB.
INFO: [BIND 205-100] Starting micro-architecture generation ...
INFO: [BIND 205-101] Performing variable lifetime analysis.
INFO: [BIND 205-101] Exploring resource sharing.
INFO: [BIND 205-101] Binding ...
INFO: [BIND 205-100] Finished micro-architecture generation.
INFO: [HLS 200-111] Finished Binding: CPU user time: 0 seconds. CPU system time: 0 seconds. Elapsed time: 0.05 seconds; current allocated memory: 375.074 MB.
INFO: [HLS 200-10] ----------------------------------------------------------------
INFO: [HLS 200-42] -- Implementing module 'Gamma_Pipeline_VITIS_LOOP_327_4' 
INFO: [HLS 200-10] ----------------------------------------------------------------
INFO: [SCHED 204-11] Starting scheduling ...
INFO: [SCHED 204-61] Pipelining loop 'VITIS_LOOP_327_4'.
INFO: [HLS 200-1470] Pipelining result : Target II = NA, Final II = 1, Depth = 3, loop 'VITIS_LOOP_327_4'
INFO: [SCHED 204-11] Finished scheduling.
INFO: [HLS 200-111] Finished Scheduling: CPU user time: 0 seconds. CPU system time: 0 seconds. Elapsed time: 0.395 seconds; current allocated memory: 375.359 MB.
INFO: [BIND 205-100] Starting micro-architecture generation ...
INFO: [BIND 205-101] Performing variable lifetime analysis.
INFO: [BIND 205-101] Exploring resource sharing.
INFO: [BIND 205-101] Binding ...
INFO: [BIND 205-100] Finished micro-architecture generation.
INFO: [HLS 200-111] Finished Binding: CPU user time: 0 seconds. CPU system time: 0 seconds. Elapsed time: 0.049 seconds; current allocated memory: 375.527 MB.
INFO: [HLS 200-10] ----------------------------------------------------------------
INFO: [HLS 200-42] -- Implementing module 'Gamma' 
INFO: [HLS 200-10] ----------------------------------------------------------------
INFO: [SCHED 204-11] Starting scheduling ...
INFO: [SCHED 204-11] Finished scheduling.
INFO: [HLS 200-111] Finished Scheduling: CPU user time: 0 seconds. CPU system time: 0 seconds. Elapsed time: 0.051 seconds; current allocated memory: 375.812 MB.
INFO: [BIND 205-100] Starting micro-architecture generation ...
INFO: [BIND 205-101] Performing variable lifetime analysis.
INFO: [BIND 205-101] Exploring resource sharing.
INFO: [BIND 205-101] Binding ...
INFO: [BIND 205-100] Finished micro-architecture generation.
INFO: [HLS 200-111] Finished Binding: CPU user time: 0 seconds. CPU system time: 0 seconds. Elapsed time: 0.053 seconds; current allocated memory: 375.863 MB.
INFO: [HLS 200-10] ----------------------------------------------------------------
INFO: [HLS 200-42] -- Implementing module 'MultiPixStream2AXIvideo_Pipeline_VITIS_LOOP_258_2' 
INFO: [HLS 200-10] ----------------------------------------------------------------
INFO: [SCHED 204-11] Starting scheduling ...
INFO: [SCHED 204-61] Pipelining loop 'VITIS_LOOP_258_2'.
INFO: [HLS 200-1470] Pipelining result : Target II = 1, Final II = 1, Depth = 2, loop 'VITIS_LOOP_258_2'
INFO: [SCHED 204-11] Finished scheduling.
INFO: [HLS 200-111] Finished Scheduling: CPU user time: 0 seconds. CPU system time: 0 seconds. Elapsed time: 0.068 seconds; current allocated memory: 376.207 MB.
INFO: [BIND 205-100] Starting micro-architecture generation ...
INFO: [BIND 205-101] Performing variable lifetime analysis.
INFO: [BIND 205-101] Exploring resource sharing.
INFO: [BIND 205-101] Binding ...
INFO: [BIND 205-100] Finished micro-architecture generation.
INFO: [HLS 200-111] Finished Binding: CPU user time: 0 seconds. CPU system time: 0 seconds. Elapsed time: 0.052 seconds; current allocated memory: 376.277 MB.
INFO: [HLS 200-10] ----------------------------------------------------------------
INFO: [HLS 200-42] -- Implementing module 'MultiPixStream2AXIvideo' 
INFO: [HLS 200-10] ----------------------------------------------------------------
INFO: [SCHED 204-11] Starting scheduling ...
INFO: [SCHED 204-11] Finished scheduling.
INFO: [HLS 200-111] Finished Scheduling: CPU user time: 1 seconds. CPU system time: 0 seconds. Elapsed time: 0.057 seconds; current allocated memory: 376.539 MB.
INFO: [BIND 205-100] Starting micro-architecture generation ...
INFO: [BIND 205-101] Performing variable lifetime analysis.
INFO: [BIND 205-101] Exploring resource sharing.
INFO: [BIND 205-101] Binding ...
INFO: [BIND 205-100] Finished micro-architecture generation.
INFO: [HLS 200-111] Finished Binding: CPU user time: 0 seconds. CPU system time: 0 seconds. Elapsed time: 0.051 seconds; current allocated memory: 376.789 MB.
INFO: [HLS 200-10] ----------------------------------------------------------------
INFO: [HLS 200-42] -- Implementing module 'v_gamma_lut' 
INFO: [HLS 200-10] ----------------------------------------------------------------
INFO: [SCHED 204-11] Starting scheduling ...
INFO: [SCHED 204-11] Finished scheduling.
INFO: [HLS 200-111] Finished Scheduling: CPU user time: 0 seconds. CPU system time: 0 seconds. Elapsed time: 0.054 seconds; current allocated memory: 376.836 MB.
INFO: [BIND 205-100] Starting micro-architecture generation ...
INFO: [BIND 205-101] Performing variable lifetime analysis.
INFO: [BIND 205-101] Exploring resource sharing.
INFO: [BIND 205-101] Binding ...
INFO: [BIND 205-100] Finished micro-architecture generation.
INFO: [HLS 200-111] Finished Binding: CPU user time: 0 seconds. CPU system time: 0 seconds. Elapsed time: 0.052 seconds; current allocated memory: 376.953 MB.
INFO: [HLS 200-10] ----------------------------------------------------------------
INFO: [HLS 200-10] -- Generating RTL for module 'reg_unsigned_short_s' 
INFO: [HLS 200-10] ----------------------------------------------------------------
INFO: [HLS 200-1030] Apply Unified Pipeline Control on module 'reg_unsigned_short_s' pipeline 'reg<unsigned short>' pipeline type 'function pipeline'
INFO: [RTGEN 206-100] Finished creating RTL model for 'reg_unsigned_short_s'.
INFO: [HLS 200-111] Finished Creating RTL model: CPU user time: 0 seconds. CPU system time: 0 seconds. Elapsed time: 0.07 seconds; current allocated memory: 378.375 MB.
INFO: [HLS 200-10] ----------------------------------------------------------------
INFO: [HLS 200-10] -- Generating RTL for module 'AXIvideo2MultiPixStream_Pipeline_loop_wait_for_start' 
INFO: [HLS 200-10] ----------------------------------------------------------------
INFO: [RTGEN 206-100] Finished creating RTL model for 'AXIvideo2MultiPixStream_Pipeline_loop_wait_for_start'.
INFO: [HLS 200-111] Finished Creating RTL model: CPU user time: 0 seconds. CPU system time: 0 seconds. Elapsed time: 0.082 seconds; current allocated memory: 379.609 MB.
INFO: [HLS 200-10] ----------------------------------------------------------------
INFO: [HLS 200-10] -- Generating RTL for module 'AXIvideo2MultiPixStream_Pipeline_loop_width' 
INFO: [HLS 200-10] ----------------------------------------------------------------
INFO: [HLS 200-1030] Apply Unified Pipeline Control on module 'AXIvideo2MultiPixStream_Pipeline_loop_width' pipeline 'loop_width' pipeline type 'loop pipeline'
INFO: [RTGEN 206-100] Finished creating RTL model for 'AXIvideo2MultiPixStream_Pipeline_loop_width'.
INFO: [HLS 200-111] Finished Creating RTL model: CPU user time: 0 seconds. CPU system time: 0 seconds. Elapsed time: 0.094 seconds; current allocated memory: 380.449 MB.
INFO: [HLS 200-10] ----------------------------------------------------------------
INFO: [HLS 200-10] -- Generating RTL for module 'AXIvideo2MultiPixStream_Pipeline_loop_wait_for_eol' 
INFO: [HLS 200-10] ----------------------------------------------------------------
INFO: [RTGEN 206-100] Finished creating RTL model for 'AXIvideo2MultiPixStream_Pipeline_loop_wait_for_eol'.
INFO: [HLS 200-111] Finished Creating RTL model: CPU user time: 0 seconds. CPU system time: 0 seconds. Elapsed time: 0.107 seconds; current allocated memory: 381.168 MB.
INFO: [HLS 200-10] ----------------------------------------------------------------
INFO: [HLS 200-10] -- Generating RTL for module 'AXIvideo2MultiPixStream' 
INFO: [HLS 200-10] ----------------------------------------------------------------
INFO: [RTGEN 206-100] Finished creating RTL model for 'AXIvideo2MultiPixStream'.
INFO: [HLS 200-111] Finished Creating RTL model: CPU user time: 0 seconds. CPU system time: 0 seconds. Elapsed time: 0.124 seconds; current allocated memory: 382.789 MB.
INFO: [HLS 200-10] ----------------------------------------------------------------
INFO: [HLS 200-10] -- Generating RTL for module 'Gamma_Pipeline_VITIS_LOOP_315_1' 
INFO: [HLS 200-10] ----------------------------------------------------------------
INFO: [HLS 200-1030] Apply Unified Pipeline Control on module 'Gamma_Pipeline_VITIS_LOOP_315_1' pipeline 'VITIS_LOOP_315_1' pipeline type 'loop pipeline'
INFO: [RTGEN 206-100] Finished creating RTL model for 'Gamma_Pipeline_VITIS_LOOP_315_1'.
INFO: [HLS 200-111] Finished Creating RTL model: CPU user time: 0 seconds. CPU system time: 0 seconds. Elapsed time: 0.12 seconds; current allocated memory: 383.758 MB.
INFO: [HLS 200-10] ----------------------------------------------------------------
INFO: [HLS 200-10] -- Generating RTL for module 'Gamma_Pipeline_VITIS_LOOP_327_4' 
INFO: [HLS 200-10] ----------------------------------------------------------------
INFO: [HLS 200-1030] Apply Unified Pipeline Control on module 'Gamma_Pipeline_VITIS_LOOP_327_4' pipeline 'VITIS_LOOP_327_4' pipeline type 'loop pipeline'
INFO: [RTGEN 206-100] Finished creating RTL model for 'Gamma_Pipeline_VITIS_LOOP_327_4'.
INFO: [HLS 200-111] Finished Creating RTL model: CPU user time: 0 seconds. CPU system time: 1 seconds. Elapsed time: 0.822 seconds; current allocated memory: 384.371 MB.
INFO: [HLS 200-10] ----------------------------------------------------------------
INFO: [HLS 200-10] -- Generating RTL for module 'Gamma' 
INFO: [HLS 200-10] ----------------------------------------------------------------
INFO: [RTGEN 206-100] Finished creating RTL model for 'Gamma'.
INFO: [RTMG 210-278] Implementing memory 'kria_starter_kit_v_gamma_lut_0_0_Gamma_lut_0_0_RAM_AUTO_1R1W' using auto RAMs.
INFO: [HLS 200-111] Finished Creating RTL model: CPU user time: 0 seconds. CPU system time: 0 seconds. Elapsed time: 0.11 seconds; current allocated memory: 386.027 MB.
INFO: [HLS 200-10] ----------------------------------------------------------------
INFO: [HLS 200-10] -- Generating RTL for module 'MultiPixStream2AXIvideo_Pipeline_VITIS_LOOP_258_2' 
INFO: [HLS 200-10] ----------------------------------------------------------------
INFO: [HLS 200-1030] Apply Unified Pipeline Control on module 'MultiPixStream2AXIvideo_Pipeline_VITIS_LOOP_258_2' pipeline 'VITIS_LOOP_258_2' pipeline type 'loop pipeline'
INFO: [RTGEN 206-100] Finished creating RTL model for 'MultiPixStream2AXIvideo_Pipeline_VITIS_LOOP_258_2'.
INFO: [HLS 200-111] Finished Creating RTL model: CPU user time: 0 seconds. CPU system time: 0 seconds. Elapsed time: 0.104 seconds; current allocated memory: 386.914 MB.
INFO: [HLS 200-10] ----------------------------------------------------------------
INFO: [HLS 200-10] -- Generating RTL for module 'MultiPixStream2AXIvideo' 
INFO: [HLS 200-10] ----------------------------------------------------------------
INFO: [RTGEN 206-100] Finished creating RTL model for 'MultiPixStream2AXIvideo'.
INFO: [HLS 200-111] Finished Creating RTL model: CPU user time: 0 seconds. CPU system time: 0 seconds. Elapsed time: 0.099 seconds; current allocated memory: 387.766 MB.
INFO: [HLS 200-10] ----------------------------------------------------------------
INFO: [HLS 200-10] -- Generating RTL for module 'v_gamma_lut' 
INFO: [HLS 200-10] ----------------------------------------------------------------
WARNING: [RTGEN 206-101] Design contains AXI ports. Reset is fixed to synchronous and active low.
INFO: [RTGEN 206-500] Setting interface mode on port 'v_gamma_lut/width' to 's_axilite & ap_none'.
INFO: [RTGEN 206-500] Setting interface mode on port 'v_gamma_lut/height' to 's_axilite & ap_none'.
INFO: [RTGEN 206-500] Setting interface mode on port 'v_gamma_lut/video_format' to 's_axilite & ap_none'.
INFO: [RTGEN 206-500] Setting interface mode on port 'v_gamma_lut/gamma_lut_0' to 's_axilite & ap_memory'.
INFO: [RTGEN 206-500] Setting interface mode on port 'v_gamma_lut/gamma_lut_1' to 's_axilite & ap_memory'.
INFO: [RTGEN 206-500] Setting interface mode on port 'v_gamma_lut/gamma_lut_2' to 's_axilite & ap_memory'.
INFO: [RTGEN 206-500] Setting interface mode on port 'v_gamma_lut/s_axis_video_V_data_V' to 'axis' (register, both mode).
INFO: [RTGEN 206-500] Setting interface mode on port 'v_gamma_lut/s_axis_video_V_keep_V' to 'axis' (register, both mode).
INFO: [RTGEN 206-500] Setting interface mode on port 'v_gamma_lut/s_axis_video_V_strb_V' to 'axis' (register, both mode).
INFO: [RTGEN 206-500] Setting interface mode on port 'v_gamma_lut/s_axis_video_V_user_V' to 'axis' (register, both mode).
INFO: [RTGEN 206-500] Setting interface mode on port 'v_gamma_lut/s_axis_video_V_last_V' to 'axis' (register, both mode).
INFO: [RTGEN 206-500] Setting interface mode on port 'v_gamma_lut/s_axis_video_V_id_V' to 'axis' (register, both mode).
INFO: [RTGEN 206-500] Setting interface mode on port 'v_gamma_lut/s_axis_video_V_dest_V' to 'axis' (register, both mode).
INFO: [RTGEN 206-500] Setting interface mode on port 'v_gamma_lut/m_axis_video_V_data_V' to 'axis' (register, both mode).
INFO: [RTGEN 206-500] Setting interface mode on port 'v_gamma_lut/m_axis_video_V_keep_V' to 'axis' (register, both mode).
INFO: [RTGEN 206-500] Setting interface mode on port 'v_gamma_lut/m_axis_video_V_strb_V' to 'axis' (register, both mode).
INFO: [RTGEN 206-500] Setting interface mode on port 'v_gamma_lut/m_axis_video_V_user_V' to 'axis' (register, both mode).
INFO: [RTGEN 206-500] Setting interface mode on port 'v_gamma_lut/m_axis_video_V_last_V' to 'axis' (register, both mode).
INFO: [RTGEN 206-500] Setting interface mode on port 'v_gamma_lut/m_axis_video_V_id_V' to 'axis' (register, both mode).
INFO: [RTGEN 206-500] Setting interface mode on port 'v_gamma_lut/m_axis_video_V_dest_V' to 'axis' (register, both mode).
INFO: [RTGEN 206-500] Setting interface mode on function 'v_gamma_lut' to 's_axilite & ap_ctrl_hs'.
INFO: [RTGEN 206-100] Bundling port 'width', 'height', 'video_format', 'gamma_lut_0', 'gamma_lut_1', 'gamma_lut_2' and 'return' to AXI-Lite port CTRL.
INFO: [RTGEN 206-100] Finished creating RTL model for 'v_gamma_lut'.
INFO: [RTMG 210-285] Implementing FIFO 'imgRgb_U(kria_starter_kit_v_gamma_lut_0_0_fifo_w24_d16_S)' using Shift Registers.
INFO: [RTMG 210-285] Implementing FIFO 'imgGamma_U(kria_starter_kit_v_gamma_lut_0_0_fifo_w24_d16_S)' using Shift Registers.
INFO: [RTMG 210-285] Implementing FIFO 'start_for_MultiPixStream2AXIvideo_U0_U(kria_starter_kit_v_gamma_lut_0_0_start_for_MultiPixStream2AXIvideo_U0)' using Shift Registers.
INFO: [HLS 200-111] Finished Creating RTL model: CPU user time: 0 seconds. CPU system time: 0 seconds. Elapsed time: 0.405 seconds; current allocated memory: 389.527 MB.
INFO: [HLS 200-111] Finished Generating all RTL models: CPU user time: 1 seconds. CPU system time: 0 seconds. Elapsed time: 0.52 seconds; current allocated memory: 392.473 MB.
INFO: [HLS 200-111] Finished Updating report files: CPU user time: 1 seconds. CPU system time: 0 seconds. Elapsed time: 1.659 seconds; current allocated memory: 401.062 MB.
INFO: [VHDL 208-304] Generating VHDL RTL for v_gamma_lut with prefix kria_starter_kit_v_gamma_lut_0_0_.
INFO: [VLOG 209-307] Generating Verilog RTL for v_gamma_lut with prefix kria_starter_kit_v_gamma_lut_0_0_.
INFO: [HLS 200-790] **** Loop Constraint Status: All loop constraints were satisfied.
INFO: [HLS 200-789] **** Estimated Fmax: 404.15 MHz
INFO: [HLS 200-2161] Finished Command csynth_design Elapsed time: 00:00:49; Allocated memory: 166.707 MB.
INFO: [HLS 200-1510] Running: export_design -format ip_catalog 
INFO: [IMPL 213-8] Exporting RTL as a Vivado IP.
INFO: [HLS 200-802] Generated output file prj/sol/impl/export.zip
INFO: [HLS 200-2161] Finished Command export_design Elapsed time: 00:00:13; Allocated memory: 5.492 MB.
