

================================================================
== Vitis HLS Report for 'MultiPixStream2AXIvideo'
================================================================
* Date:           Sun Jun 16 23:48:17 2024

* Version:        2024.1 (Build 5069499 on May 21 2024)
* Project:        prj
* Solution:       sol (Vivado IP Flow Target)
* Product family: zynquplus
* Target device:  xck26-sfvc784-2LV-c


================================================================
== Performance Estimates
================================================================
+ Timing: 
    * Summary: 
    +--------+---------+----------+------------+
    |  Clock |  Target | Estimated| Uncertainty|
    +--------+---------+----------+------------+
    |ap_clk  |  6.73 ns|  2.968 ns|     1.82 ns|
    +--------+---------+----------+------------+

+ Latency: 
    * Summary: 
    +---------+---------+----------+-----------+-----+---------+---------+
    |  Latency (cycles) |  Latency (absolute)  |    Interval   | Pipeline|
    |   min   |   max   |    min   |    max    | min |   max   |   Type  |
    +---------+---------+----------+-----------+-----+---------+---------+
    |        1|  2080081|  6.734 ns|  14.007 ms|    1|  2080081|       no|
    +---------+---------+----------+-----------+-----+---------+---------+

    + Detail: 
        * Instance: 
        +--------------------------------------------------------------+---------------------------------------------------+---------+---------+-----------+-----------+-----+------+---------+
        |                                                              |                                                   |  Latency (cycles) |   Latency (absolute)  |  Interval  | Pipeline|
        |                           Instance                           |                       Module                      |   min   |   max   |    min    |    max    | min |  max |   Type  |
        +--------------------------------------------------------------+---------------------------------------------------+---------+---------+-----------+-----------+-----+------+---------+
        |grp_MultiPixStream2AXIvideo_Pipeline_VITIS_LOOP_981_2_fu_167  |MultiPixStream2AXIvideo_Pipeline_VITIS_LOOP_981_2  |        3|     1923|  20.202 ns|  12.949 us|    3|  1923|       no|
        +--------------------------------------------------------------+---------------------------------------------------+---------+---------+-----------+-----------+-----+------+---------+

        * Loop: 
        +--------------------+---------+---------+----------+-----------+-----------+----------+----------+
        |                    |  Latency (cycles) | Iteration|  Initiation Interval  |   Trip   |          |
        |      Loop Name     |   min   |   max   |  Latency |  achieved |   target  |   Count  | Pipelined|
        +--------------------+---------+---------+----------+-----------+-----------+----------+----------+
        |- VITIS_LOOP_979_1  |        0|  2080080|  6 ~ 1926|          -|          -|  0 ~ 1080|        no|
        +--------------------+---------+---------+----------+-----------+-----------+----------+----------+



================================================================
== Utilization Estimates
================================================================
* Summary: 
+-----------------+---------+------+--------+--------+-----+
|       Name      | BRAM_18K|  DSP |   FF   |   LUT  | URAM|
+-----------------+---------+------+--------+--------+-----+
|DSP              |        -|     -|       -|       -|    -|
|Expression       |        -|     -|       0|      79|    -|
|FIFO             |        -|     -|       -|       -|    -|
|Instance         |        -|     -|      22|     331|    -|
|Memory           |        -|     -|       -|       -|    -|
|Multiplexer      |        -|     -|       0|     153|    -|
|Register         |        -|     -|     115|       -|    -|
+-----------------+---------+------+--------+--------+-----+
|Total            |        0|     0|     137|     563|    0|
+-----------------+---------+------+--------+--------+-----+
|Available        |      288|  1248|  234240|  117120|   64|
+-----------------+---------+------+--------+--------+-----+
|Utilization (%)  |        0|     0|      ~0|      ~0|    0|
+-----------------+---------+------+--------+--------+-----+

+ Detail: 
    * Instance: 
    +--------------------------------------------------------------+---------------------------------------------------+---------+----+----+-----+-----+
    |                           Instance                           |                       Module                      | BRAM_18K| DSP| FF | LUT | URAM|
    +--------------------------------------------------------------+---------------------------------------------------+---------+----+----+-----+-----+
    |grp_MultiPixStream2AXIvideo_Pipeline_VITIS_LOOP_981_2_fu_167  |MultiPixStream2AXIvideo_Pipeline_VITIS_LOOP_981_2  |        0|   0|  22|  331|    0|
    +--------------------------------------------------------------+---------------------------------------------------+---------+----+----+-----+-----+
    |Total                                                         |                                                   |        0|   0|  22|  331|    0|
    +--------------------------------------------------------------+---------------------------------------------------+---------+----+----+-----+-----+

    * DSP: 
    N/A

    * Memory: 
    N/A

    * FIFO: 
    N/A

    * Expression: 
    +----------------------------------------------------------------------------------+----------+----+---+----+------------+------------+
    |                                   Variable Name                                  | Operation| DSP| FF| LUT| Bitwidth P0| Bitwidth P1|
    +----------------------------------------------------------------------------------+----------+----+---+----+------------+------------+
    |i_2_fu_245_p2                                                                     |         +|   0|  0|  18|          11|           1|
    |sub_i_fu_211_p2                                                                   |         +|   0|  0|  19|          12|           2|
    |and_ln979_fu_251_p2                                                               |       and|   0|  0|   2|           1|           1|
    |grp_MultiPixStream2AXIvideo_Pipeline_VITIS_LOOP_981_2_fu_167_m_axis_video_TREADY  |       and|   0|  0|   2|           1|           1|
    |icmp_ln979_1_fu_240_p2                                                            |      icmp|   0|  0|  18|          11|          11|
    |icmp_ln979_fu_217_p2                                                              |      icmp|   0|  0|  18|          11|           1|
    |ap_block_state1                                                                   |        or|   0|  0|   2|           1|           1|
    +----------------------------------------------------------------------------------+----------+----+---+----+------------+------------+
    |Total                                                                             |          |   0|  0|  79|          48|          18|
    +----------------------------------------------------------------------------------+----------+----+---+----+------------+------------+

    * Multiplexer: 
    +-------------------------+----+-----------+-----+-----------+
    |           Name          | LUT| Input Size| Bits| Total Bits|
    +-------------------------+----+-----------+-----+-----------+
    |ap_NS_fsm                |  26|          5|    1|          5|
    |ap_done                  |   9|          2|    1|          2|
    |colorFormat_val20_blk_n  |   9|          2|    1|          2|
    |counter_loc_0_i_fu_100   |   9|          2|   16|         32|
    |empty_reg_145            |   9|          2|    1|          2|
    |fid                      |  14|          3|    1|          3|
    |fid_ap_vld               |  14|          3|    1|          3|
    |fid_in_val9_blk_n        |   9|          2|    1|          2|
    |field_id_val8_blk_n      |   9|          2|    1|          2|
    |height_val4_blk_n        |   9|          2|    1|          2|
    |i_fu_96                  |   9|          2|   11|         22|
    |ovrlayYUV_read           |   9|          2|    1|          2|
    |sof_reg_155              |   9|          2|    1|          2|
    |width_val7_blk_n         |   9|          2|    1|          2|
    +-------------------------+----+-----------+-----+-----------+
    |Total                    | 153|         33|   39|         83|
    +-------------------------+----+-----------+-----+-----------+

    * Register: 
    +---------------------------------------------------------------------------+----+----+-----+-----------+
    |                                    Name                                   | FF | LUT| Bits| Const Bits|
    +---------------------------------------------------------------------------+----+----+-----+-----------+
    |and_ln979_reg_330                                                          |   1|   0|    1|          0|
    |ap_CS_fsm                                                                  |   4|   0|    4|          0|
    |ap_done_reg                                                                |   1|   0|    1|          0|
    |colorFormat_val20_read_reg_289                                             |   8|   0|    8|          0|
    |cols_reg_304                                                               |  11|   0|   11|          0|
    |counter                                                                    |  16|   0|   16|          0|
    |counter_loc_0_i_fu_100                                                     |  16|   0|   16|          0|
    |empty_reg_145                                                              |   1|   0|    1|          0|
    |fidStored                                                                  |   1|   0|    1|          0|
    |fid_in_val9_read_reg_294                                                   |   1|   0|    1|          0|
    |fid_preg                                                                   |   1|   0|    1|          0|
    |field_id_val8_read_reg_299                                                 |  16|   0|   16|          0|
    |grp_MultiPixStream2AXIvideo_Pipeline_VITIS_LOOP_981_2_fu_167_ap_start_reg  |   1|   0|    1|          0|
    |i_fu_96                                                                    |  11|   0|   11|          0|
    |icmp_ln979_reg_322                                                         |   1|   0|    1|          0|
    |p_phi_i_loc_fu_104                                                         |   1|   0|    1|          0|
    |rows_reg_309                                                               |  11|   0|   11|          0|
    |sof_reg_155                                                                |   1|   0|    1|          0|
    |sub_i_reg_317                                                              |  12|   0|   12|          0|
    +---------------------------------------------------------------------------+----+----+-----+-----------+
    |Total                                                                      | 115|   0|  115|          0|
    +---------------------------------------------------------------------------+----+----+-----+-----------+



================================================================
== Interface
================================================================
* Summary: 
+----------------------------------+-----+-----+------------+-------------------------+--------------+
|             RTL Ports            | Dir | Bits|  Protocol  |      Source Object      |    C Type    |
+----------------------------------+-----+-----+------------+-------------------------+--------------+
|ap_clk                            |   in|    1|  ap_ctrl_hs|  MultiPixStream2AXIvideo|  return value|
|ap_rst                            |   in|    1|  ap_ctrl_hs|  MultiPixStream2AXIvideo|  return value|
|ap_start                          |   in|    1|  ap_ctrl_hs|  MultiPixStream2AXIvideo|  return value|
|ap_done                           |  out|    1|  ap_ctrl_hs|  MultiPixStream2AXIvideo|  return value|
|ap_continue                       |   in|    1|  ap_ctrl_hs|  MultiPixStream2AXIvideo|  return value|
|ap_idle                           |  out|    1|  ap_ctrl_hs|  MultiPixStream2AXIvideo|  return value|
|ap_ready                          |  out|    1|  ap_ctrl_hs|  MultiPixStream2AXIvideo|  return value|
|ovrlayYUV_dout                    |   in|   30|     ap_fifo|                ovrlayYUV|       pointer|
|ovrlayYUV_num_data_valid          |   in|    5|     ap_fifo|                ovrlayYUV|       pointer|
|ovrlayYUV_fifo_cap                |   in|    5|     ap_fifo|                ovrlayYUV|       pointer|
|ovrlayYUV_empty_n                 |   in|    1|     ap_fifo|                ovrlayYUV|       pointer|
|ovrlayYUV_read                    |  out|    1|     ap_fifo|                ovrlayYUV|       pointer|
|m_axis_video_TDATA                |  out|   32|        axis|    m_axis_video_V_data_V|       pointer|
|m_axis_video_TVALID               |  out|    1|        axis|    m_axis_video_V_dest_V|       pointer|
|m_axis_video_TREADY               |   in|    1|        axis|    m_axis_video_V_dest_V|       pointer|
|m_axis_video_TDEST                |  out|    1|        axis|    m_axis_video_V_dest_V|       pointer|
|m_axis_video_TKEEP                |  out|    4|        axis|    m_axis_video_V_keep_V|       pointer|
|m_axis_video_TSTRB                |  out|    4|        axis|    m_axis_video_V_strb_V|       pointer|
|m_axis_video_TUSER                |  out|    1|        axis|    m_axis_video_V_user_V|       pointer|
|m_axis_video_TLAST                |  out|    1|        axis|    m_axis_video_V_last_V|       pointer|
|m_axis_video_TID                  |  out|    1|        axis|      m_axis_video_V_id_V|       pointer|
|height_val4_dout                  |   in|   11|     ap_fifo|              height_val4|       pointer|
|height_val4_num_data_valid        |   in|    3|     ap_fifo|              height_val4|       pointer|
|height_val4_fifo_cap              |   in|    3|     ap_fifo|              height_val4|       pointer|
|height_val4_empty_n               |   in|    1|     ap_fifo|              height_val4|       pointer|
|height_val4_read                  |  out|    1|     ap_fifo|              height_val4|       pointer|
|width_val7_dout                   |   in|   11|     ap_fifo|               width_val7|       pointer|
|width_val7_num_data_valid         |   in|    3|     ap_fifo|               width_val7|       pointer|
|width_val7_fifo_cap               |   in|    3|     ap_fifo|               width_val7|       pointer|
|width_val7_empty_n                |   in|    1|     ap_fifo|               width_val7|       pointer|
|width_val7_read                   |  out|    1|     ap_fifo|               width_val7|       pointer|
|colorFormat_val20_dout            |   in|    8|     ap_fifo|        colorFormat_val20|       pointer|
|colorFormat_val20_num_data_valid  |   in|    3|     ap_fifo|        colorFormat_val20|       pointer|
|colorFormat_val20_fifo_cap        |   in|    3|     ap_fifo|        colorFormat_val20|       pointer|
|colorFormat_val20_empty_n         |   in|    1|     ap_fifo|        colorFormat_val20|       pointer|
|colorFormat_val20_read            |  out|    1|     ap_fifo|        colorFormat_val20|       pointer|
|fid_in_val9_dout                  |   in|    1|     ap_fifo|              fid_in_val9|       pointer|
|fid_in_val9_num_data_valid        |   in|    3|     ap_fifo|              fid_in_val9|       pointer|
|fid_in_val9_fifo_cap              |   in|    3|     ap_fifo|              fid_in_val9|       pointer|
|fid_in_val9_empty_n               |   in|    1|     ap_fifo|              fid_in_val9|       pointer|
|fid_in_val9_read                  |  out|    1|     ap_fifo|              fid_in_val9|       pointer|
|fid                               |  out|    1|      ap_vld|                      fid|       pointer|
|fid_ap_vld                        |  out|    1|      ap_vld|                      fid|       pointer|
|field_id_val8_dout                |   in|   16|     ap_fifo|            field_id_val8|       pointer|
|field_id_val8_num_data_valid      |   in|    3|     ap_fifo|            field_id_val8|       pointer|
|field_id_val8_fifo_cap            |   in|    3|     ap_fifo|            field_id_val8|       pointer|
|field_id_val8_empty_n             |   in|    1|     ap_fifo|            field_id_val8|       pointer|
|field_id_val8_read                |  out|    1|     ap_fifo|            field_id_val8|       pointer|
+----------------------------------+-----+-----+------------+-------------------------+--------------+

