

================================================================
== Vitis HLS Report for 'MultiPixStream2AXIvideo_Pipeline_VITIS_LOOP_981_2'
================================================================
* Date:           Sun Jun 16 23:48:17 2024

* Version:        2024.1 (Build 5069499 on May 21 2024)
* Project:        prj
* Solution:       sol (Vivado IP Flow Target)
* Product family: zynquplus
* Target device:  xck26-sfvc784-2LV-c


================================================================
== Performance Estimates
================================================================
+ Timing: 
    * Summary: 
    +--------+---------+----------+------------+
    |  Clock |  Target | Estimated| Uncertainty|
    +--------+---------+----------+------------+
    |ap_clk  |  6.73 ns|  2.968 ns|     1.82 ns|
    +--------+---------+----------+------------+

+ Latency: 
    * Summary: 
    +---------+---------+-----------+-----------+-----+------+---------+
    |  Latency (cycles) |   Latency (absolute)  |  Interval  | Pipeline|
    |   min   |   max   |    min    |    max    | min |  max |   Type  |
    +---------+---------+-----------+-----------+-----+------+---------+
    |        3|     1923|  20.202 ns|  12.949 us|    3|  1923|       no|
    +---------+---------+-----------+-----------+-----+------+---------+

    + Detail: 
        * Instance: 
        N/A

        * Loop: 
        +--------------------+---------+---------+----------+-----------+-----------+----------+----------+
        |                    |  Latency (cycles) | Iteration|  Initiation Interval  |   Trip   |          |
        |      Loop Name     |   min   |   max   |  Latency |  achieved |   target  |   Count  | Pipelined|
        +--------------------+---------+---------+----------+-----------+-----------+----------+----------+
        |- VITIS_LOOP_981_2  |        0|     1920|         2|          1|          1|  0 ~ 1920|       yes|
        +--------------------+---------+---------+----------+-----------+-----------+----------+----------+



================================================================
== Utilization Estimates
================================================================
* Summary: 
+-----------------+---------+------+--------+--------+-----+
|       Name      | BRAM_18K|  DSP |   FF   |   LUT  | URAM|
+-----------------+---------+------+--------+--------+-----+
|DSP              |        -|     -|       -|       -|    -|
|Expression       |        -|     -|       0|     136|    -|
|FIFO             |        -|     -|       -|       -|    -|
|Instance         |        -|     -|       0|      27|    -|
|Memory           |        -|     -|       -|       -|    -|
|Multiplexer      |        -|     -|       0|     168|    -|
|Register         |        -|     -|      22|       -|    -|
+-----------------+---------+------+--------+--------+-----+
|Total            |        0|     0|      22|     331|    0|
+-----------------+---------+------+--------+--------+-----+
|Available        |      288|  1248|  234240|  117120|   64|
+-----------------+---------+------+--------+--------+-----+
|Utilization (%)  |        0|     0|      ~0|      ~0|    0|
+-----------------+---------+------+--------+--------+-----+

+ Detail: 
    * Instance: 
    +-----------------------------+------------------------+---------+----+---+----+-----+
    |           Instance          |         Module         | BRAM_18K| DSP| FF| LUT| URAM|
    +-----------------------------+------------------------+---------+----+---+----+-----+
    |sparsemux_7_2_10_1_1_x_U144  |sparsemux_7_2_10_1_1_x  |        0|   0|  0|   9|    0|
    |sparsemux_7_2_10_1_1_x_U145  |sparsemux_7_2_10_1_1_x  |        0|   0|  0|   9|    0|
    |sparsemux_7_2_11_1_1_U143    |sparsemux_7_2_11_1_1    |        0|   0|  0|   9|    0|
    +-----------------------------+------------------------+---------+----+---+----+-----+
    |Total                        |                        |        0|   0|  0|  27|    0|
    +-----------------------------+------------------------+---------+----+---+----+-----+

    * DSP: 
    N/A

    * Memory: 
    N/A

    * FIFO: 
    N/A

    * Expression: 
    +----------------------------------+----------+----+---+----+------------+------------+
    |           Variable Name          | Operation| DSP| FF| LUT| Bitwidth P0| Bitwidth P1|
    +----------------------------------+----------+----+---+----+------------+------------+
    |add_ln1005_fu_317_p2              |         +|   0|  0|  23|          16|           1|
    |j_2_fu_298_p2                     |         +|   0|  0|  18|          11|           1|
    |ap_block_pp0_stage0_01001         |       and|   0|  0|   2|           1|           1|
    |ap_block_pp0_stage0_11001         |       and|   0|  0|   2|           1|           1|
    |ap_block_state3_io                |       and|   0|  0|   2|           1|           1|
    |ap_condition_137                  |       and|   0|  0|   2|           1|           1|
    |ap_condition_161                  |       and|   0|  0|   2|           1|           1|
    |ap_condition_362                  |       and|   0|  0|   2|           1|           1|
    |ap_condition_365                  |       and|   0|  0|   2|           1|           1|
    |ap_condition_368                  |       and|   0|  0|   2|           1|           1|
    |ap_condition_371                  |       and|   0|  0|   2|           1|           1|
    |ap_condition_374                  |       and|   0|  0|   2|           1|           1|
    |axi_last_fu_308_p2                |      icmp|   0|  0|  19|          12|          12|
    |icmp_ln1020_1_fu_395_p2           |      icmp|   0|  0|  15|           8|           1|
    |icmp_ln1020_fu_390_p2             |      icmp|   0|  0|  15|           8|           1|
    |icmp_ln981_fu_293_p2              |      icmp|   0|  0|  18|          11|          11|
    |ap_block_state3_pp0_stage0_iter1  |        or|   0|  0|   2|           1|           1|
    |ap_enable_pp0                     |       xor|   0|  0|   2|           1|           2|
    |ap_enable_reg_pp0_iter1           |       xor|   0|  0|   2|           2|           1|
    |fid_toggle_1_fu_497_p2            |       xor|   0|  0|   2|           1|           2|
    +----------------------------------+----------+----+---+----+------------+------------+
    |Total                             |          |   0|  0| 136|          81|          43|
    +----------------------------------+----------+----+---+----+------------+------------+

    * Multiplexer: 
    +----------------------------------------+----+-----------+-----+-----------+
    |                  Name                  | LUT| Input Size| Bits| Total Bits|
    +----------------------------------------+----+-----------+-----+-----------+
    |ap_NS_fsm                               |  26|          5|    1|          5|
    |ap_enable_reg_pp0_iter1                 |  14|          3|    1|          3|
    |ap_phi_mux_empty_136_phi_fu_270_p10     |  14|          3|    1|          3|
    |ap_phi_mux_sof_2_phi_fu_245_p4          |   9|          2|    1|          2|
    |ap_phi_reg_pp0_iter1_empty_136_reg_264  |  20|          4|    1|          4|
    |counter_loc_1_i_out_o                   |   9|          2|   16|         32|
    |fid                                     |  31|          6|    1|          6|
    |j_fu_144                                |   9|          2|   11|         22|
    |m_axis_video_TDATA_blk_n                |   9|          2|    1|          2|
    |ovrlayYUV_blk_n                         |   9|          2|    1|          2|
    |p_phi_i_reg_253                         |   9|          2|    1|          2|
    |sof_2_reg_241                           |   9|          2|    1|          2|
    +----------------------------------------+----+-----------+-----+-----------+
    |Total                                   | 168|         35|   37|         85|
    +----------------------------------------+----+-----------+-----+-----------+

    * Register: 
    +----------------------------------------+----+----+-----+-----------+
    |                  Name                  | FF | LUT| Bits| Const Bits|
    +----------------------------------------+----+----+-----+-----------+
    |ap_CS_fsm                               |   4|   0|    4|          0|
    |ap_enable_reg_pp0_iter0                 |   1|   0|    1|          0|
    |ap_enable_reg_pp0_iter1                 |   1|   0|    1|          0|
    |ap_phi_reg_pp0_iter1_empty_136_reg_264  |   1|   0|    1|          0|
    |axi_last_reg_552                        |   1|   0|    1|          0|
    |icmp_ln981_reg_548                      |   1|   0|    1|          0|
    |j_fu_144                                |  11|   0|   11|          0|
    |p_phi_i_reg_253                         |   1|   0|    1|          0|
    |sof_2_reg_241                           |   1|   0|    1|          0|
    +----------------------------------------+----+----+-----+-----------+
    |Total                                   |  22|   0|   22|          0|
    +----------------------------------------+----+----+-----+-----------+



================================================================
== Interface
================================================================
* Summary: 
+------------------------------+-----+-----+------------+---------------------------------------------------+--------------+
|           RTL Ports          | Dir | Bits|  Protocol  |                   Source Object                   |    C Type    |
+------------------------------+-----+-----+------------+---------------------------------------------------+--------------+
|ap_clk                        |   in|    1|  ap_ctrl_hs|  MultiPixStream2AXIvideo_Pipeline_VITIS_LOOP_981_2|  return value|
|ap_rst                        |   in|    1|  ap_ctrl_hs|  MultiPixStream2AXIvideo_Pipeline_VITIS_LOOP_981_2|  return value|
|ap_start                      |   in|    1|  ap_ctrl_hs|  MultiPixStream2AXIvideo_Pipeline_VITIS_LOOP_981_2|  return value|
|ap_done                       |  out|    1|  ap_ctrl_hs|  MultiPixStream2AXIvideo_Pipeline_VITIS_LOOP_981_2|  return value|
|ap_idle                       |  out|    1|  ap_ctrl_hs|  MultiPixStream2AXIvideo_Pipeline_VITIS_LOOP_981_2|  return value|
|ap_ready                      |  out|    1|  ap_ctrl_hs|  MultiPixStream2AXIvideo_Pipeline_VITIS_LOOP_981_2|  return value|
|sof                           |   in|    1|     ap_none|                                                sof|        scalar|
|empty                         |   in|    1|     ap_none|                                              empty|        scalar|
|cols                          |   in|   11|     ap_none|                                               cols|        scalar|
|fid_in_val9_load              |   in|    1|     ap_none|                                   fid_in_val9_load|        scalar|
|fid                           |  out|    1|      ap_vld|                                                fid|       pointer|
|fid_ap_vld                    |  out|    1|      ap_vld|                                                fid|       pointer|
|ovrlayYUV_dout                |   in|   30|     ap_fifo|                                          ovrlayYUV|       pointer|
|ovrlayYUV_num_data_valid      |   in|    5|     ap_fifo|                                          ovrlayYUV|       pointer|
|ovrlayYUV_fifo_cap            |   in|    5|     ap_fifo|                                          ovrlayYUV|       pointer|
|ovrlayYUV_empty_n             |   in|    1|     ap_fifo|                                          ovrlayYUV|       pointer|
|ovrlayYUV_read                |  out|    1|     ap_fifo|                                          ovrlayYUV|       pointer|
|colorFormat_val20_load        |   in|    8|     ap_none|                             colorFormat_val20_load|        scalar|
|m_axis_video_TDATA            |  out|   32|        axis|                              m_axis_video_V_data_V|       pointer|
|m_axis_video_TREADY           |   in|    1|        axis|                              m_axis_video_V_data_V|       pointer|
|m_axis_video_TVALID           |  out|    1|        axis|                              m_axis_video_V_dest_V|       pointer|
|m_axis_video_TDEST            |  out|    1|        axis|                              m_axis_video_V_dest_V|       pointer|
|m_axis_video_TKEEP            |  out|    4|        axis|                              m_axis_video_V_keep_V|       pointer|
|m_axis_video_TSTRB            |  out|    4|        axis|                              m_axis_video_V_strb_V|       pointer|
|m_axis_video_TUSER            |  out|    1|        axis|                              m_axis_video_V_user_V|       pointer|
|m_axis_video_TLAST            |  out|    1|        axis|                              m_axis_video_V_last_V|       pointer|
|m_axis_video_TID              |  out|    1|        axis|                                m_axis_video_V_id_V|       pointer|
|field_id_val8_load            |   in|   16|     ap_none|                                 field_id_val8_load|        scalar|
|sub_i                         |   in|   12|     ap_none|                                              sub_i|        scalar|
|counter_loc_1_i_out_i         |   in|   16|     ap_ovld|                                counter_loc_1_i_out|       pointer|
|counter_loc_1_i_out_o         |  out|   16|     ap_ovld|                                counter_loc_1_i_out|       pointer|
|counter_loc_1_i_out_o_ap_vld  |  out|    1|     ap_ovld|                                counter_loc_1_i_out|       pointer|
|p_phi_i_out                   |  out|    1|      ap_vld|                                        p_phi_i_out|       pointer|
|p_phi_i_out_ap_vld            |  out|    1|      ap_vld|                                        p_phi_i_out|       pointer|
|counter                       |  out|   16|      ap_vld|                                            counter|       pointer|
|counter_ap_vld                |  out|    1|      ap_vld|                                            counter|       pointer|
+------------------------------+-----+-----+------------+---------------------------------------------------+--------------+

