

================================================================
== Vitis HLS Report for 'DebayerRandBatG'
================================================================
* Date:           Thu Jun 13 19:44:23 2024

* Version:        2024.1 (Build 5069499 on May 21 2024)
* Project:        prj
* Solution:       sol (Vivado IP Flow Target)
* Product family: zynquplus
* Target device:  xck26-sfvc784-2LV-c


================================================================
== Performance Estimates
================================================================
+ Timing: 
    * Summary: 
    +--------+---------+----------+------------+
    |  Clock |  Target | Estimated| Uncertainty|
    +--------+---------+----------+------------+
    |ap_clk  |  4.00 ns|  2.741 ns|     1.08 ns|
    +--------+---------+----------+------------+

+ Latency: 
    * Summary: 
    +---------+---------+-----------+----------+-----+---------+---------+
    |  Latency (cycles) |  Latency (absolute)  |    Interval   | Pipeline|
    |   min   |   max   |    min    |    max   | min |   max   |   Type  |
    +---------+---------+-----------+----------+-----+---------+---------+
    |       10|  2085250|  40.000 ns|  8.341 ms|   10|  2085250|       no|
    +---------+---------+-----------+----------+-----+---------+---------+

    + Detail: 
        * Instance: 
        +------------------------------------------------------+-------------------------------------------+---------+---------+-----------+----------+-----+------+-----------------------------------------------+
        |                                                      |                                           |  Latency (cycles) |  Latency (absolute)  |  Interval  |                    Pipeline                   |
        |                       Instance                       |                   Module                  |   min   |   max   |    min    |    max   | min |  max |                      Type                     |
        +------------------------------------------------------+-------------------------------------------+---------+---------+-----------+----------+-----+------+-----------------------------------------------+
        |grp_DebayerRandBatG_Pipeline_VITIS_LOOP_881_2_fu_134  |DebayerRandBatG_Pipeline_VITIS_LOOP_881_2  |        6|     1926|  24.000 ns|  7.704 us|    2|  1922|  loop auto-rewind stp(delay=0 clock cycles(s))|
        +------------------------------------------------------+-------------------------------------------+---------+---------+-----------+----------+-----+------+-----------------------------------------------+

        * Loop: 
        +--------------------+---------+---------+----------+-----------+-----------+----------+----------+
        |                    |  Latency (cycles) | Iteration|  Initiation Interval  |   Trip   |          |
        |      Loop Name     |   min   |   max   |  Latency |  achieved |   target  |   Count  | Pipelined|
        +--------------------+---------+---------+----------+-----------+-----------+----------+----------+
        |- VITIS_LOOP_878_1  |        9|  2085249|  9 ~ 1929|          -|          -|  1 ~ 1081|        no|
        +--------------------+---------+---------+----------+-----------+-----------+----------+----------+

============================================================
+ Verbose Summary: Synthesis Manager
============================================================
InlineROM: 1
ExposeGlobal: 0
============================================================
+ Verbose Summary: CDFG Model
============================================================
IsTopModel: 0
ResetActiveHigh: 1
IsCombinational: 2
IsDatapathOnly: 0
HasWiredReturn: 1
HasMFsm: 0
HasVarLatency: 1
IsPipeline: 0
IsRtlPipelined: 0
IsInstanceOverlapped: 0
IsDontTouch: 0
HasImplIP: 0
IsGatedGlobalClock: 0


============================================================
+ Verbose Summary: Schedule
============================================================
* Number of FSM states : 4
* Pipeline : 0
* Dataflow Pipeline: 0

* FSM state transitions: 
1 --> 2 
2 --> 3 
3 --> 4 
4 --> 2 

* FSM state operations: 

State 1 <SV = 0> <Delay = 2.25>
ST_1 : Operation 5 [1/1] (0.00ns)   --->   "%y = alloca i32 1" [E:/KRIA/project_2/project_2.runs/design_1_v_demosaic_0_0_synth_1/prj/sol/.autopilot/db/v_demosaic.cpp:851->E:/KRIA/project_2/project_2.runs/design_1_v_demosaic_0_0_synth_1/prj/sol/.autopilot/db/v_demosaic.cpp:1073]   --->   Operation 5 'alloca' 'y' <Predicate = true> <Delay = 0.00>
ST_1 : Operation 6 [1/1] (0.00ns)   --->   "%p_0_0_0_0_011551704_lcssa1748_i = alloca i32 1"   --->   Operation 6 'alloca' 'p_0_0_0_0_011551704_lcssa1748_i' <Predicate = true> <Delay = 0.00>
ST_1 : Operation 7 [1/1] (0.00ns)   --->   "%p_0_1_0_0_011561707_lcssa1750_i = alloca i32 1"   --->   Operation 7 'alloca' 'p_0_1_0_0_011561707_lcssa1750_i' <Predicate = true> <Delay = 0.00>
ST_1 : Operation 8 [1/1] (0.00ns)   --->   "%p_0_2_0_0_011571710_lcssa1752_i = alloca i32 1"   --->   Operation 8 'alloca' 'p_0_2_0_0_011571710_lcssa1752_i' <Predicate = true> <Delay = 0.00>
ST_1 : Operation 9 [1/1] (0.00ns)   --->   "%p_0_0_0116317821794_lcssa1830_i = alloca i32 1"   --->   Operation 9 'alloca' 'p_0_0_0116317821794_lcssa1830_i' <Predicate = true> <Delay = 0.00>
ST_1 : Operation 10 [1/1] (0.00ns)   --->   "%p_0_0_0116217841796_lcssa1832_i = alloca i32 1"   --->   Operation 10 'alloca' 'p_0_0_0116217841796_lcssa1832_i' <Predicate = true> <Delay = 0.00>
ST_1 : Operation 11 [1/1] (0.00ns)   --->   "%p_0_0_0116117861798_lcssa1834_i = alloca i32 1"   --->   Operation 11 'alloca' 'p_0_0_0116117861798_lcssa1834_i' <Predicate = true> <Delay = 0.00>
ST_1 : Operation 12 [1/1] (0.00ns)   --->   "%p_0_0_0_0_011491799_lcssa1836_i = alloca i32 1"   --->   Operation 12 'alloca' 'p_0_0_0_0_011491799_lcssa1836_i' <Predicate = true> <Delay = 0.00>
ST_1 : Operation 13 [1/1] (0.00ns)   --->   "%p_0_1_0_0_011501801_lcssa1838_i = alloca i32 1"   --->   Operation 13 'alloca' 'p_0_1_0_0_011501801_lcssa1838_i' <Predicate = true> <Delay = 0.00>
ST_1 : Operation 14 [1/1] (0.00ns)   --->   "%p_0_2_0_0_011511803_lcssa1840_i = alloca i32 1"   --->   Operation 14 'alloca' 'p_0_2_0_0_011511803_lcssa1840_i' <Predicate = true> <Delay = 0.00>
ST_1 : Operation 15 [1/1] (0.00ns)   --->   "%p_0_0_01185_217761806_lcssa1842_i = alloca i32 1"   --->   Operation 15 'alloca' 'p_0_0_01185_217761806_lcssa1842_i' <Predicate = true> <Delay = 0.00>
ST_1 : Operation 16 [1/1] (0.00ns)   --->   "%p_0_0_01184_217781808_lcssa1844_i = alloca i32 1"   --->   Operation 16 'alloca' 'p_0_0_01184_217781808_lcssa1844_i' <Predicate = true> <Delay = 0.00>
ST_1 : Operation 17 [1/1] (0.00ns)   --->   "%p_0_0_01183_217801810_lcssa1846_i = alloca i32 1"   --->   Operation 17 'alloca' 'p_0_0_01183_217801810_lcssa1846_i' <Predicate = true> <Delay = 0.00>
ST_1 : Operation 18 [1/1] (1.46ns)   --->   "%width_read = read i11 @_ssdm_op_Read.ap_stable.i11, i11 %width"   --->   Operation 18 'read' 'width_read' <Predicate = true> <Delay = 1.46> <CoreInst = "FIFO_SRL">   --->   Core 80 'FIFO_SRL' <Latency = 0> <II = 1> <Delay = 1.83> <Storage> <Opcode : 'read' 'write' 'nbread' 'nbwrite'> <Ports = 0> <Width = -1> <Depth = -1> <FIFO>
ST_1 : Operation 19 [1/1] (1.46ns)   --->   "%height_read = read i11 @_ssdm_op_Read.ap_stable.i11, i11 %height"   --->   Operation 19 'read' 'height_read' <Predicate = true> <Delay = 1.46> <CoreInst = "FIFO_SRL">   --->   Core 80 'FIFO_SRL' <Latency = 0> <II = 1> <Delay = 1.83> <Storage> <Opcode : 'read' 'write' 'nbread' 'nbwrite'> <Ports = 0> <Width = -1> <Depth = -1> <FIFO>
ST_1 : Operation 20 [1/1] (0.00ns)   --->   "%specinterface_ln0 = specinterface void @_ssdm_op_SpecInterface, i16 %bayerPhase_c, void @ap_fifo_str, i32 0, i32 0, void @p_str, i32 0, i32 0, void @p_str, void @p_str, void @p_str, i32 2, i32 2, i32 16, i32 16, void @p_str, void @ScalarProp_str, i32 4294967295, i32 0, i32 0"   --->   Operation 20 'specinterface' 'specinterface_ln0' <Predicate = true> <Delay = 0.00>
ST_1 : Operation 21 [1/1] (1.46ns)   --->   "%bayerPhase_c_read = read i16 @_ssdm_op_Read.ap_fifo.i16P0A, i16 %bayerPhase_c"   --->   Operation 21 'read' 'bayerPhase_c_read' <Predicate = true> <Delay = 1.46> <CoreInst = "FIFO_SRL">   --->   Core 80 'FIFO_SRL' <Latency = 0> <II = 1> <Delay = 1.83> <Storage> <Opcode : 'read' 'write' 'nbread' 'nbwrite'> <Ports = 0> <Width = 16> <Depth = 2> <FIFO>
ST_1 : Operation 22 [1/1] (0.00ns)   --->   "%specinterface_ln0 = specinterface void @_ssdm_op_SpecInterface, i11 %width, void @ap_stable_str, i32 0, i32 0, void @p_str, i32 0, i32 0, void @p_str, void @p_str, void @p_str, i32 2, i32 2, i32 16, i32 16, void @p_str, void @p_str, i32 4294967295, i32 0, i32 0"   --->   Operation 22 'specinterface' 'specinterface_ln0' <Predicate = true> <Delay = 0.00>
ST_1 : Operation 23 [1/1] (0.00ns)   --->   "%specinterface_ln0 = specinterface void @_ssdm_op_SpecInterface, i11 %height, void @ap_stable_str, i32 0, i32 0, void @p_str, i32 0, i32 0, void @p_str, void @p_str, void @p_str, i32 2, i32 2, i32 16, i32 16, void @p_str, void @p_str, i32 4294967295, i32 0, i32 0"   --->   Operation 23 'specinterface' 'specinterface_ln0' <Predicate = true> <Delay = 0.00>
ST_1 : Operation 24 [1/1] (0.00ns)   --->   "%specinterface_ln0 = specinterface void @_ssdm_op_SpecInterface, i30 %imgRB, void @empty_24, i32 0, i32 0, void @empty_17, i32 0, i32 0, void @empty_17, void @empty_17, void @empty_17, i32 0, i32 0, i32 0, i32 0, void @empty_17, void @empty_17, i32 4294967295, i32 0, i32 0"   --->   Operation 24 'specinterface' 'specinterface_ln0' <Predicate = true> <Delay = 0.00>
ST_1 : Operation 25 [1/1] (0.00ns)   --->   "%specinterface_ln0 = specinterface void @_ssdm_op_SpecInterface, i30 %imgRgb, void @empty_24, i32 0, i32 0, void @empty_17, i32 0, i32 0, void @empty_17, void @empty_17, void @empty_17, i32 0, i32 0, i32 0, i32 0, void @empty_17, void @empty_17, i32 4294967295, i32 0, i32 0"   --->   Operation 25 'specinterface' 'specinterface_ln0' <Predicate = true> <Delay = 0.00>
ST_1 : Operation 26 [1/1] (0.79ns)   --->   "%loopHeight = add i11 %height_read, i11 1" [E:/KRIA/project_2/project_2.runs/design_1_v_demosaic_0_0_synth_1/prj/sol/.autopilot/db/v_demosaic.cpp:854->E:/KRIA/project_2/project_2.runs/design_1_v_demosaic_0_0_synth_1/prj/sol/.autopilot/db/v_demosaic.cpp:1073]   --->   Operation 26 'add' 'loopHeight' <Predicate = true> <Delay = 0.79> <CoreInst = "Adder">   --->   Core 1 'Adder' <Latency = 0> <II = 1> <Delay = 0.79> <FuncUnit> <Opcode : 'add' 'sub'> <InPorts = 2> <OutPorts = 1>
ST_1 : Operation 27 [1/1] (0.79ns)   --->   "%loopWidth = add i11 %width_read, i11 1" [E:/KRIA/project_2/project_2.runs/design_1_v_demosaic_0_0_synth_1/prj/sol/.autopilot/db/v_demosaic.cpp:855->E:/KRIA/project_2/project_2.runs/design_1_v_demosaic_0_0_synth_1/prj/sol/.autopilot/db/v_demosaic.cpp:1073]   --->   Operation 27 'add' 'loopWidth' <Predicate = true> <Delay = 0.79> <CoreInst = "Adder">   --->   Core 1 'Adder' <Latency = 0> <II = 1> <Delay = 0.79> <FuncUnit> <Opcode : 'add' 'sub'> <InPorts = 2> <OutPorts = 1>
ST_1 : Operation 28 [1/1] (0.00ns)   --->   "%x_phase = trunc i16 %bayerPhase_c_read" [E:/KRIA/project_2/project_2.runs/design_1_v_demosaic_0_0_synth_1/prj/sol/.autopilot/db/v_demosaic.cpp:870->E:/KRIA/project_2/project_2.runs/design_1_v_demosaic_0_0_synth_1/prj/sol/.autopilot/db/v_demosaic.cpp:1073]   --->   Operation 28 'trunc' 'x_phase' <Predicate = true> <Delay = 0.00>
ST_1 : Operation 29 [1/1] (0.00ns)   --->   "%trunc_ln870_1_i = partselect i15 @_ssdm_op_PartSelect.i15.i16.i32.i32, i16 %bayerPhase_c_read, i32 1, i32 15" [E:/KRIA/project_2/project_2.runs/design_1_v_demosaic_0_0_synth_1/prj/sol/.autopilot/db/v_demosaic.cpp:870->E:/KRIA/project_2/project_2.runs/design_1_v_demosaic_0_0_synth_1/prj/sol/.autopilot/db/v_demosaic.cpp:1073]   --->   Operation 29 'partselect' 'trunc_ln870_1_i' <Predicate = true> <Delay = 0.00>
ST_1 : Operation 30 [1/1] (0.42ns)   --->   "%store_ln851 = store i11 0, i11 %y" [E:/KRIA/project_2/project_2.runs/design_1_v_demosaic_0_0_synth_1/prj/sol/.autopilot/db/v_demosaic.cpp:851->E:/KRIA/project_2/project_2.runs/design_1_v_demosaic_0_0_synth_1/prj/sol/.autopilot/db/v_demosaic.cpp:1073]   --->   Operation 30 'store' 'store_ln851' <Predicate = true> <Delay = 0.42>
ST_1 : Operation 31 [1/1] (0.00ns)   --->   "%br_ln878 = br void %VITIS_LOOP_881_2.i" [E:/KRIA/project_2/project_2.runs/design_1_v_demosaic_0_0_synth_1/prj/sol/.autopilot/db/v_demosaic.cpp:878->E:/KRIA/project_2/project_2.runs/design_1_v_demosaic_0_0_synth_1/prj/sol/.autopilot/db/v_demosaic.cpp:1073]   --->   Operation 31 'br' 'br_ln878' <Predicate = true> <Delay = 0.00>

State 2 <SV = 1> <Delay = 1.22>
ST_2 : Operation 32 [1/1] (0.00ns)   --->   "%y_5 = load i11 %y" [E:/KRIA/project_2/project_2.runs/design_1_v_demosaic_0_0_synth_1/prj/sol/.autopilot/db/v_demosaic.cpp:878->E:/KRIA/project_2/project_2.runs/design_1_v_demosaic_0_0_synth_1/prj/sol/.autopilot/db/v_demosaic.cpp:1073]   --->   Operation 32 'load' 'y_5' <Predicate = true> <Delay = 0.00>
ST_2 : Operation 33 [1/1] (0.79ns)   --->   "%icmp_ln878 = icmp_eq  i11 %y_5, i11 %loopHeight" [E:/KRIA/project_2/project_2.runs/design_1_v_demosaic_0_0_synth_1/prj/sol/.autopilot/db/v_demosaic.cpp:878->E:/KRIA/project_2/project_2.runs/design_1_v_demosaic_0_0_synth_1/prj/sol/.autopilot/db/v_demosaic.cpp:1073]   --->   Operation 33 'icmp' 'icmp_ln878' <Predicate = true> <Delay = 0.79> <CoreInst = "Cmp">   --->   Core 9 'Cmp' <Latency = 0> <II = 1> <Delay = 0.79> <FuncUnit> <Opcode : 'seteq' 'setne' 'setle' 'setge' 'setlt' 'setgt'> <InPorts = 2> <OutPorts = 1>
ST_2 : Operation 34 [1/1] (0.00ns)   --->   "%speclooptripcount_ln0 = speclooptripcount void @_ssdm_op_SpecLoopTripCount, i64 1, i64 1081, i64 0"   --->   Operation 34 'speclooptripcount' 'speclooptripcount_ln0' <Predicate = true> <Delay = 0.00>
ST_2 : Operation 35 [1/1] (0.79ns)   --->   "%y_6 = add i11 %y_5, i11 1" [E:/KRIA/project_2/project_2.runs/design_1_v_demosaic_0_0_synth_1/prj/sol/.autopilot/db/v_demosaic.cpp:878->E:/KRIA/project_2/project_2.runs/design_1_v_demosaic_0_0_synth_1/prj/sol/.autopilot/db/v_demosaic.cpp:1073]   --->   Operation 35 'add' 'y_6' <Predicate = true> <Delay = 0.79> <CoreInst = "Adder">   --->   Core 1 'Adder' <Latency = 0> <II = 1> <Delay = 0.79> <FuncUnit> <Opcode : 'add' 'sub'> <InPorts = 2> <OutPorts = 1>
ST_2 : Operation 36 [1/1] (0.00ns)   --->   "%br_ln878 = br i1 %icmp_ln878, void %VITIS_LOOP_881_2.split.i, void %DebayerRandBatG.exit" [E:/KRIA/project_2/project_2.runs/design_1_v_demosaic_0_0_synth_1/prj/sol/.autopilot/db/v_demosaic.cpp:878->E:/KRIA/project_2/project_2.runs/design_1_v_demosaic_0_0_synth_1/prj/sol/.autopilot/db/v_demosaic.cpp:1073]   --->   Operation 36 'br' 'br_ln878' <Predicate = true> <Delay = 0.00>
ST_2 : Operation 37 [1/1] (0.00ns)   --->   "%p_0_0_0_0_011551704_lcssa1748_i_load = load i10 %p_0_0_0_0_011551704_lcssa1748_i"   --->   Operation 37 'load' 'p_0_0_0_0_011551704_lcssa1748_i_load' <Predicate = (!icmp_ln878)> <Delay = 0.00>
ST_2 : Operation 38 [1/1] (0.00ns)   --->   "%p_0_1_0_0_011561707_lcssa1750_i_load = load i10 %p_0_1_0_0_011561707_lcssa1750_i"   --->   Operation 38 'load' 'p_0_1_0_0_011561707_lcssa1750_i_load' <Predicate = (!icmp_ln878)> <Delay = 0.00>
ST_2 : Operation 39 [1/1] (0.00ns)   --->   "%p_0_2_0_0_011571710_lcssa1752_i_load = load i10 %p_0_2_0_0_011571710_lcssa1752_i"   --->   Operation 39 'load' 'p_0_2_0_0_011571710_lcssa1752_i_load' <Predicate = (!icmp_ln878)> <Delay = 0.00>
ST_2 : Operation 40 [1/1] (0.00ns)   --->   "%p_0_0_0116317821794_lcssa1830_i_load = load i10 %p_0_0_0116317821794_lcssa1830_i"   --->   Operation 40 'load' 'p_0_0_0116317821794_lcssa1830_i_load' <Predicate = (!icmp_ln878)> <Delay = 0.00>
ST_2 : Operation 41 [1/1] (0.00ns)   --->   "%p_0_0_0116217841796_lcssa1832_i_load = load i10 %p_0_0_0116217841796_lcssa1832_i"   --->   Operation 41 'load' 'p_0_0_0116217841796_lcssa1832_i_load' <Predicate = (!icmp_ln878)> <Delay = 0.00>
ST_2 : Operation 42 [1/1] (0.00ns)   --->   "%p_0_0_0116117861798_lcssa1834_i_load = load i10 %p_0_0_0116117861798_lcssa1834_i"   --->   Operation 42 'load' 'p_0_0_0116117861798_lcssa1834_i_load' <Predicate = (!icmp_ln878)> <Delay = 0.00>
ST_2 : Operation 43 [1/1] (0.00ns)   --->   "%p_0_0_0_0_011491799_lcssa1836_i_load = load i10 %p_0_0_0_0_011491799_lcssa1836_i"   --->   Operation 43 'load' 'p_0_0_0_0_011491799_lcssa1836_i_load' <Predicate = (!icmp_ln878)> <Delay = 0.00>
ST_2 : Operation 44 [1/1] (0.00ns)   --->   "%p_0_1_0_0_011501801_lcssa1838_i_load = load i10 %p_0_1_0_0_011501801_lcssa1838_i"   --->   Operation 44 'load' 'p_0_1_0_0_011501801_lcssa1838_i_load' <Predicate = (!icmp_ln878)> <Delay = 0.00>
ST_2 : Operation 45 [1/1] (0.00ns)   --->   "%p_0_2_0_0_011511803_lcssa1840_i_load = load i10 %p_0_2_0_0_011511803_lcssa1840_i"   --->   Operation 45 'load' 'p_0_2_0_0_011511803_lcssa1840_i_load' <Predicate = (!icmp_ln878)> <Delay = 0.00>
ST_2 : Operation 46 [1/1] (0.00ns)   --->   "%p_0_0_01185_217761806_lcssa1842_i_load = load i10 %p_0_0_01185_217761806_lcssa1842_i"   --->   Operation 46 'load' 'p_0_0_01185_217761806_lcssa1842_i_load' <Predicate = (!icmp_ln878)> <Delay = 0.00>
ST_2 : Operation 47 [1/1] (0.00ns)   --->   "%p_0_0_01184_217781808_lcssa1844_i_load = load i10 %p_0_0_01184_217781808_lcssa1844_i"   --->   Operation 47 'load' 'p_0_0_01184_217781808_lcssa1844_i_load' <Predicate = (!icmp_ln878)> <Delay = 0.00>
ST_2 : Operation 48 [1/1] (0.00ns)   --->   "%p_0_0_01183_217801810_lcssa1846_i_load = load i10 %p_0_0_01183_217801810_lcssa1846_i"   --->   Operation 48 'load' 'p_0_0_01183_217801810_lcssa1846_i_load' <Predicate = (!icmp_ln878)> <Delay = 0.00>
ST_2 : Operation 49 [1/1] (0.00ns) (grouped into LUT with out node xor_i)   --->   "%trunc_ln878 = trunc i11 %y_5" [E:/KRIA/project_2/project_2.runs/design_1_v_demosaic_0_0_synth_1/prj/sol/.autopilot/db/v_demosaic.cpp:878->E:/KRIA/project_2/project_2.runs/design_1_v_demosaic_0_0_synth_1/prj/sol/.autopilot/db/v_demosaic.cpp:1073]   --->   Operation 49 'trunc' 'trunc_ln878' <Predicate = (!icmp_ln878)> <Delay = 0.00>
ST_2 : Operation 50 [1/1] (0.00ns) (grouped into LUT with out node xor_i)   --->   "%tmp4_i = xor i1 %trunc_ln878, i1 1" [E:/KRIA/project_2/project_2.runs/design_1_v_demosaic_0_0_synth_1/prj/sol/.autopilot/db/v_demosaic.cpp:878->E:/KRIA/project_2/project_2.runs/design_1_v_demosaic_0_0_synth_1/prj/sol/.autopilot/db/v_demosaic.cpp:1073]   --->   Operation 50 'xor' 'tmp4_i' <Predicate = (!icmp_ln878)> <Delay = 0.00> <CoreInst = "LogicGate">   --->   Core 74 'LogicGate' <Latency = 0> <II = 1> <Delay = 0.28> <FuncUnit> <Opcode : 'and' 'or' 'xor'> <InPorts = 2> <OutPorts = 1>
ST_2 : Operation 51 [1/1] (0.00ns) (grouped into LUT with out node xor_i)   --->   "%tmp4_cast_i = zext i1 %tmp4_i" [E:/KRIA/project_2/project_2.runs/design_1_v_demosaic_0_0_synth_1/prj/sol/.autopilot/db/v_demosaic.cpp:878->E:/KRIA/project_2/project_2.runs/design_1_v_demosaic_0_0_synth_1/prj/sol/.autopilot/db/v_demosaic.cpp:1073]   --->   Operation 51 'zext' 'tmp4_cast_i' <Predicate = (!icmp_ln878)> <Delay = 0.00>
ST_2 : Operation 52 [1/1] (0.28ns) (out node of the LUT)   --->   "%xor_i = xor i15 %tmp4_cast_i, i15 %trunc_ln870_1_i" [E:/KRIA/project_2/project_2.runs/design_1_v_demosaic_0_0_synth_1/prj/sol/.autopilot/db/v_demosaic.cpp:878->E:/KRIA/project_2/project_2.runs/design_1_v_demosaic_0_0_synth_1/prj/sol/.autopilot/db/v_demosaic.cpp:1073]   --->   Operation 52 'xor' 'xor_i' <Predicate = (!icmp_ln878)> <Delay = 0.28> <CoreInst = "LogicGate">   --->   Core 74 'LogicGate' <Latency = 0> <II = 1> <Delay = 0.26> <FuncUnit> <Opcode : 'and' 'or' 'xor'> <InPorts = 2> <OutPorts = 1>
ST_2 : Operation 53 [1/1] (0.79ns)   --->   "%cmp59_i = icmp_ult  i11 %y_5, i11 %height_read" [E:/KRIA/project_2/project_2.runs/design_1_v_demosaic_0_0_synth_1/prj/sol/.autopilot/db/v_demosaic.cpp:878->E:/KRIA/project_2/project_2.runs/design_1_v_demosaic_0_0_synth_1/prj/sol/.autopilot/db/v_demosaic.cpp:1073]   --->   Operation 53 'icmp' 'cmp59_i' <Predicate = (!icmp_ln878)> <Delay = 0.79> <CoreInst = "Cmp">   --->   Core 9 'Cmp' <Latency = 0> <II = 1> <Delay = 0.79> <FuncUnit> <Opcode : 'seteq' 'setne' 'setle' 'setge' 'setlt' 'setgt'> <InPorts = 2> <OutPorts = 1>
ST_2 : Operation 54 [1/1] (0.79ns)   --->   "%cmp203_i = icmp_ne  i11 %y_5, i11 0" [E:/KRIA/project_2/project_2.runs/design_1_v_demosaic_0_0_synth_1/prj/sol/.autopilot/db/v_demosaic.cpp:878->E:/KRIA/project_2/project_2.runs/design_1_v_demosaic_0_0_synth_1/prj/sol/.autopilot/db/v_demosaic.cpp:1073]   --->   Operation 54 'icmp' 'cmp203_i' <Predicate = (!icmp_ln878)> <Delay = 0.79> <CoreInst = "Cmp">   --->   Core 9 'Cmp' <Latency = 0> <II = 1> <Delay = 0.79> <FuncUnit> <Opcode : 'seteq' 'setne' 'setle' 'setge' 'setlt' 'setgt'> <InPorts = 2> <OutPorts = 1>
ST_2 : Operation 55 [1/1] (0.00ns)   --->   "%empty = wait i32 @_ssdm_op_Wait"   --->   Operation 55 'wait' 'empty' <Predicate = (!icmp_ln878)> <Delay = 0.00>
ST_2 : Operation 56 [1/1] (0.42ns)   --->   "%store_ln851 = store i11 %y_6, i11 %y" [E:/KRIA/project_2/project_2.runs/design_1_v_demosaic_0_0_synth_1/prj/sol/.autopilot/db/v_demosaic.cpp:851->E:/KRIA/project_2/project_2.runs/design_1_v_demosaic_0_0_synth_1/prj/sol/.autopilot/db/v_demosaic.cpp:1073]   --->   Operation 56 'store' 'store_ln851' <Predicate = (!icmp_ln878)> <Delay = 0.42>
ST_2 : Operation 57 [1/1] (0.00ns)   --->   "%ret_ln1073 = ret" [E:/KRIA/project_2/project_2.runs/design_1_v_demosaic_0_0_synth_1/prj/sol/.autopilot/db/v_demosaic.cpp:1073]   --->   Operation 57 'ret' 'ret_ln1073' <Predicate = (icmp_ln878)> <Delay = 0.00>

State 3 <SV = 2> <Delay = 1.22>
ST_3 : Operation 58 [2/2] (1.22ns)   --->   "%call_ln855 = call void @DebayerRandBatG_Pipeline_VITIS_LOOP_881_2, i10 %p_0_0_01183_217801810_lcssa1846_i_load, i10 %p_0_0_01184_217781808_lcssa1844_i_load, i10 %p_0_0_01185_217761806_lcssa1842_i_load, i10 %p_0_2_0_0_011511803_lcssa1840_i_load, i10 %p_0_1_0_0_011501801_lcssa1838_i_load, i10 %p_0_0_0_0_011491799_lcssa1836_i_load, i10 %p_0_0_0116117861798_lcssa1834_i_load, i10 %p_0_0_0116217841796_lcssa1832_i_load, i10 %p_0_0_0116317821794_lcssa1830_i_load, i10 %p_0_2_0_0_011571710_lcssa1752_i_load, i10 %p_0_1_0_0_011561707_lcssa1750_i_load, i10 %p_0_0_0_0_011551704_lcssa1748_i_load, i11 %loopWidth, i1 %x_phase, i15 %xor_i, i1 %cmp203_i, i11 %width_read, i1 %cmp59_i, i30 %imgRB, i30 %imgRgb, i10 %p_0_0_01183_217801810_lcssa1846_i, i10 %p_0_0_01184_217781808_lcssa1844_i, i10 %p_0_0_01185_217761806_lcssa1842_i, i10 %p_0_2_0_0_011511803_lcssa1840_i, i10 %p_0_1_0_0_011501801_lcssa1838_i, i10 %p_0_0_0_0_011491799_lcssa1836_i, i10 %p_0_0_0116117861798_lcssa1834_i, i10 %p_0_0_0116217841796_lcssa1832_i, i10 %p_0_0_0116317821794_lcssa1830_i, i10 %p_0_2_0_0_011571710_lcssa1752_i, i10 %p_0_1_0_0_011561707_lcssa1750_i, i10 %p_0_0_0_0_011551704_lcssa1748_i" [E:/KRIA/project_2/project_2.runs/design_1_v_demosaic_0_0_synth_1/prj/sol/.autopilot/db/v_demosaic.cpp:855->E:/KRIA/project_2/project_2.runs/design_1_v_demosaic_0_0_synth_1/prj/sol/.autopilot/db/v_demosaic.cpp:1073]   --->   Operation 58 'call' 'call_ln855' <Predicate = true> <Delay = 1.22> <CoreType = "Generic">   --->   Core 0 '' <Latency = 0> <II = 1> <Delay = 1.00> <Generic> <Opcode : >

State 4 <SV = 3> <Delay = 0.00>
ST_4 : Operation 59 [1/1] (0.00ns)   --->   "%specloopname_ln878 = specloopname void @_ssdm_op_SpecLoopName, void @empty_22" [E:/KRIA/project_2/project_2.runs/design_1_v_demosaic_0_0_synth_1/prj/sol/.autopilot/db/v_demosaic.cpp:878->E:/KRIA/project_2/project_2.runs/design_1_v_demosaic_0_0_synth_1/prj/sol/.autopilot/db/v_demosaic.cpp:1073]   --->   Operation 59 'specloopname' 'specloopname_ln878' <Predicate = true> <Delay = 0.00>
ST_4 : Operation 60 [1/2] (0.00ns)   --->   "%call_ln855 = call void @DebayerRandBatG_Pipeline_VITIS_LOOP_881_2, i10 %p_0_0_01183_217801810_lcssa1846_i_load, i10 %p_0_0_01184_217781808_lcssa1844_i_load, i10 %p_0_0_01185_217761806_lcssa1842_i_load, i10 %p_0_2_0_0_011511803_lcssa1840_i_load, i10 %p_0_1_0_0_011501801_lcssa1838_i_load, i10 %p_0_0_0_0_011491799_lcssa1836_i_load, i10 %p_0_0_0116117861798_lcssa1834_i_load, i10 %p_0_0_0116217841796_lcssa1832_i_load, i10 %p_0_0_0116317821794_lcssa1830_i_load, i10 %p_0_2_0_0_011571710_lcssa1752_i_load, i10 %p_0_1_0_0_011561707_lcssa1750_i_load, i10 %p_0_0_0_0_011551704_lcssa1748_i_load, i11 %loopWidth, i1 %x_phase, i15 %xor_i, i1 %cmp203_i, i11 %width_read, i1 %cmp59_i, i30 %imgRB, i30 %imgRgb, i10 %p_0_0_01183_217801810_lcssa1846_i, i10 %p_0_0_01184_217781808_lcssa1844_i, i10 %p_0_0_01185_217761806_lcssa1842_i, i10 %p_0_2_0_0_011511803_lcssa1840_i, i10 %p_0_1_0_0_011501801_lcssa1838_i, i10 %p_0_0_0_0_011491799_lcssa1836_i, i10 %p_0_0_0116117861798_lcssa1834_i, i10 %p_0_0_0116217841796_lcssa1832_i, i10 %p_0_0_0116317821794_lcssa1830_i, i10 %p_0_2_0_0_011571710_lcssa1752_i, i10 %p_0_1_0_0_011561707_lcssa1750_i, i10 %p_0_0_0_0_011551704_lcssa1748_i" [E:/KRIA/project_2/project_2.runs/design_1_v_demosaic_0_0_synth_1/prj/sol/.autopilot/db/v_demosaic.cpp:855->E:/KRIA/project_2/project_2.runs/design_1_v_demosaic_0_0_synth_1/prj/sol/.autopilot/db/v_demosaic.cpp:1073]   --->   Operation 60 'call' 'call_ln855' <Predicate = true> <Delay = 0.00> <CoreType = "Generic">   --->   Core 0 '' <Latency = 0> <II = 1> <Delay = 1.00> <Generic> <Opcode : >
ST_4 : Operation 61 [1/1] (0.00ns)   --->   "%br_ln878 = br void %VITIS_LOOP_881_2.i" [E:/KRIA/project_2/project_2.runs/design_1_v_demosaic_0_0_synth_1/prj/sol/.autopilot/db/v_demosaic.cpp:878->E:/KRIA/project_2/project_2.runs/design_1_v_demosaic_0_0_synth_1/prj/sol/.autopilot/db/v_demosaic.cpp:1073]   --->   Operation 61 'br' 'br_ln878' <Predicate = true> <Delay = 0.00>


============================================================
+ Verbose Summary: Binding
============================================================
STG Binding: 
---------------- STG Properties BEGIN ----------------
- Is combinational: 0
- Is one-state seq: 0
- Is datapath-only: 0
- Is pipelined: 0
- Is top level: 0
Port [ Return ] is wired: 1; IO mode=ap_ctrl_hs:ce=0
Port [ imgRB]:  wired=1; compound=1; hidden=0; nouse=0; global=0; static=0; extern=0; dir=0; type=3; pingpong=0; private_global=0; IO mode=ap_fifo:ce=0
Port [ imgRgb]:  wired=1; compound=1; hidden=0; nouse=0; global=0; static=0; extern=0; dir=1; type=3; pingpong=0; private_global=0; IO mode=ap_fifo:ce=0
Port [ height]:  wired=1; compound=0; hidden=0; nouse=0; global=0; static=0; extern=0; dir=0; type=0; pingpong=0; private_global=0; IO mode=ap_stable:ce=0
Port [ width]:  wired=1; compound=0; hidden=0; nouse=0; global=0; static=0; extern=0; dir=0; type=0; pingpong=0; private_global=0; IO mode=ap_stable:ce=0
Port [ bayerPhase_c]:  wired=1; compound=1; hidden=0; nouse=0; global=0; static=0; extern=0; dir=0; type=3; pingpong=0; private_global=0; IO mode=ap_fifo:ce=0
---------------- STG Properties END ------------------

---------------- Datapath Model BEGIN ----------------

<LifeTime>
<method=bitvector/>
y                                      (alloca           ) [ 01111]
p_0_0_0_0_011551704_lcssa1748_i        (alloca           ) [ 00111]
p_0_1_0_0_011561707_lcssa1750_i        (alloca           ) [ 00111]
p_0_2_0_0_011571710_lcssa1752_i        (alloca           ) [ 00111]
p_0_0_0116317821794_lcssa1830_i        (alloca           ) [ 00111]
p_0_0_0116217841796_lcssa1832_i        (alloca           ) [ 00111]
p_0_0_0116117861798_lcssa1834_i        (alloca           ) [ 00111]
p_0_0_0_0_011491799_lcssa1836_i        (alloca           ) [ 00111]
p_0_1_0_0_011501801_lcssa1838_i        (alloca           ) [ 00111]
p_0_2_0_0_011511803_lcssa1840_i        (alloca           ) [ 00111]
p_0_0_01185_217761806_lcssa1842_i      (alloca           ) [ 00111]
p_0_0_01184_217781808_lcssa1844_i      (alloca           ) [ 00111]
p_0_0_01183_217801810_lcssa1846_i      (alloca           ) [ 00111]
width_read                             (read             ) [ 00111]
height_read                            (read             ) [ 00111]
specinterface_ln0                      (specinterface    ) [ 00000]
bayerPhase_c_read                      (read             ) [ 00000]
specinterface_ln0                      (specinterface    ) [ 00000]
specinterface_ln0                      (specinterface    ) [ 00000]
specinterface_ln0                      (specinterface    ) [ 00000]
specinterface_ln0                      (specinterface    ) [ 00000]
loopHeight                             (add              ) [ 00111]
loopWidth                              (add              ) [ 00111]
x_phase                                (trunc            ) [ 00111]
trunc_ln870_1_i                        (partselect       ) [ 00111]
store_ln851                            (store            ) [ 00000]
br_ln878                               (br               ) [ 00000]
y_5                                    (load             ) [ 00000]
icmp_ln878                             (icmp             ) [ 00111]
speclooptripcount_ln0                  (speclooptripcount) [ 00000]
y_6                                    (add              ) [ 00000]
br_ln878                               (br               ) [ 00000]
p_0_0_0_0_011551704_lcssa1748_i_load   (load             ) [ 00011]
p_0_1_0_0_011561707_lcssa1750_i_load   (load             ) [ 00011]
p_0_2_0_0_011571710_lcssa1752_i_load   (load             ) [ 00011]
p_0_0_0116317821794_lcssa1830_i_load   (load             ) [ 00011]
p_0_0_0116217841796_lcssa1832_i_load   (load             ) [ 00011]
p_0_0_0116117861798_lcssa1834_i_load   (load             ) [ 00011]
p_0_0_0_0_011491799_lcssa1836_i_load   (load             ) [ 00011]
p_0_1_0_0_011501801_lcssa1838_i_load   (load             ) [ 00011]
p_0_2_0_0_011511803_lcssa1840_i_load   (load             ) [ 00011]
p_0_0_01185_217761806_lcssa1842_i_load (load             ) [ 00011]
p_0_0_01184_217781808_lcssa1844_i_load (load             ) [ 00011]
p_0_0_01183_217801810_lcssa1846_i_load (load             ) [ 00011]
trunc_ln878                            (trunc            ) [ 00000]
tmp4_i                                 (xor              ) [ 00000]
tmp4_cast_i                            (zext             ) [ 00000]
xor_i                                  (xor              ) [ 00011]
cmp59_i                                (icmp             ) [ 00011]
cmp203_i                               (icmp             ) [ 00011]
empty                                  (wait             ) [ 00000]
store_ln851                            (store            ) [ 00000]
ret_ln1073                             (ret              ) [ 00000]
specloopname_ln878                     (specloopname     ) [ 00000]
call_ln855                             (call             ) [ 00000]
br_ln878                               (br               ) [ 00000]
</LifeTime>

<model>

<comp_list>
<comp id="0" class="1000" name="imgRB">
<pin_list>
<pin id="1" dir="1" index="0" bw="1" slack="0"/>
</pin_list>
<bind>
<StgValue><ssdm name="imgRB"/></StgValue>
</bind>
</comp>

<comp id="2" class="1000" name="imgRgb">
<pin_list>
<pin id="3" dir="1" index="0" bw="1" slack="0"/>
</pin_list>
<bind>
<StgValue><ssdm name="imgRgb"/></StgValue>
</bind>
</comp>

<comp id="4" class="1000" name="height">
<pin_list>
<pin id="5" dir="1" index="0" bw="1" slack="0"/>
</pin_list>
<bind>
<StgValue><ssdm name="height"/></StgValue>
</bind>
</comp>

<comp id="6" class="1000" name="width">
<pin_list>
<pin id="7" dir="1" index="0" bw="1" slack="0"/>
</pin_list>
<bind>
<StgValue><ssdm name="width"/></StgValue>
</bind>
</comp>

<comp id="8" class="1000" name="bayerPhase_c">
<pin_list>
<pin id="9" dir="1" index="0" bw="1" slack="0"/>
</pin_list>
<bind>
<StgValue><ssdm name="bayerPhase_c"/></StgValue>
</bind>
</comp>

<comp id="10" class="1001" name="const_10">
<pin_list>
<pin id="11" dir="1" index="0" bw="1" slack="0"/>
</pin_list>
<bind>
<StgValue><ssdm name=""/></StgValue>
</bind>
</comp>

<comp id="12" class="1001" name="const_12">
<pin_list>
<pin id="13" dir="1" index="0" bw="1" slack="0"/>
</pin_list>
<bind>
<StgValue><ssdm name="_ssdm_op_Read.ap_stable.i11"/></StgValue>
</bind>
</comp>

<comp id="14" class="1001" name="const_14">
<pin_list>
<pin id="15" dir="1" index="0" bw="1" slack="2147483647"/>
</pin_list>
<bind>
<StgValue><ssdm name="_ssdm_op_SpecInterface"/></StgValue>
</bind>
</comp>

<comp id="16" class="1001" name="const_16">
<pin_list>
<pin id="17" dir="1" index="0" bw="1" slack="2147483647"/>
</pin_list>
<bind>
<StgValue><ssdm name="ap_fifo_str"/></StgValue>
</bind>
</comp>

<comp id="18" class="1001" name="const_18">
<pin_list>
<pin id="19" dir="1" index="0" bw="1" slack="2147483647"/>
</pin_list>
<bind>
<StgValue><ssdm name=""/></StgValue>
</bind>
</comp>

<comp id="20" class="1001" name="const_20">
<pin_list>
<pin id="21" dir="1" index="0" bw="1" slack="2147483647"/>
</pin_list>
<bind>
<StgValue><ssdm name="p_str"/></StgValue>
</bind>
</comp>

<comp id="22" class="1001" name="const_22">
<pin_list>
<pin id="23" dir="1" index="0" bw="1" slack="2147483647"/>
</pin_list>
<bind>
<StgValue><ssdm name=""/></StgValue>
</bind>
</comp>

<comp id="24" class="1001" name="const_24">
<pin_list>
<pin id="25" dir="1" index="0" bw="1" slack="2147483647"/>
</pin_list>
<bind>
<StgValue><ssdm name=""/></StgValue>
</bind>
</comp>

<comp id="26" class="1001" name="const_26">
<pin_list>
<pin id="27" dir="1" index="0" bw="1" slack="2147483647"/>
</pin_list>
<bind>
<StgValue><ssdm name="ScalarProp_str"/></StgValue>
</bind>
</comp>

<comp id="28" class="1001" name="const_28">
<pin_list>
<pin id="29" dir="1" index="0" bw="1" slack="2147483647"/>
</pin_list>
<bind>
<StgValue><ssdm name=""/></StgValue>
</bind>
</comp>

<comp id="30" class="1001" name="const_30">
<pin_list>
<pin id="31" dir="1" index="0" bw="1" slack="0"/>
</pin_list>
<bind>
<StgValue><ssdm name="_ssdm_op_Read.ap_fifo.i16P0A"/></StgValue>
</bind>
</comp>

<comp id="32" class="1001" name="const_32">
<pin_list>
<pin id="33" dir="1" index="0" bw="1" slack="2147483647"/>
</pin_list>
<bind>
<StgValue><ssdm name="ap_stable_str"/></StgValue>
</bind>
</comp>

<comp id="34" class="1001" name="const_34">
<pin_list>
<pin id="35" dir="1" index="0" bw="1" slack="2147483647"/>
</pin_list>
<bind>
<StgValue><ssdm name="empty_24"/></StgValue>
</bind>
</comp>

<comp id="36" class="1001" name="const_36">
<pin_list>
<pin id="37" dir="1" index="0" bw="1" slack="2147483647"/>
</pin_list>
<bind>
<StgValue><ssdm name="empty_17"/></StgValue>
</bind>
</comp>

<comp id="38" class="1001" name="const_38">
<pin_list>
<pin id="39" dir="1" index="0" bw="1" slack="0"/>
</pin_list>
<bind>
<StgValue><ssdm name=""/></StgValue>
</bind>
</comp>

<comp id="40" class="1001" name="const_40">
<pin_list>
<pin id="41" dir="1" index="0" bw="1" slack="0"/>
</pin_list>
<bind>
<StgValue><ssdm name="_ssdm_op_PartSelect.i15.i16.i32.i32"/></StgValue>
</bind>
</comp>

<comp id="42" class="1001" name="const_42">
<pin_list>
<pin id="43" dir="1" index="0" bw="1" slack="0"/>
</pin_list>
<bind>
<StgValue><ssdm name=""/></StgValue>
</bind>
</comp>

<comp id="44" class="1001" name="const_44">
<pin_list>
<pin id="45" dir="1" index="0" bw="1" slack="0"/>
</pin_list>
<bind>
<StgValue><ssdm name=""/></StgValue>
</bind>
</comp>

<comp id="46" class="1001" name="const_46">
<pin_list>
<pin id="47" dir="1" index="0" bw="1" slack="2147483647"/>
</pin_list>
<bind>
<StgValue><ssdm name="_ssdm_op_SpecLoopTripCount"/></StgValue>
</bind>
</comp>

<comp id="48" class="1001" name="const_48">
<pin_list>
<pin id="49" dir="1" index="0" bw="1" slack="2147483647"/>
</pin_list>
<bind>
<StgValue><ssdm name=""/></StgValue>
</bind>
</comp>

<comp id="50" class="1001" name="const_50">
<pin_list>
<pin id="51" dir="1" index="0" bw="1" slack="2147483647"/>
</pin_list>
<bind>
<StgValue><ssdm name=""/></StgValue>
</bind>
</comp>

<comp id="52" class="1001" name="const_52">
<pin_list>
<pin id="53" dir="1" index="0" bw="1" slack="2147483647"/>
</pin_list>
<bind>
<StgValue><ssdm name=""/></StgValue>
</bind>
</comp>

<comp id="54" class="1001" name="const_54">
<pin_list>
<pin id="55" dir="1" index="0" bw="1" slack="0"/>
</pin_list>
<bind>
<StgValue><ssdm name=""/></StgValue>
</bind>
</comp>

<comp id="56" class="1001" name="const_56">
<pin_list>
<pin id="57" dir="1" index="0" bw="1" slack="2147483647"/>
</pin_list>
<bind>
<StgValue><ssdm name="_ssdm_op_Wait"/></StgValue>
</bind>
</comp>

<comp id="58" class="1001" name="const_58">
<pin_list>
<pin id="59" dir="1" index="0" bw="1" slack="0"/>
</pin_list>
<bind>
<StgValue><ssdm name="DebayerRandBatG_Pipeline_VITIS_LOOP_881_2"/></StgValue>
</bind>
</comp>

<comp id="60" class="1001" name="const_60">
<pin_list>
<pin id="61" dir="1" index="0" bw="1" slack="2147483647"/>
</pin_list>
<bind>
<StgValue><ssdm name="_ssdm_op_SpecLoopName"/></StgValue>
</bind>
</comp>

<comp id="62" class="1001" name="const_62">
<pin_list>
<pin id="63" dir="1" index="0" bw="1" slack="2147483647"/>
</pin_list>
<bind>
<StgValue><ssdm name="empty_22"/></StgValue>
</bind>
</comp>

<comp id="64" class="1004" name="y_fu_64">
<pin_list>
<pin id="65" dir="0" index="0" bw="1" slack="0"/>
<pin id="66" dir="1" index="1" bw="11" slack="0"/>
</pin_list>
<bind>
<opcode="alloca(26) " fcode="alloca"/>
<opset="y/1 "/>
</bind>
</comp>

<comp id="68" class="1004" name="p_0_0_0_0_011551704_lcssa1748_i_fu_68">
<pin_list>
<pin id="69" dir="0" index="0" bw="1" slack="0"/>
<pin id="70" dir="1" index="1" bw="10" slack="1"/>
</pin_list>
<bind>
<opcode="alloca(26) " fcode="alloca"/>
<opset="p_0_0_0_0_011551704_lcssa1748_i/1 "/>
</bind>
</comp>

<comp id="72" class="1004" name="p_0_1_0_0_011561707_lcssa1750_i_fu_72">
<pin_list>
<pin id="73" dir="0" index="0" bw="1" slack="0"/>
<pin id="74" dir="1" index="1" bw="10" slack="1"/>
</pin_list>
<bind>
<opcode="alloca(26) " fcode="alloca"/>
<opset="p_0_1_0_0_011561707_lcssa1750_i/1 "/>
</bind>
</comp>

<comp id="76" class="1004" name="p_0_2_0_0_011571710_lcssa1752_i_fu_76">
<pin_list>
<pin id="77" dir="0" index="0" bw="1" slack="0"/>
<pin id="78" dir="1" index="1" bw="10" slack="1"/>
</pin_list>
<bind>
<opcode="alloca(26) " fcode="alloca"/>
<opset="p_0_2_0_0_011571710_lcssa1752_i/1 "/>
</bind>
</comp>

<comp id="80" class="1004" name="p_0_0_0116317821794_lcssa1830_i_fu_80">
<pin_list>
<pin id="81" dir="0" index="0" bw="1" slack="0"/>
<pin id="82" dir="1" index="1" bw="10" slack="1"/>
</pin_list>
<bind>
<opcode="alloca(26) " fcode="alloca"/>
<opset="p_0_0_0116317821794_lcssa1830_i/1 "/>
</bind>
</comp>

<comp id="84" class="1004" name="p_0_0_0116217841796_lcssa1832_i_fu_84">
<pin_list>
<pin id="85" dir="0" index="0" bw="1" slack="0"/>
<pin id="86" dir="1" index="1" bw="10" slack="1"/>
</pin_list>
<bind>
<opcode="alloca(26) " fcode="alloca"/>
<opset="p_0_0_0116217841796_lcssa1832_i/1 "/>
</bind>
</comp>

<comp id="88" class="1004" name="p_0_0_0116117861798_lcssa1834_i_fu_88">
<pin_list>
<pin id="89" dir="0" index="0" bw="1" slack="0"/>
<pin id="90" dir="1" index="1" bw="10" slack="1"/>
</pin_list>
<bind>
<opcode="alloca(26) " fcode="alloca"/>
<opset="p_0_0_0116117861798_lcssa1834_i/1 "/>
</bind>
</comp>

<comp id="92" class="1004" name="p_0_0_0_0_011491799_lcssa1836_i_fu_92">
<pin_list>
<pin id="93" dir="0" index="0" bw="1" slack="0"/>
<pin id="94" dir="1" index="1" bw="10" slack="1"/>
</pin_list>
<bind>
<opcode="alloca(26) " fcode="alloca"/>
<opset="p_0_0_0_0_011491799_lcssa1836_i/1 "/>
</bind>
</comp>

<comp id="96" class="1004" name="p_0_1_0_0_011501801_lcssa1838_i_fu_96">
<pin_list>
<pin id="97" dir="0" index="0" bw="1" slack="0"/>
<pin id="98" dir="1" index="1" bw="10" slack="1"/>
</pin_list>
<bind>
<opcode="alloca(26) " fcode="alloca"/>
<opset="p_0_1_0_0_011501801_lcssa1838_i/1 "/>
</bind>
</comp>

<comp id="100" class="1004" name="p_0_2_0_0_011511803_lcssa1840_i_fu_100">
<pin_list>
<pin id="101" dir="0" index="0" bw="1" slack="0"/>
<pin id="102" dir="1" index="1" bw="10" slack="1"/>
</pin_list>
<bind>
<opcode="alloca(26) " fcode="alloca"/>
<opset="p_0_2_0_0_011511803_lcssa1840_i/1 "/>
</bind>
</comp>

<comp id="104" class="1004" name="p_0_0_01185_217761806_lcssa1842_i_fu_104">
<pin_list>
<pin id="105" dir="0" index="0" bw="1" slack="0"/>
<pin id="106" dir="1" index="1" bw="10" slack="1"/>
</pin_list>
<bind>
<opcode="alloca(26) " fcode="alloca"/>
<opset="p_0_0_01185_217761806_lcssa1842_i/1 "/>
</bind>
</comp>

<comp id="108" class="1004" name="p_0_0_01184_217781808_lcssa1844_i_fu_108">
<pin_list>
<pin id="109" dir="0" index="0" bw="1" slack="0"/>
<pin id="110" dir="1" index="1" bw="10" slack="1"/>
</pin_list>
<bind>
<opcode="alloca(26) " fcode="alloca"/>
<opset="p_0_0_01184_217781808_lcssa1844_i/1 "/>
</bind>
</comp>

<comp id="112" class="1004" name="p_0_0_01183_217801810_lcssa1846_i_fu_112">
<pin_list>
<pin id="113" dir="0" index="0" bw="1" slack="0"/>
<pin id="114" dir="1" index="1" bw="10" slack="1"/>
</pin_list>
<bind>
<opcode="alloca(26) " fcode="alloca"/>
<opset="p_0_0_01183_217801810_lcssa1846_i/1 "/>
</bind>
</comp>

<comp id="116" class="1004" name="width_read_read_fu_116">
<pin_list>
<pin id="117" dir="0" index="0" bw="11" slack="0"/>
<pin id="118" dir="0" index="1" bw="11" slack="0"/>
<pin id="119" dir="1" index="2" bw="11" slack="0"/>
</pin_list>
<bind>
<opcode="read(1150) " fcode="read"/>
<opset="width_read/1 "/>
</bind>
</comp>

<comp id="122" class="1004" name="height_read_read_fu_122">
<pin_list>
<pin id="123" dir="0" index="0" bw="11" slack="0"/>
<pin id="124" dir="0" index="1" bw="11" slack="0"/>
<pin id="125" dir="1" index="2" bw="11" slack="0"/>
</pin_list>
<bind>
<opcode="read(1150) " fcode="read"/>
<opset="height_read/1 "/>
</bind>
</comp>

<comp id="128" class="1004" name="bayerPhase_c_read_read_fu_128">
<pin_list>
<pin id="129" dir="0" index="0" bw="16" slack="0"/>
<pin id="130" dir="0" index="1" bw="16" slack="0"/>
<pin id="131" dir="1" index="2" bw="16" slack="0"/>
</pin_list>
<bind>
<opcode="read(1150) " fcode="read"/>
<opset="bayerPhase_c_read/1 "/>
</bind>
</comp>

<comp id="134" class="1004" name="grp_DebayerRandBatG_Pipeline_VITIS_LOOP_881_2_fu_134">
<pin_list>
<pin id="135" dir="0" index="0" bw="0" slack="0"/>
<pin id="136" dir="0" index="1" bw="10" slack="2"/>
<pin id="137" dir="0" index="2" bw="10" slack="2"/>
<pin id="138" dir="0" index="3" bw="10" slack="2"/>
<pin id="139" dir="0" index="4" bw="10" slack="2"/>
<pin id="140" dir="0" index="5" bw="10" slack="2"/>
<pin id="141" dir="0" index="6" bw="10" slack="2"/>
<pin id="142" dir="0" index="7" bw="10" slack="2"/>
<pin id="143" dir="0" index="8" bw="10" slack="2"/>
<pin id="144" dir="0" index="9" bw="10" slack="2"/>
<pin id="145" dir="0" index="10" bw="10" slack="2"/>
<pin id="146" dir="0" index="11" bw="10" slack="2"/>
<pin id="147" dir="0" index="12" bw="10" slack="2"/>
<pin id="148" dir="0" index="13" bw="11" slack="2"/>
<pin id="149" dir="0" index="14" bw="1" slack="2"/>
<pin id="150" dir="0" index="15" bw="15" slack="1"/>
<pin id="151" dir="0" index="16" bw="1" slack="1"/>
<pin id="152" dir="0" index="17" bw="11" slack="2"/>
<pin id="153" dir="0" index="18" bw="1" slack="1"/>
<pin id="154" dir="0" index="19" bw="30" slack="0"/>
<pin id="155" dir="0" index="20" bw="30" slack="0"/>
<pin id="156" dir="0" index="21" bw="10" slack="2"/>
<pin id="157" dir="0" index="22" bw="10" slack="2"/>
<pin id="158" dir="0" index="23" bw="10" slack="2"/>
<pin id="159" dir="0" index="24" bw="10" slack="2"/>
<pin id="160" dir="0" index="25" bw="10" slack="2"/>
<pin id="161" dir="0" index="26" bw="10" slack="2"/>
<pin id="162" dir="0" index="27" bw="10" slack="2"/>
<pin id="163" dir="0" index="28" bw="10" slack="2"/>
<pin id="164" dir="0" index="29" bw="10" slack="2"/>
<pin id="165" dir="0" index="30" bw="10" slack="2"/>
<pin id="166" dir="0" index="31" bw="10" slack="2"/>
<pin id="167" dir="0" index="32" bw="10" slack="2"/>
<pin id="168" dir="1" index="33" bw="0" slack="2147483647"/>
</pin_list>
<bind>
<opcode="call(48) " fcode="call"/>
<opset="call_ln855/3 "/>
</bind>
</comp>

<comp id="172" class="1004" name="loopHeight_fu_172">
<pin_list>
<pin id="173" dir="0" index="0" bw="11" slack="0"/>
<pin id="174" dir="0" index="1" bw="1" slack="0"/>
<pin id="175" dir="1" index="2" bw="11" slack="1"/>
</pin_list>
<bind>
<opcode="add(8) " fcode="add"/>
<opset="loopHeight/1 "/>
</bind>
</comp>

<comp id="178" class="1004" name="loopWidth_fu_178">
<pin_list>
<pin id="179" dir="0" index="0" bw="11" slack="0"/>
<pin id="180" dir="0" index="1" bw="1" slack="0"/>
<pin id="181" dir="1" index="2" bw="11" slack="2"/>
</pin_list>
<bind>
<opcode="add(8) " fcode="add"/>
<opset="loopWidth/1 "/>
</bind>
</comp>

<comp id="184" class="1004" name="x_phase_fu_184">
<pin_list>
<pin id="185" dir="0" index="0" bw="16" slack="0"/>
<pin id="186" dir="1" index="1" bw="1" slack="2"/>
</pin_list>
<bind>
<opcode="trunc(33) " fcode="trunc"/>
<opset="x_phase/1 "/>
</bind>
</comp>

<comp id="188" class="1004" name="trunc_ln870_1_i_fu_188">
<pin_list>
<pin id="189" dir="0" index="0" bw="15" slack="0"/>
<pin id="190" dir="0" index="1" bw="16" slack="0"/>
<pin id="191" dir="0" index="2" bw="1" slack="0"/>
<pin id="192" dir="0" index="3" bw="5" slack="0"/>
<pin id="193" dir="1" index="4" bw="15" slack="1"/>
</pin_list>
<bind>
<opcode="partselect(1002) " fcode="partselect"/>
<opset="trunc_ln870_1_i/1 "/>
</bind>
</comp>

<comp id="198" class="1004" name="store_ln851_store_fu_198">
<pin_list>
<pin id="199" dir="0" index="0" bw="1" slack="0"/>
<pin id="200" dir="0" index="1" bw="11" slack="0"/>
<pin id="201" dir="1" index="2" bw="0" slack="2147483647"/>
</pin_list>
<bind>
<opcode="store(28) " fcode="store"/>
<opset="store_ln851/1 "/>
</bind>
</comp>

<comp id="203" class="1004" name="y_5_load_fu_203">
<pin_list>
<pin id="204" dir="0" index="0" bw="11" slack="1"/>
<pin id="205" dir="1" index="1" bw="11" slack="0"/>
</pin_list>
<bind>
<opcode="load(27) " fcode="load"/>
<opset="y_5/2 "/>
</bind>
</comp>

<comp id="206" class="1004" name="icmp_ln878_fu_206">
<pin_list>
<pin id="207" dir="0" index="0" bw="11" slack="0"/>
<pin id="208" dir="0" index="1" bw="11" slack="1"/>
<pin id="209" dir="1" index="2" bw="1" slack="2147483647"/>
</pin_list>
<bind>
<opcode="icmp(45) " fcode="icmp"/>
<opset="icmp_ln878/2 "/>
</bind>
</comp>

<comp id="211" class="1004" name="y_6_fu_211">
<pin_list>
<pin id="212" dir="0" index="0" bw="11" slack="0"/>
<pin id="213" dir="0" index="1" bw="1" slack="0"/>
<pin id="214" dir="1" index="2" bw="11" slack="0"/>
</pin_list>
<bind>
<opcode="add(8) " fcode="add"/>
<opset="y_6/2 "/>
</bind>
</comp>

<comp id="217" class="1004" name="p_0_0_0_0_011551704_lcssa1748_i_load_load_fu_217">
<pin_list>
<pin id="218" dir="0" index="0" bw="10" slack="1"/>
<pin id="219" dir="1" index="1" bw="10" slack="2"/>
</pin_list>
<bind>
<opcode="load(27) " fcode="load"/>
<opset="p_0_0_0_0_011551704_lcssa1748_i_load/2 "/>
</bind>
</comp>

<comp id="220" class="1004" name="p_0_1_0_0_011561707_lcssa1750_i_load_load_fu_220">
<pin_list>
<pin id="221" dir="0" index="0" bw="10" slack="1"/>
<pin id="222" dir="1" index="1" bw="10" slack="2"/>
</pin_list>
<bind>
<opcode="load(27) " fcode="load"/>
<opset="p_0_1_0_0_011561707_lcssa1750_i_load/2 "/>
</bind>
</comp>

<comp id="223" class="1004" name="p_0_2_0_0_011571710_lcssa1752_i_load_load_fu_223">
<pin_list>
<pin id="224" dir="0" index="0" bw="10" slack="1"/>
<pin id="225" dir="1" index="1" bw="10" slack="2"/>
</pin_list>
<bind>
<opcode="load(27) " fcode="load"/>
<opset="p_0_2_0_0_011571710_lcssa1752_i_load/2 "/>
</bind>
</comp>

<comp id="226" class="1004" name="p_0_0_0116317821794_lcssa1830_i_load_load_fu_226">
<pin_list>
<pin id="227" dir="0" index="0" bw="10" slack="1"/>
<pin id="228" dir="1" index="1" bw="10" slack="2"/>
</pin_list>
<bind>
<opcode="load(27) " fcode="load"/>
<opset="p_0_0_0116317821794_lcssa1830_i_load/2 "/>
</bind>
</comp>

<comp id="229" class="1004" name="p_0_0_0116217841796_lcssa1832_i_load_load_fu_229">
<pin_list>
<pin id="230" dir="0" index="0" bw="10" slack="1"/>
<pin id="231" dir="1" index="1" bw="10" slack="2"/>
</pin_list>
<bind>
<opcode="load(27) " fcode="load"/>
<opset="p_0_0_0116217841796_lcssa1832_i_load/2 "/>
</bind>
</comp>

<comp id="232" class="1004" name="p_0_0_0116117861798_lcssa1834_i_load_load_fu_232">
<pin_list>
<pin id="233" dir="0" index="0" bw="10" slack="1"/>
<pin id="234" dir="1" index="1" bw="10" slack="2"/>
</pin_list>
<bind>
<opcode="load(27) " fcode="load"/>
<opset="p_0_0_0116117861798_lcssa1834_i_load/2 "/>
</bind>
</comp>

<comp id="235" class="1004" name="p_0_0_0_0_011491799_lcssa1836_i_load_load_fu_235">
<pin_list>
<pin id="236" dir="0" index="0" bw="10" slack="1"/>
<pin id="237" dir="1" index="1" bw="10" slack="2"/>
</pin_list>
<bind>
<opcode="load(27) " fcode="load"/>
<opset="p_0_0_0_0_011491799_lcssa1836_i_load/2 "/>
</bind>
</comp>

<comp id="238" class="1004" name="p_0_1_0_0_011501801_lcssa1838_i_load_load_fu_238">
<pin_list>
<pin id="239" dir="0" index="0" bw="10" slack="1"/>
<pin id="240" dir="1" index="1" bw="10" slack="2"/>
</pin_list>
<bind>
<opcode="load(27) " fcode="load"/>
<opset="p_0_1_0_0_011501801_lcssa1838_i_load/2 "/>
</bind>
</comp>

<comp id="241" class="1004" name="p_0_2_0_0_011511803_lcssa1840_i_load_load_fu_241">
<pin_list>
<pin id="242" dir="0" index="0" bw="10" slack="1"/>
<pin id="243" dir="1" index="1" bw="10" slack="2"/>
</pin_list>
<bind>
<opcode="load(27) " fcode="load"/>
<opset="p_0_2_0_0_011511803_lcssa1840_i_load/2 "/>
</bind>
</comp>

<comp id="244" class="1004" name="p_0_0_01185_217761806_lcssa1842_i_load_load_fu_244">
<pin_list>
<pin id="245" dir="0" index="0" bw="10" slack="1"/>
<pin id="246" dir="1" index="1" bw="10" slack="2"/>
</pin_list>
<bind>
<opcode="load(27) " fcode="load"/>
<opset="p_0_0_01185_217761806_lcssa1842_i_load/2 "/>
</bind>
</comp>

<comp id="247" class="1004" name="p_0_0_01184_217781808_lcssa1844_i_load_load_fu_247">
<pin_list>
<pin id="248" dir="0" index="0" bw="10" slack="1"/>
<pin id="249" dir="1" index="1" bw="10" slack="2"/>
</pin_list>
<bind>
<opcode="load(27) " fcode="load"/>
<opset="p_0_0_01184_217781808_lcssa1844_i_load/2 "/>
</bind>
</comp>

<comp id="250" class="1004" name="p_0_0_01183_217801810_lcssa1846_i_load_load_fu_250">
<pin_list>
<pin id="251" dir="0" index="0" bw="10" slack="1"/>
<pin id="252" dir="1" index="1" bw="10" slack="2"/>
</pin_list>
<bind>
<opcode="load(27) " fcode="load"/>
<opset="p_0_0_01183_217801810_lcssa1846_i_load/2 "/>
</bind>
</comp>

<comp id="253" class="1004" name="trunc_ln878_fu_253">
<pin_list>
<pin id="254" dir="0" index="0" bw="11" slack="0"/>
<pin id="255" dir="1" index="1" bw="1" slack="0"/>
</pin_list>
<bind>
<opcode="trunc(33) " fcode="trunc"/>
<opset="trunc_ln878/2 "/>
</bind>
</comp>

<comp id="257" class="1004" name="tmp4_i_fu_257">
<pin_list>
<pin id="258" dir="0" index="0" bw="1" slack="0"/>
<pin id="259" dir="0" index="1" bw="1" slack="0"/>
<pin id="260" dir="1" index="2" bw="1" slack="0"/>
</pin_list>
<bind>
<opcode="xor(25) " fcode="xor"/>
<opset="tmp4_i/2 "/>
</bind>
</comp>

<comp id="263" class="1004" name="tmp4_cast_i_fu_263">
<pin_list>
<pin id="264" dir="0" index="0" bw="1" slack="0"/>
<pin id="265" dir="1" index="1" bw="15" slack="0"/>
</pin_list>
<bind>
<opcode="zext(34) " fcode="zext"/>
<opset="tmp4_cast_i/2 "/>
</bind>
</comp>

<comp id="267" class="1004" name="xor_i_fu_267">
<pin_list>
<pin id="268" dir="0" index="0" bw="1" slack="0"/>
<pin id="269" dir="0" index="1" bw="15" slack="1"/>
<pin id="270" dir="1" index="2" bw="15" slack="1"/>
</pin_list>
<bind>
<opcode="xor(25) " fcode="xor"/>
<opset="xor_i/2 "/>
</bind>
</comp>

<comp id="272" class="1004" name="cmp59_i_fu_272">
<pin_list>
<pin id="273" dir="0" index="0" bw="11" slack="0"/>
<pin id="274" dir="0" index="1" bw="11" slack="1"/>
<pin id="275" dir="1" index="2" bw="1" slack="1"/>
</pin_list>
<bind>
<opcode="icmp(45) " fcode="icmp"/>
<opset="cmp59_i/2 "/>
</bind>
</comp>

<comp id="277" class="1004" name="cmp203_i_fu_277">
<pin_list>
<pin id="278" dir="0" index="0" bw="11" slack="0"/>
<pin id="279" dir="0" index="1" bw="1" slack="0"/>
<pin id="280" dir="1" index="2" bw="1" slack="1"/>
</pin_list>
<bind>
<opcode="icmp(45) " fcode="icmp"/>
<opset="cmp203_i/2 "/>
</bind>
</comp>

<comp id="283" class="1004" name="store_ln851_store_fu_283">
<pin_list>
<pin id="284" dir="0" index="0" bw="11" slack="0"/>
<pin id="285" dir="0" index="1" bw="11" slack="1"/>
<pin id="286" dir="1" index="2" bw="0" slack="2147483647"/>
</pin_list>
<bind>
<opcode="store(28) " fcode="store"/>
<opset="store_ln851/2 "/>
</bind>
</comp>

<comp id="288" class="1005" name="y_reg_288">
<pin_list>
<pin id="289" dir="0" index="0" bw="11" slack="0"/>
<pin id="290" dir="1" index="1" bw="11" slack="0"/>
</pin_list>
<bind>
<opset="y "/>
</bind>
</comp>

<comp id="295" class="1005" name="p_0_0_0_0_011551704_lcssa1748_i_reg_295">
<pin_list>
<pin id="296" dir="0" index="0" bw="10" slack="1"/>
<pin id="297" dir="1" index="1" bw="10" slack="1"/>
</pin_list>
<bind>
<opset="p_0_0_0_0_011551704_lcssa1748_i "/>
</bind>
</comp>

<comp id="301" class="1005" name="p_0_1_0_0_011561707_lcssa1750_i_reg_301">
<pin_list>
<pin id="302" dir="0" index="0" bw="10" slack="1"/>
<pin id="303" dir="1" index="1" bw="10" slack="1"/>
</pin_list>
<bind>
<opset="p_0_1_0_0_011561707_lcssa1750_i "/>
</bind>
</comp>

<comp id="307" class="1005" name="p_0_2_0_0_011571710_lcssa1752_i_reg_307">
<pin_list>
<pin id="308" dir="0" index="0" bw="10" slack="1"/>
<pin id="309" dir="1" index="1" bw="10" slack="1"/>
</pin_list>
<bind>
<opset="p_0_2_0_0_011571710_lcssa1752_i "/>
</bind>
</comp>

<comp id="313" class="1005" name="p_0_0_0116317821794_lcssa1830_i_reg_313">
<pin_list>
<pin id="314" dir="0" index="0" bw="10" slack="1"/>
<pin id="315" dir="1" index="1" bw="10" slack="1"/>
</pin_list>
<bind>
<opset="p_0_0_0116317821794_lcssa1830_i "/>
</bind>
</comp>

<comp id="319" class="1005" name="p_0_0_0116217841796_lcssa1832_i_reg_319">
<pin_list>
<pin id="320" dir="0" index="0" bw="10" slack="1"/>
<pin id="321" dir="1" index="1" bw="10" slack="1"/>
</pin_list>
<bind>
<opset="p_0_0_0116217841796_lcssa1832_i "/>
</bind>
</comp>

<comp id="325" class="1005" name="p_0_0_0116117861798_lcssa1834_i_reg_325">
<pin_list>
<pin id="326" dir="0" index="0" bw="10" slack="1"/>
<pin id="327" dir="1" index="1" bw="10" slack="1"/>
</pin_list>
<bind>
<opset="p_0_0_0116117861798_lcssa1834_i "/>
</bind>
</comp>

<comp id="331" class="1005" name="p_0_0_0_0_011491799_lcssa1836_i_reg_331">
<pin_list>
<pin id="332" dir="0" index="0" bw="10" slack="1"/>
<pin id="333" dir="1" index="1" bw="10" slack="1"/>
</pin_list>
<bind>
<opset="p_0_0_0_0_011491799_lcssa1836_i "/>
</bind>
</comp>

<comp id="337" class="1005" name="p_0_1_0_0_011501801_lcssa1838_i_reg_337">
<pin_list>
<pin id="338" dir="0" index="0" bw="10" slack="1"/>
<pin id="339" dir="1" index="1" bw="10" slack="1"/>
</pin_list>
<bind>
<opset="p_0_1_0_0_011501801_lcssa1838_i "/>
</bind>
</comp>

<comp id="343" class="1005" name="p_0_2_0_0_011511803_lcssa1840_i_reg_343">
<pin_list>
<pin id="344" dir="0" index="0" bw="10" slack="1"/>
<pin id="345" dir="1" index="1" bw="10" slack="1"/>
</pin_list>
<bind>
<opset="p_0_2_0_0_011511803_lcssa1840_i "/>
</bind>
</comp>

<comp id="349" class="1005" name="p_0_0_01185_217761806_lcssa1842_i_reg_349">
<pin_list>
<pin id="350" dir="0" index="0" bw="10" slack="1"/>
<pin id="351" dir="1" index="1" bw="10" slack="1"/>
</pin_list>
<bind>
<opset="p_0_0_01185_217761806_lcssa1842_i "/>
</bind>
</comp>

<comp id="355" class="1005" name="p_0_0_01184_217781808_lcssa1844_i_reg_355">
<pin_list>
<pin id="356" dir="0" index="0" bw="10" slack="1"/>
<pin id="357" dir="1" index="1" bw="10" slack="1"/>
</pin_list>
<bind>
<opset="p_0_0_01184_217781808_lcssa1844_i "/>
</bind>
</comp>

<comp id="361" class="1005" name="p_0_0_01183_217801810_lcssa1846_i_reg_361">
<pin_list>
<pin id="362" dir="0" index="0" bw="10" slack="1"/>
<pin id="363" dir="1" index="1" bw="10" slack="1"/>
</pin_list>
<bind>
<opset="p_0_0_01183_217801810_lcssa1846_i "/>
</bind>
</comp>

<comp id="367" class="1005" name="width_read_reg_367">
<pin_list>
<pin id="368" dir="0" index="0" bw="11" slack="2"/>
<pin id="369" dir="1" index="1" bw="11" slack="2"/>
</pin_list>
<bind>
<opset="width_read "/>
</bind>
</comp>

<comp id="372" class="1005" name="height_read_reg_372">
<pin_list>
<pin id="373" dir="0" index="0" bw="11" slack="1"/>
<pin id="374" dir="1" index="1" bw="11" slack="1"/>
</pin_list>
<bind>
<opset="height_read "/>
</bind>
</comp>

<comp id="377" class="1005" name="loopHeight_reg_377">
<pin_list>
<pin id="378" dir="0" index="0" bw="11" slack="1"/>
<pin id="379" dir="1" index="1" bw="11" slack="1"/>
</pin_list>
<bind>
<opset="loopHeight "/>
</bind>
</comp>

<comp id="382" class="1005" name="loopWidth_reg_382">
<pin_list>
<pin id="383" dir="0" index="0" bw="11" slack="2"/>
<pin id="384" dir="1" index="1" bw="11" slack="2"/>
</pin_list>
<bind>
<opset="loopWidth "/>
</bind>
</comp>

<comp id="387" class="1005" name="x_phase_reg_387">
<pin_list>
<pin id="388" dir="0" index="0" bw="1" slack="2"/>
<pin id="389" dir="1" index="1" bw="1" slack="2"/>
</pin_list>
<bind>
<opset="x_phase "/>
</bind>
</comp>

<comp id="392" class="1005" name="trunc_ln870_1_i_reg_392">
<pin_list>
<pin id="393" dir="0" index="0" bw="15" slack="1"/>
<pin id="394" dir="1" index="1" bw="15" slack="1"/>
</pin_list>
<bind>
<opset="trunc_ln870_1_i "/>
</bind>
</comp>

<comp id="400" class="1005" name="p_0_0_0_0_011551704_lcssa1748_i_load_reg_400">
<pin_list>
<pin id="401" dir="0" index="0" bw="10" slack="2"/>
<pin id="402" dir="1" index="1" bw="10" slack="2"/>
</pin_list>
<bind>
<opset="p_0_0_0_0_011551704_lcssa1748_i_load "/>
</bind>
</comp>

<comp id="405" class="1005" name="p_0_1_0_0_011561707_lcssa1750_i_load_reg_405">
<pin_list>
<pin id="406" dir="0" index="0" bw="10" slack="2"/>
<pin id="407" dir="1" index="1" bw="10" slack="2"/>
</pin_list>
<bind>
<opset="p_0_1_0_0_011561707_lcssa1750_i_load "/>
</bind>
</comp>

<comp id="410" class="1005" name="p_0_2_0_0_011571710_lcssa1752_i_load_reg_410">
<pin_list>
<pin id="411" dir="0" index="0" bw="10" slack="2"/>
<pin id="412" dir="1" index="1" bw="10" slack="2"/>
</pin_list>
<bind>
<opset="p_0_2_0_0_011571710_lcssa1752_i_load "/>
</bind>
</comp>

<comp id="415" class="1005" name="p_0_0_0116317821794_lcssa1830_i_load_reg_415">
<pin_list>
<pin id="416" dir="0" index="0" bw="10" slack="2"/>
<pin id="417" dir="1" index="1" bw="10" slack="2"/>
</pin_list>
<bind>
<opset="p_0_0_0116317821794_lcssa1830_i_load "/>
</bind>
</comp>

<comp id="420" class="1005" name="p_0_0_0116217841796_lcssa1832_i_load_reg_420">
<pin_list>
<pin id="421" dir="0" index="0" bw="10" slack="2"/>
<pin id="422" dir="1" index="1" bw="10" slack="2"/>
</pin_list>
<bind>
<opset="p_0_0_0116217841796_lcssa1832_i_load "/>
</bind>
</comp>

<comp id="425" class="1005" name="p_0_0_0116117861798_lcssa1834_i_load_reg_425">
<pin_list>
<pin id="426" dir="0" index="0" bw="10" slack="2"/>
<pin id="427" dir="1" index="1" bw="10" slack="2"/>
</pin_list>
<bind>
<opset="p_0_0_0116117861798_lcssa1834_i_load "/>
</bind>
</comp>

<comp id="430" class="1005" name="p_0_0_0_0_011491799_lcssa1836_i_load_reg_430">
<pin_list>
<pin id="431" dir="0" index="0" bw="10" slack="2"/>
<pin id="432" dir="1" index="1" bw="10" slack="2"/>
</pin_list>
<bind>
<opset="p_0_0_0_0_011491799_lcssa1836_i_load "/>
</bind>
</comp>

<comp id="435" class="1005" name="p_0_1_0_0_011501801_lcssa1838_i_load_reg_435">
<pin_list>
<pin id="436" dir="0" index="0" bw="10" slack="2"/>
<pin id="437" dir="1" index="1" bw="10" slack="2"/>
</pin_list>
<bind>
<opset="p_0_1_0_0_011501801_lcssa1838_i_load "/>
</bind>
</comp>

<comp id="440" class="1005" name="p_0_2_0_0_011511803_lcssa1840_i_load_reg_440">
<pin_list>
<pin id="441" dir="0" index="0" bw="10" slack="2"/>
<pin id="442" dir="1" index="1" bw="10" slack="2"/>
</pin_list>
<bind>
<opset="p_0_2_0_0_011511803_lcssa1840_i_load "/>
</bind>
</comp>

<comp id="445" class="1005" name="p_0_0_01185_217761806_lcssa1842_i_load_reg_445">
<pin_list>
<pin id="446" dir="0" index="0" bw="10" slack="2"/>
<pin id="447" dir="1" index="1" bw="10" slack="2"/>
</pin_list>
<bind>
<opset="p_0_0_01185_217761806_lcssa1842_i_load "/>
</bind>
</comp>

<comp id="450" class="1005" name="p_0_0_01184_217781808_lcssa1844_i_load_reg_450">
<pin_list>
<pin id="451" dir="0" index="0" bw="10" slack="2"/>
<pin id="452" dir="1" index="1" bw="10" slack="2"/>
</pin_list>
<bind>
<opset="p_0_0_01184_217781808_lcssa1844_i_load "/>
</bind>
</comp>

<comp id="455" class="1005" name="p_0_0_01183_217801810_lcssa1846_i_load_reg_455">
<pin_list>
<pin id="456" dir="0" index="0" bw="10" slack="2"/>
<pin id="457" dir="1" index="1" bw="10" slack="2"/>
</pin_list>
<bind>
<opset="p_0_0_01183_217801810_lcssa1846_i_load "/>
</bind>
</comp>

<comp id="460" class="1005" name="xor_i_reg_460">
<pin_list>
<pin id="461" dir="0" index="0" bw="15" slack="1"/>
<pin id="462" dir="1" index="1" bw="15" slack="1"/>
</pin_list>
<bind>
<opset="xor_i "/>
</bind>
</comp>

<comp id="465" class="1005" name="cmp59_i_reg_465">
<pin_list>
<pin id="466" dir="0" index="0" bw="1" slack="1"/>
<pin id="467" dir="1" index="1" bw="1" slack="1"/>
</pin_list>
<bind>
<opset="cmp59_i "/>
</bind>
</comp>

<comp id="470" class="1005" name="cmp203_i_reg_470">
<pin_list>
<pin id="471" dir="0" index="0" bw="1" slack="1"/>
<pin id="472" dir="1" index="1" bw="1" slack="1"/>
</pin_list>
<bind>
<opset="cmp203_i "/>
</bind>
</comp>

</comp_list>

<net_list>
<net id="67"><net_src comp="10" pin="0"/><net_sink comp="64" pin=0"/></net>

<net id="71"><net_src comp="10" pin="0"/><net_sink comp="68" pin=0"/></net>

<net id="75"><net_src comp="10" pin="0"/><net_sink comp="72" pin=0"/></net>

<net id="79"><net_src comp="10" pin="0"/><net_sink comp="76" pin=0"/></net>

<net id="83"><net_src comp="10" pin="0"/><net_sink comp="80" pin=0"/></net>

<net id="87"><net_src comp="10" pin="0"/><net_sink comp="84" pin=0"/></net>

<net id="91"><net_src comp="10" pin="0"/><net_sink comp="88" pin=0"/></net>

<net id="95"><net_src comp="10" pin="0"/><net_sink comp="92" pin=0"/></net>

<net id="99"><net_src comp="10" pin="0"/><net_sink comp="96" pin=0"/></net>

<net id="103"><net_src comp="10" pin="0"/><net_sink comp="100" pin=0"/></net>

<net id="107"><net_src comp="10" pin="0"/><net_sink comp="104" pin=0"/></net>

<net id="111"><net_src comp="10" pin="0"/><net_sink comp="108" pin=0"/></net>

<net id="115"><net_src comp="10" pin="0"/><net_sink comp="112" pin=0"/></net>

<net id="120"><net_src comp="12" pin="0"/><net_sink comp="116" pin=0"/></net>

<net id="121"><net_src comp="6" pin="0"/><net_sink comp="116" pin=1"/></net>

<net id="126"><net_src comp="12" pin="0"/><net_sink comp="122" pin=0"/></net>

<net id="127"><net_src comp="4" pin="0"/><net_sink comp="122" pin=1"/></net>

<net id="132"><net_src comp="30" pin="0"/><net_sink comp="128" pin=0"/></net>

<net id="133"><net_src comp="8" pin="0"/><net_sink comp="128" pin=1"/></net>

<net id="169"><net_src comp="58" pin="0"/><net_sink comp="134" pin=0"/></net>

<net id="170"><net_src comp="0" pin="0"/><net_sink comp="134" pin=19"/></net>

<net id="171"><net_src comp="2" pin="0"/><net_sink comp="134" pin=20"/></net>

<net id="176"><net_src comp="122" pin="2"/><net_sink comp="172" pin=0"/></net>

<net id="177"><net_src comp="38" pin="0"/><net_sink comp="172" pin=1"/></net>

<net id="182"><net_src comp="116" pin="2"/><net_sink comp="178" pin=0"/></net>

<net id="183"><net_src comp="38" pin="0"/><net_sink comp="178" pin=1"/></net>

<net id="187"><net_src comp="128" pin="2"/><net_sink comp="184" pin=0"/></net>

<net id="194"><net_src comp="40" pin="0"/><net_sink comp="188" pin=0"/></net>

<net id="195"><net_src comp="128" pin="2"/><net_sink comp="188" pin=1"/></net>

<net id="196"><net_src comp="10" pin="0"/><net_sink comp="188" pin=2"/></net>

<net id="197"><net_src comp="42" pin="0"/><net_sink comp="188" pin=3"/></net>

<net id="202"><net_src comp="44" pin="0"/><net_sink comp="198" pin=0"/></net>

<net id="210"><net_src comp="203" pin="1"/><net_sink comp="206" pin=0"/></net>

<net id="215"><net_src comp="203" pin="1"/><net_sink comp="211" pin=0"/></net>

<net id="216"><net_src comp="38" pin="0"/><net_sink comp="211" pin=1"/></net>

<net id="256"><net_src comp="203" pin="1"/><net_sink comp="253" pin=0"/></net>

<net id="261"><net_src comp="253" pin="1"/><net_sink comp="257" pin=0"/></net>

<net id="262"><net_src comp="54" pin="0"/><net_sink comp="257" pin=1"/></net>

<net id="266"><net_src comp="257" pin="2"/><net_sink comp="263" pin=0"/></net>

<net id="271"><net_src comp="263" pin="1"/><net_sink comp="267" pin=0"/></net>

<net id="276"><net_src comp="203" pin="1"/><net_sink comp="272" pin=0"/></net>

<net id="281"><net_src comp="203" pin="1"/><net_sink comp="277" pin=0"/></net>

<net id="282"><net_src comp="44" pin="0"/><net_sink comp="277" pin=1"/></net>

<net id="287"><net_src comp="211" pin="2"/><net_sink comp="283" pin=0"/></net>

<net id="291"><net_src comp="64" pin="1"/><net_sink comp="288" pin=0"/></net>

<net id="292"><net_src comp="288" pin="1"/><net_sink comp="198" pin=1"/></net>

<net id="293"><net_src comp="288" pin="1"/><net_sink comp="203" pin=0"/></net>

<net id="294"><net_src comp="288" pin="1"/><net_sink comp="283" pin=1"/></net>

<net id="298"><net_src comp="68" pin="1"/><net_sink comp="295" pin=0"/></net>

<net id="299"><net_src comp="295" pin="1"/><net_sink comp="217" pin=0"/></net>

<net id="300"><net_src comp="295" pin="1"/><net_sink comp="134" pin=32"/></net>

<net id="304"><net_src comp="72" pin="1"/><net_sink comp="301" pin=0"/></net>

<net id="305"><net_src comp="301" pin="1"/><net_sink comp="220" pin=0"/></net>

<net id="306"><net_src comp="301" pin="1"/><net_sink comp="134" pin=31"/></net>

<net id="310"><net_src comp="76" pin="1"/><net_sink comp="307" pin=0"/></net>

<net id="311"><net_src comp="307" pin="1"/><net_sink comp="223" pin=0"/></net>

<net id="312"><net_src comp="307" pin="1"/><net_sink comp="134" pin=30"/></net>

<net id="316"><net_src comp="80" pin="1"/><net_sink comp="313" pin=0"/></net>

<net id="317"><net_src comp="313" pin="1"/><net_sink comp="226" pin=0"/></net>

<net id="318"><net_src comp="313" pin="1"/><net_sink comp="134" pin=29"/></net>

<net id="322"><net_src comp="84" pin="1"/><net_sink comp="319" pin=0"/></net>

<net id="323"><net_src comp="319" pin="1"/><net_sink comp="229" pin=0"/></net>

<net id="324"><net_src comp="319" pin="1"/><net_sink comp="134" pin=28"/></net>

<net id="328"><net_src comp="88" pin="1"/><net_sink comp="325" pin=0"/></net>

<net id="329"><net_src comp="325" pin="1"/><net_sink comp="232" pin=0"/></net>

<net id="330"><net_src comp="325" pin="1"/><net_sink comp="134" pin=27"/></net>

<net id="334"><net_src comp="92" pin="1"/><net_sink comp="331" pin=0"/></net>

<net id="335"><net_src comp="331" pin="1"/><net_sink comp="235" pin=0"/></net>

<net id="336"><net_src comp="331" pin="1"/><net_sink comp="134" pin=26"/></net>

<net id="340"><net_src comp="96" pin="1"/><net_sink comp="337" pin=0"/></net>

<net id="341"><net_src comp="337" pin="1"/><net_sink comp="238" pin=0"/></net>

<net id="342"><net_src comp="337" pin="1"/><net_sink comp="134" pin=25"/></net>

<net id="346"><net_src comp="100" pin="1"/><net_sink comp="343" pin=0"/></net>

<net id="347"><net_src comp="343" pin="1"/><net_sink comp="241" pin=0"/></net>

<net id="348"><net_src comp="343" pin="1"/><net_sink comp="134" pin=24"/></net>

<net id="352"><net_src comp="104" pin="1"/><net_sink comp="349" pin=0"/></net>

<net id="353"><net_src comp="349" pin="1"/><net_sink comp="244" pin=0"/></net>

<net id="354"><net_src comp="349" pin="1"/><net_sink comp="134" pin=23"/></net>

<net id="358"><net_src comp="108" pin="1"/><net_sink comp="355" pin=0"/></net>

<net id="359"><net_src comp="355" pin="1"/><net_sink comp="247" pin=0"/></net>

<net id="360"><net_src comp="355" pin="1"/><net_sink comp="134" pin=22"/></net>

<net id="364"><net_src comp="112" pin="1"/><net_sink comp="361" pin=0"/></net>

<net id="365"><net_src comp="361" pin="1"/><net_sink comp="250" pin=0"/></net>

<net id="366"><net_src comp="361" pin="1"/><net_sink comp="134" pin=21"/></net>

<net id="370"><net_src comp="116" pin="2"/><net_sink comp="367" pin=0"/></net>

<net id="371"><net_src comp="367" pin="1"/><net_sink comp="134" pin=17"/></net>

<net id="375"><net_src comp="122" pin="2"/><net_sink comp="372" pin=0"/></net>

<net id="376"><net_src comp="372" pin="1"/><net_sink comp="272" pin=1"/></net>

<net id="380"><net_src comp="172" pin="2"/><net_sink comp="377" pin=0"/></net>

<net id="381"><net_src comp="377" pin="1"/><net_sink comp="206" pin=1"/></net>

<net id="385"><net_src comp="178" pin="2"/><net_sink comp="382" pin=0"/></net>

<net id="386"><net_src comp="382" pin="1"/><net_sink comp="134" pin=13"/></net>

<net id="390"><net_src comp="184" pin="1"/><net_sink comp="387" pin=0"/></net>

<net id="391"><net_src comp="387" pin="1"/><net_sink comp="134" pin=14"/></net>

<net id="395"><net_src comp="188" pin="4"/><net_sink comp="392" pin=0"/></net>

<net id="396"><net_src comp="392" pin="1"/><net_sink comp="267" pin=1"/></net>

<net id="403"><net_src comp="217" pin="1"/><net_sink comp="400" pin=0"/></net>

<net id="404"><net_src comp="400" pin="1"/><net_sink comp="134" pin=12"/></net>

<net id="408"><net_src comp="220" pin="1"/><net_sink comp="405" pin=0"/></net>

<net id="409"><net_src comp="405" pin="1"/><net_sink comp="134" pin=11"/></net>

<net id="413"><net_src comp="223" pin="1"/><net_sink comp="410" pin=0"/></net>

<net id="414"><net_src comp="410" pin="1"/><net_sink comp="134" pin=10"/></net>

<net id="418"><net_src comp="226" pin="1"/><net_sink comp="415" pin=0"/></net>

<net id="419"><net_src comp="415" pin="1"/><net_sink comp="134" pin=9"/></net>

<net id="423"><net_src comp="229" pin="1"/><net_sink comp="420" pin=0"/></net>

<net id="424"><net_src comp="420" pin="1"/><net_sink comp="134" pin=8"/></net>

<net id="428"><net_src comp="232" pin="1"/><net_sink comp="425" pin=0"/></net>

<net id="429"><net_src comp="425" pin="1"/><net_sink comp="134" pin=7"/></net>

<net id="433"><net_src comp="235" pin="1"/><net_sink comp="430" pin=0"/></net>

<net id="434"><net_src comp="430" pin="1"/><net_sink comp="134" pin=6"/></net>

<net id="438"><net_src comp="238" pin="1"/><net_sink comp="435" pin=0"/></net>

<net id="439"><net_src comp="435" pin="1"/><net_sink comp="134" pin=5"/></net>

<net id="443"><net_src comp="241" pin="1"/><net_sink comp="440" pin=0"/></net>

<net id="444"><net_src comp="440" pin="1"/><net_sink comp="134" pin=4"/></net>

<net id="448"><net_src comp="244" pin="1"/><net_sink comp="445" pin=0"/></net>

<net id="449"><net_src comp="445" pin="1"/><net_sink comp="134" pin=3"/></net>

<net id="453"><net_src comp="247" pin="1"/><net_sink comp="450" pin=0"/></net>

<net id="454"><net_src comp="450" pin="1"/><net_sink comp="134" pin=2"/></net>

<net id="458"><net_src comp="250" pin="1"/><net_sink comp="455" pin=0"/></net>

<net id="459"><net_src comp="455" pin="1"/><net_sink comp="134" pin=1"/></net>

<net id="463"><net_src comp="267" pin="2"/><net_sink comp="460" pin=0"/></net>

<net id="464"><net_src comp="460" pin="1"/><net_sink comp="134" pin=15"/></net>

<net id="468"><net_src comp="272" pin="2"/><net_sink comp="465" pin=0"/></net>

<net id="469"><net_src comp="465" pin="1"/><net_sink comp="134" pin=18"/></net>

<net id="473"><net_src comp="277" pin="2"/><net_sink comp="470" pin=0"/></net>

<net id="474"><net_src comp="470" pin="1"/><net_sink comp="134" pin=16"/></net>

</net_list>

</model> 
---------------- Datapath Model END ------------------

* FSMD analyzer results:
  - Output states:
	Port: imgRgb | {3 4 }
 - Input state : 
	Port: DebayerRandBatG : imgRB | {3 4 }
	Port: DebayerRandBatG : height | {1 }
	Port: DebayerRandBatG : width | {1 }
	Port: DebayerRandBatG : bayerPhase_c | {1 }
  - Chain level:
	State 1
		store_ln851 : 1
	State 2
		icmp_ln878 : 1
		y_6 : 1
		br_ln878 : 2
		trunc_ln878 : 1
		tmp4_i : 2
		tmp4_cast_i : 2
		xor_i : 3
		cmp59_i : 1
		cmp203_i : 1
		store_ln851 : 2
	State 3
	State 4


============================================================
+ Verbose Summary: Datapath Resource usage 
============================================================

* Functional unit list:
|----------|------------------------------------------------------|---------|---------|---------|---------|---------|
| Operation|                    Functional Unit                   |   BRAM  |  Delay  |    FF   |   LUT   |   URAM  |
|----------|------------------------------------------------------|---------|---------|---------|---------|---------|
|   call   | grp_DebayerRandBatG_Pipeline_VITIS_LOOP_881_2_fu_134 |    8    |  0.854  |   719   |   1184  |    0    |
|----------|------------------------------------------------------|---------|---------|---------|---------|---------|
|          |                   loopHeight_fu_172                  |    0    |    0    |    0    |    18   |    0    |
|    add   |                   loopWidth_fu_178                   |    0    |    0    |    0    |    18   |    0    |
|          |                      y_6_fu_211                      |    0    |    0    |    0    |    18   |    0    |
|----------|------------------------------------------------------|---------|---------|---------|---------|---------|
|          |                   icmp_ln878_fu_206                  |    0    |    0    |    0    |    18   |    0    |
|   icmp   |                    cmp59_i_fu_272                    |    0    |    0    |    0    |    18   |    0    |
|          |                    cmp203_i_fu_277                   |    0    |    0    |    0    |    18   |    0    |
|----------|------------------------------------------------------|---------|---------|---------|---------|---------|
|    xor   |                     tmp4_i_fu_257                    |    0    |    0    |    0    |    2    |    0    |
|          |                     xor_i_fu_267                     |    0    |    0    |    0    |    15   |    0    |
|----------|------------------------------------------------------|---------|---------|---------|---------|---------|
|          |                width_read_read_fu_116                |    0    |    0    |    0    |    0    |    0    |
|   read   |                height_read_read_fu_122               |    0    |    0    |    0    |    0    |    0    |
|          |             bayerPhase_c_read_read_fu_128            |    0    |    0    |    0    |    0    |    0    |
|----------|------------------------------------------------------|---------|---------|---------|---------|---------|
|   trunc  |                    x_phase_fu_184                    |    0    |    0    |    0    |    0    |    0    |
|          |                  trunc_ln878_fu_253                  |    0    |    0    |    0    |    0    |    0    |
|----------|------------------------------------------------------|---------|---------|---------|---------|---------|
|partselect|                trunc_ln870_1_i_fu_188                |    0    |    0    |    0    |    0    |    0    |
|----------|------------------------------------------------------|---------|---------|---------|---------|---------|
|   zext   |                  tmp4_cast_i_fu_263                  |    0    |    0    |    0    |    0    |    0    |
|----------|------------------------------------------------------|---------|---------|---------|---------|---------|
|   Total  |                                                      |    8    |  0.854  |   719   |   1309  |    0    |
|----------|------------------------------------------------------|---------|---------|---------|---------|---------|

Memories:
N/A

* Register list:
+----------------------------------------------+--------+
|                                              |   FF   |
+----------------------------------------------+--------+
|               cmp203_i_reg_470               |    1   |
|                cmp59_i_reg_465               |    1   |
|              height_read_reg_372             |   11   |
|              loopHeight_reg_377              |   11   |
|               loopWidth_reg_382              |   11   |
| p_0_0_0116117861798_lcssa1834_i_load_reg_425 |   10   |
|    p_0_0_0116117861798_lcssa1834_i_reg_325   |   10   |
| p_0_0_0116217841796_lcssa1832_i_load_reg_420 |   10   |
|    p_0_0_0116217841796_lcssa1832_i_reg_319   |   10   |
| p_0_0_0116317821794_lcssa1830_i_load_reg_415 |   10   |
|    p_0_0_0116317821794_lcssa1830_i_reg_313   |   10   |
|p_0_0_01183_217801810_lcssa1846_i_load_reg_455|   10   |
|   p_0_0_01183_217801810_lcssa1846_i_reg_361  |   10   |
|p_0_0_01184_217781808_lcssa1844_i_load_reg_450|   10   |
|   p_0_0_01184_217781808_lcssa1844_i_reg_355  |   10   |
|p_0_0_01185_217761806_lcssa1842_i_load_reg_445|   10   |
|   p_0_0_01185_217761806_lcssa1842_i_reg_349  |   10   |
| p_0_0_0_0_011491799_lcssa1836_i_load_reg_430 |   10   |
|    p_0_0_0_0_011491799_lcssa1836_i_reg_331   |   10   |
| p_0_0_0_0_011551704_lcssa1748_i_load_reg_400 |   10   |
|    p_0_0_0_0_011551704_lcssa1748_i_reg_295   |   10   |
| p_0_1_0_0_011501801_lcssa1838_i_load_reg_435 |   10   |
|    p_0_1_0_0_011501801_lcssa1838_i_reg_337   |   10   |
| p_0_1_0_0_011561707_lcssa1750_i_load_reg_405 |   10   |
|    p_0_1_0_0_011561707_lcssa1750_i_reg_301   |   10   |
| p_0_2_0_0_011511803_lcssa1840_i_load_reg_440 |   10   |
|    p_0_2_0_0_011511803_lcssa1840_i_reg_343   |   10   |
| p_0_2_0_0_011571710_lcssa1752_i_load_reg_410 |   10   |
|    p_0_2_0_0_011571710_lcssa1752_i_reg_307   |   10   |
|            trunc_ln870_1_i_reg_392           |   15   |
|              width_read_reg_367              |   11   |
|                x_phase_reg_387               |    1   |
|                 xor_i_reg_460                |   15   |
|                   y_reg_288                  |   11   |
+----------------------------------------------+--------+
|                     Total                    |   328  |
+----------------------------------------------+--------+

* Multiplexer (MUX) list: 
|--------|------|------|------|--------|
|  Comp  |  Pin | Size |  BW  | S x BW |
|--------|------|------|------|--------|
|  Total |      |      |      |    0   |
|--------|------|------|------|--------|



* Summary:
+-----------+--------+--------+--------+--------+--------+
|           |  BRAM  |  Delay |   FF   |   LUT  |  URAM  |
+-----------+--------+--------+--------+--------+--------+
|  Function |    8   |    0   |   719  |  1309  |    0   |
|   Memory  |    -   |    -   |    -   |    -   |    -   |
|Multiplexer|    -   |    -   |    -   |    -   |    -   |
|  Register |    -   |    -   |   328  |    -   |    -   |
+-----------+--------+--------+--------+--------+--------+
|   Total   |    8   |    0   |  1047  |  1309  |    0   |
+-----------+--------+--------+--------+--------+--------+
