

================================================================
== Vitis HLS Report for 'MultiPixStream2AXIvideo'
================================================================
* Date:           Thu Jun 13 19:44:25 2024

* Version:        2024.1 (Build 5069499 on May 21 2024)
* Project:        prj
* Solution:       sol (Vivado IP Flow Target)
* Product family: zynquplus
* Target device:  xck26-sfvc784-2LV-c


================================================================
== Performance Estimates
================================================================
+ Timing: 
    * Summary: 
    +--------+---------+----------+------------+
    |  Clock |  Target | Estimated| Uncertainty|
    +--------+---------+----------+------------+
    |ap_clk  |  4.00 ns|  2.023 ns|     1.08 ns|
    +--------+---------+----------+------------+

+ Latency: 
    * Summary: 
    +---------+---------+----------+----------+-----+---------+---------+
    |  Latency (cycles) |  Latency (absolute) |    Interval   | Pipeline|
    |   min   |   max   |    min   |    max   | min |   max   |   Type  |
    +---------+---------+----------+----------+-----+---------+---------+
    |        2|  2079002|  8.000 ns|  8.316 ms|    2|  2079002|       no|
    +---------+---------+----------+----------+-----+---------+---------+

    + Detail: 
        * Instance: 
        +--------------------------------------------------------------+---------------------------------------------------+---------+---------+-----------+----------+-----+------+-----------------------------------------------+
        |                                                              |                                                   |  Latency (cycles) |  Latency (absolute)  |  Interval  |                    Pipeline                   |
        |                           Instance                           |                       Module                      |   min   |   max   |    min    |    max   | min |  max |                      Type                     |
        +--------------------------------------------------------------+---------------------------------------------------+---------+---------+-----------+----------+-----+------+-----------------------------------------------+
        |grp_MultiPixStream2AXIvideo_Pipeline_VITIS_LOOP_230_2_fu_100  |MultiPixStream2AXIvideo_Pipeline_VITIS_LOOP_230_2  |        3|     1923|  12.000 ns|  7.692 us|    1|  1921|  loop auto-rewind stp(delay=0 clock cycles(s))|
        +--------------------------------------------------------------+---------------------------------------------------+---------+---------+-----------+----------+-----+------+-----------------------------------------------+

        * Loop: 
        +--------------------+---------+---------+----------+-----------+-----------+----------+----------+
        |                    |  Latency (cycles) | Iteration|  Initiation Interval  |   Trip   |          |
        |      Loop Name     |   min   |   max   |  Latency |  achieved |   target  |   Count  | Pipelined|
        +--------------------+---------+---------+----------+-----------+-----------+----------+----------+
        |- VITIS_LOOP_228_1  |        0|  2079000|  5 ~ 1925|          -|          -|  0 ~ 1080|        no|
        +--------------------+---------+---------+----------+-----------+-----------+----------+----------+

============================================================
+ Verbose Summary: Synthesis Manager
============================================================
InlineROM: 1
ExposeGlobal: 0
============================================================
+ Verbose Summary: CDFG Model
============================================================
IsTopModel: 0
ResetActiveHigh: 1
IsCombinational: 2
IsDatapathOnly: 0
HasWiredReturn: 1
HasMFsm: 0
HasVarLatency: 1
IsPipeline: 0
IsRtlPipelined: 0
IsInstanceOverlapped: 0
IsDontTouch: 0
HasImplIP: 0
IsGatedGlobalClock: 0


============================================================
+ Verbose Summary: Schedule
============================================================
* Number of FSM states : 4
* Pipeline : 0
* Dataflow Pipeline: 0

* FSM state transitions: 
1 --> 2 
2 --> 3 4 
3 --> 2 
4 --> 

* FSM state operations: 

State 1 <SV = 0> <Delay = 0.80>
ST_1 : Operation 5 [1/1] (0.00ns)   --->   "%i = alloca i32 1" [E:/KRIA/project_2/project_2.runs/design_1_v_demosaic_0_0_synth_1/prj/sol/.autopilot/db/v_demosaic.cpp:228]   --->   Operation 5 'alloca' 'i' <Predicate = true> <Delay = 0.00>
ST_1 : Operation 6 [1/1] (0.00ns)   --->   "%specinterface_ln0 = specinterface void @_ssdm_op_SpecInterface, i16 %WidthOut, void @ap_stable_str, i32 0, i32 0, void @p_str, i32 0, i32 0, void @p_str, void @p_str, void @p_str, i32 2, i32 2, i32 16, i32 16, void @p_str, void @p_str, i32 4294967295, i32 0, i32 0"   --->   Operation 6 'specinterface' 'specinterface_ln0' <Predicate = true> <Delay = 0.00>
ST_1 : Operation 7 [1/1] (0.00ns)   --->   "%specinterface_ln0 = specinterface void @_ssdm_op_SpecInterface, i16 %Height, void @ap_stable_str, i32 0, i32 0, void @p_str, i32 0, i32 0, void @p_str, void @p_str, void @p_str, i32 2, i32 2, i32 16, i32 16, void @p_str, void @p_str, i32 4294967295, i32 0, i32 0"   --->   Operation 7 'specinterface' 'specinterface_ln0' <Predicate = true> <Delay = 0.00>
ST_1 : Operation 8 [1/1] (0.00ns)   --->   "%specaxissidechannel_ln0 = specaxissidechannel void @_ssdm_op_SpecAXISSideChannel, i32 %m_axis_video_V_data_V, i4 %m_axis_video_V_keep_V, i4 %m_axis_video_V_strb_V, i1 %m_axis_video_V_user_V, i1 %m_axis_video_V_last_V, i1 %m_axis_video_V_id_V, i1 %m_axis_video_V_dest_V, void @empty_25"   --->   Operation 8 'specaxissidechannel' 'specaxissidechannel_ln0' <Predicate = true> <Delay = 0.00>
ST_1 : Operation 9 [1/1] (0.00ns)   --->   "%specinterface_ln0 = specinterface void @_ssdm_op_SpecInterface, i30 %imgUnzip, void @empty_24, i32 0, i32 0, void @empty_17, i32 0, i32 0, void @empty_17, void @empty_17, void @empty_17, i32 0, i32 0, i32 0, i32 0, void @empty_17, void @empty_17, i32 4294967295, i32 0, i32 0"   --->   Operation 9 'specinterface' 'specinterface_ln0' <Predicate = true> <Delay = 0.00>
ST_1 : Operation 10 [1/1] (0.00ns)   --->   "%specinterface_ln0 = specinterface void @_ssdm_op_SpecInterface, i1 %m_axis_video_V_dest_V, i1 %m_axis_video_V_id_V, i1 %m_axis_video_V_last_V, i1 %m_axis_video_V_user_V, i4 %m_axis_video_V_strb_V, i4 %m_axis_video_V_keep_V, i32 %m_axis_video_V_data_V, void @empty_23, i32 1, i32 1, void @empty_15, i32 0, i32 0, void @empty_17, void @empty_17, void @empty_17, i32 0, i32 0, i32 0, i32 0, void @empty_17, void @empty_17, i32 4294967295, i32 0, i32 0"   --->   Operation 10 'specinterface' 'specinterface_ln0' <Predicate = true> <Delay = 0.00>
ST_1 : Operation 11 [1/1] (0.00ns)   --->   "%WidthOut_read = read i16 @_ssdm_op_Read.ap_stable.i16, i16 %WidthOut" [E:/KRIA/project_2/project_2.runs/design_1_v_demosaic_0_0_synth_1/prj/sol/.autopilot/db/v_demosaic.cpp:221]   --->   Operation 11 'read' 'WidthOut_read' <Predicate = true> <Delay = 0.00>
ST_1 : Operation 12 [1/1] (0.00ns)   --->   "%Height_read = read i16 @_ssdm_op_Read.ap_stable.i16, i16 %Height" [E:/KRIA/project_2/project_2.runs/design_1_v_demosaic_0_0_synth_1/prj/sol/.autopilot/db/v_demosaic.cpp:221]   --->   Operation 12 'read' 'Height_read' <Predicate = true> <Delay = 0.00>
ST_1 : Operation 13 [1/1] (0.00ns)   --->   "%trunc_ln221 = trunc i16 %Height_read" [E:/KRIA/project_2/project_2.runs/design_1_v_demosaic_0_0_synth_1/prj/sol/.autopilot/db/v_demosaic.cpp:221]   --->   Operation 13 'trunc' 'trunc_ln221' <Predicate = true> <Delay = 0.00>
ST_1 : Operation 14 [1/1] (0.00ns)   --->   "%trunc_ln222 = trunc i16 %WidthOut_read" [E:/KRIA/project_2/project_2.runs/design_1_v_demosaic_0_0_synth_1/prj/sol/.autopilot/db/v_demosaic.cpp:222]   --->   Operation 14 'trunc' 'trunc_ln222' <Predicate = true> <Delay = 0.00>
ST_1 : Operation 15 [1/1] (0.00ns)   --->   "%empty = trunc i16 %WidthOut_read" [E:/KRIA/project_2/project_2.runs/design_1_v_demosaic_0_0_synth_1/prj/sol/.autopilot/db/v_demosaic.cpp:221]   --->   Operation 15 'trunc' 'empty' <Predicate = true> <Delay = 0.00>
ST_1 : Operation 16 [1/1] (0.80ns)   --->   "%sub_i_i = add i12 %empty, i12 4095" [E:/KRIA/project_2/project_2.runs/design_1_v_demosaic_0_0_synth_1/prj/sol/.autopilot/db/v_demosaic.cpp:221]   --->   Operation 16 'add' 'sub_i_i' <Predicate = true> <Delay = 0.80> <CoreInst = "Adder">   --->   Core 1 'Adder' <Latency = 0> <II = 1> <Delay = 0.80> <FuncUnit> <Opcode : 'add' 'sub'> <InPorts = 2> <OutPorts = 1>
ST_1 : Operation 17 [1/1] (0.79ns)   --->   "%icmp_ln228 = icmp_eq  i11 %trunc_ln222, i11 0" [E:/KRIA/project_2/project_2.runs/design_1_v_demosaic_0_0_synth_1/prj/sol/.autopilot/db/v_demosaic.cpp:228]   --->   Operation 17 'icmp' 'icmp_ln228' <Predicate = true> <Delay = 0.79> <CoreInst = "Cmp">   --->   Core 9 'Cmp' <Latency = 0> <II = 1> <Delay = 0.79> <FuncUnit> <Opcode : 'seteq' 'setne' 'setle' 'setge' 'setlt' 'setgt'> <InPorts = 2> <OutPorts = 1>
ST_1 : Operation 18 [1/1] (0.42ns)   --->   "%store_ln228 = store i11 0, i11 %i" [E:/KRIA/project_2/project_2.runs/design_1_v_demosaic_0_0_synth_1/prj/sol/.autopilot/db/v_demosaic.cpp:228]   --->   Operation 18 'store' 'store_ln228' <Predicate = true> <Delay = 0.42>
ST_1 : Operation 19 [1/1] (0.42ns)   --->   "%br_ln228 = br void %VITIS_LOOP_230_2" [E:/KRIA/project_2/project_2.runs/design_1_v_demosaic_0_0_synth_1/prj/sol/.autopilot/db/v_demosaic.cpp:228]   --->   Operation 19 'br' 'br_ln228' <Predicate = true> <Delay = 0.42>

State 2 <SV = 1> <Delay = 2.02>
ST_2 : Operation 20 [1/1] (0.00ns)   --->   "%sof = phi i1 1, void %entry, i1 %and_ln228, void %VITIS_LOOP_230_2.split" [E:/KRIA/project_2/project_2.runs/design_1_v_demosaic_0_0_synth_1/prj/sol/.autopilot/db/v_demosaic.cpp:228]   --->   Operation 20 'phi' 'sof' <Predicate = true> <Delay = 0.00>
ST_2 : Operation 21 [1/1] (0.00ns)   --->   "%i_1 = load i11 %i" [E:/KRIA/project_2/project_2.runs/design_1_v_demosaic_0_0_synth_1/prj/sol/.autopilot/db/v_demosaic.cpp:228]   --->   Operation 21 'load' 'i_1' <Predicate = true> <Delay = 0.00>
ST_2 : Operation 22 [1/1] (0.79ns)   --->   "%icmp_ln228_1 = icmp_eq  i11 %i_1, i11 %trunc_ln221" [E:/KRIA/project_2/project_2.runs/design_1_v_demosaic_0_0_synth_1/prj/sol/.autopilot/db/v_demosaic.cpp:228]   --->   Operation 22 'icmp' 'icmp_ln228_1' <Predicate = true> <Delay = 0.79> <CoreInst = "Cmp">   --->   Core 9 'Cmp' <Latency = 0> <II = 1> <Delay = 0.79> <FuncUnit> <Opcode : 'seteq' 'setne' 'setle' 'setge' 'setlt' 'setgt'> <InPorts = 2> <OutPorts = 1>
ST_2 : Operation 23 [1/1] (0.00ns)   --->   "%speclooptripcount_ln0 = speclooptripcount void @_ssdm_op_SpecLoopTripCount, i64 0, i64 1080, i64 0"   --->   Operation 23 'speclooptripcount' 'speclooptripcount_ln0' <Predicate = true> <Delay = 0.00>
ST_2 : Operation 24 [1/1] (0.79ns)   --->   "%i_2 = add i11 %i_1, i11 1" [E:/KRIA/project_2/project_2.runs/design_1_v_demosaic_0_0_synth_1/prj/sol/.autopilot/db/v_demosaic.cpp:228]   --->   Operation 24 'add' 'i_2' <Predicate = true> <Delay = 0.79> <CoreInst = "Adder">   --->   Core 1 'Adder' <Latency = 0> <II = 1> <Delay = 0.79> <FuncUnit> <Opcode : 'add' 'sub'> <InPorts = 2> <OutPorts = 1>
ST_2 : Operation 25 [1/1] (0.00ns)   --->   "%br_ln228 = br i1 %icmp_ln228_1, void %VITIS_LOOP_230_2.split, void %for.end47.loopexit" [E:/KRIA/project_2/project_2.runs/design_1_v_demosaic_0_0_synth_1/prj/sol/.autopilot/db/v_demosaic.cpp:228]   --->   Operation 25 'br' 'br_ln228' <Predicate = true> <Delay = 0.00>
ST_2 : Operation 26 [1/1] (0.00ns)   --->   "%empty_126 = wait i32 @_ssdm_op_Wait"   --->   Operation 26 'wait' 'empty_126' <Predicate = (!icmp_ln228_1)> <Delay = 0.00>
ST_2 : Operation 27 [2/2] (1.22ns)   --->   "%call_ln228 = call void @MultiPixStream2AXIvideo_Pipeline_VITIS_LOOP_230_2, i1 %sof, i11 %trunc_ln222, i12 %sub_i_i, i30 %imgUnzip, i32 %m_axis_video_V_data_V, i4 %m_axis_video_V_keep_V, i4 %m_axis_video_V_strb_V, i1 %m_axis_video_V_user_V, i1 %m_axis_video_V_last_V, i1 %m_axis_video_V_id_V, i1 %m_axis_video_V_dest_V" [E:/KRIA/project_2/project_2.runs/design_1_v_demosaic_0_0_synth_1/prj/sol/.autopilot/db/v_demosaic.cpp:228]   --->   Operation 27 'call' 'call_ln228' <Predicate = (!icmp_ln228_1)> <Delay = 1.22> <CoreType = "Generic">   --->   Core 0 '' <Latency = 0> <II = 1> <Delay = 1.00> <Generic> <Opcode : >
ST_2 : Operation 28 [1/1] (0.28ns)   --->   "%and_ln228 = and i1 %icmp_ln228, i1 %sof" [E:/KRIA/project_2/project_2.runs/design_1_v_demosaic_0_0_synth_1/prj/sol/.autopilot/db/v_demosaic.cpp:228]   --->   Operation 28 'and' 'and_ln228' <Predicate = (!icmp_ln228_1)> <Delay = 0.28> <CoreInst = "LogicGate">   --->   Core 74 'LogicGate' <Latency = 0> <II = 1> <Delay = 0.28> <FuncUnit> <Opcode : 'and' 'or' 'xor'> <InPorts = 2> <OutPorts = 1>
ST_2 : Operation 29 [1/1] (0.42ns)   --->   "%store_ln228 = store i11 %i_2, i11 %i" [E:/KRIA/project_2/project_2.runs/design_1_v_demosaic_0_0_synth_1/prj/sol/.autopilot/db/v_demosaic.cpp:228]   --->   Operation 29 'store' 'store_ln228' <Predicate = (!icmp_ln228_1)> <Delay = 0.42>

State 3 <SV = 2> <Delay = 1.95>
ST_3 : Operation 30 [1/1] (0.00ns)   --->   "%specloopname_ln228 = specloopname void @_ssdm_op_SpecLoopName, void @empty_7" [E:/KRIA/project_2/project_2.runs/design_1_v_demosaic_0_0_synth_1/prj/sol/.autopilot/db/v_demosaic.cpp:228]   --->   Operation 30 'specloopname' 'specloopname_ln228' <Predicate = true> <Delay = 0.00>
ST_3 : Operation 31 [1/2] (1.95ns)   --->   "%call_ln228 = call void @MultiPixStream2AXIvideo_Pipeline_VITIS_LOOP_230_2, i1 %sof, i11 %trunc_ln222, i12 %sub_i_i, i30 %imgUnzip, i32 %m_axis_video_V_data_V, i4 %m_axis_video_V_keep_V, i4 %m_axis_video_V_strb_V, i1 %m_axis_video_V_user_V, i1 %m_axis_video_V_last_V, i1 %m_axis_video_V_id_V, i1 %m_axis_video_V_dest_V" [E:/KRIA/project_2/project_2.runs/design_1_v_demosaic_0_0_synth_1/prj/sol/.autopilot/db/v_demosaic.cpp:228]   --->   Operation 31 'call' 'call_ln228' <Predicate = true> <Delay = 1.95> <CoreType = "Generic">   --->   Core 0 '' <Latency = 0> <II = 1> <Delay = 1.00> <Generic> <Opcode : >
ST_3 : Operation 32 [1/1] (0.00ns)   --->   "%br_ln228 = br void %VITIS_LOOP_230_2" [E:/KRIA/project_2/project_2.runs/design_1_v_demosaic_0_0_synth_1/prj/sol/.autopilot/db/v_demosaic.cpp:228]   --->   Operation 32 'br' 'br_ln228' <Predicate = true> <Delay = 0.00>

State 4 <SV = 3> <Delay = 0.00>
ST_4 : Operation 33 [1/1] (0.00ns)   --->   "%ret_ln0 = ret"   --->   Operation 33 'ret' 'ret_ln0' <Predicate = true> <Delay = 0.00>


============================================================
+ Verbose Summary: Binding
============================================================
STG Binding: 
---------------- STG Properties BEGIN ----------------
- Is combinational: 0
- Is one-state seq: 0
- Is datapath-only: 0
- Is pipelined: 0
- Is top level: 0
Port [ Return ] is wired: 1; IO mode=ap_ctrl_hs:ce=0
Port [ imgUnzip]:  wired=1; compound=1; hidden=0; nouse=0; global=0; static=0; extern=0; dir=0; type=3; pingpong=0; private_global=0; IO mode=ap_fifo:ce=0
Port [ m_axis_video_V_data_V]:  wired=1; compound=1; hidden=0; nouse=0; global=0; static=0; extern=0; dir=1; type=0; pingpong=0; private_global=0; IO mode=axis:ce=0
Port [ m_axis_video_V_keep_V]:  wired=1; compound=1; hidden=0; nouse=0; global=0; static=0; extern=0; dir=1; type=0; pingpong=0; private_global=0; IO mode=axis:ce=0
Port [ m_axis_video_V_strb_V]:  wired=1; compound=1; hidden=0; nouse=0; global=0; static=0; extern=0; dir=1; type=0; pingpong=0; private_global=0; IO mode=axis:ce=0
Port [ m_axis_video_V_user_V]:  wired=1; compound=1; hidden=0; nouse=0; global=0; static=0; extern=0; dir=1; type=0; pingpong=0; private_global=0; IO mode=axis:ce=0
Port [ m_axis_video_V_last_V]:  wired=1; compound=1; hidden=0; nouse=0; global=0; static=0; extern=0; dir=1; type=0; pingpong=0; private_global=0; IO mode=axis:ce=0
Port [ m_axis_video_V_id_V]:  wired=1; compound=1; hidden=0; nouse=0; global=0; static=0; extern=0; dir=1; type=0; pingpong=0; private_global=0; IO mode=axis:ce=0
Port [ m_axis_video_V_dest_V]:  wired=1; compound=1; hidden=0; nouse=0; global=0; static=0; extern=0; dir=1; type=0; pingpong=0; private_global=0; IO mode=axis:ce=0
Port [ Height]:  wired=1; compound=0; hidden=0; nouse=0; global=0; static=0; extern=0; dir=0; type=0; pingpong=0; private_global=0; IO mode=ap_stable:ce=0
Port [ WidthOut]:  wired=1; compound=0; hidden=0; nouse=0; global=0; static=0; extern=0; dir=0; type=0; pingpong=0; private_global=0; IO mode=ap_stable:ce=0
---------------- STG Properties END ------------------

---------------- Datapath Model BEGIN ----------------

<LifeTime>
<method=bitvector/>
i                       (alloca             ) [ 01110]
specinterface_ln0       (specinterface      ) [ 00000]
specinterface_ln0       (specinterface      ) [ 00000]
specaxissidechannel_ln0 (specaxissidechannel) [ 00000]
specinterface_ln0       (specinterface      ) [ 00000]
specinterface_ln0       (specinterface      ) [ 00000]
WidthOut_read           (read               ) [ 00000]
Height_read             (read               ) [ 00000]
trunc_ln221             (trunc              ) [ 00110]
trunc_ln222             (trunc              ) [ 00110]
empty                   (trunc              ) [ 00000]
sub_i_i                 (add                ) [ 00110]
icmp_ln228              (icmp               ) [ 00110]
store_ln228             (store              ) [ 00000]
br_ln228                (br                 ) [ 01110]
sof                     (phi                ) [ 00110]
i_1                     (load               ) [ 00000]
icmp_ln228_1            (icmp               ) [ 00110]
speclooptripcount_ln0   (speclooptripcount  ) [ 00000]
i_2                     (add                ) [ 00000]
br_ln228                (br                 ) [ 00000]
empty_126               (wait               ) [ 00000]
and_ln228               (and                ) [ 01110]
store_ln228             (store              ) [ 00000]
specloopname_ln228      (specloopname       ) [ 00000]
call_ln228              (call               ) [ 00000]
br_ln228                (br                 ) [ 01110]
ret_ln0                 (ret                ) [ 00000]
</LifeTime>

<model>

<comp_list>
<comp id="0" class="1000" name="imgUnzip">
<pin_list>
<pin id="1" dir="1" index="0" bw="1" slack="0"/>
</pin_list>
<bind>
<StgValue><ssdm name="imgUnzip"/></StgValue>
</bind>
</comp>

<comp id="2" class="1000" name="m_axis_video_V_data_V">
<pin_list>
<pin id="3" dir="1" index="0" bw="1" slack="0"/>
</pin_list>
<bind>
<StgValue><ssdm name="m_axis_video_V_data_V"/></StgValue>
</bind>
</comp>

<comp id="4" class="1000" name="m_axis_video_V_keep_V">
<pin_list>
<pin id="5" dir="1" index="0" bw="1" slack="0"/>
</pin_list>
<bind>
<StgValue><ssdm name="m_axis_video_V_keep_V"/></StgValue>
</bind>
</comp>

<comp id="6" class="1000" name="m_axis_video_V_strb_V">
<pin_list>
<pin id="7" dir="1" index="0" bw="1" slack="0"/>
</pin_list>
<bind>
<StgValue><ssdm name="m_axis_video_V_strb_V"/></StgValue>
</bind>
</comp>

<comp id="8" class="1000" name="m_axis_video_V_user_V">
<pin_list>
<pin id="9" dir="1" index="0" bw="1" slack="0"/>
</pin_list>
<bind>
<StgValue><ssdm name="m_axis_video_V_user_V"/></StgValue>
</bind>
</comp>

<comp id="10" class="1000" name="m_axis_video_V_last_V">
<pin_list>
<pin id="11" dir="1" index="0" bw="1" slack="0"/>
</pin_list>
<bind>
<StgValue><ssdm name="m_axis_video_V_last_V"/></StgValue>
</bind>
</comp>

<comp id="12" class="1000" name="m_axis_video_V_id_V">
<pin_list>
<pin id="13" dir="1" index="0" bw="1" slack="0"/>
</pin_list>
<bind>
<StgValue><ssdm name="m_axis_video_V_id_V"/></StgValue>
</bind>
</comp>

<comp id="14" class="1000" name="m_axis_video_V_dest_V">
<pin_list>
<pin id="15" dir="1" index="0" bw="1" slack="0"/>
</pin_list>
<bind>
<StgValue><ssdm name="m_axis_video_V_dest_V"/></StgValue>
</bind>
</comp>

<comp id="16" class="1000" name="Height">
<pin_list>
<pin id="17" dir="1" index="0" bw="1" slack="0"/>
</pin_list>
<bind>
<StgValue><ssdm name="Height"/></StgValue>
</bind>
</comp>

<comp id="18" class="1000" name="WidthOut">
<pin_list>
<pin id="19" dir="1" index="0" bw="1" slack="0"/>
</pin_list>
<bind>
<StgValue><ssdm name="WidthOut"/></StgValue>
</bind>
</comp>

<comp id="20" class="1001" name="const_20">
<pin_list>
<pin id="21" dir="1" index="0" bw="1" slack="0"/>
</pin_list>
<bind>
<StgValue><ssdm name=""/></StgValue>
</bind>
</comp>

<comp id="22" class="1001" name="const_22">
<pin_list>
<pin id="23" dir="1" index="0" bw="1" slack="2147483647"/>
</pin_list>
<bind>
<StgValue><ssdm name="_ssdm_op_SpecInterface"/></StgValue>
</bind>
</comp>

<comp id="24" class="1001" name="const_24">
<pin_list>
<pin id="25" dir="1" index="0" bw="1" slack="2147483647"/>
</pin_list>
<bind>
<StgValue><ssdm name="ap_stable_str"/></StgValue>
</bind>
</comp>

<comp id="26" class="1001" name="const_26">
<pin_list>
<pin id="27" dir="1" index="0" bw="1" slack="2147483647"/>
</pin_list>
<bind>
<StgValue><ssdm name=""/></StgValue>
</bind>
</comp>

<comp id="28" class="1001" name="const_28">
<pin_list>
<pin id="29" dir="1" index="0" bw="1" slack="2147483647"/>
</pin_list>
<bind>
<StgValue><ssdm name="p_str"/></StgValue>
</bind>
</comp>

<comp id="30" class="1001" name="const_30">
<pin_list>
<pin id="31" dir="1" index="0" bw="1" slack="2147483647"/>
</pin_list>
<bind>
<StgValue><ssdm name=""/></StgValue>
</bind>
</comp>

<comp id="32" class="1001" name="const_32">
<pin_list>
<pin id="33" dir="1" index="0" bw="1" slack="2147483647"/>
</pin_list>
<bind>
<StgValue><ssdm name=""/></StgValue>
</bind>
</comp>

<comp id="34" class="1001" name="const_34">
<pin_list>
<pin id="35" dir="1" index="0" bw="1" slack="2147483647"/>
</pin_list>
<bind>
<StgValue><ssdm name=""/></StgValue>
</bind>
</comp>

<comp id="36" class="1001" name="const_36">
<pin_list>
<pin id="37" dir="1" index="0" bw="1" slack="2147483647"/>
</pin_list>
<bind>
<StgValue><ssdm name="_ssdm_op_SpecAXISSideChannel"/></StgValue>
</bind>
</comp>

<comp id="38" class="1001" name="const_38">
<pin_list>
<pin id="39" dir="1" index="0" bw="1" slack="2147483647"/>
</pin_list>
<bind>
<StgValue><ssdm name="empty_25"/></StgValue>
</bind>
</comp>

<comp id="40" class="1001" name="const_40">
<pin_list>
<pin id="41" dir="1" index="0" bw="1" slack="2147483647"/>
</pin_list>
<bind>
<StgValue><ssdm name="empty_24"/></StgValue>
</bind>
</comp>

<comp id="42" class="1001" name="const_42">
<pin_list>
<pin id="43" dir="1" index="0" bw="1" slack="2147483647"/>
</pin_list>
<bind>
<StgValue><ssdm name="empty_17"/></StgValue>
</bind>
</comp>

<comp id="44" class="1001" name="const_44">
<pin_list>
<pin id="45" dir="1" index="0" bw="1" slack="2147483647"/>
</pin_list>
<bind>
<StgValue><ssdm name="empty_23"/></StgValue>
</bind>
</comp>

<comp id="46" class="1001" name="const_46">
<pin_list>
<pin id="47" dir="1" index="0" bw="1" slack="2147483647"/>
</pin_list>
<bind>
<StgValue><ssdm name="empty_15"/></StgValue>
</bind>
</comp>

<comp id="48" class="1001" name="const_48">
<pin_list>
<pin id="49" dir="1" index="0" bw="1" slack="0"/>
</pin_list>
<bind>
<StgValue><ssdm name="_ssdm_op_Read.ap_stable.i16"/></StgValue>
</bind>
</comp>

<comp id="50" class="1001" name="const_50">
<pin_list>
<pin id="51" dir="1" index="0" bw="1" slack="0"/>
</pin_list>
<bind>
<StgValue><ssdm name=""/></StgValue>
</bind>
</comp>

<comp id="52" class="1001" name="const_52">
<pin_list>
<pin id="53" dir="1" index="0" bw="1" slack="0"/>
</pin_list>
<bind>
<StgValue><ssdm name=""/></StgValue>
</bind>
</comp>

<comp id="54" class="1001" name="const_54">
<pin_list>
<pin id="55" dir="1" index="0" bw="1" slack="1"/>
</pin_list>
<bind>
<StgValue><ssdm name=""/></StgValue>
</bind>
</comp>

<comp id="56" class="1001" name="const_56">
<pin_list>
<pin id="57" dir="1" index="0" bw="1" slack="2147483647"/>
</pin_list>
<bind>
<StgValue><ssdm name="_ssdm_op_SpecLoopTripCount"/></StgValue>
</bind>
</comp>

<comp id="58" class="1001" name="const_58">
<pin_list>
<pin id="59" dir="1" index="0" bw="1" slack="2147483647"/>
</pin_list>
<bind>
<StgValue><ssdm name=""/></StgValue>
</bind>
</comp>

<comp id="60" class="1001" name="const_60">
<pin_list>
<pin id="61" dir="1" index="0" bw="1" slack="2147483647"/>
</pin_list>
<bind>
<StgValue><ssdm name=""/></StgValue>
</bind>
</comp>

<comp id="62" class="1001" name="const_62">
<pin_list>
<pin id="63" dir="1" index="0" bw="1" slack="0"/>
</pin_list>
<bind>
<StgValue><ssdm name=""/></StgValue>
</bind>
</comp>

<comp id="64" class="1001" name="const_64">
<pin_list>
<pin id="65" dir="1" index="0" bw="1" slack="2147483647"/>
</pin_list>
<bind>
<StgValue><ssdm name="_ssdm_op_Wait"/></StgValue>
</bind>
</comp>

<comp id="66" class="1001" name="const_66">
<pin_list>
<pin id="67" dir="1" index="0" bw="1" slack="0"/>
</pin_list>
<bind>
<StgValue><ssdm name="MultiPixStream2AXIvideo_Pipeline_VITIS_LOOP_230_2"/></StgValue>
</bind>
</comp>

<comp id="68" class="1001" name="const_68">
<pin_list>
<pin id="69" dir="1" index="0" bw="1" slack="2147483647"/>
</pin_list>
<bind>
<StgValue><ssdm name="_ssdm_op_SpecLoopName"/></StgValue>
</bind>
</comp>

<comp id="70" class="1001" name="const_70">
<pin_list>
<pin id="71" dir="1" index="0" bw="1" slack="2147483647"/>
</pin_list>
<bind>
<StgValue><ssdm name="empty_7"/></StgValue>
</bind>
</comp>

<comp id="72" class="1004" name="i_fu_72">
<pin_list>
<pin id="73" dir="0" index="0" bw="1" slack="0"/>
<pin id="74" dir="1" index="1" bw="11" slack="0"/>
</pin_list>
<bind>
<opcode="alloca(26) " fcode="alloca"/>
<opset="i/1 "/>
</bind>
</comp>

<comp id="76" class="1004" name="WidthOut_read_read_fu_76">
<pin_list>
<pin id="77" dir="0" index="0" bw="16" slack="0"/>
<pin id="78" dir="0" index="1" bw="16" slack="0"/>
<pin id="79" dir="1" index="2" bw="16" slack="0"/>
</pin_list>
<bind>
<opcode="read(1150) " fcode="read"/>
<opset="WidthOut_read/1 "/>
</bind>
</comp>

<comp id="82" class="1004" name="Height_read_read_fu_82">
<pin_list>
<pin id="83" dir="0" index="0" bw="16" slack="0"/>
<pin id="84" dir="0" index="1" bw="16" slack="0"/>
<pin id="85" dir="1" index="2" bw="16" slack="0"/>
</pin_list>
<bind>
<opcode="read(1150) " fcode="read"/>
<opset="Height_read/1 "/>
</bind>
</comp>

<comp id="88" class="1005" name="sof_reg_88">
<pin_list>
<pin id="89" dir="0" index="0" bw="1" slack="1"/>
<pin id="90" dir="1" index="1" bw="1" slack="1"/>
</pin_list>
<bind>
<opset="sof (phireg) "/>
</bind>
</comp>

<comp id="92" class="1004" name="sof_phi_fu_92">
<pin_list>
<pin id="93" dir="0" index="0" bw="1" slack="1"/>
<pin id="94" dir="0" index="1" bw="0" slack="2147483647"/>
<pin id="95" dir="0" index="2" bw="1" slack="0"/>
<pin id="96" dir="0" index="3" bw="0" slack="2147483647"/>
<pin id="97" dir="1" index="4" bw="1" slack="0"/>
</pin_list>
<bind>
<opcode="phi(47) " fcode="phi"/>
<opset="sof/2 "/>
</bind>
</comp>

<comp id="100" class="1004" name="grp_MultiPixStream2AXIvideo_Pipeline_VITIS_LOOP_230_2_fu_100">
<pin_list>
<pin id="101" dir="0" index="0" bw="0" slack="0"/>
<pin id="102" dir="0" index="1" bw="1" slack="0"/>
<pin id="103" dir="0" index="2" bw="11" slack="1"/>
<pin id="104" dir="0" index="3" bw="12" slack="1"/>
<pin id="105" dir="0" index="4" bw="30" slack="0"/>
<pin id="106" dir="0" index="5" bw="32" slack="0"/>
<pin id="107" dir="0" index="6" bw="4" slack="0"/>
<pin id="108" dir="0" index="7" bw="4" slack="0"/>
<pin id="109" dir="0" index="8" bw="1" slack="0"/>
<pin id="110" dir="0" index="9" bw="1" slack="0"/>
<pin id="111" dir="0" index="10" bw="1" slack="0"/>
<pin id="112" dir="0" index="11" bw="1" slack="0"/>
<pin id="113" dir="1" index="12" bw="0" slack="2147483647"/>
</pin_list>
<bind>
<opcode="call(48) " fcode="call"/>
<opset="call_ln228/2 "/>
</bind>
</comp>

<comp id="124" class="1004" name="trunc_ln221_fu_124">
<pin_list>
<pin id="125" dir="0" index="0" bw="16" slack="0"/>
<pin id="126" dir="1" index="1" bw="11" slack="1"/>
</pin_list>
<bind>
<opcode="trunc(33) " fcode="trunc"/>
<opset="trunc_ln221/1 "/>
</bind>
</comp>

<comp id="128" class="1004" name="trunc_ln222_fu_128">
<pin_list>
<pin id="129" dir="0" index="0" bw="16" slack="0"/>
<pin id="130" dir="1" index="1" bw="11" slack="0"/>
</pin_list>
<bind>
<opcode="trunc(33) " fcode="trunc"/>
<opset="trunc_ln222/1 "/>
</bind>
</comp>

<comp id="132" class="1004" name="empty_fu_132">
<pin_list>
<pin id="133" dir="0" index="0" bw="16" slack="0"/>
<pin id="134" dir="1" index="1" bw="12" slack="0"/>
</pin_list>
<bind>
<opcode="trunc(33) " fcode="trunc"/>
<opset="empty/1 "/>
</bind>
</comp>

<comp id="136" class="1004" name="sub_i_i_fu_136">
<pin_list>
<pin id="137" dir="0" index="0" bw="12" slack="0"/>
<pin id="138" dir="0" index="1" bw="1" slack="0"/>
<pin id="139" dir="1" index="2" bw="12" slack="1"/>
</pin_list>
<bind>
<opcode="add(8) " fcode="add"/>
<opset="sub_i_i/1 "/>
</bind>
</comp>

<comp id="142" class="1004" name="icmp_ln228_fu_142">
<pin_list>
<pin id="143" dir="0" index="0" bw="11" slack="0"/>
<pin id="144" dir="0" index="1" bw="1" slack="0"/>
<pin id="145" dir="1" index="2" bw="1" slack="1"/>
</pin_list>
<bind>
<opcode="icmp(45) " fcode="icmp"/>
<opset="icmp_ln228/1 "/>
</bind>
</comp>

<comp id="148" class="1004" name="store_ln228_store_fu_148">
<pin_list>
<pin id="149" dir="0" index="0" bw="1" slack="0"/>
<pin id="150" dir="0" index="1" bw="11" slack="0"/>
<pin id="151" dir="1" index="2" bw="0" slack="2147483647"/>
</pin_list>
<bind>
<opcode="store(28) " fcode="store"/>
<opset="store_ln228/1 "/>
</bind>
</comp>

<comp id="153" class="1004" name="i_1_load_fu_153">
<pin_list>
<pin id="154" dir="0" index="0" bw="11" slack="1"/>
<pin id="155" dir="1" index="1" bw="11" slack="0"/>
</pin_list>
<bind>
<opcode="load(27) " fcode="load"/>
<opset="i_1/2 "/>
</bind>
</comp>

<comp id="156" class="1004" name="icmp_ln228_1_fu_156">
<pin_list>
<pin id="157" dir="0" index="0" bw="11" slack="0"/>
<pin id="158" dir="0" index="1" bw="11" slack="1"/>
<pin id="159" dir="1" index="2" bw="1" slack="2147483647"/>
</pin_list>
<bind>
<opcode="icmp(45) " fcode="icmp"/>
<opset="icmp_ln228_1/2 "/>
</bind>
</comp>

<comp id="161" class="1004" name="i_2_fu_161">
<pin_list>
<pin id="162" dir="0" index="0" bw="11" slack="0"/>
<pin id="163" dir="0" index="1" bw="1" slack="0"/>
<pin id="164" dir="1" index="2" bw="11" slack="0"/>
</pin_list>
<bind>
<opcode="add(8) " fcode="add"/>
<opset="i_2/2 "/>
</bind>
</comp>

<comp id="167" class="1004" name="and_ln228_fu_167">
<pin_list>
<pin id="168" dir="0" index="0" bw="1" slack="1"/>
<pin id="169" dir="0" index="1" bw="1" slack="0"/>
<pin id="170" dir="1" index="2" bw="1" slack="0"/>
</pin_list>
<bind>
<opcode="and(23) " fcode="and"/>
<opset="and_ln228/2 "/>
</bind>
</comp>

<comp id="172" class="1004" name="store_ln228_store_fu_172">
<pin_list>
<pin id="173" dir="0" index="0" bw="11" slack="0"/>
<pin id="174" dir="0" index="1" bw="11" slack="1"/>
<pin id="175" dir="1" index="2" bw="0" slack="2147483647"/>
</pin_list>
<bind>
<opcode="store(28) " fcode="store"/>
<opset="store_ln228/2 "/>
</bind>
</comp>

<comp id="177" class="1005" name="i_reg_177">
<pin_list>
<pin id="178" dir="0" index="0" bw="11" slack="0"/>
<pin id="179" dir="1" index="1" bw="11" slack="0"/>
</pin_list>
<bind>
<opset="i "/>
</bind>
</comp>

<comp id="184" class="1005" name="trunc_ln221_reg_184">
<pin_list>
<pin id="185" dir="0" index="0" bw="11" slack="1"/>
<pin id="186" dir="1" index="1" bw="11" slack="1"/>
</pin_list>
<bind>
<opset="trunc_ln221 "/>
</bind>
</comp>

<comp id="189" class="1005" name="trunc_ln222_reg_189">
<pin_list>
<pin id="190" dir="0" index="0" bw="11" slack="1"/>
<pin id="191" dir="1" index="1" bw="11" slack="1"/>
</pin_list>
<bind>
<opset="trunc_ln222 "/>
</bind>
</comp>

<comp id="194" class="1005" name="sub_i_i_reg_194">
<pin_list>
<pin id="195" dir="0" index="0" bw="12" slack="1"/>
<pin id="196" dir="1" index="1" bw="12" slack="1"/>
</pin_list>
<bind>
<opset="sub_i_i "/>
</bind>
</comp>

<comp id="199" class="1005" name="icmp_ln228_reg_199">
<pin_list>
<pin id="200" dir="0" index="0" bw="1" slack="1"/>
<pin id="201" dir="1" index="1" bw="1" slack="1"/>
</pin_list>
<bind>
<opset="icmp_ln228 "/>
</bind>
</comp>

<comp id="207" class="1005" name="and_ln228_reg_207">
<pin_list>
<pin id="208" dir="0" index="0" bw="1" slack="0"/>
<pin id="209" dir="1" index="1" bw="1" slack="0"/>
</pin_list>
<bind>
<opset="and_ln228 "/>
</bind>
</comp>

</comp_list>

<net_list>
<net id="75"><net_src comp="20" pin="0"/><net_sink comp="72" pin=0"/></net>

<net id="80"><net_src comp="48" pin="0"/><net_sink comp="76" pin=0"/></net>

<net id="81"><net_src comp="18" pin="0"/><net_sink comp="76" pin=1"/></net>

<net id="86"><net_src comp="48" pin="0"/><net_sink comp="82" pin=0"/></net>

<net id="87"><net_src comp="16" pin="0"/><net_sink comp="82" pin=1"/></net>

<net id="91"><net_src comp="54" pin="0"/><net_sink comp="88" pin=0"/></net>

<net id="98"><net_src comp="88" pin="1"/><net_sink comp="92" pin=0"/></net>

<net id="99"><net_src comp="92" pin="4"/><net_sink comp="88" pin=0"/></net>

<net id="114"><net_src comp="66" pin="0"/><net_sink comp="100" pin=0"/></net>

<net id="115"><net_src comp="92" pin="4"/><net_sink comp="100" pin=1"/></net>

<net id="116"><net_src comp="0" pin="0"/><net_sink comp="100" pin=4"/></net>

<net id="117"><net_src comp="2" pin="0"/><net_sink comp="100" pin=5"/></net>

<net id="118"><net_src comp="4" pin="0"/><net_sink comp="100" pin=6"/></net>

<net id="119"><net_src comp="6" pin="0"/><net_sink comp="100" pin=7"/></net>

<net id="120"><net_src comp="8" pin="0"/><net_sink comp="100" pin=8"/></net>

<net id="121"><net_src comp="10" pin="0"/><net_sink comp="100" pin=9"/></net>

<net id="122"><net_src comp="12" pin="0"/><net_sink comp="100" pin=10"/></net>

<net id="123"><net_src comp="14" pin="0"/><net_sink comp="100" pin=11"/></net>

<net id="127"><net_src comp="82" pin="2"/><net_sink comp="124" pin=0"/></net>

<net id="131"><net_src comp="76" pin="2"/><net_sink comp="128" pin=0"/></net>

<net id="135"><net_src comp="76" pin="2"/><net_sink comp="132" pin=0"/></net>

<net id="140"><net_src comp="132" pin="1"/><net_sink comp="136" pin=0"/></net>

<net id="141"><net_src comp="50" pin="0"/><net_sink comp="136" pin=1"/></net>

<net id="146"><net_src comp="128" pin="1"/><net_sink comp="142" pin=0"/></net>

<net id="147"><net_src comp="52" pin="0"/><net_sink comp="142" pin=1"/></net>

<net id="152"><net_src comp="52" pin="0"/><net_sink comp="148" pin=0"/></net>

<net id="160"><net_src comp="153" pin="1"/><net_sink comp="156" pin=0"/></net>

<net id="165"><net_src comp="153" pin="1"/><net_sink comp="161" pin=0"/></net>

<net id="166"><net_src comp="62" pin="0"/><net_sink comp="161" pin=1"/></net>

<net id="171"><net_src comp="92" pin="4"/><net_sink comp="167" pin=1"/></net>

<net id="176"><net_src comp="161" pin="2"/><net_sink comp="172" pin=0"/></net>

<net id="180"><net_src comp="72" pin="1"/><net_sink comp="177" pin=0"/></net>

<net id="181"><net_src comp="177" pin="1"/><net_sink comp="148" pin=1"/></net>

<net id="182"><net_src comp="177" pin="1"/><net_sink comp="153" pin=0"/></net>

<net id="183"><net_src comp="177" pin="1"/><net_sink comp="172" pin=1"/></net>

<net id="187"><net_src comp="124" pin="1"/><net_sink comp="184" pin=0"/></net>

<net id="188"><net_src comp="184" pin="1"/><net_sink comp="156" pin=1"/></net>

<net id="192"><net_src comp="128" pin="1"/><net_sink comp="189" pin=0"/></net>

<net id="193"><net_src comp="189" pin="1"/><net_sink comp="100" pin=2"/></net>

<net id="197"><net_src comp="136" pin="2"/><net_sink comp="194" pin=0"/></net>

<net id="198"><net_src comp="194" pin="1"/><net_sink comp="100" pin=3"/></net>

<net id="202"><net_src comp="142" pin="2"/><net_sink comp="199" pin=0"/></net>

<net id="203"><net_src comp="199" pin="1"/><net_sink comp="167" pin=0"/></net>

<net id="210"><net_src comp="167" pin="2"/><net_sink comp="207" pin=0"/></net>

<net id="211"><net_src comp="207" pin="1"/><net_sink comp="92" pin=2"/></net>

</net_list>

</model> 
---------------- Datapath Model END ------------------

* FSMD analyzer results:
  - Output states:
	Port: m_axis_video_V_data_V | {2 3 }
	Port: m_axis_video_V_keep_V | {2 3 }
	Port: m_axis_video_V_strb_V | {2 3 }
	Port: m_axis_video_V_user_V | {2 3 }
	Port: m_axis_video_V_last_V | {2 3 }
	Port: m_axis_video_V_id_V | {2 3 }
	Port: m_axis_video_V_dest_V | {2 3 }
 - Input state : 
	Port: MultiPixStream2AXIvideo : imgUnzip | {2 3 }
	Port: MultiPixStream2AXIvideo : Height | {1 }
	Port: MultiPixStream2AXIvideo : WidthOut | {1 }
  - Chain level:
	State 1
		sub_i_i : 1
		icmp_ln228 : 1
		store_ln228 : 1
	State 2
		icmp_ln228_1 : 1
		i_2 : 1
		br_ln228 : 2
		call_ln228 : 1
		and_ln228 : 1
		store_ln228 : 2
	State 3
	State 4


============================================================
+ Verbose Summary: Datapath Resource usage 
============================================================

* Functional unit list:
|----------|--------------------------------------------------------------|---------|---------|
| Operation|                        Functional Unit                       |    FF   |   LUT   |
|----------|--------------------------------------------------------------|---------|---------|
|   call   | grp_MultiPixStream2AXIvideo_Pipeline_VITIS_LOOP_230_2_fu_100 |    15   |    55   |
|----------|--------------------------------------------------------------|---------|---------|
|    add   |                        sub_i_i_fu_136                        |    0    |    19   |
|          |                          i_2_fu_161                          |    0    |    18   |
|----------|--------------------------------------------------------------|---------|---------|
|   icmp   |                       icmp_ln228_fu_142                      |    0    |    18   |
|          |                      icmp_ln228_1_fu_156                     |    0    |    18   |
|----------|--------------------------------------------------------------|---------|---------|
|    and   |                       and_ln228_fu_167                       |    0    |    2    |
|----------|--------------------------------------------------------------|---------|---------|
|   read   |                   WidthOut_read_read_fu_76                   |    0    |    0    |
|          |                    Height_read_read_fu_82                    |    0    |    0    |
|----------|--------------------------------------------------------------|---------|---------|
|          |                      trunc_ln221_fu_124                      |    0    |    0    |
|   trunc  |                      trunc_ln222_fu_128                      |    0    |    0    |
|          |                         empty_fu_132                         |    0    |    0    |
|----------|--------------------------------------------------------------|---------|---------|
|   Total  |                                                              |    15   |   130   |
|----------|--------------------------------------------------------------|---------|---------|

Memories:
N/A

* Register list:
+-------------------+--------+
|                   |   FF   |
+-------------------+--------+
| and_ln228_reg_207 |    1   |
|     i_reg_177     |   11   |
| icmp_ln228_reg_199|    1   |
|     sof_reg_88    |    1   |
|  sub_i_i_reg_194  |   12   |
|trunc_ln221_reg_184|   11   |
|trunc_ln222_reg_189|   11   |
+-------------------+--------+
|       Total       |   48   |
+-------------------+--------+

* Multiplexer (MUX) list: 
|------------|------|------|------|--------||---------||---------||---------|
|    Comp    |  Pin | Size |  BW  | S x BW ||  Delay  ||    FF   ||   LUT   |
|------------|------|------|------|--------||---------||---------||---------|
| sof_reg_88 |  p0  |   2  |   1  |    2   ||    0    ||    9    |
|------------|------|------|------|--------||---------||---------||---------|
|    Total   |      |      |      |    2   ||  0.427  ||    0    ||    9    |
|------------|------|------|------|--------||---------||---------||---------|



* Summary:
+-----------+--------+--------+--------+
|           |  Delay |   FF   |   LUT  |
+-----------+--------+--------+--------+
|  Function |    -   |   15   |   130  |
|   Memory  |    -   |    -   |    -   |
|Multiplexer|    0   |    0   |    9   |
|  Register |    -   |   48   |    -   |
+-----------+--------+--------+--------+
|   Total   |    0   |   63   |   139  |
+-----------+--------+--------+--------+
