

================================================================
== Vitis HLS Report for 'DebayerG'
================================================================
* Date:           Thu Jun 13 17:31:55 2024

* Version:        2024.1 (Build 5069499 on May 21 2024)
* Project:        prj
* Solution:       sol (Vivado IP Flow Target)
* Product family: zynquplus
* Target device:  xck26-sfvc784-2LV-c


================================================================
== Performance Estimates
================================================================
+ Timing: 
    * Summary: 
    +--------+---------+----------+------------+
    |  Clock |  Target | Estimated| Uncertainty|
    +--------+---------+----------+------------+
    |ap_clk  |  3.39 ns|  2.474 ns|     0.92 ns|
    +--------+---------+----------+------------+

+ Latency: 
    * Summary: 
    +---------+------------+----------+------------+-----+------------+---------+
    |   Latency (cycles)   |   Latency (absolute)  |     Interval     | Pipeline|
    |   min   |     max    |    min   |     max    | min |     max    |   Type  |
    +---------+------------+----------+------------+-----+------------+---------+
    |       51|  4296605721|  0.173 us|  14.565 sec|   51|  4296605721|       no|
    +---------+------------+----------+------------+-----+------------+---------+

    + Detail: 
        * Instance: 
        N/A

        * Loop: 
        +--------------------+---------+------------+------------+-----------+-----------+-----------+----------+
        |                    |   Latency (cycles)   |  Iteration |  Initiation Interval  |    Trip   |          |
        |      Loop Name     |   min   |     max    |   Latency  |  achieved |   target  |   Count   | Pipelined|
        +--------------------+---------+------------+------------+-----------+-----------+-----------+----------+
        |- VITIS_LOOP_315_3  |       50|  4296605720|  25 ~ 65560|          -|          -|  2 ~ 65537|        no|
        +--------------------+---------+------------+------------+-----------+-----------+-----------+----------+

============================================================
+ Verbose Summary: Synthesis Manager
============================================================
InlineROM: 1
ExposeGlobal: 0
============================================================
+ Verbose Summary: CDFG Model
============================================================
IsTopModel: 0
ResetActiveHigh: 1
IsCombinational: 2
IsDatapathOnly: 0
HasWiredReturn: 1
HasMFsm: 0
HasVarLatency: 1
IsPipeline: 0
IsRtlPipelined: 0
IsInstanceOverlapped: 0
IsDontTouch: 0
HasImplIP: 0
IsGatedGlobalClock: 0


============================================================
+ Verbose Summary: Schedule
============================================================
* Number of FSM states : 4
* Pipeline : 0
* Dataflow Pipeline: 0

* FSM state transitions: 
1 --> 2 
2 --> 3 
3 --> 4 
4 --> 2 

* FSM state operations: 

State 1 <SV = 0> <Delay = 1.23>
ST_1 : Operation 5 [1/1] (0.00ns)   --->   "%y = alloca i32 1" [F:/Projects/Vivado/project_4/project_4.runs/kria_starter_kit_v_demosaic_0_0_synth_1/prj/sol/.autopilot/db/v_demosaic.cpp:271]   --->   Operation 5 'alloca' 'y' <Predicate = true> <Delay = 0.00>
ST_1 : Operation 6 [1/1] (0.00ns)   --->   "%p_lcssa49705003 = alloca i32 1"   --->   Operation 6 'alloca' 'p_lcssa49705003' <Predicate = true> <Delay = 0.00>
ST_1 : Operation 7 [1/1] (0.00ns)   --->   "%p_lcssa49725005 = alloca i32 1"   --->   Operation 7 'alloca' 'p_lcssa49725005' <Predicate = true> <Delay = 0.00>
ST_1 : Operation 8 [1/1] (0.00ns)   --->   "%p_lcssa49735007 = alloca i32 1"   --->   Operation 8 'alloca' 'p_lcssa49735007' <Predicate = true> <Delay = 0.00>
ST_1 : Operation 9 [1/1] (0.00ns)   --->   "%p_lcssa49745009 = alloca i32 1"   --->   Operation 9 'alloca' 'p_lcssa49745009' <Predicate = true> <Delay = 0.00>
ST_1 : Operation 10 [1/1] (0.00ns)   --->   "%p_lcssa49765011 = alloca i32 1"   --->   Operation 10 'alloca' 'p_lcssa49765011' <Predicate = true> <Delay = 0.00>
ST_1 : Operation 11 [1/1] (0.00ns)   --->   "%p_lcssa49775013 = alloca i32 1"   --->   Operation 11 'alloca' 'p_lcssa49775013' <Predicate = true> <Delay = 0.00>
ST_1 : Operation 12 [1/1] (0.00ns)   --->   "%p_lcssa49785015 = alloca i32 1"   --->   Operation 12 'alloca' 'p_lcssa49785015' <Predicate = true> <Delay = 0.00>
ST_1 : Operation 13 [1/1] (0.00ns)   --->   "%p_lcssa49805017 = alloca i32 1"   --->   Operation 13 'alloca' 'p_lcssa49805017' <Predicate = true> <Delay = 0.00>
ST_1 : Operation 14 [1/1] (0.00ns)   --->   "%p_lcssa49815019 = alloca i32 1"   --->   Operation 14 'alloca' 'p_lcssa49815019' <Predicate = true> <Delay = 0.00>
ST_1 : Operation 15 [1/1] (0.00ns)   --->   "%p_lcssa49825021 = alloca i32 1"   --->   Operation 15 'alloca' 'p_lcssa49825021' <Predicate = true> <Delay = 0.00>
ST_1 : Operation 16 [1/1] (0.00ns)   --->   "%p_lcssa49845023 = alloca i32 1"   --->   Operation 16 'alloca' 'p_lcssa49845023' <Predicate = true> <Delay = 0.00>
ST_1 : Operation 17 [1/1] (0.00ns)   --->   "%p_lcssa49855025 = alloca i32 1"   --->   Operation 17 'alloca' 'p_lcssa49855025' <Predicate = true> <Delay = 0.00>
ST_1 : Operation 18 [1/1] (0.00ns)   --->   "%p_lcssa49865027 = alloca i32 1"   --->   Operation 18 'alloca' 'p_lcssa49865027' <Predicate = true> <Delay = 0.00>
ST_1 : Operation 19 [1/1] (0.00ns)   --->   "%p_lcssa49885029 = alloca i32 1"   --->   Operation 19 'alloca' 'p_lcssa49885029' <Predicate = true> <Delay = 0.00>
ST_1 : Operation 20 [1/1] (0.00ns)   --->   "%p_lcssa49895031 = alloca i32 1"   --->   Operation 20 'alloca' 'p_lcssa49895031' <Predicate = true> <Delay = 0.00>
ST_1 : Operation 21 [1/1] (0.00ns)   --->   "%p_lcssa51455151 = alloca i32 1"   --->   Operation 21 'alloca' 'p_lcssa51455151' <Predicate = true> <Delay = 0.00>
ST_1 : Operation 22 [1/1] (0.00ns)   --->   "%p_lcssa51465153 = alloca i32 1"   --->   Operation 22 'alloca' 'p_lcssa51465153' <Predicate = true> <Delay = 0.00>
ST_1 : Operation 23 [1/1] (0.00ns)   --->   "%p_lcssa51475155 = alloca i32 1"   --->   Operation 23 'alloca' 'p_lcssa51475155' <Predicate = true> <Delay = 0.00>
ST_1 : Operation 24 [1/1] (0.00ns)   --->   "%p_lcssa51485157 = alloca i32 1"   --->   Operation 24 'alloca' 'p_lcssa51485157' <Predicate = true> <Delay = 0.00>
ST_1 : Operation 25 [1/1] (0.00ns)   --->   "%p_lcssa51495159 = alloca i32 1"   --->   Operation 25 'alloca' 'p_lcssa51495159' <Predicate = true> <Delay = 0.00>
ST_1 : Operation 26 [1/1] (0.00ns)   --->   "%bayerPhase_read_1 = read i16 @_ssdm_op_Read.ap_auto.i16, i16 %bayerPhase_read"   --->   Operation 26 'read' 'bayerPhase_read_1' <Predicate = true> <Delay = 0.00>
ST_1 : Operation 27 [1/1] (0.00ns)   --->   "%width_read = read i16 @_ssdm_op_Read.ap_stable.i16, i16 %width"   --->   Operation 27 'read' 'width_read' <Predicate = true> <Delay = 0.00>
ST_1 : Operation 28 [1/1] (0.00ns)   --->   "%height_read = read i16 @_ssdm_op_Read.ap_stable.i16, i16 %height"   --->   Operation 28 'read' 'height_read' <Predicate = true> <Delay = 0.00>
ST_1 : Operation 29 [1/1] (0.00ns)   --->   "%specinterface_ln0 = specinterface void @_ssdm_op_SpecInterface, i16 %bayerPhase_c1, void @ap_fifo_str, i32 0, i32 0, void @p_str, i32 0, i32 0, void @p_str, void @p_str, void @p_str, i32 2, i32 2, i32 16, i32 16, void @p_str, void @ScalarProp_str, i32 4294967295, i32 0, i32 0"   --->   Operation 29 'specinterface' 'specinterface_ln0' <Predicate = true> <Delay = 0.00>
ST_1 : Operation 30 [1/1] (1.23ns)   --->   "%write_ln0 = write void @_ssdm_op_Write.ap_fifo.i16P0A, i16 %bayerPhase_c1, i16 %bayerPhase_read_1"   --->   Operation 30 'write' 'write_ln0' <Predicate = true> <Delay = 1.23> <CoreInst = "FIFO_SRL">   --->   Core 80 'FIFO_SRL' <Latency = 0> <II = 1> <Delay = 1.83> <Storage> <Opcode : 'read' 'write' 'nbread' 'nbwrite'> <Ports = 0> <Width = 16> <Depth = 2> <FIFO>
ST_1 : Operation 31 [1/1] (0.00ns)   --->   "%specinterface_ln0 = specinterface void @_ssdm_op_SpecInterface, i16 %width, void @ap_stable_str, i32 0, i32 0, void @p_str, i32 0, i32 0, void @p_str, void @p_str, void @p_str, i32 2, i32 2, i32 16, i32 16, void @p_str, void @p_str, i32 4294967295, i32 0, i32 0"   --->   Operation 31 'specinterface' 'specinterface_ln0' <Predicate = true> <Delay = 0.00>
ST_1 : Operation 32 [1/1] (0.00ns)   --->   "%specinterface_ln0 = specinterface void @_ssdm_op_SpecInterface, i16 %height, void @ap_stable_str, i32 0, i32 0, void @p_str, i32 0, i32 0, void @p_str, void @p_str, void @p_str, i32 2, i32 2, i32 16, i32 16, void @p_str, void @p_str, i32 4294967295, i32 0, i32 0"   --->   Operation 32 'specinterface' 'specinterface_ln0' <Predicate = true> <Delay = 0.00>
ST_1 : Operation 33 [1/1] (0.00ns)   --->   "%specinterface_ln0 = specinterface void @_ssdm_op_SpecInterface, i24 %imgG, void @empty_24, i32 0, i32 0, void @empty_17, i32 0, i32 0, void @empty_17, void @empty_17, void @empty_17, i32 0, i32 0, i32 0, i32 0, void @empty_17, void @empty_17, i32 4294967295, i32 0, i32 0"   --->   Operation 33 'specinterface' 'specinterface_ln0' <Predicate = true> <Delay = 0.00>
ST_1 : Operation 34 [1/1] (0.00ns)   --->   "%specinterface_ln0 = specinterface void @_ssdm_op_SpecInterface, i8 %imgBayer, void @empty_24, i32 0, i32 0, void @empty_17, i32 0, i32 0, void @empty_17, void @empty_17, void @empty_17, i32 0, i32 0, i32 0, i32 0, void @empty_17, void @empty_17, i32 4294967295, i32 0, i32 0"   --->   Operation 34 'specinterface' 'specinterface_ln0' <Predicate = true> <Delay = 0.00>
ST_1 : Operation 35 [1/1] (0.00ns)   --->   "%zext_ln274 = zext i16 %height_read" [F:/Projects/Vivado/project_4/project_4.runs/kria_starter_kit_v_demosaic_0_0_synth_1/prj/sol/.autopilot/db/v_demosaic.cpp:274]   --->   Operation 35 'zext' 'zext_ln274' <Predicate = true> <Delay = 0.00>
ST_1 : Operation 36 [1/1] (0.85ns)   --->   "%loopHeight = add i17 %zext_ln274, i17 2" [F:/Projects/Vivado/project_4/project_4.runs/kria_starter_kit_v_demosaic_0_0_synth_1/prj/sol/.autopilot/db/v_demosaic.cpp:274]   --->   Operation 36 'add' 'loopHeight' <Predicate = true> <Delay = 0.85> <CoreInst = "Adder">   --->   Core 1 'Adder' <Latency = 0> <II = 1> <Delay = 0.85> <FuncUnit> <Opcode : 'add' 'sub'> <InPorts = 2> <OutPorts = 1>
ST_1 : Operation 37 [1/1] (0.00ns)   --->   "%zext_ln275 = zext i16 %width_read" [F:/Projects/Vivado/project_4/project_4.runs/kria_starter_kit_v_demosaic_0_0_synth_1/prj/sol/.autopilot/db/v_demosaic.cpp:275]   --->   Operation 37 'zext' 'zext_ln275' <Predicate = true> <Delay = 0.00>
ST_1 : Operation 38 [1/1] (0.85ns)   --->   "%loopWidth = add i17 %zext_ln275, i17 2" [F:/Projects/Vivado/project_4/project_4.runs/kria_starter_kit_v_demosaic_0_0_synth_1/prj/sol/.autopilot/db/v_demosaic.cpp:275]   --->   Operation 38 'add' 'loopWidth' <Predicate = true> <Delay = 0.85> <CoreInst = "Adder">   --->   Core 1 'Adder' <Latency = 0> <II = 1> <Delay = 0.85> <FuncUnit> <Opcode : 'add' 'sub'> <InPorts = 2> <OutPorts = 1>
ST_1 : Operation 39 [1/1] (0.00ns)   --->   "%x_phase = trunc i16 %bayerPhase_read_1" [F:/Projects/Vivado/project_4/project_4.runs/kria_starter_kit_v_demosaic_0_0_synth_1/prj/sol/.autopilot/db/v_demosaic.cpp:293]   --->   Operation 39 'trunc' 'x_phase' <Predicate = true> <Delay = 0.00>
ST_1 : Operation 40 [1/1] (0.00ns)   --->   "%trunc_ln293_1 = partselect i15 @_ssdm_op_PartSelect.i15.i16.i32.i32, i16 %bayerPhase_read_1, i32 1, i32 15" [F:/Projects/Vivado/project_4/project_4.runs/kria_starter_kit_v_demosaic_0_0_synth_1/prj/sol/.autopilot/db/v_demosaic.cpp:293]   --->   Operation 40 'partselect' 'trunc_ln293_1' <Predicate = true> <Delay = 0.00>
ST_1 : Operation 41 [1/1] (0.42ns)   --->   "%store_ln271 = store i17 0, i17 %y" [F:/Projects/Vivado/project_4/project_4.runs/kria_starter_kit_v_demosaic_0_0_synth_1/prj/sol/.autopilot/db/v_demosaic.cpp:271]   --->   Operation 41 'store' 'store_ln271' <Predicate = true> <Delay = 0.42>
ST_1 : Operation 42 [1/1] (0.00ns)   --->   "%br_ln315 = br void %VITIS_LOOP_318_4" [F:/Projects/Vivado/project_4/project_4.runs/kria_starter_kit_v_demosaic_0_0_synth_1/prj/sol/.autopilot/db/v_demosaic.cpp:315]   --->   Operation 42 'br' 'br_ln315' <Predicate = true> <Delay = 0.00>

State 2 <SV = 1> <Delay = 1.29>
ST_2 : Operation 43 [1/1] (0.00ns)   --->   "%y_7 = load i17 %y"   --->   Operation 43 'load' 'y_7' <Predicate = true> <Delay = 0.00>
ST_2 : Operation 44 [1/1] (0.86ns)   --->   "%icmp_ln315 = icmp_eq  i17 %y_7, i17 %loopHeight" [F:/Projects/Vivado/project_4/project_4.runs/kria_starter_kit_v_demosaic_0_0_synth_1/prj/sol/.autopilot/db/v_demosaic.cpp:315]   --->   Operation 44 'icmp' 'icmp_ln315' <Predicate = true> <Delay = 0.86> <CoreInst = "Cmp">   --->   Core 9 'Cmp' <Latency = 0> <II = 1> <Delay = 0.86> <FuncUnit> <Opcode : 'seteq' 'setne' 'setle' 'setge' 'setlt' 'setgt'> <InPorts = 2> <OutPorts = 1>
ST_2 : Operation 45 [1/1] (0.86ns)   --->   "%y_8 = add i17 %y_7, i17 1" [F:/Projects/Vivado/project_4/project_4.runs/kria_starter_kit_v_demosaic_0_0_synth_1/prj/sol/.autopilot/db/v_demosaic.cpp:315]   --->   Operation 45 'add' 'y_8' <Predicate = true> <Delay = 0.86> <CoreInst = "Adder">   --->   Core 1 'Adder' <Latency = 0> <II = 1> <Delay = 0.86> <FuncUnit> <Opcode : 'add' 'sub'> <InPorts = 2> <OutPorts = 1>
ST_2 : Operation 46 [1/1] (0.00ns)   --->   "%br_ln315 = br i1 %icmp_ln315, void %VITIS_LOOP_318_4.split, void %for.end749" [F:/Projects/Vivado/project_4/project_4.runs/kria_starter_kit_v_demosaic_0_0_synth_1/prj/sol/.autopilot/db/v_demosaic.cpp:315]   --->   Operation 46 'br' 'br_ln315' <Predicate = true> <Delay = 0.00>
ST_2 : Operation 47 [1/1] (0.00ns)   --->   "%p_lcssa49705003_load = load i8 %p_lcssa49705003"   --->   Operation 47 'load' 'p_lcssa49705003_load' <Predicate = (!icmp_ln315)> <Delay = 0.00>
ST_2 : Operation 48 [1/1] (0.00ns)   --->   "%p_lcssa49725005_load = load i8 %p_lcssa49725005"   --->   Operation 48 'load' 'p_lcssa49725005_load' <Predicate = (!icmp_ln315)> <Delay = 0.00>
ST_2 : Operation 49 [1/1] (0.00ns)   --->   "%p_lcssa49735007_load = load i8 %p_lcssa49735007"   --->   Operation 49 'load' 'p_lcssa49735007_load' <Predicate = (!icmp_ln315)> <Delay = 0.00>
ST_2 : Operation 50 [1/1] (0.00ns)   --->   "%p_lcssa49745009_load = load i8 %p_lcssa49745009"   --->   Operation 50 'load' 'p_lcssa49745009_load' <Predicate = (!icmp_ln315)> <Delay = 0.00>
ST_2 : Operation 51 [1/1] (0.00ns)   --->   "%p_lcssa49765011_load = load i8 %p_lcssa49765011"   --->   Operation 51 'load' 'p_lcssa49765011_load' <Predicate = (!icmp_ln315)> <Delay = 0.00>
ST_2 : Operation 52 [1/1] (0.00ns)   --->   "%p_lcssa49775013_load = load i8 %p_lcssa49775013"   --->   Operation 52 'load' 'p_lcssa49775013_load' <Predicate = (!icmp_ln315)> <Delay = 0.00>
ST_2 : Operation 53 [1/1] (0.00ns)   --->   "%p_lcssa49785015_load = load i8 %p_lcssa49785015"   --->   Operation 53 'load' 'p_lcssa49785015_load' <Predicate = (!icmp_ln315)> <Delay = 0.00>
ST_2 : Operation 54 [1/1] (0.00ns)   --->   "%p_lcssa49805017_load = load i8 %p_lcssa49805017"   --->   Operation 54 'load' 'p_lcssa49805017_load' <Predicate = (!icmp_ln315)> <Delay = 0.00>
ST_2 : Operation 55 [1/1] (0.00ns)   --->   "%p_lcssa49815019_load = load i8 %p_lcssa49815019"   --->   Operation 55 'load' 'p_lcssa49815019_load' <Predicate = (!icmp_ln315)> <Delay = 0.00>
ST_2 : Operation 56 [1/1] (0.00ns)   --->   "%p_lcssa49825021_load = load i8 %p_lcssa49825021"   --->   Operation 56 'load' 'p_lcssa49825021_load' <Predicate = (!icmp_ln315)> <Delay = 0.00>
ST_2 : Operation 57 [1/1] (0.00ns)   --->   "%p_lcssa49845023_load = load i8 %p_lcssa49845023"   --->   Operation 57 'load' 'p_lcssa49845023_load' <Predicate = (!icmp_ln315)> <Delay = 0.00>
ST_2 : Operation 58 [1/1] (0.00ns)   --->   "%p_lcssa49855025_load = load i8 %p_lcssa49855025"   --->   Operation 58 'load' 'p_lcssa49855025_load' <Predicate = (!icmp_ln315)> <Delay = 0.00>
ST_2 : Operation 59 [1/1] (0.00ns)   --->   "%p_lcssa49865027_load = load i8 %p_lcssa49865027"   --->   Operation 59 'load' 'p_lcssa49865027_load' <Predicate = (!icmp_ln315)> <Delay = 0.00>
ST_2 : Operation 60 [1/1] (0.00ns)   --->   "%p_lcssa49885029_load = load i8 %p_lcssa49885029"   --->   Operation 60 'load' 'p_lcssa49885029_load' <Predicate = (!icmp_ln315)> <Delay = 0.00>
ST_2 : Operation 61 [1/1] (0.00ns)   --->   "%p_lcssa49895031_load = load i8 %p_lcssa49895031"   --->   Operation 61 'load' 'p_lcssa49895031_load' <Predicate = (!icmp_ln315)> <Delay = 0.00>
ST_2 : Operation 62 [1/1] (0.00ns)   --->   "%p_lcssa51455151_load = load i8 %p_lcssa51455151"   --->   Operation 62 'load' 'p_lcssa51455151_load' <Predicate = (!icmp_ln315)> <Delay = 0.00>
ST_2 : Operation 63 [1/1] (0.00ns)   --->   "%p_lcssa51465153_load = load i8 %p_lcssa51465153"   --->   Operation 63 'load' 'p_lcssa51465153_load' <Predicate = (!icmp_ln315)> <Delay = 0.00>
ST_2 : Operation 64 [1/1] (0.00ns)   --->   "%p_lcssa51475155_load = load i8 %p_lcssa51475155"   --->   Operation 64 'load' 'p_lcssa51475155_load' <Predicate = (!icmp_ln315)> <Delay = 0.00>
ST_2 : Operation 65 [1/1] (0.00ns)   --->   "%p_lcssa51485157_load = load i8 %p_lcssa51485157"   --->   Operation 65 'load' 'p_lcssa51485157_load' <Predicate = (!icmp_ln315)> <Delay = 0.00>
ST_2 : Operation 66 [1/1] (0.00ns)   --->   "%p_lcssa51495159_load = load i8 %p_lcssa51495159"   --->   Operation 66 'load' 'p_lcssa51495159_load' <Predicate = (!icmp_ln315)> <Delay = 0.00>
ST_2 : Operation 67 [1/1] (0.86ns)   --->   "%out_y = add i17 %y_7, i17 131070"   --->   Operation 67 'add' 'out_y' <Predicate = (!icmp_ln315)> <Delay = 0.86> <CoreInst = "Adder">   --->   Core 1 'Adder' <Latency = 0> <II = 1> <Delay = 0.86> <FuncUnit> <Opcode : 'add' 'sub'> <InPorts = 2> <OutPorts = 1>
ST_2 : Operation 68 [1/1] (0.00ns)   --->   "%empty = trunc i17 %out_y"   --->   Operation 68 'trunc' 'empty' <Predicate = (!icmp_ln315)> <Delay = 0.00>
ST_2 : Operation 69 [1/1] (0.86ns)   --->   "%cmp84 = icmp_ult  i17 %y_7, i17 %zext_ln274" [F:/Projects/Vivado/project_4/project_4.runs/kria_starter_kit_v_demosaic_0_0_synth_1/prj/sol/.autopilot/db/v_demosaic.cpp:274]   --->   Operation 69 'icmp' 'cmp84' <Predicate = (!icmp_ln315)> <Delay = 0.86> <CoreInst = "Cmp">   --->   Core 9 'Cmp' <Latency = 0> <II = 1> <Delay = 0.86> <FuncUnit> <Opcode : 'seteq' 'setne' 'setle' 'setge' 'setlt' 'setgt'> <InPorts = 2> <OutPorts = 1>
ST_2 : Operation 70 [1/1] (0.86ns)   --->   "%cmp170 = icmp_ne  i17 %y_7, i17 0"   --->   Operation 70 'icmp' 'cmp170' <Predicate = (!icmp_ln315)> <Delay = 0.86> <CoreInst = "Cmp">   --->   Core 9 'Cmp' <Latency = 0> <II = 1> <Delay = 0.86> <FuncUnit> <Opcode : 'seteq' 'setne' 'setle' 'setge' 'setlt' 'setgt'> <InPorts = 2> <OutPorts = 1>
ST_2 : Operation 71 [1/1] (0.00ns)   --->   "%empty_165 = wait i32 @_ssdm_op_Wait"   --->   Operation 71 'wait' 'empty_165' <Predicate = (!icmp_ln315)> <Delay = 0.00>
ST_2 : Operation 72 [1/1] (0.42ns)   --->   "%store_ln271 = store i17 %y_8, i17 %y" [F:/Projects/Vivado/project_4/project_4.runs/kria_starter_kit_v_demosaic_0_0_synth_1/prj/sol/.autopilot/db/v_demosaic.cpp:271]   --->   Operation 72 'store' 'store_ln271' <Predicate = (!icmp_ln315)> <Delay = 0.42>
ST_2 : Operation 73 [1/1] (0.00ns)   --->   "%ret_ln591 = ret" [F:/Projects/Vivado/project_4/project_4.runs/kria_starter_kit_v_demosaic_0_0_synth_1/prj/sol/.autopilot/db/v_demosaic.cpp:591]   --->   Operation 73 'ret' 'ret_ln591' <Predicate = (icmp_ln315)> <Delay = 0.00>

State 3 <SV = 2> <Delay = 2.13>
ST_3 : Operation 74 [1/1] (0.00ns)   --->   "%and226_cast = zext i1 %empty"   --->   Operation 74 'zext' 'and226_cast' <Predicate = true> <Delay = 0.00>
ST_3 : Operation 75 [1/1] (0.26ns)   --->   "%xor = xor i15 %trunc_ln293_1, i15 %and226_cast" [F:/Projects/Vivado/project_4/project_4.runs/kria_starter_kit_v_demosaic_0_0_synth_1/prj/sol/.autopilot/db/v_demosaic.cpp:293]   --->   Operation 75 'xor' 'xor' <Predicate = true> <Delay = 0.26> <CoreInst = "LogicGate">   --->   Core 74 'LogicGate' <Latency = 0> <II = 1> <Delay = 0.26> <FuncUnit> <Opcode : 'and' 'or' 'xor'> <InPorts = 2> <OutPorts = 1>
ST_3 : Operation 76 [1/1] (0.84ns)   --->   "%cmp689 = icmp_eq  i15 %and226_cast, i15 %trunc_ln293_1" [F:/Projects/Vivado/project_4/project_4.runs/kria_starter_kit_v_demosaic_0_0_synth_1/prj/sol/.autopilot/db/v_demosaic.cpp:293]   --->   Operation 76 'icmp' 'cmp689' <Predicate = true> <Delay = 0.84> <CoreInst = "Cmp">   --->   Core 9 'Cmp' <Latency = 0> <II = 1> <Delay = 0.84> <FuncUnit> <Opcode : 'seteq' 'setne' 'setle' 'setge' 'setlt' 'setgt'> <InPorts = 2> <OutPorts = 1>
ST_3 : Operation 77 [2/2] (1.29ns)   --->   "%call_ln275 = call void @DebayerG_Pipeline_VITIS_LOOP_318_4, i8 %p_lcssa51495159_load, i8 %p_lcssa51485157_load, i8 %p_lcssa51475155_load, i8 %p_lcssa51465153_load, i8 %p_lcssa51455151_load, i8 %p_lcssa49895031_load, i8 %p_lcssa49885029_load, i8 %p_lcssa49865027_load, i8 %p_lcssa49855025_load, i8 %p_lcssa49845023_load, i8 %p_lcssa49825021_load, i8 %p_lcssa49815019_load, i8 %p_lcssa49805017_load, i8 %p_lcssa49785015_load, i8 %p_lcssa49775013_load, i8 %p_lcssa49765011_load, i8 %p_lcssa49745009_load, i8 %p_lcssa49735007_load, i8 %p_lcssa49725005_load, i8 %p_lcssa49705003_load, i17 %loopWidth, i24 %imgG, i1 %x_phase, i15 %xor, i1 %cmp689, i17 %out_y, i16 %width_read, i1 %cmp170, i1 %cmp84, i8 %imgBayer, i8 %p_lcssa51495159, i8 %p_lcssa51485157, i8 %p_lcssa51475155, i8 %p_lcssa51465153, i8 %p_lcssa51455151, i8 %p_lcssa49895031, i8 %p_lcssa49885029, i8 %p_lcssa49865027, i8 %p_lcssa49855025, i8 %p_lcssa49845023, i8 %p_lcssa49825021, i8 %p_lcssa49815019, i8 %p_lcssa49805017, i8 %p_lcssa49785015, i8 %p_lcssa49775013, i8 %p_lcssa49765011, i8 %p_lcssa49745009, i8 %p_lcssa49735007, i8 %p_lcssa49725005, i8 %p_lcssa49705003, i10 %DIV1_TABLE, i18 %DIV2_TABLE" [F:/Projects/Vivado/project_4/project_4.runs/kria_starter_kit_v_demosaic_0_0_synth_1/prj/sol/.autopilot/db/v_demosaic.cpp:275]   --->   Operation 77 'call' 'call_ln275' <Predicate = true> <Delay = 1.29> <CoreType = "Generic">   --->   Core 0 '' <Latency = 0> <II = 1> <Delay = 1.00> <Generic> <Opcode : >

State 4 <SV = 3> <Delay = 0.00>
ST_4 : Operation 78 [1/1] (0.00ns)   --->   "%speclooptripcount_ln282 = speclooptripcount void @_ssdm_op_SpecLoopTripCount, i64 2, i64 65537, i64 32769" [F:/Projects/Vivado/project_4/project_4.runs/kria_starter_kit_v_demosaic_0_0_synth_1/prj/sol/.autopilot/db/v_demosaic.cpp:282]   --->   Operation 78 'speclooptripcount' 'speclooptripcount_ln282' <Predicate = true> <Delay = 0.00>
ST_4 : Operation 79 [1/1] (0.00ns)   --->   "%specloopname_ln315 = specloopname void @_ssdm_op_SpecLoopName, void @empty_9" [F:/Projects/Vivado/project_4/project_4.runs/kria_starter_kit_v_demosaic_0_0_synth_1/prj/sol/.autopilot/db/v_demosaic.cpp:315]   --->   Operation 79 'specloopname' 'specloopname_ln315' <Predicate = true> <Delay = 0.00>
ST_4 : Operation 80 [1/2] (0.00ns)   --->   "%call_ln275 = call void @DebayerG_Pipeline_VITIS_LOOP_318_4, i8 %p_lcssa51495159_load, i8 %p_lcssa51485157_load, i8 %p_lcssa51475155_load, i8 %p_lcssa51465153_load, i8 %p_lcssa51455151_load, i8 %p_lcssa49895031_load, i8 %p_lcssa49885029_load, i8 %p_lcssa49865027_load, i8 %p_lcssa49855025_load, i8 %p_lcssa49845023_load, i8 %p_lcssa49825021_load, i8 %p_lcssa49815019_load, i8 %p_lcssa49805017_load, i8 %p_lcssa49785015_load, i8 %p_lcssa49775013_load, i8 %p_lcssa49765011_load, i8 %p_lcssa49745009_load, i8 %p_lcssa49735007_load, i8 %p_lcssa49725005_load, i8 %p_lcssa49705003_load, i17 %loopWidth, i24 %imgG, i1 %x_phase, i15 %xor, i1 %cmp689, i17 %out_y, i16 %width_read, i1 %cmp170, i1 %cmp84, i8 %imgBayer, i8 %p_lcssa51495159, i8 %p_lcssa51485157, i8 %p_lcssa51475155, i8 %p_lcssa51465153, i8 %p_lcssa51455151, i8 %p_lcssa49895031, i8 %p_lcssa49885029, i8 %p_lcssa49865027, i8 %p_lcssa49855025, i8 %p_lcssa49845023, i8 %p_lcssa49825021, i8 %p_lcssa49815019, i8 %p_lcssa49805017, i8 %p_lcssa49785015, i8 %p_lcssa49775013, i8 %p_lcssa49765011, i8 %p_lcssa49745009, i8 %p_lcssa49735007, i8 %p_lcssa49725005, i8 %p_lcssa49705003, i10 %DIV1_TABLE, i18 %DIV2_TABLE" [F:/Projects/Vivado/project_4/project_4.runs/kria_starter_kit_v_demosaic_0_0_synth_1/prj/sol/.autopilot/db/v_demosaic.cpp:275]   --->   Operation 80 'call' 'call_ln275' <Predicate = true> <Delay = 0.00> <CoreType = "Generic">   --->   Core 0 '' <Latency = 0> <II = 1> <Delay = 1.00> <Generic> <Opcode : >
ST_4 : Operation 81 [1/1] (0.00ns)   --->   "%br_ln315 = br void %VITIS_LOOP_318_4" [F:/Projects/Vivado/project_4/project_4.runs/kria_starter_kit_v_demosaic_0_0_synth_1/prj/sol/.autopilot/db/v_demosaic.cpp:315]   --->   Operation 81 'br' 'br_ln315' <Predicate = true> <Delay = 0.00>


============================================================
+ Verbose Summary: Timing violations
============================================================
Target clock period: 3.390ns, clock uncertainty: 0.915ns.

 <State 1>: 1.237ns
The critical path consists of the following:
	wire read operation ('bayerPhase') on port 'bayerPhase_read' [30]  (0.000 ns)
	fifo write operation ('write_ln0') on port 'bayerPhase_c1' [34]  (1.237 ns)

 <State 2>: 1.290ns
The critical path consists of the following:
	'load' operation 17 bit ('y') on local variable 'y', F:/Projects/Vivado/project_4/project_4.runs/kria_starter_kit_v_demosaic_0_0_synth_1/prj/sol/.autopilot/db/v_demosaic.cpp:271 [48]  (0.000 ns)
	'add' operation 17 bit ('y', F:/Projects/Vivado/project_4/project_4.runs/kria_starter_kit_v_demosaic_0_0_synth_1/prj/sol/.autopilot/db/v_demosaic.cpp:315) [50]  (0.863 ns)
	'store' operation 0 bit ('store_ln271', F:/Projects/Vivado/project_4/project_4.runs/kria_starter_kit_v_demosaic_0_0_synth_1/prj/sol/.autopilot/db/v_demosaic.cpp:271) of variable 'y', F:/Projects/Vivado/project_4/project_4.runs/kria_starter_kit_v_demosaic_0_0_synth_1/prj/sol/.autopilot/db/v_demosaic.cpp:315 on local variable 'y', F:/Projects/Vivado/project_4/project_4.runs/kria_starter_kit_v_demosaic_0_0_synth_1/prj/sol/.autopilot/db/v_demosaic.cpp:271 [84]  (0.427 ns)

 <State 3>: 2.132ns
The critical path consists of the following:
	'icmp' operation 1 bit ('cmp689', F:/Projects/Vivado/project_4/project_4.runs/kria_starter_kit_v_demosaic_0_0_synth_1/prj/sol/.autopilot/db/v_demosaic.cpp:293) [79]  (0.842 ns)
	'call' operation 0 bit ('call_ln275', F:/Projects/Vivado/project_4/project_4.runs/kria_starter_kit_v_demosaic_0_0_synth_1/prj/sol/.autopilot/db/v_demosaic.cpp:275) to 'DebayerG_Pipeline_VITIS_LOOP_318_4' [83]  (1.290 ns)

 <State 4>: 0.000ns
The critical path consists of the following:


============================================================
+ Verbose Summary: Binding
============================================================
N/A
* FSMD analyzer results:
  - Output states:
 - Input state : 
  - Chain level:
	State 1
	State 2
	State 3
	State 4


============================================================
+ Verbose Summary: Datapath Resource usage 
============================================================
N/A
