

================================================================
== Vitis HLS Report for 'MultiPixStream2AXIvideo_Pipeline_VITIS_LOOP_230_2'
================================================================
* Date:           Thu Jun 13 17:31:58 2024

* Version:        2024.1 (Build 5069499 on May 21 2024)
* Project:        prj
* Solution:       sol (Vivado IP Flow Target)
* Product family: zynquplus
* Target device:  xck26-sfvc784-2LV-c


================================================================
== Performance Estimates
================================================================
+ Timing: 
    * Summary: 
    +--------+---------+----------+------------+
    |  Clock |  Target | Estimated| Uncertainty|
    +--------+---------+----------+------------+
    |ap_clk  |  3.39 ns|  1.712 ns|     0.92 ns|
    +--------+---------+----------+------------+

+ Latency: 
    * Summary: 
    +---------+---------+-----------+-----------+-----+------+-----------------------------------------------+
    |  Latency (cycles) |   Latency (absolute)  |  Interval  |                    Pipeline                   |
    |   min   |   max   |    min    |    max    | min |  max |                      Type                     |
    +---------+---------+-----------+-----------+-----+------+-----------------------------------------------+
    |        3|     3843|  10.170 ns|  13.028 us|    1|  3841|  loop auto-rewind stp(delay=0 clock cycles(s))|
    +---------+---------+-----------+-----------+-----+------+-----------------------------------------------+

    + Detail: 
        * Instance: 
        N/A

        * Loop: 
        +--------------------+---------+---------+----------+-----------+-----------+----------+----------+
        |                    |  Latency (cycles) | Iteration|  Initiation Interval  |   Trip   |          |
        |      Loop Name     |   min   |   max   |  Latency |  achieved |   target  |   Count  | Pipelined|
        +--------------------+---------+---------+----------+-----------+-----------+----------+----------+
        |- VITIS_LOOP_230_2  |        1|     3841|         2|          1|          1|  0 ~ 3840|       yes|
        +--------------------+---------+---------+----------+-----------+-----------+----------+----------+

============================================================
+ Verbose Summary: Synthesis Manager
============================================================
InlineROM: 1
ExposeGlobal: 0
============================================================
+ Verbose Summary: CDFG Model
============================================================
IsTopModel: 0
ResetActiveHigh: 1
IsCombinational: 0
IsDatapathOnly: 0
HasWiredReturn: 1
HasMFsm: 2
HasVarLatency: 1
IsPipeline: 0
IsRtlPipelined: 0
IsInstanceOverlapped: 0
IsDontTouch: 0
HasImplIP: 0
IsGatedGlobalClock: 0

+ Individual pipeline summary: 
  * Pipeline-0: initiation interval (II) = 1, depth = 2


============================================================
+ Verbose Summary: Schedule
============================================================
* Number of FSM states : 2
* Pipeline : 1
  Pipeline-0 : II = 1, D = 2, States = { 1 2 }
* Dataflow Pipeline: 0

* FSM state transitions: 
1 --> 2 
2 --> 

* FSM state operations: 

State 1 <SV = 0> <Delay = 1.66>
ST_1 : Operation 5 [1/1] (0.00ns)   --->   "%j = alloca i32 1" [F:/Projects/Vivado/project_4/project_4.runs/kria_starter_kit_v_demosaic_0_0_synth_1/prj/sol/.autopilot/db/v_demosaic.cpp:230]   --->   Operation 5 'alloca' 'j' <Predicate = true> <Delay = 0.00>
ST_1 : Operation 6 [1/1] (0.00ns)   --->   "%specaxissidechannel_ln0 = specaxissidechannel void @_ssdm_op_SpecAXISSideChannel, i24 %m_axis_video_V_data_V, i3 %m_axis_video_V_keep_V, i3 %m_axis_video_V_strb_V, i1 %m_axis_video_V_user_V, i1 %m_axis_video_V_last_V, i1 %m_axis_video_V_id_V, i1 %m_axis_video_V_dest_V, void @empty_25"   --->   Operation 6 'specaxissidechannel' 'specaxissidechannel_ln0' <Predicate = true> <Delay = 0.00>
ST_1 : Operation 7 [1/1] (0.00ns)   --->   "%specinterface_ln0 = specinterface void @_ssdm_op_SpecInterface, i24 %m_axis_video_V_data_V, i3 %m_axis_video_V_keep_V, i3 %m_axis_video_V_strb_V, i1 %m_axis_video_V_user_V, i1 %m_axis_video_V_last_V, i1 %m_axis_video_V_id_V, i1 %m_axis_video_V_dest_V, void @empty_23, i32 0, i32 0, void @empty_15, i32 0, i32 0, void @empty_17, void @empty_17, void @empty_17, i32 0, i32 0, i32 0, i32 0, void @empty_17, void @empty_17, i32 4294967295, i32 0, i32 0"   --->   Operation 7 'specinterface' 'specinterface_ln0' <Predicate = true> <Delay = 0.00>
ST_1 : Operation 8 [1/1] (0.00ns)   --->   "%specinterface_ln0 = specinterface void @_ssdm_op_SpecInterface, i24 %imgUnzip, void @empty_24, i32 0, i32 0, void @empty_17, i32 0, i32 0, void @empty_17, void @empty_17, void @empty_17, i32 0, i32 0, i32 0, i32 0, void @empty_17, void @empty_17, i32 4294967295, i32 0, i32 0"   --->   Operation 8 'specinterface' 'specinterface_ln0' <Predicate = true> <Delay = 0.00>
ST_1 : Operation 9 [1/1] (0.00ns)   --->   "%sub_i_i_read = read i13 @_ssdm_op_Read.ap_auto.i13, i13 %sub_i_i"   --->   Operation 9 'read' 'sub_i_i_read' <Predicate = true> <Delay = 0.00>
ST_1 : Operation 10 [1/1] (0.00ns)   --->   "%tmp = read i12 @_ssdm_op_Read.ap_auto.i12, i12 %empty"   --->   Operation 10 'read' 'tmp' <Predicate = true> <Delay = 0.00>
ST_1 : Operation 11 [1/1] (0.00ns)   --->   "%sof_read = read i1 @_ssdm_op_Read.ap_auto.i1, i1 %sof"   --->   Operation 11 'read' 'sof_read' <Predicate = true> <Delay = 0.00>
ST_1 : Operation 12 [1/1] (0.42ns)   --->   "%store_ln230 = store i12 0, i12 %j" [F:/Projects/Vivado/project_4/project_4.runs/kria_starter_kit_v_demosaic_0_0_synth_1/prj/sol/.autopilot/db/v_demosaic.cpp:230]   --->   Operation 12 'store' 'store_ln230' <Predicate = true> <Delay = 0.42>
ST_1 : Operation 13 [1/1] (0.42ns)   --->   "%br_ln230 = br void %for.body10" [F:/Projects/Vivado/project_4/project_4.runs/kria_starter_kit_v_demosaic_0_0_synth_1/prj/sol/.autopilot/db/v_demosaic.cpp:230]   --->   Operation 13 'br' 'br_ln230' <Predicate = true> <Delay = 0.42>
ST_1 : Operation 14 [1/1] (0.00ns)   --->   "%j_1 = load i12 %j" [F:/Projects/Vivado/project_4/project_4.runs/kria_starter_kit_v_demosaic_0_0_synth_1/prj/sol/.autopilot/db/v_demosaic.cpp:230]   --->   Operation 14 'load' 'j_1' <Predicate = true> <Delay = 0.00>
ST_1 : Operation 15 [1/1] (0.80ns)   --->   "%icmp_ln230 = icmp_eq  i12 %j_1, i12 %tmp" [F:/Projects/Vivado/project_4/project_4.runs/kria_starter_kit_v_demosaic_0_0_synth_1/prj/sol/.autopilot/db/v_demosaic.cpp:230]   --->   Operation 15 'icmp' 'icmp_ln230' <Predicate = true> <Delay = 0.80> <CoreInst = "Cmp">   --->   Core 9 'Cmp' <Latency = 0> <II = 1> <Delay = 0.80> <FuncUnit> <Opcode : 'seteq' 'setne' 'setle' 'setge' 'setlt' 'setgt'> <InPorts = 2> <OutPorts = 1>
ST_1 : Operation 16 [1/1] (0.80ns)   --->   "%j_2 = add i12 %j_1, i12 1" [F:/Projects/Vivado/project_4/project_4.runs/kria_starter_kit_v_demosaic_0_0_synth_1/prj/sol/.autopilot/db/v_demosaic.cpp:230]   --->   Operation 16 'add' 'j_2' <Predicate = true> <Delay = 0.80> <CoreInst = "Adder">   --->   Core 1 'Adder' <Latency = 0> <II = 1> <Delay = 0.80> <FuncUnit> <Opcode : 'add' 'sub'> <InPorts = 2> <OutPorts = 1>
ST_1 : Operation 17 [1/1] (0.00ns)   --->   "%br_ln230 = br i1 %icmp_ln230, void %for.body10.split, void %for.inc45.loopexit.exitStub" [F:/Projects/Vivado/project_4/project_4.runs/kria_starter_kit_v_demosaic_0_0_synth_1/prj/sol/.autopilot/db/v_demosaic.cpp:230]   --->   Operation 17 'br' 'br_ln230' <Predicate = true> <Delay = 0.00>
ST_1 : Operation 18 [1/1] (0.00ns)   --->   "%zext_ln240 = zext i12 %j_1" [F:/Projects/Vivado/project_4/project_4.runs/kria_starter_kit_v_demosaic_0_0_synth_1/prj/sol/.autopilot/db/v_demosaic.cpp:240]   --->   Operation 18 'zext' 'zext_ln240' <Predicate = (!icmp_ln230)> <Delay = 0.00>
ST_1 : Operation 19 [1/1] (0.82ns)   --->   "%axi_last = icmp_eq  i13 %sub_i_i_read, i13 %zext_ln240" [F:/Projects/Vivado/project_4/project_4.runs/kria_starter_kit_v_demosaic_0_0_synth_1/prj/sol/.autopilot/db/v_demosaic.cpp:240]   --->   Operation 19 'icmp' 'axi_last' <Predicate = (!icmp_ln230)> <Delay = 0.82> <CoreInst = "Cmp">   --->   Core 9 'Cmp' <Latency = 0> <II = 1> <Delay = 0.82> <FuncUnit> <Opcode : 'seteq' 'setne' 'setle' 'setge' 'setlt' 'setgt'> <InPorts = 2> <OutPorts = 1>
ST_1 : Operation 20 [1/1] (0.42ns)   --->   "%store_ln230 = store i12 %j_2, i12 %j" [F:/Projects/Vivado/project_4/project_4.runs/kria_starter_kit_v_demosaic_0_0_synth_1/prj/sol/.autopilot/db/v_demosaic.cpp:230]   --->   Operation 20 'store' 'store_ln230' <Predicate = (!icmp_ln230)> <Delay = 0.42>
ST_1 : Operation 21 [1/1] (0.00ns)   --->   "%br_ln230 = br void %for.body10" [F:/Projects/Vivado/project_4/project_4.runs/kria_starter_kit_v_demosaic_0_0_synth_1/prj/sol/.autopilot/db/v_demosaic.cpp:230]   --->   Operation 21 'br' 'br_ln230' <Predicate = (!icmp_ln230)> <Delay = 0.00>

State 2 <SV = 1> <Delay = 1.71>
ST_2 : Operation 22 [1/1] (0.00ns)   --->   "%sof_2 = phi i1 %sof_read, void %newFuncRoot, i1 0, void %for.body10.split"   --->   Operation 22 'phi' 'sof_2' <Predicate = true> <Delay = 0.00>
ST_2 : Operation 23 [1/1] (0.00ns)   --->   "%speclooptripcount_ln0 = speclooptripcount void @_ssdm_op_SpecLoopTripCount, i64 0, i64 3840, i64 0"   --->   Operation 23 'speclooptripcount' 'speclooptripcount_ln0' <Predicate = true> <Delay = 0.00>
ST_2 : Operation 24 [1/1] (0.00ns)   --->   "%specpipeline_ln233 = specpipeline void @_ssdm_op_SpecPipeline, i32 1, i32 0, i32 0, i32 0, void @empty_17" [F:/Projects/Vivado/project_4/project_4.runs/kria_starter_kit_v_demosaic_0_0_synth_1/prj/sol/.autopilot/db/v_demosaic.cpp:233]   --->   Operation 24 'specpipeline' 'specpipeline_ln233' <Predicate = (!icmp_ln230)> <Delay = 0.00>
ST_2 : Operation 25 [1/1] (0.00ns)   --->   "%specloopname_ln230 = specloopname void @_ssdm_op_SpecLoopName, void @empty_6" [F:/Projects/Vivado/project_4/project_4.runs/kria_starter_kit_v_demosaic_0_0_synth_1/prj/sol/.autopilot/db/v_demosaic.cpp:230]   --->   Operation 25 'specloopname' 'specloopname_ln230' <Predicate = (!icmp_ln230)> <Delay = 0.00>
ST_2 : Operation 26 [1/1] (1.23ns)   --->   "%axi_data = read i24 @_ssdm_op_Read.ap_fifo.volatile.i24P0A, i24 %imgUnzip" [F:/Projects/Vivado/project_4/project_4.runs/kria_starter_kit_v_demosaic_0_0_synth_1/prj/sol/.autopilot/db/v_demosaic.cpp:245]   --->   Operation 26 'read' 'axi_data' <Predicate = (!icmp_ln230)> <Delay = 1.23> <CoreInst = "FIFO_SRL">   --->   Core 80 'FIFO_SRL' <Latency = 0> <II = 1> <Delay = 1.83> <Storage> <Opcode : 'read' 'write' 'nbread' 'nbwrite'> <Ports = 0> <Width = 24> <Depth = 2> <FIFO>
ST_2 : Operation 27 [1/1] (0.47ns)   --->   "%write_ln258 = write void @_ssdm_op_Write.axis.volatile.i24P0A.i3P0A.i3P0A.i1P0A.i1P0A.i1P0A.i1P0A, i24 %m_axis_video_V_data_V, i3 %m_axis_video_V_keep_V, i3 %m_axis_video_V_strb_V, i1 %m_axis_video_V_user_V, i1 %m_axis_video_V_last_V, i1 %m_axis_video_V_id_V, i1 %m_axis_video_V_dest_V, i24 %axi_data, i3 7, i3 0, i1 %sof_2, i1 %axi_last, i1 0, i1 0" [F:/Projects/Vivado/project_4/project_4.runs/kria_starter_kit_v_demosaic_0_0_synth_1/prj/sol/.autopilot/db/v_demosaic.cpp:258]   --->   Operation 27 'write' 'write_ln258' <Predicate = (!icmp_ln230)> <Delay = 0.47> <CoreInst = "regslice">   --->   Core 148 'regslice' <Latency = 0> <II = 1> <Delay = 0.62> <Adapter> <Opcode : 'read' 'write'>
ST_2 : Operation 28 [1/1] (0.42ns)   --->   "%ret_ln0 = ret"   --->   Operation 28 'ret' 'ret_ln0' <Predicate = (icmp_ln230)> <Delay = 0.42>


============================================================
+ Verbose Summary: Timing violations
============================================================
Target clock period: 3.390ns, clock uncertainty: 0.915ns.

 <State 1>: 1.663ns
The critical path consists of the following:
	'store' operation 0 bit ('store_ln230', F:/Projects/Vivado/project_4/project_4.runs/kria_starter_kit_v_demosaic_0_0_synth_1/prj/sol/.autopilot/db/v_demosaic.cpp:230) of constant 0 on local variable 'j', F:/Projects/Vivado/project_4/project_4.runs/kria_starter_kit_v_demosaic_0_0_synth_1/prj/sol/.autopilot/db/v_demosaic.cpp:230 [19]  (0.427 ns)
	'load' operation 12 bit ('j', F:/Projects/Vivado/project_4/project_4.runs/kria_starter_kit_v_demosaic_0_0_synth_1/prj/sol/.autopilot/db/v_demosaic.cpp:230) on local variable 'j', F:/Projects/Vivado/project_4/project_4.runs/kria_starter_kit_v_demosaic_0_0_synth_1/prj/sol/.autopilot/db/v_demosaic.cpp:230 [23]  (0.000 ns)
	'icmp' operation 1 bit ('icmp_ln230', F:/Projects/Vivado/project_4/project_4.runs/kria_starter_kit_v_demosaic_0_0_synth_1/prj/sol/.autopilot/db/v_demosaic.cpp:230) [24]  (0.809 ns)
	'store' operation 0 bit ('store_ln230', F:/Projects/Vivado/project_4/project_4.runs/kria_starter_kit_v_demosaic_0_0_synth_1/prj/sol/.autopilot/db/v_demosaic.cpp:230) of variable 'j', F:/Projects/Vivado/project_4/project_4.runs/kria_starter_kit_v_demosaic_0_0_synth_1/prj/sol/.autopilot/db/v_demosaic.cpp:230 on local variable 'j', F:/Projects/Vivado/project_4/project_4.runs/kria_starter_kit_v_demosaic_0_0_synth_1/prj/sol/.autopilot/db/v_demosaic.cpp:230 [35]  (0.427 ns)

 <State 2>: 1.712ns
The critical path consists of the following:
	fifo read operation ('axi.data', F:/Projects/Vivado/project_4/project_4.runs/kria_starter_kit_v_demosaic_0_0_synth_1/prj/sol/.autopilot/db/v_demosaic.cpp:245) on port 'imgUnzip' (F:/Projects/Vivado/project_4/project_4.runs/kria_starter_kit_v_demosaic_0_0_synth_1/prj/sol/.autopilot/db/v_demosaic.cpp:245) [33]  (1.237 ns)
	axis write operation ('write_ln258', F:/Projects/Vivado/project_4/project_4.runs/kria_starter_kit_v_demosaic_0_0_synth_1/prj/sol/.autopilot/db/v_demosaic.cpp:258) on port 'm_axis_video_V_data_V' (F:/Projects/Vivado/project_4/project_4.runs/kria_starter_kit_v_demosaic_0_0_synth_1/prj/sol/.autopilot/db/v_demosaic.cpp:258) [34]  (0.475 ns)


============================================================
+ Verbose Summary: Binding
============================================================
N/A
* FSMD analyzer results:
  - Output states:
 - Input state : 
  - Chain level:
	State 1
	State 2


============================================================
+ Verbose Summary: Datapath Resource usage 
============================================================
N/A
