

================================================================
== Vitis HLS Report for 'ZipperRemoval_Pipeline_VITIS_LOOP_1101_2'
================================================================
* Date:           Thu Jun 13 17:31:57 2024

* Version:        2024.1 (Build 5069499 on May 21 2024)
* Project:        prj
* Solution:       sol (Vivado IP Flow Target)
* Product family: zynquplus
* Target device:  xck26-sfvc784-2LV-c


================================================================
== Performance Estimates
================================================================
+ Timing: 
    * Summary: 
    +--------+---------+----------+------------+
    |  Clock |  Target | Estimated| Uncertainty|
    +--------+---------+----------+------------+
    |ap_clk  |  3.39 ns|  2.259 ns|     0.92 ns|
    +--------+---------+----------+------------+

+ Latency: 
    * Summary: 
    +---------+---------+-----------+----------+-----+-------+-----------------------------------------------+
    |  Latency (cycles) |  Latency (absolute)  |   Interval  |                    Pipeline                   |
    |   min   |   max   |    min    |    max   | min |  max  |                      Type                     |
    +---------+---------+-----------+----------+-----+-------+-----------------------------------------------+
    |        6|    65541|  20.340 ns|  0.222 ms|    2|  65537|  loop auto-rewind stp(delay=0 clock cycles(s))|
    +---------+---------+-----------+----------+-----+-------+-----------------------------------------------+

    + Detail: 
        * Instance: 
        N/A

        * Loop: 
        +---------------------+---------+---------+----------+-----------+-----------+-----------+----------+
        |                     |  Latency (cycles) | Iteration|  Initiation Interval  |    Trip   |          |
        |      Loop Name      |   min   |   max   |  Latency |  achieved |   target  |   Count   | Pipelined|
        +---------------------+---------+---------+----------+-----------+-----------+-----------+----------+
        |- VITIS_LOOP_1101_2  |        4|    65539|         5|          1|          1|  1 ~ 65536|       yes|
        +---------------------+---------+---------+----------+-----------+-----------+-----------+----------+

============================================================
+ Verbose Summary: Synthesis Manager
============================================================
InlineROM: 1
ExposeGlobal: 0
============================================================
+ Verbose Summary: CDFG Model
============================================================
IsTopModel: 0
ResetActiveHigh: 1
IsCombinational: 0
IsDatapathOnly: 0
HasWiredReturn: 1
HasMFsm: 2
HasVarLatency: 1
IsPipeline: 0
IsRtlPipelined: 0
IsInstanceOverlapped: 0
IsDontTouch: 0
HasImplIP: 0
IsGatedGlobalClock: 0

+ Individual pipeline summary: 
  * Pipeline-0: initiation interval (II) = 1, depth = 5


============================================================
+ Verbose Summary: Schedule
============================================================
* Number of FSM states : 5
* Pipeline : 1
  Pipeline-0 : II = 1, D = 5, States = { 1 2 3 4 5 }
* Dataflow Pipeline: 0

* FSM state transitions: 
1 --> 2 
2 --> 3 
3 --> 4 
4 --> 5 
5 --> 

* FSM state operations: 

State 1 <SV = 0> <Delay = 1.71>
ST_1 : Operation 8 [1/1] (0.00ns)   --->   "%x = alloca i32 1" [F:/Projects/Vivado/project_4/project_4.runs/kria_starter_kit_v_demosaic_0_0_synth_1/prj/sol/.autopilot/db/v_demosaic.cpp:1083]   --->   Operation 8 'alloca' 'x' <Predicate = true> <Delay = 0.00>
ST_1 : Operation 9 [1/1] (0.00ns)   --->   "%p_0_0_0483_1652 = alloca i32 1"   --->   Operation 9 'alloca' 'p_0_0_0483_1652' <Predicate = true> <Delay = 0.00>
ST_1 : Operation 10 [1/1] (0.00ns)   --->   "%p_0_0_0482_1653 = alloca i32 1"   --->   Operation 10 'alloca' 'p_0_0_0482_1653' <Predicate = true> <Delay = 0.00>
ST_1 : Operation 11 [1/1] (0.00ns)   --->   "%p_0_0_0481_1656 = alloca i32 1"   --->   Operation 11 'alloca' 'p_0_0_0481_1656' <Predicate = true> <Delay = 0.00>
ST_1 : Operation 12 [1/1] (0.00ns)   --->   "%p_0_0_0480_1659 = alloca i32 1"   --->   Operation 12 'alloca' 'p_0_0_0480_1659' <Predicate = true> <Delay = 0.00>
ST_1 : Operation 13 [1/1] (0.00ns)   --->   "%zext_ln1085_read = read i16 @_ssdm_op_Read.ap_auto.i16, i16 %zext_ln1085"   --->   Operation 13 'read' 'zext_ln1085_read' <Predicate = true> <Delay = 0.00>
ST_1 : Operation 14 [1/1] (0.00ns)   --->   "%loopWidth_read = read i17 @_ssdm_op_Read.ap_auto.i17, i17 %loopWidth"   --->   Operation 14 'read' 'loopWidth_read' <Predicate = true> <Delay = 0.00>
ST_1 : Operation 15 [1/1] (0.00ns)   --->   "%conv2_i_i_lcssa679_read = read i5 @_ssdm_op_Read.ap_auto.i5, i5 %conv2_i_i_lcssa679"   --->   Operation 15 'read' 'conv2_i_i_lcssa679_read' <Predicate = true> <Delay = 0.00>
ST_1 : Operation 16 [1/1] (0.00ns)   --->   "%p_0_0_0479647_lcssa654681_read = read i8 @_ssdm_op_Read.ap_auto.i8, i8 %p_0_0_0479647_lcssa654681"   --->   Operation 16 'read' 'p_0_0_0479647_lcssa654681_read' <Predicate = true> <Delay = 0.00>
ST_1 : Operation 17 [1/1] (0.00ns)   --->   "%p_0_0_0478643_lcssa657682_read = read i8 @_ssdm_op_Read.ap_auto.i8, i8 %p_0_0_0478643_lcssa657682"   --->   Operation 17 'read' 'p_0_0_0478643_lcssa657682_read' <Predicate = true> <Delay = 0.00>
ST_1 : Operation 18 [1/1] (0.00ns)   --->   "%p_0_0_0477645_lcssa660684_read = read i8 @_ssdm_op_Read.ap_auto.i8, i8 %p_0_0_0477645_lcssa660684"   --->   Operation 18 'read' 'p_0_0_0477645_lcssa660684_read' <Predicate = true> <Delay = 0.00>
ST_1 : Operation 19 [1/1] (0.00ns)   --->   "%zext_ln1085_cast = zext i16 %zext_ln1085_read"   --->   Operation 19 'zext' 'zext_ln1085_cast' <Predicate = true> <Delay = 0.00>
ST_1 : Operation 20 [1/1] (0.00ns)   --->   "%specinterface_ln0 = specinterface void @_ssdm_op_SpecInterface, i24 %imgRgb, void @empty_24, i32 0, i32 0, void @empty_17, i32 0, i32 0, void @empty_17, void @empty_17, void @empty_17, i32 0, i32 0, i32 0, i32 0, void @empty_17, void @empty_17, i32 4294967295, i32 0, i32 0"   --->   Operation 20 'specinterface' 'specinterface_ln0' <Predicate = true> <Delay = 0.00>
ST_1 : Operation 21 [1/1] (0.00ns)   --->   "%specinterface_ln0 = specinterface void @_ssdm_op_SpecInterface, i24 %imgUnzip, void @empty_24, i32 0, i32 0, void @empty_17, i32 0, i32 0, void @empty_17, void @empty_17, void @empty_17, i32 0, i32 0, i32 0, i32 0, void @empty_17, void @empty_17, i32 4294967295, i32 0, i32 0"   --->   Operation 21 'specinterface' 'specinterface_ln0' <Predicate = true> <Delay = 0.00>
ST_1 : Operation 22 [1/1] (0.42ns)   --->   "%store_ln0 = store i8 %p_0_0_0477645_lcssa660684_read, i8 %p_0_0_0480_1659"   --->   Operation 22 'store' 'store_ln0' <Predicate = true> <Delay = 0.42>
ST_1 : Operation 23 [1/1] (0.42ns)   --->   "%store_ln0 = store i8 %p_0_0_0478643_lcssa657682_read, i8 %p_0_0_0481_1656"   --->   Operation 23 'store' 'store_ln0' <Predicate = true> <Delay = 0.42>
ST_1 : Operation 24 [1/1] (0.42ns)   --->   "%store_ln0 = store i8 %p_0_0_0479647_lcssa654681_read, i8 %p_0_0_0482_1653"   --->   Operation 24 'store' 'store_ln0' <Predicate = true> <Delay = 0.42>
ST_1 : Operation 25 [1/1] (0.42ns)   --->   "%store_ln0 = store i5 %conv2_i_i_lcssa679_read, i5 %p_0_0_0483_1652"   --->   Operation 25 'store' 'store_ln0' <Predicate = true> <Delay = 0.42>
ST_1 : Operation 26 [1/1] (0.42ns)   --->   "%store_ln1083 = store i17 0, i17 %x" [F:/Projects/Vivado/project_4/project_4.runs/kria_starter_kit_v_demosaic_0_0_synth_1/prj/sol/.autopilot/db/v_demosaic.cpp:1083]   --->   Operation 26 'store' 'store_ln1083' <Predicate = true> <Delay = 0.42>
ST_1 : Operation 27 [1/1] (0.42ns)   --->   "%store_ln0 = store i5 0, i5 %phi_ln1132_out"   --->   Operation 27 'store' 'store_ln0' <Predicate = true> <Delay = 0.42>
ST_1 : Operation 28 [1/1] (0.00ns)   --->   "%br_ln1101 = br void %for.body25" [F:/Projects/Vivado/project_4/project_4.runs/kria_starter_kit_v_demosaic_0_0_synth_1/prj/sol/.autopilot/db/v_demosaic.cpp:1101]   --->   Operation 28 'br' 'br_ln1101' <Predicate = true> <Delay = 0.00>
ST_1 : Operation 29 [1/1] (0.00ns)   --->   "%x_1 = load i17 %x" [F:/Projects/Vivado/project_4/project_4.runs/kria_starter_kit_v_demosaic_0_0_synth_1/prj/sol/.autopilot/db/v_demosaic.cpp:1101]   --->   Operation 29 'load' 'x_1' <Predicate = true> <Delay = 0.00>
ST_1 : Operation 30 [1/1] (0.86ns)   --->   "%icmp_ln1101 = icmp_eq  i17 %x_1, i17 %loopWidth_read" [F:/Projects/Vivado/project_4/project_4.runs/kria_starter_kit_v_demosaic_0_0_synth_1/prj/sol/.autopilot/db/v_demosaic.cpp:1101]   --->   Operation 30 'icmp' 'icmp_ln1101' <Predicate = true> <Delay = 0.86> <CoreInst = "Cmp">   --->   Core 9 'Cmp' <Latency = 0> <II = 1> <Delay = 0.86> <FuncUnit> <Opcode : 'seteq' 'setne' 'setle' 'setge' 'setlt' 'setgt'> <InPorts = 2> <OutPorts = 1>
ST_1 : Operation 31 [1/1] (0.86ns)   --->   "%x_2 = add i17 %x_1, i17 1" [F:/Projects/Vivado/project_4/project_4.runs/kria_starter_kit_v_demosaic_0_0_synth_1/prj/sol/.autopilot/db/v_demosaic.cpp:1101]   --->   Operation 31 'add' 'x_2' <Predicate = true> <Delay = 0.86> <CoreInst = "Adder">   --->   Core 1 'Adder' <Latency = 0> <II = 1> <Delay = 0.86> <FuncUnit> <Opcode : 'add' 'sub'> <InPorts = 2> <OutPorts = 1>
ST_1 : Operation 32 [1/1] (0.00ns)   --->   "%br_ln1101 = br i1 %icmp_ln1101, void %for.body25.split, void %for.inc226.exitStub" [F:/Projects/Vivado/project_4/project_4.runs/kria_starter_kit_v_demosaic_0_0_synth_1/prj/sol/.autopilot/db/v_demosaic.cpp:1101]   --->   Operation 32 'br' 'br_ln1101' <Predicate = true> <Delay = 0.00>
ST_1 : Operation 33 [1/1] (0.86ns)   --->   "%icmp_ln1107 = icmp_ult  i17 %x_1, i17 %zext_ln1085_cast" [F:/Projects/Vivado/project_4/project_4.runs/kria_starter_kit_v_demosaic_0_0_synth_1/prj/sol/.autopilot/db/v_demosaic.cpp:1107]   --->   Operation 33 'icmp' 'icmp_ln1107' <Predicate = (!icmp_ln1101)> <Delay = 0.86> <CoreInst = "Cmp">   --->   Core 9 'Cmp' <Latency = 0> <II = 1> <Delay = 0.86> <FuncUnit> <Opcode : 'seteq' 'setne' 'setle' 'setge' 'setlt' 'setgt'> <InPorts = 2> <OutPorts = 1>
ST_1 : Operation 34 [1/1] (0.00ns)   --->   "%br_ln1107 = br i1 %icmp_ln1107, void %for.inc_ifconv, void %if.then" [F:/Projects/Vivado/project_4/project_4.runs/kria_starter_kit_v_demosaic_0_0_synth_1/prj/sol/.autopilot/db/v_demosaic.cpp:1107]   --->   Operation 34 'br' 'br_ln1107' <Predicate = (!icmp_ln1101)> <Delay = 0.00>
ST_1 : Operation 35 [1/1] (0.86ns)   --->   "%icmp_ln1159 = icmp_eq  i17 %x_1, i17 0" [F:/Projects/Vivado/project_4/project_4.runs/kria_starter_kit_v_demosaic_0_0_synth_1/prj/sol/.autopilot/db/v_demosaic.cpp:1159]   --->   Operation 35 'icmp' 'icmp_ln1159' <Predicate = (!icmp_ln1101)> <Delay = 0.86> <CoreInst = "Cmp">   --->   Core 9 'Cmp' <Latency = 0> <II = 1> <Delay = 0.86> <FuncUnit> <Opcode : 'seteq' 'setne' 'setle' 'setge' 'setlt' 'setgt'> <InPorts = 2> <OutPorts = 1>
ST_1 : Operation 36 [1/1] (0.00ns)   --->   "%br_ln1159 = br i1 %icmp_ln1159, void %if.then221, void %for.inc223" [F:/Projects/Vivado/project_4/project_4.runs/kria_starter_kit_v_demosaic_0_0_synth_1/prj/sol/.autopilot/db/v_demosaic.cpp:1159]   --->   Operation 36 'br' 'br_ln1159' <Predicate = (!icmp_ln1101)> <Delay = 0.00>
ST_1 : Operation 37 [1/1] (0.42ns)   --->   "%store_ln1083 = store i17 %x_2, i17 %x" [F:/Projects/Vivado/project_4/project_4.runs/kria_starter_kit_v_demosaic_0_0_synth_1/prj/sol/.autopilot/db/v_demosaic.cpp:1083]   --->   Operation 37 'store' 'store_ln1083' <Predicate = (!icmp_ln1101)> <Delay = 0.42>

State 2 <SV = 1> <Delay = 1.66>
ST_2 : Operation 38 [1/1] (0.00ns)   --->   "%p_0_0_0482_1653_load = load i8 %p_0_0_0482_1653"   --->   Operation 38 'load' 'p_0_0_0482_1653_load' <Predicate = true> <Delay = 0.00>
ST_2 : Operation 39 [1/1] (0.00ns)   --->   "%p_0_0_0481_1656_load = load i8 %p_0_0_0481_1656"   --->   Operation 39 'load' 'p_0_0_0481_1656_load' <Predicate = true> <Delay = 0.00>
ST_2 : Operation 40 [1/1] (0.00ns)   --->   "%p_0_0_0480_1659_load = load i8 %p_0_0_0480_1659"   --->   Operation 40 'load' 'p_0_0_0480_1659_load' <Predicate = true> <Delay = 0.00>
ST_2 : Operation 41 [1/1] (1.23ns)   --->   "%imgRgb_read = read i24 @_ssdm_op_Read.ap_fifo.volatile.i24P0A, i24 %imgRgb" [F:/Projects/Vivado/project_4/project_4.runs/kria_starter_kit_v_demosaic_0_0_synth_1/prj/sol/.autopilot/db/v_demosaic.cpp:1109]   --->   Operation 41 'read' 'imgRgb_read' <Predicate = (!icmp_ln1101 & icmp_ln1107)> <Delay = 1.23> <CoreInst = "FIFO_SRL">   --->   Core 80 'FIFO_SRL' <Latency = 0> <II = 1> <Delay = 1.83> <Storage> <Opcode : 'read' 'write' 'nbread' 'nbwrite'> <Ports = 0> <Width = 24> <Depth = 2> <FIFO>
ST_2 : Operation 42 [1/1] (0.00ns)   --->   "%trunc_ln1109 = trunc i24 %imgRgb_read" [F:/Projects/Vivado/project_4/project_4.runs/kria_starter_kit_v_demosaic_0_0_synth_1/prj/sol/.autopilot/db/v_demosaic.cpp:1109]   --->   Operation 42 'trunc' 'trunc_ln1109' <Predicate = (!icmp_ln1101 & icmp_ln1107)> <Delay = 0.00>
ST_2 : Operation 43 [1/1] (0.00ns)   --->   "%trunc_ln1109_1 = partselect i8 @_ssdm_op_PartSelect.i8.i24.i32.i32, i24 %imgRgb_read, i32 8, i32 15" [F:/Projects/Vivado/project_4/project_4.runs/kria_starter_kit_v_demosaic_0_0_synth_1/prj/sol/.autopilot/db/v_demosaic.cpp:1109]   --->   Operation 43 'partselect' 'trunc_ln1109_1' <Predicate = (!icmp_ln1101 & icmp_ln1107)> <Delay = 0.00>
ST_2 : Operation 44 [1/1] (0.00ns)   --->   "%trunc_ln1109_2 = partselect i8 @_ssdm_op_PartSelect.i8.i24.i32.i32, i24 %imgRgb_read, i32 16, i32 23" [F:/Projects/Vivado/project_4/project_4.runs/kria_starter_kit_v_demosaic_0_0_synth_1/prj/sol/.autopilot/db/v_demosaic.cpp:1109]   --->   Operation 44 'partselect' 'trunc_ln1109_2' <Predicate = (!icmp_ln1101 & icmp_ln1107)> <Delay = 0.00>
ST_2 : Operation 45 [1/1] (0.42ns)   --->   "%store_ln1109 = store i8 %trunc_ln1109_1, i8 %p_0_0_0480_1659" [F:/Projects/Vivado/project_4/project_4.runs/kria_starter_kit_v_demosaic_0_0_synth_1/prj/sol/.autopilot/db/v_demosaic.cpp:1109]   --->   Operation 45 'store' 'store_ln1109' <Predicate = (!icmp_ln1101 & icmp_ln1107)> <Delay = 0.42>
ST_2 : Operation 46 [1/1] (0.42ns)   --->   "%store_ln1109 = store i8 %trunc_ln1109, i8 %p_0_0_0481_1656" [F:/Projects/Vivado/project_4/project_4.runs/kria_starter_kit_v_demosaic_0_0_synth_1/prj/sol/.autopilot/db/v_demosaic.cpp:1109]   --->   Operation 46 'store' 'store_ln1109' <Predicate = (!icmp_ln1101 & icmp_ln1107)> <Delay = 0.42>
ST_2 : Operation 47 [1/1] (0.42ns)   --->   "%store_ln1109 = store i8 %trunc_ln1109_2, i8 %p_0_0_0482_1653" [F:/Projects/Vivado/project_4/project_4.runs/kria_starter_kit_v_demosaic_0_0_synth_1/prj/sol/.autopilot/db/v_demosaic.cpp:1109]   --->   Operation 47 'store' 'store_ln1109' <Predicate = (!icmp_ln1101 & icmp_ln1107)> <Delay = 0.42>
ST_2 : Operation 48 [1/1] (0.00ns)   --->   "%br_ln1110 = br void %for.inc_ifconv" [F:/Projects/Vivado/project_4/project_4.runs/kria_starter_kit_v_demosaic_0_0_synth_1/prj/sol/.autopilot/db/v_demosaic.cpp:1110]   --->   Operation 48 'br' 'br_ln1110' <Predicate = (!icmp_ln1101 & icmp_ln1107)> <Delay = 0.00>

State 3 <SV = 2> <Delay = 2.25>
ST_3 : Operation 49 [1/1] (0.00ns)   --->   "%p_0_0_0481_1650_out_load = load i8 %p_0_0_0481_1650_out" [F:/Projects/Vivado/project_4/project_4.runs/kria_starter_kit_v_demosaic_0_0_synth_1/prj/sol/.autopilot/db/v_demosaic.cpp:1148]   --->   Operation 49 'load' 'p_0_0_0481_1650_out_load' <Predicate = true> <Delay = 0.00>
ST_3 : Operation 50 [1/1] (0.00ns)   --->   "%p_0_0_0482_1653_load_1 = load i8 %p_0_0_0482_1653" [F:/Projects/Vivado/project_4/project_4.runs/kria_starter_kit_v_demosaic_0_0_synth_1/prj/sol/.autopilot/db/v_demosaic.cpp:1147]   --->   Operation 50 'load' 'p_0_0_0482_1653_load_1' <Predicate = true> <Delay = 0.00>
ST_3 : Operation 51 [1/1] (0.00ns)   --->   "%p_0_0_0481_1656_load_1 = load i8 %p_0_0_0481_1656" [F:/Projects/Vivado/project_4/project_4.runs/kria_starter_kit_v_demosaic_0_0_synth_1/prj/sol/.autopilot/db/v_demosaic.cpp:1148]   --->   Operation 51 'load' 'p_0_0_0481_1656_load_1' <Predicate = true> <Delay = 0.00>
ST_3 : Operation 52 [1/1] (0.00ns)   --->   "%p_0_0_0480_1659_load_1 = load i8 %p_0_0_0480_1659" [F:/Projects/Vivado/project_4/project_4.runs/kria_starter_kit_v_demosaic_0_0_synth_1/prj/sol/.autopilot/db/v_demosaic.cpp:1149]   --->   Operation 52 'load' 'p_0_0_0480_1659_load_1' <Predicate = true> <Delay = 0.00>
ST_3 : Operation 53 [1/1] (0.00ns)   --->   "%tmp = partselect i6 @_ssdm_op_PartSelect.i6.i8.i32.i32, i8 %p_0_0_0482_1653_load_1, i32 2, i32 7" [F:/Projects/Vivado/project_4/project_4.runs/kria_starter_kit_v_demosaic_0_0_synth_1/prj/sol/.autopilot/db/v_demosaic.cpp:1129]   --->   Operation 53 'partselect' 'tmp' <Predicate = true> <Delay = 0.00>
ST_3 : Operation 54 [1/1] (0.00ns)   --->   "%zext_ln1129_1 = zext i6 %tmp" [F:/Projects/Vivado/project_4/project_4.runs/kria_starter_kit_v_demosaic_0_0_synth_1/prj/sol/.autopilot/db/v_demosaic.cpp:1129]   --->   Operation 54 'zext' 'zext_ln1129_1' <Predicate = true> <Delay = 0.00>
ST_3 : Operation 55 [1/1] (0.00ns)   --->   "%lshr_ln1129_1 = partselect i7 @_ssdm_op_PartSelect.i7.i8.i32.i32, i8 %p_0_0_0481_1656_load_1, i32 1, i32 7" [F:/Projects/Vivado/project_4/project_4.runs/kria_starter_kit_v_demosaic_0_0_synth_1/prj/sol/.autopilot/db/v_demosaic.cpp:1129]   --->   Operation 55 'partselect' 'lshr_ln1129_1' <Predicate = true> <Delay = 0.00>
ST_3 : Operation 56 [1/1] (0.00ns)   --->   "%zext_ln1129_2 = zext i7 %lshr_ln1129_1" [F:/Projects/Vivado/project_4/project_4.runs/kria_starter_kit_v_demosaic_0_0_synth_1/prj/sol/.autopilot/db/v_demosaic.cpp:1129]   --->   Operation 56 'zext' 'zext_ln1129_2' <Predicate = true> <Delay = 0.00>
ST_3 : Operation 57 [1/1] (0.00ns)   --->   "%lshr_ln1129_2 = partselect i5 @_ssdm_op_PartSelect.i5.i8.i32.i32, i8 %p_0_0_0481_1656_load_1, i32 3, i32 7" [F:/Projects/Vivado/project_4/project_4.runs/kria_starter_kit_v_demosaic_0_0_synth_1/prj/sol/.autopilot/db/v_demosaic.cpp:1129]   --->   Operation 57 'partselect' 'lshr_ln1129_2' <Predicate = true> <Delay = 0.00>
ST_3 : Operation 58 [1/1] (0.00ns)   --->   "%zext_ln1129_3 = zext i5 %lshr_ln1129_2" [F:/Projects/Vivado/project_4/project_4.runs/kria_starter_kit_v_demosaic_0_0_synth_1/prj/sol/.autopilot/db/v_demosaic.cpp:1129]   --->   Operation 58 'zext' 'zext_ln1129_3' <Predicate = true> <Delay = 0.00>
ST_3 : Operation 59 [1/1] (0.00ns)   --->   "%tmp_1 = partselect i5 @_ssdm_op_PartSelect.i5.i8.i32.i32, i8 %p_0_0_0480_1659_load_1, i32 3, i32 7" [F:/Projects/Vivado/project_4/project_4.runs/kria_starter_kit_v_demosaic_0_0_synth_1/prj/sol/.autopilot/db/v_demosaic.cpp:1129]   --->   Operation 59 'partselect' 'tmp_1' <Predicate = true> <Delay = 0.00>
ST_3 : Operation 60 [1/1] (0.00ns)   --->   "%zext_ln1129_4 = zext i5 %tmp_1" [F:/Projects/Vivado/project_4/project_4.runs/kria_starter_kit_v_demosaic_0_0_synth_1/prj/sol/.autopilot/db/v_demosaic.cpp:1129]   --->   Operation 60 'zext' 'zext_ln1129_4' <Predicate = true> <Delay = 0.00>
ST_3 : Operation 61 [1/1] (0.78ns)   --->   "%add_ln1129 = add i7 %zext_ln1129_4, i7 %zext_ln1129_1" [F:/Projects/Vivado/project_4/project_4.runs/kria_starter_kit_v_demosaic_0_0_synth_1/prj/sol/.autopilot/db/v_demosaic.cpp:1129]   --->   Operation 61 'add' 'add_ln1129' <Predicate = true> <Delay = 0.78> <CoreInst = "Adder">   --->   Core 1 'Adder' <Latency = 0> <II = 1> <Delay = 0.78> <FuncUnit> <Opcode : 'add' 'sub'> <InPorts = 2> <OutPorts = 1>
ST_3 : Operation 62 [1/1] (0.00ns)   --->   "%zext_ln1129 = zext i7 %add_ln1129" [F:/Projects/Vivado/project_4/project_4.runs/kria_starter_kit_v_demosaic_0_0_synth_1/prj/sol/.autopilot/db/v_demosaic.cpp:1129]   --->   Operation 62 'zext' 'zext_ln1129' <Predicate = true> <Delay = 0.00>
ST_3 : Operation 63 [1/1] (0.00ns) (grouped into TernaryAdder)   --->   "%add_ln1129_1 = add i8 %zext_ln1129, i8 %zext_ln1129_2" [F:/Projects/Vivado/project_4/project_4.runs/kria_starter_kit_v_demosaic_0_0_synth_1/prj/sol/.autopilot/db/v_demosaic.cpp:1129]   --->   Operation 63 'add' 'add_ln1129_1' <Predicate = true> <Delay = 0.00> <CoreInst = "TAddSub">   --->   Core 10 'TAddSub' <Latency = 0> <II = 1> <Delay = 0.52> <IPBlock> <Opcode : '' 'add' 'sub'> <InPorts = 3> <OutPorts = 1> <Sync> <CReg>
ST_3 : Operation 64 [1/1] (1.05ns) (root node of TernaryAdder)   --->   "%lum = add i8 %add_ln1129_1, i8 %zext_ln1129_3" [F:/Projects/Vivado/project_4/project_4.runs/kria_starter_kit_v_demosaic_0_0_synth_1/prj/sol/.autopilot/db/v_demosaic.cpp:1129]   --->   Operation 64 'add' 'lum' <Predicate = true> <Delay = 1.05> <CoreInst = "TAddSub">   --->   Core 10 'TAddSub' <Latency = 0> <II = 1> <Delay = 0.52> <IPBlock> <Opcode : '' 'add' 'sub'> <InPorts = 3> <OutPorts = 1> <Sync> <CReg>
ST_3 : Operation 65 [1/1] (0.00ns)   --->   "%trunc_ln1 = partselect i5 @_ssdm_op_PartSelect.i5.i8.i32.i32, i8 %lum, i32 3, i32 7" [F:/Projects/Vivado/project_4/project_4.runs/kria_starter_kit_v_demosaic_0_0_synth_1/prj/sol/.autopilot/db/v_demosaic.cpp:1144]   --->   Operation 65 'partselect' 'trunc_ln1' <Predicate = true> <Delay = 0.00>
ST_3 : Operation 66 [1/1] (0.00ns)   --->   "%shl_ln1 = bitconcatenate i9 @_ssdm_op_BitConcatenate.i9.i8.i1, i8 %p_0_0_0481_1656_load, i1 0" [F:/Projects/Vivado/project_4/project_4.runs/kria_starter_kit_v_demosaic_0_0_synth_1/prj/sol/.autopilot/db/v_demosaic.cpp:1148]   --->   Operation 66 'bitconcatenate' 'shl_ln1' <Predicate = true> <Delay = 0.00>
ST_3 : Operation 67 [1/1] (0.00ns)   --->   "%zext_ln1148 = zext i8 %p_0_0_0481_1656_load_1" [F:/Projects/Vivado/project_4/project_4.runs/kria_starter_kit_v_demosaic_0_0_synth_1/prj/sol/.autopilot/db/v_demosaic.cpp:1148]   --->   Operation 67 'zext' 'zext_ln1148' <Predicate = true> <Delay = 0.00>
ST_3 : Operation 68 [1/1] (0.00ns)   --->   "%zext_ln1148_1 = zext i9 %shl_ln1" [F:/Projects/Vivado/project_4/project_4.runs/kria_starter_kit_v_demosaic_0_0_synth_1/prj/sol/.autopilot/db/v_demosaic.cpp:1148]   --->   Operation 68 'zext' 'zext_ln1148_1' <Predicate = true> <Delay = 0.00>
ST_3 : Operation 69 [1/1] (0.00ns)   --->   "%zext_ln1148_2 = zext i8 %p_0_0_0481_1650_out_load" [F:/Projects/Vivado/project_4/project_4.runs/kria_starter_kit_v_demosaic_0_0_synth_1/prj/sol/.autopilot/db/v_demosaic.cpp:1148]   --->   Operation 69 'zext' 'zext_ln1148_2' <Predicate = true> <Delay = 0.00>
ST_3 : Operation 70 [1/1] (0.76ns)   --->   "%add_ln1148 = add i9 %zext_ln1148, i9 %zext_ln1148_2" [F:/Projects/Vivado/project_4/project_4.runs/kria_starter_kit_v_demosaic_0_0_synth_1/prj/sol/.autopilot/db/v_demosaic.cpp:1148]   --->   Operation 70 'add' 'add_ln1148' <Predicate = true> <Delay = 0.76> <CoreInst = "Adder">   --->   Core 1 'Adder' <Latency = 0> <II = 1> <Delay = 0.76> <FuncUnit> <Opcode : 'add' 'sub'> <InPorts = 2> <OutPorts = 1>
ST_3 : Operation 71 [1/1] (0.00ns)   --->   "%zext_ln1148_3 = zext i9 %add_ln1148" [F:/Projects/Vivado/project_4/project_4.runs/kria_starter_kit_v_demosaic_0_0_synth_1/prj/sol/.autopilot/db/v_demosaic.cpp:1148]   --->   Operation 71 'zext' 'zext_ln1148_3' <Predicate = true> <Delay = 0.00>
ST_3 : Operation 72 [1/1] (0.77ns)   --->   "%add_ln1148_1 = add i10 %zext_ln1148_3, i10 %zext_ln1148_1" [F:/Projects/Vivado/project_4/project_4.runs/kria_starter_kit_v_demosaic_0_0_synth_1/prj/sol/.autopilot/db/v_demosaic.cpp:1148]   --->   Operation 72 'add' 'add_ln1148_1' <Predicate = true> <Delay = 0.77> <CoreInst = "Adder">   --->   Core 1 'Adder' <Latency = 0> <II = 1> <Delay = 0.77> <FuncUnit> <Opcode : 'add' 'sub'> <InPorts = 2> <OutPorts = 1>
ST_3 : Operation 73 [1/1] (0.00ns)   --->   "%g_s = partselect i8 @_ssdm_op_PartSelect.i8.i10.i32.i32, i10 %add_ln1148_1, i32 2, i32 9" [F:/Projects/Vivado/project_4/project_4.runs/kria_starter_kit_v_demosaic_0_0_synth_1/prj/sol/.autopilot/db/v_demosaic.cpp:1148]   --->   Operation 73 'partselect' 'g_s' <Predicate = true> <Delay = 0.00>
ST_3 : Operation 74 [1/1] (0.00ns)   --->   "%store_ln0 = store i8 %p_0_0_0481_1656_load, i8 %p_0_0_0481_1650_out"   --->   Operation 74 'store' 'store_ln0' <Predicate = true> <Delay = 0.00>
ST_3 : Operation 75 [1/1] (0.42ns)   --->   "%store_ln1144 = store i5 %trunc_ln1, i5 %phi_ln1132_out" [F:/Projects/Vivado/project_4/project_4.runs/kria_starter_kit_v_demosaic_0_0_synth_1/prj/sol/.autopilot/db/v_demosaic.cpp:1144]   --->   Operation 75 'store' 'store_ln1144' <Predicate = true> <Delay = 0.42>

State 4 <SV = 3> <Delay = 1.93>
ST_4 : Operation 76 [1/1] (0.00ns)   --->   "%p_0_0_0483_1652_load_1 = load i5 %p_0_0_0483_1652" [F:/Projects/Vivado/project_4/project_4.runs/kria_starter_kit_v_demosaic_0_0_synth_1/prj/sol/.autopilot/db/v_demosaic.cpp:1101]   --->   Operation 76 'load' 'p_0_0_0483_1652_load_1' <Predicate = true> <Delay = 0.00>
ST_4 : Operation 77 [1/1] (0.00ns)   --->   "%zext_ln1101 = zext i5 %p_0_0_0483_1652_load_1" [F:/Projects/Vivado/project_4/project_4.runs/kria_starter_kit_v_demosaic_0_0_synth_1/prj/sol/.autopilot/db/v_demosaic.cpp:1101]   --->   Operation 77 'zext' 'zext_ln1101' <Predicate = true> <Delay = 0.00>
ST_4 : Operation 78 [1/1] (0.00ns)   --->   "%specpipeline_ln1104 = specpipeline void @_ssdm_op_SpecPipeline, i32 1, i32 0, i32 0, i32 0, void @empty_17" [F:/Projects/Vivado/project_4/project_4.runs/kria_starter_kit_v_demosaic_0_0_synth_1/prj/sol/.autopilot/db/v_demosaic.cpp:1104]   --->   Operation 78 'specpipeline' 'specpipeline_ln1104' <Predicate = true> <Delay = 0.00>
ST_4 : Operation 79 [1/1] (0.00ns)   --->   "%speclooptripcount_ln1083 = speclooptripcount void @_ssdm_op_SpecLoopTripCount, i64 1, i64 65536, i64 32768" [F:/Projects/Vivado/project_4/project_4.runs/kria_starter_kit_v_demosaic_0_0_synth_1/prj/sol/.autopilot/db/v_demosaic.cpp:1083]   --->   Operation 79 'speclooptripcount' 'speclooptripcount_ln1083' <Predicate = true> <Delay = 0.00>
ST_4 : Operation 80 [1/1] (0.00ns)   --->   "%specloopname_ln1101 = specloopname void @_ssdm_op_SpecLoopName, void @empty_4" [F:/Projects/Vivado/project_4/project_4.runs/kria_starter_kit_v_demosaic_0_0_synth_1/prj/sol/.autopilot/db/v_demosaic.cpp:1101]   --->   Operation 80 'specloopname' 'specloopname_ln1101' <Predicate = true> <Delay = 0.00>
ST_4 : Operation 81 [1/1] (0.00ns)   --->   "%p_0_0_0483_1648_out_load = load i8 %p_0_0_0483_1648_out" [F:/Projects/Vivado/project_4/project_4.runs/kria_starter_kit_v_demosaic_0_0_synth_1/prj/sol/.autopilot/db/v_demosaic.cpp:1144]   --->   Operation 81 'load' 'p_0_0_0483_1648_out_load' <Predicate = true> <Delay = 0.00>
ST_4 : Operation 82 [1/1] (0.00ns)   --->   "%p_0_0_0482_1649_out_load = load i8 %p_0_0_0482_1649_out" [F:/Projects/Vivado/project_4/project_4.runs/kria_starter_kit_v_demosaic_0_0_synth_1/prj/sol/.autopilot/db/v_demosaic.cpp:1147]   --->   Operation 82 'load' 'p_0_0_0482_1649_out_load' <Predicate = true> <Delay = 0.00>
ST_4 : Operation 83 [1/1] (0.00ns)   --->   "%p_0_0_0480_1651_out_load = load i8 %p_0_0_0480_1651_out" [F:/Projects/Vivado/project_4/project_4.runs/kria_starter_kit_v_demosaic_0_0_synth_1/prj/sol/.autopilot/db/v_demosaic.cpp:1149]   --->   Operation 83 'load' 'p_0_0_0480_1651_out_load' <Predicate = true> <Delay = 0.00>
ST_4 : Operation 84 [1/1] (0.00ns)   --->   "%p_0_0_0483_1652_load = load i5 %p_0_0_0483_1652" [F:/Projects/Vivado/project_4/project_4.runs/kria_starter_kit_v_demosaic_0_0_synth_1/prj/sol/.autopilot/db/v_demosaic.cpp:1144]   --->   Operation 84 'load' 'p_0_0_0483_1652_load' <Predicate = true> <Delay = 0.00>
ST_4 : Operation 85 [1/1] (0.76ns)   --->   "%icmp_ln1144 = icmp_ult  i8 %p_0_0_0483_1648_out_load, i8 %zext_ln1101" [F:/Projects/Vivado/project_4/project_4.runs/kria_starter_kit_v_demosaic_0_0_synth_1/prj/sol/.autopilot/db/v_demosaic.cpp:1144]   --->   Operation 85 'icmp' 'icmp_ln1144' <Predicate = true> <Delay = 0.76> <CoreInst = "Cmp">   --->   Core 9 'Cmp' <Latency = 0> <II = 1> <Delay = 0.76> <FuncUnit> <Opcode : 'seteq' 'setne' 'setle' 'setge' 'setlt' 'setgt'> <InPorts = 2> <OutPorts = 1>
ST_4 : Operation 86 [1/1] (0.78ns)   --->   "%icmp_ln1144_1 = icmp_ult  i5 %p_0_0_0483_1652_load, i5 %trunc_ln1" [F:/Projects/Vivado/project_4/project_4.runs/kria_starter_kit_v_demosaic_0_0_synth_1/prj/sol/.autopilot/db/v_demosaic.cpp:1144]   --->   Operation 86 'icmp' 'icmp_ln1144_1' <Predicate = true> <Delay = 0.78> <CoreInst = "Cmp">   --->   Core 9 'Cmp' <Latency = 0> <II = 1> <Delay = 0.78> <FuncUnit> <Opcode : 'seteq' 'setne' 'setle' 'setge' 'setlt' 'setgt'> <InPorts = 2> <OutPorts = 1>
ST_4 : Operation 87 [1/1] (0.00ns) (grouped into LUT with out node or_ln1144)   --->   "%xor_ln1144 = xor i1 %icmp_ln1144_1, i1 1" [F:/Projects/Vivado/project_4/project_4.runs/kria_starter_kit_v_demosaic_0_0_synth_1/prj/sol/.autopilot/db/v_demosaic.cpp:1144]   --->   Operation 87 'xor' 'xor_ln1144' <Predicate = true> <Delay = 0.00> <CoreInst = "LogicGate">   --->   Core 74 'LogicGate' <Latency = 0> <II = 1> <Delay = 0.28> <FuncUnit> <Opcode : 'and' 'or' 'xor'> <InPorts = 2> <OutPorts = 1>
ST_4 : Operation 88 [1/1] (0.00ns) (grouped into LUT with out node or_ln1144)   --->   "%and_ln1144 = and i1 %icmp_ln1144, i1 %xor_ln1144" [F:/Projects/Vivado/project_4/project_4.runs/kria_starter_kit_v_demosaic_0_0_synth_1/prj/sol/.autopilot/db/v_demosaic.cpp:1144]   --->   Operation 88 'and' 'and_ln1144' <Predicate = true> <Delay = 0.00> <CoreInst = "LogicGate">   --->   Core 74 'LogicGate' <Latency = 0> <II = 1> <Delay = 0.28> <FuncUnit> <Opcode : 'and' 'or' 'xor'> <InPorts = 2> <OutPorts = 1>
ST_4 : Operation 89 [1/1] (0.76ns)   --->   "%icmp_ln1144_2 = icmp_ult  i8 %p_0_0_0483_1648_out_load, i8 %zext_ln1101" [F:/Projects/Vivado/project_4/project_4.runs/kria_starter_kit_v_demosaic_0_0_synth_1/prj/sol/.autopilot/db/v_demosaic.cpp:1144]   --->   Operation 89 'icmp' 'icmp_ln1144_2' <Predicate = true> <Delay = 0.76> <CoreInst = "Cmp">   --->   Core 9 'Cmp' <Latency = 0> <II = 1> <Delay = 0.76> <FuncUnit> <Opcode : 'seteq' 'setne' 'setle' 'setge' 'setlt' 'setgt'> <InPorts = 2> <OutPorts = 1>
ST_4 : Operation 90 [1/1] (0.00ns) (grouped into LUT with out node or_ln1144)   --->   "%xor_ln1144_1 = xor i1 %icmp_ln1144_2, i1 1" [F:/Projects/Vivado/project_4/project_4.runs/kria_starter_kit_v_demosaic_0_0_synth_1/prj/sol/.autopilot/db/v_demosaic.cpp:1144]   --->   Operation 90 'xor' 'xor_ln1144_1' <Predicate = true> <Delay = 0.00> <CoreInst = "LogicGate">   --->   Core 74 'LogicGate' <Latency = 0> <II = 1> <Delay = 0.28> <FuncUnit> <Opcode : 'and' 'or' 'xor'> <InPorts = 2> <OutPorts = 1>
ST_4 : Operation 91 [1/1] (0.78ns)   --->   "%icmp_ln1144_3 = icmp_ult  i5 %p_0_0_0483_1652_load, i5 %trunc_ln1" [F:/Projects/Vivado/project_4/project_4.runs/kria_starter_kit_v_demosaic_0_0_synth_1/prj/sol/.autopilot/db/v_demosaic.cpp:1144]   --->   Operation 91 'icmp' 'icmp_ln1144_3' <Predicate = true> <Delay = 0.78> <CoreInst = "Cmp">   --->   Core 9 'Cmp' <Latency = 0> <II = 1> <Delay = 0.78> <FuncUnit> <Opcode : 'seteq' 'setne' 'setle' 'setge' 'setlt' 'setgt'> <InPorts = 2> <OutPorts = 1>
ST_4 : Operation 92 [1/1] (0.00ns) (grouped into LUT with out node or_ln1144)   --->   "%and_ln1144_1 = and i1 %xor_ln1144_1, i1 %icmp_ln1144_3" [F:/Projects/Vivado/project_4/project_4.runs/kria_starter_kit_v_demosaic_0_0_synth_1/prj/sol/.autopilot/db/v_demosaic.cpp:1144]   --->   Operation 92 'and' 'and_ln1144_1' <Predicate = true> <Delay = 0.00> <CoreInst = "LogicGate">   --->   Core 74 'LogicGate' <Latency = 0> <II = 1> <Delay = 0.28> <FuncUnit> <Opcode : 'and' 'or' 'xor'> <InPorts = 2> <OutPorts = 1>
ST_4 : Operation 93 [1/1] (0.00ns)   --->   "%shl_ln = bitconcatenate i9 @_ssdm_op_BitConcatenate.i9.i8.i1, i8 %p_0_0_0482_1653_load, i1 0" [F:/Projects/Vivado/project_4/project_4.runs/kria_starter_kit_v_demosaic_0_0_synth_1/prj/sol/.autopilot/db/v_demosaic.cpp:1147]   --->   Operation 93 'bitconcatenate' 'shl_ln' <Predicate = true> <Delay = 0.00>
ST_4 : Operation 94 [1/1] (0.00ns)   --->   "%zext_ln1147 = zext i8 %p_0_0_0482_1653_load_1" [F:/Projects/Vivado/project_4/project_4.runs/kria_starter_kit_v_demosaic_0_0_synth_1/prj/sol/.autopilot/db/v_demosaic.cpp:1147]   --->   Operation 94 'zext' 'zext_ln1147' <Predicate = true> <Delay = 0.00>
ST_4 : Operation 95 [1/1] (0.00ns)   --->   "%zext_ln1147_1 = zext i9 %shl_ln" [F:/Projects/Vivado/project_4/project_4.runs/kria_starter_kit_v_demosaic_0_0_synth_1/prj/sol/.autopilot/db/v_demosaic.cpp:1147]   --->   Operation 95 'zext' 'zext_ln1147_1' <Predicate = true> <Delay = 0.00>
ST_4 : Operation 96 [1/1] (0.00ns)   --->   "%zext_ln1147_2 = zext i8 %p_0_0_0482_1649_out_load" [F:/Projects/Vivado/project_4/project_4.runs/kria_starter_kit_v_demosaic_0_0_synth_1/prj/sol/.autopilot/db/v_demosaic.cpp:1147]   --->   Operation 96 'zext' 'zext_ln1147_2' <Predicate = true> <Delay = 0.00>
ST_4 : Operation 97 [1/1] (0.76ns)   --->   "%add_ln1147 = add i9 %zext_ln1147, i9 %zext_ln1147_2" [F:/Projects/Vivado/project_4/project_4.runs/kria_starter_kit_v_demosaic_0_0_synth_1/prj/sol/.autopilot/db/v_demosaic.cpp:1147]   --->   Operation 97 'add' 'add_ln1147' <Predicate = true> <Delay = 0.76> <CoreInst = "Adder">   --->   Core 1 'Adder' <Latency = 0> <II = 1> <Delay = 0.76> <FuncUnit> <Opcode : 'add' 'sub'> <InPorts = 2> <OutPorts = 1>
ST_4 : Operation 98 [1/1] (0.00ns)   --->   "%zext_ln1147_3 = zext i9 %add_ln1147" [F:/Projects/Vivado/project_4/project_4.runs/kria_starter_kit_v_demosaic_0_0_synth_1/prj/sol/.autopilot/db/v_demosaic.cpp:1147]   --->   Operation 98 'zext' 'zext_ln1147_3' <Predicate = true> <Delay = 0.00>
ST_4 : Operation 99 [1/1] (0.77ns)   --->   "%add_ln1147_1 = add i10 %zext_ln1147_3, i10 %zext_ln1147_1" [F:/Projects/Vivado/project_4/project_4.runs/kria_starter_kit_v_demosaic_0_0_synth_1/prj/sol/.autopilot/db/v_demosaic.cpp:1147]   --->   Operation 99 'add' 'add_ln1147_1' <Predicate = true> <Delay = 0.77> <CoreInst = "Adder">   --->   Core 1 'Adder' <Latency = 0> <II = 1> <Delay = 0.77> <FuncUnit> <Opcode : 'add' 'sub'> <InPorts = 2> <OutPorts = 1>
ST_4 : Operation 100 [1/1] (0.00ns)   --->   "%r_s = partselect i8 @_ssdm_op_PartSelect.i8.i10.i32.i32, i10 %add_ln1147_1, i32 2, i32 9" [F:/Projects/Vivado/project_4/project_4.runs/kria_starter_kit_v_demosaic_0_0_synth_1/prj/sol/.autopilot/db/v_demosaic.cpp:1147]   --->   Operation 100 'partselect' 'r_s' <Predicate = true> <Delay = 0.00>
ST_4 : Operation 101 [1/1] (0.00ns)   --->   "%shl_ln2 = bitconcatenate i9 @_ssdm_op_BitConcatenate.i9.i8.i1, i8 %p_0_0_0480_1659_load, i1 0" [F:/Projects/Vivado/project_4/project_4.runs/kria_starter_kit_v_demosaic_0_0_synth_1/prj/sol/.autopilot/db/v_demosaic.cpp:1149]   --->   Operation 101 'bitconcatenate' 'shl_ln2' <Predicate = true> <Delay = 0.00>
ST_4 : Operation 102 [1/1] (0.00ns)   --->   "%zext_ln1149 = zext i8 %p_0_0_0480_1659_load_1" [F:/Projects/Vivado/project_4/project_4.runs/kria_starter_kit_v_demosaic_0_0_synth_1/prj/sol/.autopilot/db/v_demosaic.cpp:1149]   --->   Operation 102 'zext' 'zext_ln1149' <Predicate = true> <Delay = 0.00>
ST_4 : Operation 103 [1/1] (0.00ns)   --->   "%zext_ln1149_1 = zext i9 %shl_ln2" [F:/Projects/Vivado/project_4/project_4.runs/kria_starter_kit_v_demosaic_0_0_synth_1/prj/sol/.autopilot/db/v_demosaic.cpp:1149]   --->   Operation 103 'zext' 'zext_ln1149_1' <Predicate = true> <Delay = 0.00>
ST_4 : Operation 104 [1/1] (0.00ns)   --->   "%zext_ln1149_2 = zext i8 %p_0_0_0480_1651_out_load" [F:/Projects/Vivado/project_4/project_4.runs/kria_starter_kit_v_demosaic_0_0_synth_1/prj/sol/.autopilot/db/v_demosaic.cpp:1149]   --->   Operation 104 'zext' 'zext_ln1149_2' <Predicate = true> <Delay = 0.00>
ST_4 : Operation 105 [1/1] (0.76ns)   --->   "%add_ln1149 = add i9 %zext_ln1149, i9 %zext_ln1149_2" [F:/Projects/Vivado/project_4/project_4.runs/kria_starter_kit_v_demosaic_0_0_synth_1/prj/sol/.autopilot/db/v_demosaic.cpp:1149]   --->   Operation 105 'add' 'add_ln1149' <Predicate = true> <Delay = 0.76> <CoreInst = "Adder">   --->   Core 1 'Adder' <Latency = 0> <II = 1> <Delay = 0.76> <FuncUnit> <Opcode : 'add' 'sub'> <InPorts = 2> <OutPorts = 1>
ST_4 : Operation 106 [1/1] (0.00ns)   --->   "%zext_ln1149_3 = zext i9 %add_ln1149" [F:/Projects/Vivado/project_4/project_4.runs/kria_starter_kit_v_demosaic_0_0_synth_1/prj/sol/.autopilot/db/v_demosaic.cpp:1149]   --->   Operation 106 'zext' 'zext_ln1149_3' <Predicate = true> <Delay = 0.00>
ST_4 : Operation 107 [1/1] (0.77ns)   --->   "%add_ln1149_1 = add i10 %zext_ln1149_3, i10 %zext_ln1149_1" [F:/Projects/Vivado/project_4/project_4.runs/kria_starter_kit_v_demosaic_0_0_synth_1/prj/sol/.autopilot/db/v_demosaic.cpp:1149]   --->   Operation 107 'add' 'add_ln1149_1' <Predicate = true> <Delay = 0.77> <CoreInst = "Adder">   --->   Core 1 'Adder' <Latency = 0> <II = 1> <Delay = 0.77> <FuncUnit> <Opcode : 'add' 'sub'> <InPorts = 2> <OutPorts = 1>
ST_4 : Operation 108 [1/1] (0.00ns)   --->   "%b_s = partselect i8 @_ssdm_op_PartSelect.i8.i10.i32.i32, i10 %add_ln1149_1, i32 2, i32 9" [F:/Projects/Vivado/project_4/project_4.runs/kria_starter_kit_v_demosaic_0_0_synth_1/prj/sol/.autopilot/db/v_demosaic.cpp:1149]   --->   Operation 108 'partselect' 'b_s' <Predicate = true> <Delay = 0.00>
ST_4 : Operation 109 [1/1] (0.28ns) (out node of the LUT)   --->   "%or_ln1144 = or i1 %and_ln1144, i1 %and_ln1144_1" [F:/Projects/Vivado/project_4/project_4.runs/kria_starter_kit_v_demosaic_0_0_synth_1/prj/sol/.autopilot/db/v_demosaic.cpp:1144]   --->   Operation 109 'or' 'or_ln1144' <Predicate = true> <Delay = 0.28> <CoreInst = "LogicGate">   --->   Core 74 'LogicGate' <Latency = 0> <II = 1> <Delay = 0.28> <FuncUnit> <Opcode : 'and' 'or' 'xor'> <InPorts = 2> <OutPorts = 1>
ST_4 : Operation 110 [1/1] (0.39ns)   --->   "%conv3_i_i663 = select i1 %or_ln1144, i8 %b_s, i8 %p_0_0_0480_1659_load" [F:/Projects/Vivado/project_4/project_4.runs/kria_starter_kit_v_demosaic_0_0_synth_1/prj/sol/.autopilot/db/v_demosaic.cpp:1144]   --->   Operation 110 'select' 'conv3_i_i663' <Predicate = true> <Delay = 0.39> <CoreInst = "Sel">   --->   Core 73 'Sel' <Latency = 0> <II = 1> <Delay = 0.39> <FuncUnit> <Opcode : 'select'> <InPorts = 3> <OutPorts = 1>
ST_4 : Operation 111 [1/1] (0.39ns)   --->   "%conv3_i_i79662 = select i1 %or_ln1144, i8 %g_s, i8 %p_0_0_0481_1656_load" [F:/Projects/Vivado/project_4/project_4.runs/kria_starter_kit_v_demosaic_0_0_synth_1/prj/sol/.autopilot/db/v_demosaic.cpp:1144]   --->   Operation 111 'select' 'conv3_i_i79662' <Predicate = true> <Delay = 0.39> <CoreInst = "Sel">   --->   Core 73 'Sel' <Latency = 0> <II = 1> <Delay = 0.39> <FuncUnit> <Opcode : 'select'> <InPorts = 3> <OutPorts = 1>
ST_4 : Operation 112 [1/1] (0.39ns)   --->   "%conv3_i_i188661 = select i1 %or_ln1144, i8 %r_s, i8 %p_0_0_0482_1653_load" [F:/Projects/Vivado/project_4/project_4.runs/kria_starter_kit_v_demosaic_0_0_synth_1/prj/sol/.autopilot/db/v_demosaic.cpp:1144]   --->   Operation 112 'select' 'conv3_i_i188661' <Predicate = true> <Delay = 0.39> <CoreInst = "Sel">   --->   Core 73 'Sel' <Latency = 0> <II = 1> <Delay = 0.39> <FuncUnit> <Opcode : 'select'> <InPorts = 3> <OutPorts = 1>
ST_4 : Operation 113 [1/1] (0.42ns)   --->   "%store_ln1144 = store i5 %trunc_ln1, i5 %p_0_0_0483_1652" [F:/Projects/Vivado/project_4/project_4.runs/kria_starter_kit_v_demosaic_0_0_synth_1/prj/sol/.autopilot/db/v_demosaic.cpp:1144]   --->   Operation 113 'store' 'store_ln1144' <Predicate = true> <Delay = 0.42>
ST_4 : Operation 114 [1/1] (0.00ns)   --->   "%store_ln0 = store i8 %p_0_0_0480_1659_load, i8 %p_0_0_0480_1651_out"   --->   Operation 114 'store' 'store_ln0' <Predicate = true> <Delay = 0.00>
ST_4 : Operation 115 [1/1] (0.00ns)   --->   "%store_ln0 = store i8 %p_0_0_0482_1653_load, i8 %p_0_0_0482_1649_out"   --->   Operation 115 'store' 'store_ln0' <Predicate = true> <Delay = 0.00>
ST_4 : Operation 116 [1/1] (0.00ns)   --->   "%store_ln1101 = store i8 %zext_ln1101, i8 %p_0_0_0483_1648_out" [F:/Projects/Vivado/project_4/project_4.runs/kria_starter_kit_v_demosaic_0_0_synth_1/prj/sol/.autopilot/db/v_demosaic.cpp:1101]   --->   Operation 116 'store' 'store_ln1101' <Predicate = true> <Delay = 0.00>
ST_4 : Operation 117 [1/1] (0.00ns)   --->   "%br_ln1101 = br void %for.body25" [F:/Projects/Vivado/project_4/project_4.runs/kria_starter_kit_v_demosaic_0_0_synth_1/prj/sol/.autopilot/db/v_demosaic.cpp:1101]   --->   Operation 117 'br' 'br_ln1101' <Predicate = true> <Delay = 0.00>
ST_4 : Operation 121 [1/1] (0.00ns)   --->   "%store_ln0 = store i8 %p_0_0_0480_1659_load, i8 %p_0_0_0480_1659_out"   --->   Operation 121 'store' 'store_ln0' <Predicate = (icmp_ln1101)> <Delay = 0.00>
ST_4 : Operation 122 [1/1] (0.00ns)   --->   "%store_ln0 = store i8 %p_0_0_0481_1656_load, i8 %p_0_0_0481_1656_out"   --->   Operation 122 'store' 'store_ln0' <Predicate = (icmp_ln1101)> <Delay = 0.00>
ST_4 : Operation 123 [1/1] (0.00ns)   --->   "%store_ln0 = store i8 %p_0_0_0482_1653_load, i8 %p_0_0_0482_1653_out"   --->   Operation 123 'store' 'store_ln0' <Predicate = (icmp_ln1101)> <Delay = 0.00>
ST_4 : Operation 124 [1/1] (0.42ns)   --->   "%ret_ln0 = ret"   --->   Operation 124 'ret' 'ret_ln0' <Predicate = (icmp_ln1101)> <Delay = 0.42>

State 5 <SV = 4> <Delay = 1.23>
ST_5 : Operation 118 [1/1] (0.00ns)   --->   "%or_ln1161_3 = bitconcatenate i24 @_ssdm_op_BitConcatenate.i24.i8.i8.i8, i8 %conv3_i_i188661, i8 %conv3_i_i663, i8 %conv3_i_i79662" [F:/Projects/Vivado/project_4/project_4.runs/kria_starter_kit_v_demosaic_0_0_synth_1/prj/sol/.autopilot/db/v_demosaic.cpp:1161]   --->   Operation 118 'bitconcatenate' 'or_ln1161_3' <Predicate = (!icmp_ln1159)> <Delay = 0.00>
ST_5 : Operation 119 [1/1] (1.23ns)   --->   "%write_ln1161 = write void @_ssdm_op_Write.ap_fifo.volatile.i24P0A, i24 %imgUnzip, i24 %or_ln1161_3" [F:/Projects/Vivado/project_4/project_4.runs/kria_starter_kit_v_demosaic_0_0_synth_1/prj/sol/.autopilot/db/v_demosaic.cpp:1161]   --->   Operation 119 'write' 'write_ln1161' <Predicate = (!icmp_ln1159)> <Delay = 1.23> <CoreInst = "FIFO_SRL">   --->   Core 80 'FIFO_SRL' <Latency = 0> <II = 1> <Delay = 1.83> <Storage> <Opcode : 'read' 'write' 'nbread' 'nbwrite'> <Ports = 0> <Width = 24> <Depth = 2> <FIFO>
ST_5 : Operation 120 [1/1] (0.00ns)   --->   "%br_ln1162 = br void %for.inc223" [F:/Projects/Vivado/project_4/project_4.runs/kria_starter_kit_v_demosaic_0_0_synth_1/prj/sol/.autopilot/db/v_demosaic.cpp:1162]   --->   Operation 120 'br' 'br_ln1162' <Predicate = (!icmp_ln1159)> <Delay = 0.00>


============================================================
+ Verbose Summary: Timing violations
============================================================
Target clock period: 3.390ns, clock uncertainty: 0.915ns.

 <State 1>: 1.717ns
The critical path consists of the following:
	'store' operation 0 bit ('store_ln1083', F:/Projects/Vivado/project_4/project_4.runs/kria_starter_kit_v_demosaic_0_0_synth_1/prj/sol/.autopilot/db/v_demosaic.cpp:1083) of constant 0 on local variable 'x', F:/Projects/Vivado/project_4/project_4.runs/kria_starter_kit_v_demosaic_0_0_synth_1/prj/sol/.autopilot/db/v_demosaic.cpp:1083 [35]  (0.427 ns)
	'load' operation 17 bit ('x', F:/Projects/Vivado/project_4/project_4.runs/kria_starter_kit_v_demosaic_0_0_synth_1/prj/sol/.autopilot/db/v_demosaic.cpp:1101) on local variable 'x', F:/Projects/Vivado/project_4/project_4.runs/kria_starter_kit_v_demosaic_0_0_synth_1/prj/sol/.autopilot/db/v_demosaic.cpp:1083 [39]  (0.000 ns)
	'icmp' operation 1 bit ('icmp_ln1101', F:/Projects/Vivado/project_4/project_4.runs/kria_starter_kit_v_demosaic_0_0_synth_1/prj/sol/.autopilot/db/v_demosaic.cpp:1101) [43]  (0.863 ns)
	'store' operation 0 bit ('store_ln1083', F:/Projects/Vivado/project_4/project_4.runs/kria_starter_kit_v_demosaic_0_0_synth_1/prj/sol/.autopilot/db/v_demosaic.cpp:1083) of variable 'x', F:/Projects/Vivado/project_4/project_4.runs/kria_starter_kit_v_demosaic_0_0_synth_1/prj/sol/.autopilot/db/v_demosaic.cpp:1101 on local variable 'x', F:/Projects/Vivado/project_4/project_4.runs/kria_starter_kit_v_demosaic_0_0_synth_1/prj/sol/.autopilot/db/v_demosaic.cpp:1083 [133]  (0.427 ns)

 <State 2>: 1.664ns
The critical path consists of the following:
	fifo read operation ('imgRgb_read', F:/Projects/Vivado/project_4/project_4.runs/kria_starter_kit_v_demosaic_0_0_synth_1/prj/sol/.autopilot/db/v_demosaic.cpp:1109) on port 'imgRgb' (F:/Projects/Vivado/project_4/project_4.runs/kria_starter_kit_v_demosaic_0_0_synth_1/prj/sol/.autopilot/db/v_demosaic.cpp:1109) [55]  (1.237 ns)
	'store' operation 0 bit ('store_ln1109', F:/Projects/Vivado/project_4/project_4.runs/kria_starter_kit_v_demosaic_0_0_synth_1/prj/sol/.autopilot/db/v_demosaic.cpp:1109) of variable 'trunc_ln1109_1', F:/Projects/Vivado/project_4/project_4.runs/kria_starter_kit_v_demosaic_0_0_synth_1/prj/sol/.autopilot/db/v_demosaic.cpp:1109 on local variable 'p_0_0_0480_1659' [59]  (0.427 ns)

 <State 3>: 2.259ns
The critical path consists of the following:
	'load' operation 8 bit ('p_0_0_0482_1653_load_1', F:/Projects/Vivado/project_4/project_4.runs/kria_starter_kit_v_demosaic_0_0_synth_1/prj/sol/.autopilot/db/v_demosaic.cpp:1147) on local variable 'p_0_0_0482_1653' [69]  (0.000 ns)
	'add' operation 7 bit ('add_ln1129', F:/Projects/Vivado/project_4/project_4.runs/kria_starter_kit_v_demosaic_0_0_synth_1/prj/sol/.autopilot/db/v_demosaic.cpp:1129) [80]  (0.781 ns)
	'add' operation 8 bit ('add_ln1129_1', F:/Projects/Vivado/project_4/project_4.runs/kria_starter_kit_v_demosaic_0_0_synth_1/prj/sol/.autopilot/db/v_demosaic.cpp:1129) [82]  (0.000 ns)
	'add' operation 8 bit ('lum', F:/Projects/Vivado/project_4/project_4.runs/kria_starter_kit_v_demosaic_0_0_synth_1/prj/sol/.autopilot/db/v_demosaic.cpp:1129) [83]  (1.051 ns)
	'store' operation 0 bit ('store_ln1144', F:/Projects/Vivado/project_4/project_4.runs/kria_starter_kit_v_demosaic_0_0_synth_1/prj/sol/.autopilot/db/v_demosaic.cpp:1144) of variable 'trunc_ln1', F:/Projects/Vivado/project_4/project_4.runs/kria_starter_kit_v_demosaic_0_0_synth_1/prj/sol/.autopilot/db/v_demosaic.cpp:1144 on local variable 'phi_ln1132_out' [134]  (0.427 ns)

 <State 4>: 1.934ns
The critical path consists of the following:
	'load' operation 8 bit ('p_0_0_0480_1651_out_load', F:/Projects/Vivado/project_4/project_4.runs/kria_starter_kit_v_demosaic_0_0_synth_1/prj/sol/.autopilot/db/v_demosaic.cpp:1149) on local variable 'p_0_0_0480_1651_out' [67]  (0.000 ns)
	'add' operation 9 bit ('add_ln1149', F:/Projects/Vivado/project_4/project_4.runs/kria_starter_kit_v_demosaic_0_0_synth_1/prj/sol/.autopilot/db/v_demosaic.cpp:1149) [113]  (0.765 ns)
	'add' operation 10 bit ('add_ln1149_1', F:/Projects/Vivado/project_4/project_4.runs/kria_starter_kit_v_demosaic_0_0_synth_1/prj/sol/.autopilot/db/v_demosaic.cpp:1149) [115]  (0.776 ns)
	'select' operation 8 bit ('conv3_i_i663', F:/Projects/Vivado/project_4/project_4.runs/kria_starter_kit_v_demosaic_0_0_synth_1/prj/sol/.autopilot/db/v_demosaic.cpp:1144) [118]  (0.393 ns)

 <State 5>: 1.237ns
The critical path consists of the following:
	fifo write operation ('write_ln1161', F:/Projects/Vivado/project_4/project_4.runs/kria_starter_kit_v_demosaic_0_0_synth_1/prj/sol/.autopilot/db/v_demosaic.cpp:1161) on port 'imgUnzip' (F:/Projects/Vivado/project_4/project_4.runs/kria_starter_kit_v_demosaic_0_0_synth_1/prj/sol/.autopilot/db/v_demosaic.cpp:1161) [125]  (1.237 ns)


============================================================
+ Verbose Summary: Binding
============================================================
N/A
* FSMD analyzer results:
  - Output states:
 - Input state : 
  - Chain level:
	State 1
	State 2
	State 3
	State 4
	State 5


============================================================
+ Verbose Summary: Datapath Resource usage 
============================================================
N/A
