

================================================================
== Vitis HLS Report for 'Gamma_Pipeline_VITIS_LOOP_315_1'
================================================================
* Date:           Thu Jun 13 19:43:54 2024

* Version:        2024.1 (Build 5069499 on May 21 2024)
* Project:        prj
* Solution:       sol (Vivado IP Flow Target)
* Product family: zynquplus
* Target device:  xck26-sfvc784-2LV-c


================================================================
== Performance Estimates
================================================================
+ Timing: 
    * Summary: 
    +--------+---------+----------+------------+
    |  Clock |  Target | Estimated| Uncertainty|
    +--------+---------+----------+------------+
    |ap_clk  |  4.00 ns|  2.474 ns|     1.08 ns|
    +--------+---------+----------+------------+

+ Latency: 
    * Summary: 
    +---------+---------+----------+----------+------+------+-----------------------------------------------+
    |  Latency (cycles) |  Latency (absolute) |   Interval  |                    Pipeline                   |
    |   min   |   max   |    min   |    max   |  min |  max |                      Type                     |
    +---------+---------+----------+----------+------+------+-----------------------------------------------+
    |     1026|     1026|  4.104 us|  4.104 us|  1025|  1025|  loop auto-rewind stp(delay=0 clock cycles(s))|
    +---------+---------+----------+----------+------+------+-----------------------------------------------+

    + Detail: 
        * Instance: 
        N/A

        * Loop: 
        +--------------------+---------+---------+----------+-----------+-----------+------+----------+
        |                    |  Latency (cycles) | Iteration|  Initiation Interval  | Trip |          |
        |      Loop Name     |   min   |   max   |  Latency |  achieved |   target  | Count| Pipelined|
        +--------------------+---------+---------+----------+-----------+-----------+------+----------+
        |- VITIS_LOOP_315_1  |     1024|     1024|         2|          1|          1|  1024|       yes|
        +--------------------+---------+---------+----------+-----------+-----------+------+----------+



================================================================
== Utilization Estimates
================================================================
* Summary: 
+-----------------+---------+------+--------+--------+-----+
|       Name      | BRAM_18K|  DSP |   FF   |   LUT  | URAM|
+-----------------+---------+------+--------+--------+-----+
|DSP              |        -|     -|       -|       -|    -|
|Expression       |        -|     -|       0|      39|    -|
|FIFO             |        -|     -|       -|       -|    -|
|Instance         |        -|     -|       -|       -|    -|
|Memory           |        -|     -|       -|       -|    -|
|Multiplexer      |        -|     -|       0|      36|    -|
|Register         |        -|     -|      25|       -|    -|
+-----------------+---------+------+--------+--------+-----+
|Total            |        0|     0|      25|      75|    0|
+-----------------+---------+------+--------+--------+-----+
|Available        |      288|  1248|  234240|  117120|   64|
+-----------------+---------+------+--------+--------+-----+
|Utilization (%)  |        0|     0|      ~0|      ~0|    0|
+-----------------+---------+------+--------+--------+-----+

+ Detail: 
    * Instance: 
    N/A

    * DSP: 
    N/A

    * Memory: 
    N/A

    * FIFO: 
    N/A

    * Expression: 
    +----------------------+----------+----+---+----+------------+------------+
    |     Variable Name    | Operation| DSP| FF| LUT| Bitwidth P0| Bitwidth P1|
    +----------------------+----------+----+---+----+------------+------------+
    |add_ln315_fu_146_p2   |         +|   0|  0|  18|          11|           1|
    |icmp_ln315_fu_140_p2  |      icmp|   0|  0|  19|          11|          12|
    |ap_enable_pp0         |       xor|   0|  0|   2|           1|           2|
    +----------------------+----------+----+---+----+------------+------------+
    |Total                 |          |   0|  0|  39|          23|          15|
    +----------------------+----------+----+---+----+------------+------------+

    * Multiplexer: 
    +-------------------------+----+-----------+-----+-----------+
    |           Name          | LUT| Input Size| Bits| Total Bits|
    +-------------------------+----+-----------+-----+-----------+
    |ap_done_int              |   9|          2|    1|          2|
    |ap_enable_reg_pp0_iter1  |   9|          2|    1|          2|
    |ap_sig_allocacmp_i_3     |   9|          2|   11|         22|
    |i_fu_50                  |   9|          2|   11|         22|
    +-------------------------+----+-----------+-----+-----------+
    |Total                    |  36|          8|   24|         48|
    +-------------------------+----+-----------+-----+-----------+

    * Register: 
    +-------------------------+----+----+-----+-----------+
    |           Name          | FF | LUT| Bits| Const Bits|
    +-------------------------+----+----+-----+-----------+
    |ap_CS_fsm                |   1|   0|    1|          0|
    |ap_done_reg              |   1|   0|    1|          0|
    |ap_enable_reg_pp0_iter1  |   1|   0|    1|          0|
    |i_fu_50                  |  11|   0|   11|          0|
    |zext_ln315_reg_189       |  11|   0|   64|         53|
    +-------------------------+----+----+-----+-----------+
    |Total                    |  25|   0|   78|         53|
    +-------------------------+----+----+-----+-----------+



================================================================
== Interface
================================================================
* Summary: 
+----------------------+-----+-----+------------+---------------------------------+--------------+
|       RTL Ports      | Dir | Bits|  Protocol  |          Source Object          |    C Type    |
+----------------------+-----+-----+------------+---------------------------------+--------------+
|ap_clk                |   in|    1|  ap_ctrl_hs|  Gamma_Pipeline_VITIS_LOOP_315_1|  return value|
|ap_rst                |   in|    1|  ap_ctrl_hs|  Gamma_Pipeline_VITIS_LOOP_315_1|  return value|
|ap_start              |   in|    1|  ap_ctrl_hs|  Gamma_Pipeline_VITIS_LOOP_315_1|  return value|
|ap_done               |  out|    1|  ap_ctrl_hs|  Gamma_Pipeline_VITIS_LOOP_315_1|  return value|
|ap_idle               |  out|    1|  ap_ctrl_hs|  Gamma_Pipeline_VITIS_LOOP_315_1|  return value|
|ap_ready              |  out|    1|  ap_ctrl_hs|  Gamma_Pipeline_VITIS_LOOP_315_1|  return value|
|gamma_lut_0_address0  |  out|   10|   ap_memory|                      gamma_lut_0|         array|
|gamma_lut_0_ce0       |  out|    1|   ap_memory|                      gamma_lut_0|         array|
|gamma_lut_0_q0        |   in|   16|   ap_memory|                      gamma_lut_0|         array|
|gamma_lut_1_address0  |  out|   10|   ap_memory|                      gamma_lut_1|         array|
|gamma_lut_1_ce0       |  out|    1|   ap_memory|                      gamma_lut_1|         array|
|gamma_lut_1_q0        |   in|   16|   ap_memory|                      gamma_lut_1|         array|
|gamma_lut_2_address0  |  out|   10|   ap_memory|                      gamma_lut_2|         array|
|gamma_lut_2_ce0       |  out|    1|   ap_memory|                      gamma_lut_2|         array|
|gamma_lut_2_q0        |   in|   16|   ap_memory|                      gamma_lut_2|         array|
|lut_0_0_address0      |  out|   10|   ap_memory|                          lut_0_0|         array|
|lut_0_0_ce0           |  out|    1|   ap_memory|                          lut_0_0|         array|
|lut_0_0_we0           |  out|    1|   ap_memory|                          lut_0_0|         array|
|lut_0_0_d0            |  out|   10|   ap_memory|                          lut_0_0|         array|
|lut_1_0_address0      |  out|   10|   ap_memory|                          lut_1_0|         array|
|lut_1_0_ce0           |  out|    1|   ap_memory|                          lut_1_0|         array|
|lut_1_0_we0           |  out|    1|   ap_memory|                          lut_1_0|         array|
|lut_1_0_d0            |  out|   10|   ap_memory|                          lut_1_0|         array|
|lut_2_0_address0      |  out|   10|   ap_memory|                          lut_2_0|         array|
|lut_2_0_ce0           |  out|    1|   ap_memory|                          lut_2_0|         array|
|lut_2_0_we0           |  out|    1|   ap_memory|                          lut_2_0|         array|
|lut_2_0_d0            |  out|   10|   ap_memory|                          lut_2_0|         array|
+----------------------+-----+-----+------------+---------------------------------+--------------+

============================================================
+ Verbose Summary: Synthesis Manager
============================================================
InlineROM: 1
ExposeGlobal: 0
============================================================
+ Verbose Summary: CDFG Model
============================================================
IsTopModel: 0
ResetActiveHigh: 1
IsCombinational: 2
IsDatapathOnly: 2
HasWiredReturn: 1
HasMFsm: 2
HasVarLatency: 1
IsPipeline: 0
IsRtlPipelined: 0
IsInstanceOverlapped: 0
IsDontTouch: 0
HasImplIP: 0
IsGatedGlobalClock: 0

+ Individual pipeline summary: 
  * Pipeline-0: initiation interval (II) = 1, depth = 2


============================================================
+ Verbose Summary: Schedule
============================================================
* Number of FSM states : 2
* Pipeline : 1
  Pipeline-0 : II = 1, D = 2, States = { 1 2 }
* Dataflow Pipeline: 0

* FSM state transitions: 
1 --> 2 
2 --> 

* FSM state operations: 

State 1 <SV = 0> <Delay = 1.66>
ST_1 : Operation 5 [1/1] (0.00ns)   --->   "%i = alloca i32 1" [E:/KRIA/project_2/project_2.runs/design_1_v_gamma_lut_0_0_synth_1/prj/sol/.autopilot/db/v_gamma_lut.cpp:315]   --->   Operation 5 'alloca' 'i' <Predicate = true> <Delay = 0.00>
ST_1 : Operation 6 [1/1] (0.00ns)   --->   "%specmemcore_ln0 = specmemcore void @_ssdm_op_SpecMemCore, i16 %gamma_lut_0, i64 666, i64 207, i64 1"   --->   Operation 6 'specmemcore' 'specmemcore_ln0' <Predicate = true> <Delay = 0.00>
ST_1 : Operation 7 [1/1] (0.00ns)   --->   "%specmemcore_ln0 = specmemcore void @_ssdm_op_SpecMemCore, i16 %gamma_lut_1, i64 666, i64 207, i64 1"   --->   Operation 7 'specmemcore' 'specmemcore_ln0' <Predicate = true> <Delay = 0.00>
ST_1 : Operation 8 [1/1] (0.00ns)   --->   "%specmemcore_ln0 = specmemcore void @_ssdm_op_SpecMemCore, i16 %gamma_lut_2, i64 666, i64 207, i64 1"   --->   Operation 8 'specmemcore' 'specmemcore_ln0' <Predicate = true> <Delay = 0.00>
ST_1 : Operation 9 [1/1] (0.00ns)   --->   "%specinterface_ln0 = specinterface void @_ssdm_op_SpecInterface, i16 %gamma_lut_0, void @empty_8, i32 0, i32 0, void @empty_3, i32 1, i32 0, void @empty_3, void @empty_3, void @empty_3, i32 0, i32 0, i32 0, i32 0, void @empty_3, void @empty_3, i32 4294967295, i32 0, i32 0"   --->   Operation 9 'specinterface' 'specinterface_ln0' <Predicate = true> <Delay = 0.00>
ST_1 : Operation 10 [1/1] (0.00ns)   --->   "%specinterface_ln0 = specinterface void @_ssdm_op_SpecInterface, i16 %gamma_lut_1, void @empty_8, i32 0, i32 0, void @empty_3, i32 1, i32 0, void @empty_3, void @empty_3, void @empty_3, i32 0, i32 0, i32 0, i32 0, void @empty_3, void @empty_3, i32 4294967295, i32 0, i32 0"   --->   Operation 10 'specinterface' 'specinterface_ln0' <Predicate = true> <Delay = 0.00>
ST_1 : Operation 11 [1/1] (0.00ns)   --->   "%specinterface_ln0 = specinterface void @_ssdm_op_SpecInterface, i16 %gamma_lut_2, void @empty_8, i32 0, i32 0, void @empty_3, i32 1, i32 0, void @empty_3, void @empty_3, void @empty_3, i32 0, i32 0, i32 0, i32 0, void @empty_3, void @empty_3, i32 4294967295, i32 0, i32 0"   --->   Operation 11 'specinterface' 'specinterface_ln0' <Predicate = true> <Delay = 0.00>
ST_1 : Operation 12 [1/1] (0.42ns)   --->   "%store_ln315 = store i11 0, i11 %i" [E:/KRIA/project_2/project_2.runs/design_1_v_gamma_lut_0_0_synth_1/prj/sol/.autopilot/db/v_gamma_lut.cpp:315]   --->   Operation 12 'store' 'store_ln315' <Predicate = true> <Delay = 0.42>
ST_1 : Operation 13 [1/1] (0.00ns)   --->   "%br_ln0 = br void %VITIS_LOOP_317_2"   --->   Operation 13 'br' 'br_ln0' <Predicate = true> <Delay = 0.00>
ST_1 : Operation 14 [1/1] (0.00ns)   --->   "%i_3 = load i11 %i" [E:/KRIA/project_2/project_2.runs/design_1_v_gamma_lut_0_0_synth_1/prj/sol/.autopilot/db/v_gamma_lut.cpp:315]   --->   Operation 14 'load' 'i_3' <Predicate = true> <Delay = 0.00>
ST_1 : Operation 15 [1/1] (0.79ns)   --->   "%icmp_ln315 = icmp_eq  i11 %i_3, i11 1024" [E:/KRIA/project_2/project_2.runs/design_1_v_gamma_lut_0_0_synth_1/prj/sol/.autopilot/db/v_gamma_lut.cpp:315]   --->   Operation 15 'icmp' 'icmp_ln315' <Predicate = true> <Delay = 0.79> <CoreInst = "Cmp">   --->   Core 9 'Cmp' <Latency = 0> <II = 1> <Delay = 0.80> <FuncUnit> <Opcode : 'seteq' 'setne' 'setle' 'setge' 'setlt' 'setgt'> <InPorts = 2> <OutPorts = 1>
ST_1 : Operation 16 [1/1] (0.79ns)   --->   "%add_ln315 = add i11 %i_3, i11 1" [E:/KRIA/project_2/project_2.runs/design_1_v_gamma_lut_0_0_synth_1/prj/sol/.autopilot/db/v_gamma_lut.cpp:315]   --->   Operation 16 'add' 'add_ln315' <Predicate = true> <Delay = 0.79> <CoreInst = "Adder">   --->   Core 1 'Adder' <Latency = 0> <II = 1> <Delay = 0.79> <FuncUnit> <Opcode : 'add' 'sub'> <InPorts = 2> <OutPorts = 1>
ST_1 : Operation 17 [1/1] (0.00ns)   --->   "%br_ln315 = br i1 %icmp_ln315, void %VITIS_LOOP_317_2.split, void %VITIS_LOOP_327_4.preheader.exitStub" [E:/KRIA/project_2/project_2.runs/design_1_v_gamma_lut_0_0_synth_1/prj/sol/.autopilot/db/v_gamma_lut.cpp:315]   --->   Operation 17 'br' 'br_ln315' <Predicate = true> <Delay = 0.00>
ST_1 : Operation 18 [1/1] (0.00ns)   --->   "%zext_ln315 = zext i11 %i_3" [E:/KRIA/project_2/project_2.runs/design_1_v_gamma_lut_0_0_synth_1/prj/sol/.autopilot/db/v_gamma_lut.cpp:315]   --->   Operation 18 'zext' 'zext_ln315' <Predicate = (!icmp_ln315)> <Delay = 0.00>
ST_1 : Operation 19 [1/1] (0.00ns)   --->   "%gamma_lut_0_addr = getelementptr i16 %gamma_lut_0, i64 0, i64 %zext_ln315" [E:/KRIA/project_2/project_2.runs/design_1_v_gamma_lut_0_0_synth_1/prj/sol/.autopilot/db/v_gamma_lut.cpp:315]   --->   Operation 19 'getelementptr' 'gamma_lut_0_addr' <Predicate = (!icmp_ln315)> <Delay = 0.00>
ST_1 : Operation 20 [2/2] (1.23ns)   --->   "%gamma_lut_0_load = load i10 %gamma_lut_0_addr" [E:/KRIA/project_2/project_2.runs/design_1_v_gamma_lut_0_0_synth_1/prj/sol/.autopilot/db/v_gamma_lut.cpp:315]   --->   Operation 20 'load' 'gamma_lut_0_load' <Predicate = (!icmp_ln315)> <Delay = 1.23> <CoreInst = "RAM_1P">   --->   Core 87 'RAM_1P' <Latency = 1> <II = 1> <Delay = 1.23> <Storage> <Opcode : 'load' 'store'> <Ports = 1> <Width = 16> <Depth = 1024> <RAM>
ST_1 : Operation 21 [1/1] (0.00ns)   --->   "%gamma_lut_1_addr = getelementptr i16 %gamma_lut_1, i64 0, i64 %zext_ln315" [E:/KRIA/project_2/project_2.runs/design_1_v_gamma_lut_0_0_synth_1/prj/sol/.autopilot/db/v_gamma_lut.cpp:315]   --->   Operation 21 'getelementptr' 'gamma_lut_1_addr' <Predicate = (!icmp_ln315)> <Delay = 0.00>
ST_1 : Operation 22 [2/2] (1.23ns)   --->   "%gamma_lut_1_load = load i10 %gamma_lut_1_addr" [E:/KRIA/project_2/project_2.runs/design_1_v_gamma_lut_0_0_synth_1/prj/sol/.autopilot/db/v_gamma_lut.cpp:315]   --->   Operation 22 'load' 'gamma_lut_1_load' <Predicate = (!icmp_ln315)> <Delay = 1.23> <CoreInst = "RAM_1P">   --->   Core 87 'RAM_1P' <Latency = 1> <II = 1> <Delay = 1.23> <Storage> <Opcode : 'load' 'store'> <Ports = 1> <Width = 16> <Depth = 1024> <RAM>
ST_1 : Operation 23 [1/1] (0.00ns)   --->   "%gamma_lut_2_addr = getelementptr i16 %gamma_lut_2, i64 0, i64 %zext_ln315" [E:/KRIA/project_2/project_2.runs/design_1_v_gamma_lut_0_0_synth_1/prj/sol/.autopilot/db/v_gamma_lut.cpp:315]   --->   Operation 23 'getelementptr' 'gamma_lut_2_addr' <Predicate = (!icmp_ln315)> <Delay = 0.00>
ST_1 : Operation 24 [2/2] (1.23ns)   --->   "%gamma_lut_2_load = load i10 %gamma_lut_2_addr" [E:/KRIA/project_2/project_2.runs/design_1_v_gamma_lut_0_0_synth_1/prj/sol/.autopilot/db/v_gamma_lut.cpp:315]   --->   Operation 24 'load' 'gamma_lut_2_load' <Predicate = (!icmp_ln315)> <Delay = 1.23> <CoreInst = "RAM_1P">   --->   Core 87 'RAM_1P' <Latency = 1> <II = 1> <Delay = 1.23> <Storage> <Opcode : 'load' 'store'> <Ports = 1> <Width = 16> <Depth = 1024> <RAM>
ST_1 : Operation 25 [1/1] (0.42ns)   --->   "%store_ln315 = store i11 %add_ln315, i11 %i" [E:/KRIA/project_2/project_2.runs/design_1_v_gamma_lut_0_0_synth_1/prj/sol/.autopilot/db/v_gamma_lut.cpp:315]   --->   Operation 25 'store' 'store_ln315' <Predicate = (!icmp_ln315)> <Delay = 0.42>
ST_1 : Operation 42 [1/1] (0.42ns)   --->   "%ret_ln0 = ret"   --->   Operation 42 'ret' 'ret_ln0' <Predicate = (icmp_ln315)> <Delay = 0.42>

State 2 <SV = 1> <Delay = 2.47>
ST_2 : Operation 26 [1/1] (0.00ns)   --->   "%specpipeline_ln315 = specpipeline void @_ssdm_op_SpecPipeline, i32 4294967295, i32 0, i32 0, i32 0, void @empty_3" [E:/KRIA/project_2/project_2.runs/design_1_v_gamma_lut_0_0_synth_1/prj/sol/.autopilot/db/v_gamma_lut.cpp:315]   --->   Operation 26 'specpipeline' 'specpipeline_ln315' <Predicate = true> <Delay = 0.00>
ST_2 : Operation 27 [1/1] (0.00ns)   --->   "%speclooptripcount_ln315 = speclooptripcount void @_ssdm_op_SpecLoopTripCount, i64 1024, i64 1024, i64 1024" [E:/KRIA/project_2/project_2.runs/design_1_v_gamma_lut_0_0_synth_1/prj/sol/.autopilot/db/v_gamma_lut.cpp:315]   --->   Operation 27 'speclooptripcount' 'speclooptripcount_ln315' <Predicate = true> <Delay = 0.00>
ST_2 : Operation 28 [1/1] (0.00ns)   --->   "%specloopname_ln315 = specloopname void @_ssdm_op_SpecLoopName, void @empty_24" [E:/KRIA/project_2/project_2.runs/design_1_v_gamma_lut_0_0_synth_1/prj/sol/.autopilot/db/v_gamma_lut.cpp:315]   --->   Operation 28 'specloopname' 'specloopname_ln315' <Predicate = true> <Delay = 0.00>
ST_2 : Operation 29 [1/2] (1.23ns)   --->   "%gamma_lut_0_load = load i10 %gamma_lut_0_addr" [E:/KRIA/project_2/project_2.runs/design_1_v_gamma_lut_0_0_synth_1/prj/sol/.autopilot/db/v_gamma_lut.cpp:315]   --->   Operation 29 'load' 'gamma_lut_0_load' <Predicate = true> <Delay = 1.23> <CoreInst = "RAM_1P">   --->   Core 87 'RAM_1P' <Latency = 1> <II = 1> <Delay = 1.23> <Storage> <Opcode : 'load' 'store'> <Ports = 1> <Width = 16> <Depth = 1024> <RAM>
ST_2 : Operation 30 [1/1] (0.00ns)   --->   "%empty = trunc i16 %gamma_lut_0_load" [E:/KRIA/project_2/project_2.runs/design_1_v_gamma_lut_0_0_synth_1/prj/sol/.autopilot/db/v_gamma_lut.cpp:315]   --->   Operation 30 'trunc' 'empty' <Predicate = true> <Delay = 0.00>
ST_2 : Operation 31 [1/2] (1.23ns)   --->   "%gamma_lut_1_load = load i10 %gamma_lut_1_addr" [E:/KRIA/project_2/project_2.runs/design_1_v_gamma_lut_0_0_synth_1/prj/sol/.autopilot/db/v_gamma_lut.cpp:315]   --->   Operation 31 'load' 'gamma_lut_1_load' <Predicate = true> <Delay = 1.23> <CoreInst = "RAM_1P">   --->   Core 87 'RAM_1P' <Latency = 1> <II = 1> <Delay = 1.23> <Storage> <Opcode : 'load' 'store'> <Ports = 1> <Width = 16> <Depth = 1024> <RAM>
ST_2 : Operation 32 [1/1] (0.00ns)   --->   "%empty_47 = trunc i16 %gamma_lut_1_load" [E:/KRIA/project_2/project_2.runs/design_1_v_gamma_lut_0_0_synth_1/prj/sol/.autopilot/db/v_gamma_lut.cpp:315]   --->   Operation 32 'trunc' 'empty_47' <Predicate = true> <Delay = 0.00>
ST_2 : Operation 33 [1/2] (1.23ns)   --->   "%gamma_lut_2_load = load i10 %gamma_lut_2_addr" [E:/KRIA/project_2/project_2.runs/design_1_v_gamma_lut_0_0_synth_1/prj/sol/.autopilot/db/v_gamma_lut.cpp:315]   --->   Operation 33 'load' 'gamma_lut_2_load' <Predicate = true> <Delay = 1.23> <CoreInst = "RAM_1P">   --->   Core 87 'RAM_1P' <Latency = 1> <II = 1> <Delay = 1.23> <Storage> <Opcode : 'load' 'store'> <Ports = 1> <Width = 16> <Depth = 1024> <RAM>
ST_2 : Operation 34 [1/1] (0.00ns)   --->   "%empty_48 = trunc i16 %gamma_lut_2_load" [E:/KRIA/project_2/project_2.runs/design_1_v_gamma_lut_0_0_synth_1/prj/sol/.autopilot/db/v_gamma_lut.cpp:315]   --->   Operation 34 'trunc' 'empty_48' <Predicate = true> <Delay = 0.00>
ST_2 : Operation 35 [1/1] (0.00ns)   --->   "%lut_0_0_addr = getelementptr i10 %lut_0_0, i64 0, i64 %zext_ln315" [E:/KRIA/project_2/project_2.runs/design_1_v_gamma_lut_0_0_synth_1/prj/sol/.autopilot/db/v_gamma_lut.cpp:319]   --->   Operation 35 'getelementptr' 'lut_0_0_addr' <Predicate = true> <Delay = 0.00>
ST_2 : Operation 36 [1/1] (1.23ns)   --->   "%store_ln319 = store i10 %empty, i10 %lut_0_0_addr" [E:/KRIA/project_2/project_2.runs/design_1_v_gamma_lut_0_0_synth_1/prj/sol/.autopilot/db/v_gamma_lut.cpp:319]   --->   Operation 36 'store' 'store_ln319' <Predicate = true> <Delay = 1.23> <CoreInst = "RAM">   --->   Core 82 'RAM' <Latency = 1> <II = 1> <Delay = 1.23> <Storage> <Opcode : 'load' 'store'> <Ports = 2> <Width = 10> <Depth = 1024> <RAM>
ST_2 : Operation 37 [1/1] (0.00ns)   --->   "%lut_1_0_addr = getelementptr i10 %lut_1_0, i64 0, i64 %zext_ln315" [E:/KRIA/project_2/project_2.runs/design_1_v_gamma_lut_0_0_synth_1/prj/sol/.autopilot/db/v_gamma_lut.cpp:320]   --->   Operation 37 'getelementptr' 'lut_1_0_addr' <Predicate = true> <Delay = 0.00>
ST_2 : Operation 38 [1/1] (1.23ns)   --->   "%store_ln320 = store i10 %empty_47, i10 %lut_1_0_addr" [E:/KRIA/project_2/project_2.runs/design_1_v_gamma_lut_0_0_synth_1/prj/sol/.autopilot/db/v_gamma_lut.cpp:320]   --->   Operation 38 'store' 'store_ln320' <Predicate = true> <Delay = 1.23> <CoreInst = "RAM">   --->   Core 82 'RAM' <Latency = 1> <II = 1> <Delay = 1.23> <Storage> <Opcode : 'load' 'store'> <Ports = 2> <Width = 10> <Depth = 1024> <RAM>
ST_2 : Operation 39 [1/1] (0.00ns)   --->   "%lut_2_0_addr = getelementptr i10 %lut_2_0, i64 0, i64 %zext_ln315" [E:/KRIA/project_2/project_2.runs/design_1_v_gamma_lut_0_0_synth_1/prj/sol/.autopilot/db/v_gamma_lut.cpp:321]   --->   Operation 39 'getelementptr' 'lut_2_0_addr' <Predicate = true> <Delay = 0.00>
ST_2 : Operation 40 [1/1] (1.23ns)   --->   "%store_ln321 = store i10 %empty_48, i10 %lut_2_0_addr" [E:/KRIA/project_2/project_2.runs/design_1_v_gamma_lut_0_0_synth_1/prj/sol/.autopilot/db/v_gamma_lut.cpp:321]   --->   Operation 40 'store' 'store_ln321' <Predicate = true> <Delay = 1.23> <CoreInst = "RAM">   --->   Core 82 'RAM' <Latency = 1> <II = 1> <Delay = 1.23> <Storage> <Opcode : 'load' 'store'> <Ports = 2> <Width = 10> <Depth = 1024> <RAM>
ST_2 : Operation 41 [1/1] (0.00ns)   --->   "%br_ln315 = br void %VITIS_LOOP_317_2" [E:/KRIA/project_2/project_2.runs/design_1_v_gamma_lut_0_0_synth_1/prj/sol/.autopilot/db/v_gamma_lut.cpp:315]   --->   Operation 41 'br' 'br_ln315' <Predicate = true> <Delay = 0.00>


============================================================
+ Verbose Summary: Binding
============================================================
STG Binding: 
---------------- STG Properties BEGIN ----------------
- Is combinational: 0
- Is one-state seq: 0
- Is datapath-only: 0
- Is pipelined: 0
- Is top level: 0
Port [ Return ] is wired: 1; IO mode=ap_ctrl_hs:ce=0
Port [ gamma_lut_0]:  wired=1; compound=1; hidden=0; nouse=0; global=0; static=0; extern=0; dir=0; type=1; pingpong=0; private_global=0; MemPort=[1]; IO mode=ap_memory:ce=0
Port [ gamma_lut_1]:  wired=1; compound=1; hidden=0; nouse=0; global=0; static=0; extern=0; dir=0; type=1; pingpong=0; private_global=0; MemPort=[1]; IO mode=ap_memory:ce=0
Port [ gamma_lut_2]:  wired=1; compound=1; hidden=0; nouse=0; global=0; static=0; extern=0; dir=0; type=1; pingpong=0; private_global=0; MemPort=[1]; IO mode=ap_memory:ce=0
Port [ lut_0_0]:  wired=1; compound=1; hidden=0; nouse=0; global=0; static=0; extern=0; dir=1; type=1; pingpong=0; private_global=0; MemPort=[03]; IO mode=ap_memory:ce=0
Port [ lut_1_0]:  wired=1; compound=1; hidden=0; nouse=0; global=0; static=0; extern=0; dir=1; type=1; pingpong=0; private_global=0; MemPort=[03]; IO mode=ap_memory:ce=0
Port [ lut_2_0]:  wired=1; compound=1; hidden=0; nouse=0; global=0; static=0; extern=0; dir=1; type=1; pingpong=0; private_global=0; MemPort=[03]; IO mode=ap_memory:ce=0
---------------- STG Properties END ------------------

---------------- Datapath Model BEGIN ----------------

<LifeTime>
<method=bitvector/>
i                       (alloca           ) [ 010]
specmemcore_ln0         (specmemcore      ) [ 000]
specmemcore_ln0         (specmemcore      ) [ 000]
specmemcore_ln0         (specmemcore      ) [ 000]
specinterface_ln0       (specinterface    ) [ 000]
specinterface_ln0       (specinterface    ) [ 000]
specinterface_ln0       (specinterface    ) [ 000]
store_ln315             (store            ) [ 000]
br_ln0                  (br               ) [ 000]
i_3                     (load             ) [ 000]
icmp_ln315              (icmp             ) [ 010]
add_ln315               (add              ) [ 000]
br_ln315                (br               ) [ 000]
zext_ln315              (zext             ) [ 011]
gamma_lut_0_addr        (getelementptr    ) [ 011]
gamma_lut_1_addr        (getelementptr    ) [ 011]
gamma_lut_2_addr        (getelementptr    ) [ 011]
store_ln315             (store            ) [ 000]
specpipeline_ln315      (specpipeline     ) [ 000]
speclooptripcount_ln315 (speclooptripcount) [ 000]
specloopname_ln315      (specloopname     ) [ 000]
gamma_lut_0_load        (load             ) [ 000]
empty                   (trunc            ) [ 000]
gamma_lut_1_load        (load             ) [ 000]
empty_47                (trunc            ) [ 000]
gamma_lut_2_load        (load             ) [ 000]
empty_48                (trunc            ) [ 000]
lut_0_0_addr            (getelementptr    ) [ 000]
store_ln319             (store            ) [ 000]
lut_1_0_addr            (getelementptr    ) [ 000]
store_ln320             (store            ) [ 000]
lut_2_0_addr            (getelementptr    ) [ 000]
store_ln321             (store            ) [ 000]
br_ln315                (br               ) [ 000]
ret_ln0                 (ret              ) [ 000]
</LifeTime>

<model>

<comp_list>
<comp id="0" class="1000" name="gamma_lut_0">
<pin_list>
<pin id="1" dir="1" index="0" bw="1" slack="0"/>
</pin_list>
<bind>
<StgValue><ssdm name="gamma_lut_0"/><MemPortTyVec>1 </MemPortTyVec>
</StgValue>
</bind>
</comp>

<comp id="2" class="1000" name="gamma_lut_1">
<pin_list>
<pin id="3" dir="1" index="0" bw="1" slack="0"/>
</pin_list>
<bind>
<StgValue><ssdm name="gamma_lut_1"/><MemPortTyVec>1 </MemPortTyVec>
</StgValue>
</bind>
</comp>

<comp id="4" class="1000" name="gamma_lut_2">
<pin_list>
<pin id="5" dir="1" index="0" bw="1" slack="0"/>
</pin_list>
<bind>
<StgValue><ssdm name="gamma_lut_2"/><MemPortTyVec>1 </MemPortTyVec>
</StgValue>
</bind>
</comp>

<comp id="6" class="1000" name="lut_0_0">
<pin_list>
<pin id="7" dir="1" index="0" bw="1" slack="0"/>
</pin_list>
<bind>
<StgValue><ssdm name="lut_0_0"/><MemPortTyVec>0 3 </MemPortTyVec>
</StgValue>
</bind>
</comp>

<comp id="8" class="1000" name="lut_1_0">
<pin_list>
<pin id="9" dir="1" index="0" bw="1" slack="0"/>
</pin_list>
<bind>
<StgValue><ssdm name="lut_1_0"/><MemPortTyVec>0 3 </MemPortTyVec>
</StgValue>
</bind>
</comp>

<comp id="10" class="1000" name="lut_2_0">
<pin_list>
<pin id="11" dir="1" index="0" bw="1" slack="0"/>
</pin_list>
<bind>
<StgValue><ssdm name="lut_2_0"/><MemPortTyVec>0 3 </MemPortTyVec>
</StgValue>
</bind>
</comp>

<comp id="12" class="1001" name="const_12">
<pin_list>
<pin id="13" dir="1" index="0" bw="1" slack="0"/>
</pin_list>
<bind>
<StgValue><ssdm name=""/></StgValue>
</bind>
</comp>

<comp id="14" class="1001" name="const_14">
<pin_list>
<pin id="15" dir="1" index="0" bw="1" slack="2147483647"/>
</pin_list>
<bind>
<StgValue><ssdm name="_ssdm_op_SpecMemCore"/></StgValue>
</bind>
</comp>

<comp id="16" class="1001" name="const_16">
<pin_list>
<pin id="17" dir="1" index="0" bw="1" slack="2147483647"/>
</pin_list>
<bind>
<StgValue><ssdm name=""/></StgValue>
</bind>
</comp>

<comp id="18" class="1001" name="const_18">
<pin_list>
<pin id="19" dir="1" index="0" bw="1" slack="2147483647"/>
</pin_list>
<bind>
<StgValue><ssdm name=""/></StgValue>
</bind>
</comp>

<comp id="20" class="1001" name="const_20">
<pin_list>
<pin id="21" dir="1" index="0" bw="1" slack="2147483647"/>
</pin_list>
<bind>
<StgValue><ssdm name=""/></StgValue>
</bind>
</comp>

<comp id="22" class="1001" name="const_22">
<pin_list>
<pin id="23" dir="1" index="0" bw="1" slack="2147483647"/>
</pin_list>
<bind>
<StgValue><ssdm name="_ssdm_op_SpecInterface"/></StgValue>
</bind>
</comp>

<comp id="24" class="1001" name="const_24">
<pin_list>
<pin id="25" dir="1" index="0" bw="1" slack="2147483647"/>
</pin_list>
<bind>
<StgValue><ssdm name="empty_8"/></StgValue>
</bind>
</comp>

<comp id="26" class="1001" name="const_26">
<pin_list>
<pin id="27" dir="1" index="0" bw="1" slack="2147483647"/>
</pin_list>
<bind>
<StgValue><ssdm name=""/></StgValue>
</bind>
</comp>

<comp id="28" class="1001" name="const_28">
<pin_list>
<pin id="29" dir="1" index="0" bw="1" slack="2147483647"/>
</pin_list>
<bind>
<StgValue><ssdm name="empty_3"/></StgValue>
</bind>
</comp>

<comp id="30" class="1001" name="const_30">
<pin_list>
<pin id="31" dir="1" index="0" bw="1" slack="2147483647"/>
</pin_list>
<bind>
<StgValue><ssdm name=""/></StgValue>
</bind>
</comp>

<comp id="32" class="1001" name="const_32">
<pin_list>
<pin id="33" dir="1" index="0" bw="1" slack="0"/>
</pin_list>
<bind>
<StgValue><ssdm name=""/></StgValue>
</bind>
</comp>

<comp id="34" class="1001" name="const_34">
<pin_list>
<pin id="35" dir="1" index="0" bw="1" slack="0"/>
</pin_list>
<bind>
<StgValue><ssdm name=""/></StgValue>
</bind>
</comp>

<comp id="36" class="1001" name="const_36">
<pin_list>
<pin id="37" dir="1" index="0" bw="1" slack="0"/>
</pin_list>
<bind>
<StgValue><ssdm name=""/></StgValue>
</bind>
</comp>

<comp id="38" class="1001" name="const_38">
<pin_list>
<pin id="39" dir="1" index="0" bw="1" slack="0"/>
</pin_list>
<bind>
<StgValue><ssdm name=""/></StgValue>
</bind>
</comp>

<comp id="40" class="1001" name="const_40">
<pin_list>
<pin id="41" dir="1" index="0" bw="1" slack="2147483647"/>
</pin_list>
<bind>
<StgValue><ssdm name="_ssdm_op_SpecPipeline"/></StgValue>
</bind>
</comp>

<comp id="42" class="1001" name="const_42">
<pin_list>
<pin id="43" dir="1" index="0" bw="1" slack="2147483647"/>
</pin_list>
<bind>
<StgValue><ssdm name="_ssdm_op_SpecLoopTripCount"/></StgValue>
</bind>
</comp>

<comp id="44" class="1001" name="const_44">
<pin_list>
<pin id="45" dir="1" index="0" bw="1" slack="2147483647"/>
</pin_list>
<bind>
<StgValue><ssdm name=""/></StgValue>
</bind>
</comp>

<comp id="46" class="1001" name="const_46">
<pin_list>
<pin id="47" dir="1" index="0" bw="1" slack="2147483647"/>
</pin_list>
<bind>
<StgValue><ssdm name="_ssdm_op_SpecLoopName"/></StgValue>
</bind>
</comp>

<comp id="48" class="1001" name="const_48">
<pin_list>
<pin id="49" dir="1" index="0" bw="1" slack="2147483647"/>
</pin_list>
<bind>
<StgValue><ssdm name="empty_24"/></StgValue>
</bind>
</comp>

<comp id="50" class="1004" name="i_fu_50">
<pin_list>
<pin id="51" dir="0" index="0" bw="1" slack="0"/>
<pin id="52" dir="1" index="1" bw="11" slack="0"/>
</pin_list>
<bind>
<opcode="alloca(26) " fcode="alloca"/>
<opset="i/1 "/>
</bind>
</comp>

<comp id="54" class="1004" name="gamma_lut_0_addr_gep_fu_54">
<pin_list>
<pin id="55" dir="0" index="0" bw="16" slack="0"/>
<pin id="56" dir="0" index="1" bw="1" slack="0"/>
<pin id="57" dir="0" index="2" bw="11" slack="0"/>
<pin id="58" dir="1" index="3" bw="10" slack="0"/>
</pin_list>
<bind>
<opcode="getelementptr(29) " fcode="getelementptr"/>
<opset="gamma_lut_0_addr/1 "/>
</bind>
</comp>

<comp id="61" class="1004" name="grp_access_fu_61">
<pin_list>
<pin id="62" dir="0" index="0" bw="10" slack="0"/>
<pin id="63" dir="0" index="1" bw="16" slack="2147483647"/>
<pin id="64" dir="0" index="2" bw="0" slack="2147483647"/>
<pin id="65" dir="1" index="3" bw="16" slack="0"/>
</pin_list>
<bind>
<opcode="load(27) " fcode="load"/>
<opset="gamma_lut_0_load/1 "/>
</bind>
</comp>

<comp id="67" class="1004" name="gamma_lut_1_addr_gep_fu_67">
<pin_list>
<pin id="68" dir="0" index="0" bw="16" slack="0"/>
<pin id="69" dir="0" index="1" bw="1" slack="0"/>
<pin id="70" dir="0" index="2" bw="11" slack="0"/>
<pin id="71" dir="1" index="3" bw="10" slack="0"/>
</pin_list>
<bind>
<opcode="getelementptr(29) " fcode="getelementptr"/>
<opset="gamma_lut_1_addr/1 "/>
</bind>
</comp>

<comp id="74" class="1004" name="grp_access_fu_74">
<pin_list>
<pin id="75" dir="0" index="0" bw="10" slack="0"/>
<pin id="76" dir="0" index="1" bw="16" slack="2147483647"/>
<pin id="77" dir="0" index="2" bw="0" slack="2147483647"/>
<pin id="78" dir="1" index="3" bw="16" slack="0"/>
</pin_list>
<bind>
<opcode="load(27) " fcode="load"/>
<opset="gamma_lut_1_load/1 "/>
</bind>
</comp>

<comp id="80" class="1004" name="gamma_lut_2_addr_gep_fu_80">
<pin_list>
<pin id="81" dir="0" index="0" bw="16" slack="0"/>
<pin id="82" dir="0" index="1" bw="1" slack="0"/>
<pin id="83" dir="0" index="2" bw="11" slack="0"/>
<pin id="84" dir="1" index="3" bw="10" slack="0"/>
</pin_list>
<bind>
<opcode="getelementptr(29) " fcode="getelementptr"/>
<opset="gamma_lut_2_addr/1 "/>
</bind>
</comp>

<comp id="87" class="1004" name="grp_access_fu_87">
<pin_list>
<pin id="88" dir="0" index="0" bw="10" slack="0"/>
<pin id="89" dir="0" index="1" bw="16" slack="2147483647"/>
<pin id="90" dir="0" index="2" bw="0" slack="2147483647"/>
<pin id="91" dir="1" index="3" bw="16" slack="0"/>
</pin_list>
<bind>
<opcode="load(27) " fcode="load"/>
<opset="gamma_lut_2_load/1 "/>
</bind>
</comp>

<comp id="93" class="1004" name="lut_0_0_addr_gep_fu_93">
<pin_list>
<pin id="94" dir="0" index="0" bw="10" slack="0"/>
<pin id="95" dir="0" index="1" bw="1" slack="0"/>
<pin id="96" dir="0" index="2" bw="11" slack="1"/>
<pin id="97" dir="1" index="3" bw="10" slack="0"/>
</pin_list>
<bind>
<opcode="getelementptr(29) " fcode="getelementptr"/>
<opset="lut_0_0_addr/2 "/>
</bind>
</comp>

<comp id="100" class="1004" name="store_ln319_access_fu_100">
<pin_list>
<pin id="101" dir="0" index="0" bw="10" slack="0"/>
<pin id="102" dir="0" index="1" bw="10" slack="0"/>
<pin id="103" dir="0" index="2" bw="0" slack="2147483647"/>
<pin id="104" dir="1" index="3" bw="10" slack="2147483647"/>
</pin_list>
<bind>
<opcode="store(28) " fcode="store"/>
<opset="store_ln319/2 "/>
</bind>
</comp>

<comp id="106" class="1004" name="lut_1_0_addr_gep_fu_106">
<pin_list>
<pin id="107" dir="0" index="0" bw="10" slack="0"/>
<pin id="108" dir="0" index="1" bw="1" slack="0"/>
<pin id="109" dir="0" index="2" bw="11" slack="1"/>
<pin id="110" dir="1" index="3" bw="10" slack="0"/>
</pin_list>
<bind>
<opcode="getelementptr(29) " fcode="getelementptr"/>
<opset="lut_1_0_addr/2 "/>
</bind>
</comp>

<comp id="113" class="1004" name="store_ln320_access_fu_113">
<pin_list>
<pin id="114" dir="0" index="0" bw="10" slack="0"/>
<pin id="115" dir="0" index="1" bw="10" slack="0"/>
<pin id="116" dir="0" index="2" bw="0" slack="2147483647"/>
<pin id="117" dir="1" index="3" bw="10" slack="2147483647"/>
</pin_list>
<bind>
<opcode="store(28) " fcode="store"/>
<opset="store_ln320/2 "/>
</bind>
</comp>

<comp id="119" class="1004" name="lut_2_0_addr_gep_fu_119">
<pin_list>
<pin id="120" dir="0" index="0" bw="10" slack="0"/>
<pin id="121" dir="0" index="1" bw="1" slack="0"/>
<pin id="122" dir="0" index="2" bw="11" slack="1"/>
<pin id="123" dir="1" index="3" bw="10" slack="0"/>
</pin_list>
<bind>
<opcode="getelementptr(29) " fcode="getelementptr"/>
<opset="lut_2_0_addr/2 "/>
</bind>
</comp>

<comp id="126" class="1004" name="store_ln321_access_fu_126">
<pin_list>
<pin id="127" dir="0" index="0" bw="10" slack="0"/>
<pin id="128" dir="0" index="1" bw="10" slack="0"/>
<pin id="129" dir="0" index="2" bw="0" slack="2147483647"/>
<pin id="130" dir="1" index="3" bw="10" slack="2147483647"/>
</pin_list>
<bind>
<opcode="store(28) " fcode="store"/>
<opset="store_ln321/2 "/>
</bind>
</comp>

<comp id="132" class="1004" name="store_ln315_store_fu_132">
<pin_list>
<pin id="133" dir="0" index="0" bw="1" slack="0"/>
<pin id="134" dir="0" index="1" bw="11" slack="0"/>
<pin id="135" dir="1" index="2" bw="0" slack="2147483647"/>
</pin_list>
<bind>
<opcode="store(28) " fcode="store"/>
<opset="store_ln315/1 "/>
</bind>
</comp>

<comp id="137" class="1004" name="i_3_load_fu_137">
<pin_list>
<pin id="138" dir="0" index="0" bw="11" slack="0"/>
<pin id="139" dir="1" index="1" bw="11" slack="0"/>
</pin_list>
<bind>
<opcode="load(27) " fcode="load"/>
<opset="i_3/1 "/>
</bind>
</comp>

<comp id="140" class="1004" name="icmp_ln315_fu_140">
<pin_list>
<pin id="141" dir="0" index="0" bw="11" slack="0"/>
<pin id="142" dir="0" index="1" bw="11" slack="0"/>
<pin id="143" dir="1" index="2" bw="1" slack="2147483647"/>
</pin_list>
<bind>
<opcode="icmp(45) " fcode="icmp"/>
<opset="icmp_ln315/1 "/>
</bind>
</comp>

<comp id="146" class="1004" name="add_ln315_fu_146">
<pin_list>
<pin id="147" dir="0" index="0" bw="11" slack="0"/>
<pin id="148" dir="0" index="1" bw="1" slack="0"/>
<pin id="149" dir="1" index="2" bw="11" slack="0"/>
</pin_list>
<bind>
<opcode="add(8) " fcode="add"/>
<opset="add_ln315/1 "/>
</bind>
</comp>

<comp id="152" class="1004" name="zext_ln315_fu_152">
<pin_list>
<pin id="153" dir="0" index="0" bw="11" slack="0"/>
<pin id="154" dir="1" index="1" bw="64" slack="0"/>
</pin_list>
<bind>
<opcode="zext(34) " fcode="zext"/>
<opset="zext_ln315/1 "/>
</bind>
</comp>

<comp id="159" class="1004" name="store_ln315_store_fu_159">
<pin_list>
<pin id="160" dir="0" index="0" bw="11" slack="0"/>
<pin id="161" dir="0" index="1" bw="11" slack="0"/>
<pin id="162" dir="1" index="2" bw="0" slack="2147483647"/>
</pin_list>
<bind>
<opcode="store(28) " fcode="store"/>
<opset="store_ln315/1 "/>
</bind>
</comp>

<comp id="164" class="1004" name="empty_fu_164">
<pin_list>
<pin id="165" dir="0" index="0" bw="16" slack="0"/>
<pin id="166" dir="1" index="1" bw="10" slack="0"/>
</pin_list>
<bind>
<opcode="trunc(33) " fcode="trunc"/>
<opset="empty/2 "/>
</bind>
</comp>

<comp id="169" class="1004" name="empty_47_fu_169">
<pin_list>
<pin id="170" dir="0" index="0" bw="16" slack="0"/>
<pin id="171" dir="1" index="1" bw="10" slack="0"/>
</pin_list>
<bind>
<opcode="trunc(33) " fcode="trunc"/>
<opset="empty_47/2 "/>
</bind>
</comp>

<comp id="174" class="1004" name="empty_48_fu_174">
<pin_list>
<pin id="175" dir="0" index="0" bw="16" slack="0"/>
<pin id="176" dir="1" index="1" bw="10" slack="0"/>
</pin_list>
<bind>
<opcode="trunc(33) " fcode="trunc"/>
<opset="empty_48/2 "/>
</bind>
</comp>

<comp id="179" class="1005" name="i_reg_179">
<pin_list>
<pin id="180" dir="0" index="0" bw="11" slack="0"/>
<pin id="181" dir="1" index="1" bw="11" slack="0"/>
</pin_list>
<bind>
<opset="i "/>
</bind>
</comp>

<comp id="189" class="1005" name="zext_ln315_reg_189">
<pin_list>
<pin id="190" dir="0" index="0" bw="64" slack="1"/>
<pin id="191" dir="1" index="1" bw="64" slack="1"/>
</pin_list>
<bind>
<opset="zext_ln315 "/>
</bind>
</comp>

<comp id="196" class="1005" name="gamma_lut_0_addr_reg_196">
<pin_list>
<pin id="197" dir="0" index="0" bw="10" slack="1"/>
<pin id="198" dir="1" index="1" bw="10" slack="1"/>
</pin_list>
<bind>
<opset="gamma_lut_0_addr "/>
</bind>
</comp>

<comp id="201" class="1005" name="gamma_lut_1_addr_reg_201">
<pin_list>
<pin id="202" dir="0" index="0" bw="10" slack="1"/>
<pin id="203" dir="1" index="1" bw="10" slack="1"/>
</pin_list>
<bind>
<opset="gamma_lut_1_addr "/>
</bind>
</comp>

<comp id="206" class="1005" name="gamma_lut_2_addr_reg_206">
<pin_list>
<pin id="207" dir="0" index="0" bw="10" slack="1"/>
<pin id="208" dir="1" index="1" bw="10" slack="1"/>
</pin_list>
<bind>
<opset="gamma_lut_2_addr "/>
</bind>
</comp>

</comp_list>

<net_list>
<net id="53"><net_src comp="12" pin="0"/><net_sink comp="50" pin=0"/></net>

<net id="59"><net_src comp="0" pin="0"/><net_sink comp="54" pin=0"/></net>

<net id="60"><net_src comp="38" pin="0"/><net_sink comp="54" pin=1"/></net>

<net id="66"><net_src comp="54" pin="3"/><net_sink comp="61" pin=0"/></net>

<net id="72"><net_src comp="2" pin="0"/><net_sink comp="67" pin=0"/></net>

<net id="73"><net_src comp="38" pin="0"/><net_sink comp="67" pin=1"/></net>

<net id="79"><net_src comp="67" pin="3"/><net_sink comp="74" pin=0"/></net>

<net id="85"><net_src comp="4" pin="0"/><net_sink comp="80" pin=0"/></net>

<net id="86"><net_src comp="38" pin="0"/><net_sink comp="80" pin=1"/></net>

<net id="92"><net_src comp="80" pin="3"/><net_sink comp="87" pin=0"/></net>

<net id="98"><net_src comp="6" pin="0"/><net_sink comp="93" pin=0"/></net>

<net id="99"><net_src comp="38" pin="0"/><net_sink comp="93" pin=1"/></net>

<net id="105"><net_src comp="93" pin="3"/><net_sink comp="100" pin=0"/></net>

<net id="111"><net_src comp="8" pin="0"/><net_sink comp="106" pin=0"/></net>

<net id="112"><net_src comp="38" pin="0"/><net_sink comp="106" pin=1"/></net>

<net id="118"><net_src comp="106" pin="3"/><net_sink comp="113" pin=0"/></net>

<net id="124"><net_src comp="10" pin="0"/><net_sink comp="119" pin=0"/></net>

<net id="125"><net_src comp="38" pin="0"/><net_sink comp="119" pin=1"/></net>

<net id="131"><net_src comp="119" pin="3"/><net_sink comp="126" pin=0"/></net>

<net id="136"><net_src comp="32" pin="0"/><net_sink comp="132" pin=0"/></net>

<net id="144"><net_src comp="137" pin="1"/><net_sink comp="140" pin=0"/></net>

<net id="145"><net_src comp="34" pin="0"/><net_sink comp="140" pin=1"/></net>

<net id="150"><net_src comp="137" pin="1"/><net_sink comp="146" pin=0"/></net>

<net id="151"><net_src comp="36" pin="0"/><net_sink comp="146" pin=1"/></net>

<net id="155"><net_src comp="137" pin="1"/><net_sink comp="152" pin=0"/></net>

<net id="156"><net_src comp="152" pin="1"/><net_sink comp="54" pin=2"/></net>

<net id="157"><net_src comp="152" pin="1"/><net_sink comp="67" pin=2"/></net>

<net id="158"><net_src comp="152" pin="1"/><net_sink comp="80" pin=2"/></net>

<net id="163"><net_src comp="146" pin="2"/><net_sink comp="159" pin=0"/></net>

<net id="167"><net_src comp="61" pin="3"/><net_sink comp="164" pin=0"/></net>

<net id="168"><net_src comp="164" pin="1"/><net_sink comp="100" pin=1"/></net>

<net id="172"><net_src comp="74" pin="3"/><net_sink comp="169" pin=0"/></net>

<net id="173"><net_src comp="169" pin="1"/><net_sink comp="113" pin=1"/></net>

<net id="177"><net_src comp="87" pin="3"/><net_sink comp="174" pin=0"/></net>

<net id="178"><net_src comp="174" pin="1"/><net_sink comp="126" pin=1"/></net>

<net id="182"><net_src comp="50" pin="1"/><net_sink comp="179" pin=0"/></net>

<net id="183"><net_src comp="179" pin="1"/><net_sink comp="132" pin=1"/></net>

<net id="184"><net_src comp="179" pin="1"/><net_sink comp="137" pin=0"/></net>

<net id="185"><net_src comp="179" pin="1"/><net_sink comp="159" pin=1"/></net>

<net id="192"><net_src comp="152" pin="1"/><net_sink comp="189" pin=0"/></net>

<net id="193"><net_src comp="189" pin="1"/><net_sink comp="93" pin=2"/></net>

<net id="194"><net_src comp="189" pin="1"/><net_sink comp="106" pin=2"/></net>

<net id="195"><net_src comp="189" pin="1"/><net_sink comp="119" pin=2"/></net>

<net id="199"><net_src comp="54" pin="3"/><net_sink comp="196" pin=0"/></net>

<net id="200"><net_src comp="196" pin="1"/><net_sink comp="61" pin=0"/></net>

<net id="204"><net_src comp="67" pin="3"/><net_sink comp="201" pin=0"/></net>

<net id="205"><net_src comp="201" pin="1"/><net_sink comp="74" pin=0"/></net>

<net id="209"><net_src comp="80" pin="3"/><net_sink comp="206" pin=0"/></net>

<net id="210"><net_src comp="206" pin="1"/><net_sink comp="87" pin=0"/></net>

</net_list>

</model> 
---------------- Datapath Model END ------------------

* FSMD analyzer results:
  - Output states:
	Port: gamma_lut_0 | {}
	Port: gamma_lut_1 | {}
	Port: gamma_lut_2 | {}
	Port: lut_0_0 | {2 }
	Port: lut_1_0 | {2 }
	Port: lut_2_0 | {2 }
 - Input state : 
	Port: Gamma_Pipeline_VITIS_LOOP_315_1 : gamma_lut_0 | {1 2 }
	Port: Gamma_Pipeline_VITIS_LOOP_315_1 : gamma_lut_1 | {1 2 }
	Port: Gamma_Pipeline_VITIS_LOOP_315_1 : gamma_lut_2 | {1 2 }
  - Chain level:
	State 1
		store_ln315 : 1
		i_3 : 1
		icmp_ln315 : 2
		add_ln315 : 2
		br_ln315 : 3
		zext_ln315 : 2
		gamma_lut_0_addr : 3
		gamma_lut_0_load : 4
		gamma_lut_1_addr : 3
		gamma_lut_1_load : 4
		gamma_lut_2_addr : 3
		gamma_lut_2_load : 4
		store_ln315 : 3
	State 2
		empty : 1
		empty_47 : 1
		empty_48 : 1
		store_ln319 : 2
		store_ln320 : 2
		store_ln321 : 2


============================================================
+ Verbose Summary: Datapath Resource usage 
============================================================

* Functional unit list:
|----------|-------------------|---------|---------|
| Operation|  Functional Unit  |    FF   |   LUT   |
|----------|-------------------|---------|---------|
|   icmp   | icmp_ln315_fu_140 |    0    |    18   |
|----------|-------------------|---------|---------|
|    add   |  add_ln315_fu_146 |    0    |    18   |
|----------|-------------------|---------|---------|
|   zext   | zext_ln315_fu_152 |    0    |    0    |
|----------|-------------------|---------|---------|
|          |    empty_fu_164   |    0    |    0    |
|   trunc  |  empty_47_fu_169  |    0    |    0    |
|          |  empty_48_fu_174  |    0    |    0    |
|----------|-------------------|---------|---------|
|   Total  |                   |    0    |    36   |
|----------|-------------------|---------|---------|

Memories:
N/A

* Register list:
+------------------------+--------+
|                        |   FF   |
+------------------------+--------+
|gamma_lut_0_addr_reg_196|   10   |
|gamma_lut_1_addr_reg_201|   10   |
|gamma_lut_2_addr_reg_206|   10   |
|        i_reg_179       |   11   |
|   zext_ln315_reg_189   |   64   |
+------------------------+--------+
|          Total         |   105  |
+------------------------+--------+

* Multiplexer (MUX) list: 
|------------------|------|------|------|--------||---------||---------||---------|
|       Comp       |  Pin | Size |  BW  | S x BW ||  Delay  ||    FF   ||   LUT   |
|------------------|------|------|------|--------||---------||---------||---------|
| grp_access_fu_61 |  p0  |   2  |  10  |   20   ||    0    ||    9    |
| grp_access_fu_74 |  p0  |   2  |  10  |   20   ||    0    ||    9    |
| grp_access_fu_87 |  p0  |   2  |  10  |   20   ||    0    ||    9    |
|------------------|------|------|------|--------||---------||---------||---------|
|       Total      |      |      |      |   60   ||  1.281  ||    0    ||    27   |
|------------------|------|------|------|--------||---------||---------||---------|



* Summary:
+-----------+--------+--------+--------+
|           |  Delay |   FF   |   LUT  |
+-----------+--------+--------+--------+
|  Function |    -   |    0   |   36   |
|   Memory  |    -   |    -   |    -   |
|Multiplexer|    1   |    0   |   27   |
|  Register |    -   |   105  |    -   |
+-----------+--------+--------+--------+
|   Total   |    1   |   105  |   63   |
+-----------+--------+--------+--------+
