Time resolution is 1 ps
Note: Reset applied: reset = 1
Time: 0 ps  Iteration: 0  Process: /tb_hidden_layer/stimulus  File: E:/KRIA/SpikingNeuralNetwork/SpikingNeuralNetwork.srcs/sim_1/new/hidden_layer_tb.vhd
Note: Reset released: reset = 0
Time: 50 ns  Iteration: 0  Process: /tb_hidden_layer/stimulus  File: E:/KRIA/SpikingNeuralNetwork/SpikingNeuralNetwork.srcs/sim_1/new/hidden_layer_tb.vhd
Note: Enable activated: enable = 1
Time: 100 ns  Iteration: 0  Process: /tb_hidden_layer/stimulus  File: E:/KRIA/SpikingNeuralNetwork/SpikingNeuralNetwork.srcs/sim_1/new/hidden_layer_tb.vhd
Note: Weights and bias loaded for neuron 0 in first hidden layer.
Time: 130 ns  Iteration: 0  Process: /tb_hidden_layer/stimulus  File: E:/KRIA/SpikingNeuralNetwork/SpikingNeuralNetwork.srcs/sim_1/new/hidden_layer_tb.vhd
Note: Weights and bias loaded for neuron 1 in first hidden layer.
Time: 160 ns  Iteration: 0  Process: /tb_hidden_layer/stimulus  File: E:/KRIA/SpikingNeuralNetwork/SpikingNeuralNetwork.srcs/sim_1/new/hidden_layer_tb.vhd
Note: Weights and bias loaded for neuron 2 in first hidden layer.
Time: 190 ns  Iteration: 0  Process: /tb_hidden_layer/stimulus  File: E:/KRIA/SpikingNeuralNetwork/SpikingNeuralNetwork.srcs/sim_1/new/hidden_layer_tb.vhd
Note: Weights and bias loaded for neuron 3 in first hidden layer.
Time: 220 ns  Iteration: 0  Process: /tb_hidden_layer/stimulus  File: E:/KRIA/SpikingNeuralNetwork/SpikingNeuralNetwork.srcs/sim_1/new/hidden_layer_tb.vhd
Note: Weights and bias loaded for neuron 4 in first hidden layer.
Time: 250 ns  Iteration: 0  Process: /tb_hidden_layer/stimulus  File: E:/KRIA/SpikingNeuralNetwork/SpikingNeuralNetwork.srcs/sim_1/new/hidden_layer_tb.vhd
Note: Weights and bias loaded for neuron 5 in first hidden layer.
Time: 280 ns  Iteration: 0  Process: /tb_hidden_layer/stimulus  File: E:/KRIA/SpikingNeuralNetwork/SpikingNeuralNetwork.srcs/sim_1/new/hidden_layer_tb.vhd
Note: Weights and bias loaded for neuron 6 in first hidden layer.
Time: 310 ns  Iteration: 0  Process: /tb_hidden_layer/stimulus  File: E:/KRIA/SpikingNeuralNetwork/SpikingNeuralNetwork.srcs/sim_1/new/hidden_layer_tb.vhd
Note: Weights and bias loaded for neuron 7 in first hidden layer.
Time: 340 ns  Iteration: 0  Process: /tb_hidden_layer/stimulus  File: E:/KRIA/SpikingNeuralNetwork/SpikingNeuralNetwork.srcs/sim_1/new/hidden_layer_tb.vhd
Note: Weights and bias loaded for neuron 8 in first hidden layer.
Time: 370 ns  Iteration: 0  Process: /tb_hidden_layer/stimulus  File: E:/KRIA/SpikingNeuralNetwork/SpikingNeuralNetwork.srcs/sim_1/new/hidden_layer_tb.vhd
Note: Weights and bias loaded for neuron 9 in first hidden layer.
Time: 400 ns  Iteration: 0  Process: /tb_hidden_layer/stimulus  File: E:/KRIA/SpikingNeuralNetwork/SpikingNeuralNetwork.srcs/sim_1/new/hidden_layer_tb.vhd
Note: Weights and bias loaded for neuron 10 in first hidden layer.
Time: 430 ns  Iteration: 0  Process: /tb_hidden_layer/stimulus  File: E:/KRIA/SpikingNeuralNetwork/SpikingNeuralNetwork.srcs/sim_1/new/hidden_layer_tb.vhd
Note: Weights and bias loaded for neuron 11 in first hidden layer.
Time: 460 ns  Iteration: 0  Process: /tb_hidden_layer/stimulus  File: E:/KRIA/SpikingNeuralNetwork/SpikingNeuralNetwork.srcs/sim_1/new/hidden_layer_tb.vhd
Note: Weights and bias loaded for neuron 12 in first hidden layer.
Time: 490 ns  Iteration: 0  Process: /tb_hidden_layer/stimulus  File: E:/KRIA/SpikingNeuralNetwork/SpikingNeuralNetwork.srcs/sim_1/new/hidden_layer_tb.vhd
Note: Weights and bias loaded for neuron 13 in first hidden layer.
Time: 520 ns  Iteration: 0  Process: /tb_hidden_layer/stimulus  File: E:/KRIA/SpikingNeuralNetwork/SpikingNeuralNetwork.srcs/sim_1/new/hidden_layer_tb.vhd
Note: Weights and bias loaded for neuron 14 in first hidden layer.
Time: 550 ns  Iteration: 0  Process: /tb_hidden_layer/stimulus  File: E:/KRIA/SpikingNeuralNetwork/SpikingNeuralNetwork.srcs/sim_1/new/hidden_layer_tb.vhd
Note: Weights and bias loaded for neuron 15 in first hidden layer.
Time: 580 ns  Iteration: 0  Process: /tb_hidden_layer/stimulus  File: E:/KRIA/SpikingNeuralNetwork/SpikingNeuralNetwork.srcs/sim_1/new/hidden_layer_tb.vhd
Note: Weights and bias loaded for neuron 16 in first hidden layer.
Time: 610 ns  Iteration: 0  Process: /tb_hidden_layer/stimulus  File: E:/KRIA/SpikingNeuralNetwork/SpikingNeuralNetwork.srcs/sim_1/new/hidden_layer_tb.vhd
Note: Weights and bias loaded for neuron 17 in first hidden layer.
Time: 640 ns  Iteration: 0  Process: /tb_hidden_layer/stimulus  File: E:/KRIA/SpikingNeuralNetwork/SpikingNeuralNetwork.srcs/sim_1/new/hidden_layer_tb.vhd
Note: Weights and bias loaded for neuron 18 in first hidden layer.
Time: 670 ns  Iteration: 0  Process: /tb_hidden_layer/stimulus  File: E:/KRIA/SpikingNeuralNetwork/SpikingNeuralNetwork.srcs/sim_1/new/hidden_layer_tb.vhd
Note: Weights and bias loaded for neuron 19 in first hidden layer.
Time: 700 ns  Iteration: 0  Process: /tb_hidden_layer/stimulus  File: E:/KRIA/SpikingNeuralNetwork/SpikingNeuralNetwork.srcs/sim_1/new/hidden_layer_tb.vhd
Note: Weights and bias loaded for neuron 20 in first hidden layer.
Time: 730 ns  Iteration: 0  Process: /tb_hidden_layer/stimulus  File: E:/KRIA/SpikingNeuralNetwork/SpikingNeuralNetwork.srcs/sim_1/new/hidden_layer_tb.vhd
Note: Weights and bias loaded for neuron 21 in first hidden layer.
Time: 760 ns  Iteration: 0  Process: /tb_hidden_layer/stimulus  File: E:/KRIA/SpikingNeuralNetwork/SpikingNeuralNetwork.srcs/sim_1/new/hidden_layer_tb.vhd
Note: Weights and bias loaded for neuron 22 in first hidden layer.
Time: 790 ns  Iteration: 0  Process: /tb_hidden_layer/stimulus  File: E:/KRIA/SpikingNeuralNetwork/SpikingNeuralNetwork.srcs/sim_1/new/hidden_layer_tb.vhd
Note: Weights and bias loaded for neuron 23 in first hidden layer.
Time: 820 ns  Iteration: 0  Process: /tb_hidden_layer/stimulus  File: E:/KRIA/SpikingNeuralNetwork/SpikingNeuralNetwork.srcs/sim_1/new/hidden_layer_tb.vhd
Note: Weights and bias loaded for neuron 24 in first hidden layer.
Time: 850 ns  Iteration: 0  Process: /tb_hidden_layer/stimulus  File: E:/KRIA/SpikingNeuralNetwork/SpikingNeuralNetwork.srcs/sim_1/new/hidden_layer_tb.vhd
Note: Weights and bias loaded for neuron 25 in first hidden layer.
Time: 880 ns  Iteration: 0  Process: /tb_hidden_layer/stimulus  File: E:/KRIA/SpikingNeuralNetwork/SpikingNeuralNetwork.srcs/sim_1/new/hidden_layer_tb.vhd
Note: Weights and bias loaded for neuron 26 in first hidden layer.
Time: 910 ns  Iteration: 0  Process: /tb_hidden_layer/stimulus  File: E:/KRIA/SpikingNeuralNetwork/SpikingNeuralNetwork.srcs/sim_1/new/hidden_layer_tb.vhd
Note: Weights and bias loaded for neuron 27 in first hidden layer.
Time: 940 ns  Iteration: 0  Process: /tb_hidden_layer/stimulus  File: E:/KRIA/SpikingNeuralNetwork/SpikingNeuralNetwork.srcs/sim_1/new/hidden_layer_tb.vhd
Note: Weights and bias loaded for neuron 28 in first hidden layer.
Time: 970 ns  Iteration: 0  Process: /tb_hidden_layer/stimulus  File: E:/KRIA/SpikingNeuralNetwork/SpikingNeuralNetwork.srcs/sim_1/new/hidden_layer_tb.vhd
Note: Weights and bias loaded for neuron 29 in first hidden layer.
Time: 1 us  Iteration: 0  Process: /tb_hidden_layer/stimulus  File: E:/KRIA/SpikingNeuralNetwork/SpikingNeuralNetwork.srcs/sim_1/new/hidden_layer_tb.vhd
Note: Weights and bias loaded for neuron 30 in first hidden layer.
Time: 1030 ns  Iteration: 0  Process: /tb_hidden_layer/stimulus  File: E:/KRIA/SpikingNeuralNetwork/SpikingNeuralNetwork.srcs/sim_1/new/hidden_layer_tb.vhd
Note: Weights and bias loaded for neuron 31 in first hidden layer.
Time: 1060 ns  Iteration: 0  Process: /tb_hidden_layer/stimulus  File: E:/KRIA/SpikingNeuralNetwork/SpikingNeuralNetwork.srcs/sim_1/new/hidden_layer_tb.vhd
Note: Weights and bias loaded for neuron 32 in first hidden layer.
Time: 1090 ns  Iteration: 0  Process: /tb_hidden_layer/stimulus  File: E:/KRIA/SpikingNeuralNetwork/SpikingNeuralNetwork.srcs/sim_1/new/hidden_layer_tb.vhd
Note: Weights and bias loaded for neuron 33 in first hidden layer.
Time: 1120 ns  Iteration: 0  Process: /tb_hidden_layer/stimulus  File: E:/KRIA/SpikingNeuralNetwork/SpikingNeuralNetwork.srcs/sim_1/new/hidden_layer_tb.vhd
Note: Weights and bias loaded for neuron 34 in first hidden layer.
T