

================================================================
== Vitis HLS Report for 'AXIvideo2MultiBayer'
================================================================
* Date:           Sun Jun 16 23:48:23 2024

* Version:        2024.1 (Build 5069499 on May 21 2024)
* Project:        prj
* Solution:       sol (Vivado IP Flow Target)
* Product family: zynquplus
* Target device:  xck26-sfvc784-2LV-c


================================================================
== Performance Estimates
================================================================
+ Timing: 
    * Summary: 
    +--------+---------+----------+------------+
    |  Clock |  Target | Estimated| Uncertainty|
    +--------+---------+----------+------------+
    |ap_clk  |  6.73 ns|  2.102 ns|     1.82 ns|
    +--------+---------+----------+------------+

+ Latency: 
    * Summary: 
    +---------+---------+----------+----------+-----+-----+---------+
    |  Latency (cycles) |  Latency (absolute) |  Interval | Pipeline|
    |   min   |   max   |    min   |    max   | min | max |   Type  |
    +---------+---------+----------+----------+-----+-----+---------+
    |        ?|        ?|         ?|         ?|    ?|    ?|       no|
    +---------+---------+----------+----------+-----+-----+---------+

    + Detail: 
        * Instance: 
        +-------------------------------------------------------------+--------------------------------------------------+---------+---------+-----------+-----------+-----+------+-----------------------------------------------+
        |                                                             |                                                  |  Latency (cycles) |   Latency (absolute)  |  Interval  |                    Pipeline                   |
        |                           Instance                          |                      Module                      |   min   |   max   |    min    |    max    | min |  max |                      Type                     |
        +-------------------------------------------------------------+--------------------------------------------------+---------+---------+-----------+-----------+-----+------+-----------------------------------------------+
        |grp_AXIvideo2MultiBayer_Pipeline_loop_wait_for_start_fu_136  |AXIvideo2MultiBayer_Pipeline_loop_wait_for_start  |        ?|        ?|          ?|          ?|    0|     0|  loop auto-rewind stp(delay=0 clock cycles(s))|
        |grp_AXIvideo2MultiBayer_Pipeline_loop_width_fu_156           |AXIvideo2MultiBayer_Pipeline_loop_width           |        2|     1922|  13.468 ns|  12.943 us|    1|  1921|  loop auto-rewind stp(delay=0 clock cycles(s))|
        |grp_AXIvideo2MultiBayer_Pipeline_loop_wait_for_eol_fu_184    |AXIvideo2MultiBayer_Pipeline_loop_wait_for_eol    |        ?|        ?|          ?|          ?|    0|     0|  loop auto-rewind stp(delay=0 clock cycles(s))|
        |grp_reg_unsigned_short_s_fu_220                              |reg_unsigned_short_s                              |        1|        1|   6.734 ns|   6.734 ns|    1|     1|                                            yes|
        |grp_reg_unsigned_short_s_fu_225                              |reg_unsigned_short_s                              |        1|        1|   6.734 ns|   6.734 ns|    1|     1|                                            yes|
        +-------------------------------------------------------------+--------------------------------------------------+---------+---------+-----------+-----------+-----+------+-----------------------------------------------+

        * Loop: 
        +---------------+---------+---------+----------+-----------+-----------+----------+----------+
        |               |  Latency (cycles) | Iteration|  Initiation Interval  |   Trip   |          |
        |   Loop Name   |   min   |   max   |  Latency |  achieved |   target  |   Count  | Pipelined|
        +---------------+---------+---------+----------+-----------+-----------+----------+----------+
        |- loop_height  |        ?|        ?|         ?|          -|          -|  0 ~ 1080|        no|
        +---------------+---------+---------+----------+-----------+-----------+----------+----------+

============================================================
+ Verbose Summary: Synthesis Manager
============================================================
InlineROM: 1
ExposeGlobal: 0
============================================================
+ Verbose Summary: CDFG Model
============================================================
IsTopModel: 0
ResetActiveHigh: 1
IsCombinational: 2
IsDatapathOnly: 0
HasWiredReturn: 1
HasMFsm: 0
HasVarLatency: 1
IsPipeline: 0
IsRtlPipelined: 0
IsInstanceOverlapped: 0
IsDontTouch: 0
HasImplIP: 0
IsGatedGlobalClock: 0


============================================================
+ Verbose Summary: Schedule
============================================================
* Number of FSM states : 10
* Pipeline : 0
* Dataflow Pipeline: 0

* FSM state transitions: 
1 --> 2 
2 --> 3 
3 --> 4 
4 --> 5 
5 --> 6 
6 --> 7 
7 --> 8 
8 --> 9 
9 --> 10 
10 --> 5 

* FSM state operations: 

State 1 <SV = 0> <Delay = 0.42>
ST_1 : Operation 11 [1/1] (0.00ns)   --->   "%axi_data_2 = alloca i32 1" [F:/Projects/Vivado/project_Scratch/project_Scratch.runs/design_1_v_demosaic_0_0_synth_1/prj/sol/.autopilot/db/v_demosaic.cpp:141]   --->   Operation 11 'alloca' 'axi_data_2' <Predicate = true> <Delay = 0.00>
ST_1 : Operation 12 [1/1] (0.00ns)   --->   "%i = alloca i32 1" [F:/Projects/Vivado/project_Scratch/project_Scratch.runs/design_1_v_demosaic_0_0_synth_1/prj/sol/.autopilot/db/v_demosaic.cpp:163]   --->   Operation 12 'alloca' 'i' <Predicate = true> <Delay = 0.00>
ST_1 : Operation 13 [1/1] (0.00ns)   --->   "%WidthIn_read = read i16 @_ssdm_op_Read.ap_stable.i16, i16 %WidthIn"   --->   Operation 13 'read' 'WidthIn_read' <Predicate = true> <Delay = 0.00>
ST_1 : Operation 14 [1/1] (0.00ns)   --->   "%Height_read = read i16 @_ssdm_op_Read.ap_stable.i16, i16 %Height"   --->   Operation 14 'read' 'Height_read' <Predicate = true> <Delay = 0.00>
ST_1 : Operation 15 [1/1] (0.00ns)   --->   "%axi_last_4_loc = alloca i64 1"   --->   Operation 15 'alloca' 'axi_last_4_loc' <Predicate = true> <Delay = 0.00>
ST_1 : Operation 16 [1/1] (0.00ns)   --->   "%axi_data_3_loc = alloca i64 1"   --->   Operation 16 'alloca' 'axi_data_3_loc' <Predicate = true> <Delay = 0.00>
ST_1 : Operation 17 [1/1] (0.00ns)   --->   "%eol_loc = alloca i64 1"   --->   Operation 17 'alloca' 'eol_loc' <Predicate = true> <Delay = 0.00>
ST_1 : Operation 18 [1/1] (0.00ns)   --->   "%axi_last_loc = alloca i64 1"   --->   Operation 18 'alloca' 'axi_last_loc' <Predicate = true> <Delay = 0.00>
ST_1 : Operation 19 [1/1] (0.00ns)   --->   "%trunc_ln145 = trunc i16 %Height_read" [F:/Projects/Vivado/project_Scratch/project_Scratch.runs/design_1_v_demosaic_0_0_synth_1/prj/sol/.autopilot/db/v_demosaic.cpp:145]   --->   Operation 19 'trunc' 'trunc_ln145' <Predicate = true> <Delay = 0.00>
ST_1 : Operation 20 [1/1] (0.00ns)   --->   "%trunc_ln146 = trunc i16 %WidthIn_read" [F:/Projects/Vivado/project_Scratch/project_Scratch.runs/design_1_v_demosaic_0_0_synth_1/prj/sol/.autopilot/db/v_demosaic.cpp:146]   --->   Operation 20 'trunc' 'trunc_ln146' <Predicate = true> <Delay = 0.00>
ST_1 : Operation 21 [1/1] (0.42ns)   --->   "%store_ln163 = store i11 0, i11 %i" [F:/Projects/Vivado/project_Scratch/project_Scratch.runs/design_1_v_demosaic_0_0_synth_1/prj/sol/.autopilot/db/v_demosaic.cpp:163]   --->   Operation 21 'store' 'store_ln163' <Predicate = true> <Delay = 0.42>

State 2 <SV = 1> <Delay = 0.50>
ST_2 : Operation 22 [1/1] (0.00ns)   --->   "%empty = wait i32 @_ssdm_op_Wait"   --->   Operation 22 'wait' 'empty' <Predicate = true> <Delay = 0.00>
ST_2 : Operation 23 [2/2] (0.50ns)   --->   "%call_ln0 = call void @AXIvideo2MultiBayer_Pipeline_loop_wait_for_start, i16 %s_axis_video_V_data_V, i2 %s_axis_video_V_keep_V, i2 %s_axis_video_V_strb_V, i1 %s_axis_video_V_user_V, i1 %s_axis_video_V_last_V, i1 %s_axis_video_V_id_V, i1 %s_axis_video_V_dest_V, i10 %axi_data_2, i1 %axi_last_loc"   --->   Operation 23 'call' 'call_ln0' <Predicate = true> <Delay = 0.50> <CoreType = "Generic">   --->   Core 0 '' <Latency = 0> <II = 1> <Delay = 1.00> <Generic> <Opcode : >

State 3 <SV = 2> <Delay = 0.85>
ST_3 : Operation 24 [2/2] (0.00ns)   --->   "%rows = call i11 @reg<unsigned short>, i11 %trunc_ln145" [F:/Projects/Vivado/project_Scratch/project_Scratch.runs/design_1_v_demosaic_0_0_synth_1/prj/sol/.autopilot/db/v_demosaic.cpp:145]   --->   Operation 24 'call' 'rows' <Predicate = true> <Delay = 0.00> <CoreType = "Generic">   --->   Core 0 '' <Latency = 0> <II = 1> <Delay = 1.00> <Generic> <Opcode : >
ST_3 : Operation 25 [2/2] (0.00ns)   --->   "%cols = call i11 @reg<unsigned short>, i11 %trunc_ln146" [F:/Projects/Vivado/project_Scratch/project_Scratch.runs/design_1_v_demosaic_0_0_synth_1/prj/sol/.autopilot/db/v_demosaic.cpp:146]   --->   Operation 25 'call' 'cols' <Predicate = true> <Delay = 0.00> <CoreType = "Generic">   --->   Core 0 '' <Latency = 0> <II = 1> <Delay = 1.00> <Generic> <Opcode : >
ST_3 : Operation 26 [1/2] (0.85ns)   --->   "%call_ln0 = call void @AXIvideo2MultiBayer_Pipeline_loop_wait_for_start, i16 %s_axis_video_V_data_V, i2 %s_axis_video_V_keep_V, i2 %s_axis_video_V_strb_V, i1 %s_axis_video_V_user_V, i1 %s_axis_video_V_last_V, i1 %s_axis_video_V_id_V, i1 %s_axis_video_V_dest_V, i10 %axi_data_2, i1 %axi_last_loc"   --->   Operation 26 'call' 'call_ln0' <Predicate = true> <Delay = 0.85> <CoreType = "Generic">   --->   Core 0 '' <Latency = 0> <II = 1> <Delay = 1.00> <Generic> <Opcode : >

State 4 <SV = 3> <Delay = 1.08>
ST_4 : Operation 27 [1/1] (0.00ns)   --->   "%specinterface_ln0 = specinterface void @_ssdm_op_SpecInterface, i16 %WidthIn, void @ap_stable_str, i32 0, i32 0, void @p_str, i32 0, i32 0, void @p_str, void @p_str, void @p_str, i32 2, i32 2, i32 16, i32 16, void @p_str, void @p_str, i32 4294967295, i32 0, i32 0"   --->   Operation 27 'specinterface' 'specinterface_ln0' <Predicate = true> <Delay = 0.00>
ST_4 : Operation 28 [1/1] (0.00ns)   --->   "%specinterface_ln0 = specinterface void @_ssdm_op_SpecInterface, i16 %Height, void @ap_stable_str, i32 0, i32 0, void @p_str, i32 0, i32 0, void @p_str, void @p_str, void @p_str, i32 2, i32 2, i32 16, i32 16, void @p_str, void @p_str, i32 4294967295, i32 0, i32 0"   --->   Operation 28 'specinterface' 'specinterface_ln0' <Predicate = true> <Delay = 0.00>
ST_4 : Operation 29 [1/1] (0.00ns)   --->   "%specaxissidechannel_ln0 = specaxissidechannel void @_ssdm_op_SpecAXISSideChannel, i16 %s_axis_video_V_data_V, i2 %s_axis_video_V_keep_V, i2 %s_axis_video_V_strb_V, i1 %s_axis_video_V_user_V, i1 %s_axis_video_V_last_V, i1 %s_axis_video_V_id_V, i1 %s_axis_video_V_dest_V, void @empty_26"   --->   Operation 29 'specaxissidechannel' 'specaxissidechannel_ln0' <Predicate = true> <Delay = 0.00>
ST_4 : Operation 30 [1/1] (0.00ns)   --->   "%specinterface_ln0 = specinterface void @_ssdm_op_SpecInterface, i10 %imgBayer, void @empty_24, i32 0, i32 0, void @empty_17, i32 0, i32 0, void @empty_17, void @empty_17, void @empty_17, i32 0, i32 0, i32 0, i32 0, void @empty_17, void @empty_17, i32 4294967295, i32 0, i32 0"   --->   Operation 30 'specinterface' 'specinterface_ln0' <Predicate = true> <Delay = 0.00>
ST_4 : Operation 31 [1/1] (0.00ns)   --->   "%specinterface_ln0 = specinterface void @_ssdm_op_SpecInterface, i1 %s_axis_video_V_dest_V, i1 %s_axis_video_V_id_V, i1 %s_axis_video_V_last_V, i1 %s_axis_video_V_user_V, i2 %s_axis_video_V_strb_V, i2 %s_axis_video_V_keep_V, i16 %s_axis_video_V_data_V, void @empty_23, i32 1, i32 1, void @empty_15, i32 0, i32 0, void @empty_17, void @empty_17, void @empty_17, i32 0, i32 0, i32 0, i32 0, void @empty_17, void @empty_17, i32 4294967295, i32 0, i32 0"   --->   Operation 31 'specinterface' 'specinterface_ln0' <Predicate = true> <Delay = 0.00>
ST_4 : Operation 32 [1/2] (0.00ns)   --->   "%rows = call i11 @reg<unsigned short>, i11 %trunc_ln145" [F:/Projects/Vivado/project_Scratch/project_Scratch.runs/design_1_v_demosaic_0_0_synth_1/prj/sol/.autopilot/db/v_demosaic.cpp:145]   --->   Operation 32 'call' 'rows' <Predicate = true> <Delay = 0.00> <CoreType = "Generic">   --->   Core 0 '' <Latency = 0> <II = 1> <Delay = 1.00> <Generic> <Opcode : >
ST_4 : Operation 33 [1/2] (0.00ns)   --->   "%cols = call i11 @reg<unsigned short>, i11 %trunc_ln146" [F:/Projects/Vivado/project_Scratch/project_Scratch.runs/design_1_v_demosaic_0_0_synth_1/prj/sol/.autopilot/db/v_demosaic.cpp:146]   --->   Operation 33 'call' 'cols' <Predicate = true> <Delay = 0.00> <CoreType = "Generic">   --->   Core 0 '' <Latency = 0> <II = 1> <Delay = 1.00> <Generic> <Opcode : >
ST_4 : Operation 34 [1/1] (0.00ns)   --->   "%axi_last_loc_load = load i1 %axi_last_loc"   --->   Operation 34 'load' 'axi_last_loc_load' <Predicate = true> <Delay = 0.00>
ST_4 : Operation 35 [1/1] (0.00ns)   --->   "%empty_170 = wait i32 @_ssdm_op_Wait"   --->   Operation 35 'wait' 'empty_170' <Predicate = true> <Delay = 0.00>
ST_4 : Operation 36 [1/1] (0.79ns)   --->   "%cmp10251 = icmp_ne  i11 %cols, i11 0" [F:/Projects/Vivado/project_Scratch/project_Scratch.runs/design_1_v_demosaic_0_0_synth_1/prj/sol/.autopilot/db/v_demosaic.cpp:146]   --->   Operation 36 'icmp' 'cmp10251' <Predicate = true> <Delay = 0.79> <CoreInst = "Cmp">   --->   Core 9 'Cmp' <Latency = 0> <II = 1> <Delay = 0.79> <FuncUnit> <Opcode : 'seteq' 'setne' 'setle' 'setge' 'setlt' 'setgt'> <InPorts = 2> <OutPorts = 1>
ST_4 : Operation 37 [1/1] (0.28ns)   --->   "%xor_ln188 = xor i1 %cmp10251, i1 1" [F:/Projects/Vivado/project_Scratch/project_Scratch.runs/design_1_v_demosaic_0_0_synth_1/prj/sol/.autopilot/db/v_demosaic.cpp:188]   --->   Operation 37 'xor' 'xor_ln188' <Predicate = true> <Delay = 0.28> <CoreInst = "LogicGate">   --->   Core 74 'LogicGate' <Latency = 0> <II = 1> <Delay = 0.28> <FuncUnit> <Opcode : 'and' 'or' 'xor'> <InPorts = 2> <OutPorts = 1>
ST_4 : Operation 38 [1/1] (0.42ns)   --->   "%br_ln163 = br void %loop_width" [F:/Projects/Vivado/project_Scratch/project_Scratch.runs/design_1_v_demosaic_0_0_synth_1/prj/sol/.autopilot/db/v_demosaic.cpp:163]   --->   Operation 38 'br' 'br_ln163' <Predicate = true> <Delay = 0.42>

State 5 <SV = 4> <Delay = 2.10>
ST_5 : Operation 39 [1/1] (0.00ns)   --->   "%sof = phi i1 1, void %entry, i1 %and_ln188, void %loop_width.split" [F:/Projects/Vivado/project_Scratch/project_Scratch.runs/design_1_v_demosaic_0_0_synth_1/prj/sol/.autopilot/db/v_demosaic.cpp:188]   --->   Operation 39 'phi' 'sof' <Predicate = true> <Delay = 0.00>
ST_5 : Operation 40 [1/1] (0.00ns)   --->   "%axi_last_2 = phi i1 %axi_last_loc_load, void %entry, i1 %axi_last_4_loc_load, void %loop_width.split"   --->   Operation 40 'phi' 'axi_last_2' <Predicate = true> <Delay = 0.00>
ST_5 : Operation 41 [1/1] (0.00ns)   --->   "%i_3 = load i11 %i" [F:/Projects/Vivado/project_Scratch/project_Scratch.runs/design_1_v_demosaic_0_0_synth_1/prj/sol/.autopilot/db/v_demosaic.cpp:163]   --->   Operation 41 'load' 'i_3' <Predicate = true> <Delay = 0.00>
ST_5 : Operation 42 [1/1] (0.79ns)   --->   "%icmp_ln163 = icmp_eq  i11 %i_3, i11 %rows" [F:/Projects/Vivado/project_Scratch/project_Scratch.runs/design_1_v_demosaic_0_0_synth_1/prj/sol/.autopilot/db/v_demosaic.cpp:163]   --->   Operation 42 'icmp' 'icmp_ln163' <Predicate = true> <Delay = 0.79> <CoreInst = "Cmp">   --->   Core 9 'Cmp' <Latency = 0> <II = 1> <Delay = 0.79> <FuncUnit> <Opcode : 'seteq' 'setne' 'setle' 'setge' 'setlt' 'setgt'> <InPorts = 2> <OutPorts = 1>
ST_5 : Operation 43 [1/1] (0.00ns)   --->   "%speclooptripcount_ln0 = speclooptripcount void @_ssdm_op_SpecLoopTripCount, i64 0, i64 1080, i64 0"   --->   Operation 43 'speclooptripcount' 'speclooptripcount_ln0' <Predicate = true> <Delay = 0.00>
ST_5 : Operation 44 [1/1] (0.79ns)   --->   "%i_4 = add i11 %i_3, i11 1" [F:/Projects/Vivado/project_Scratch/project_Scratch.runs/design_1_v_demosaic_0_0_synth_1/prj/sol/.autopilot/db/v_demosaic.cpp:163]   --->   Operation 44 'add' 'i_4' <Predicate = true> <Delay = 0.79> <CoreInst = "Adder">   --->   Core 1 'Adder' <Latency = 0> <II = 1> <Delay = 0.79> <FuncUnit> <Opcode : 'add' 'sub'> <InPorts = 2> <OutPorts = 1>
ST_5 : Operation 45 [1/1] (0.00ns)   --->   "%br_ln163 = br i1 %icmp_ln163, void %loop_width.split, void %for.end39.loopexit" [F:/Projects/Vivado/project_Scratch/project_Scratch.runs/design_1_v_demosaic_0_0_synth_1/prj/sol/.autopilot/db/v_demosaic.cpp:163]   --->   Operation 45 'br' 'br_ln163' <Predicate = true> <Delay = 0.00>
ST_5 : Operation 46 [1/1] (0.00ns)   --->   "%axi_data_2_load = load i10 %axi_data_2"   --->   Operation 46 'load' 'axi_data_2_load' <Predicate = (!icmp_ln163)> <Delay = 0.00>
ST_5 : Operation 47 [1/1] (0.00ns)   --->   "%empty_171 = wait i32 @_ssdm_op_Wait"   --->   Operation 47 'wait' 'empty_171' <Predicate = (!icmp_ln163)> <Delay = 0.00>
ST_5 : Operation 48 [2/2] (1.30ns)   --->   "%call_ln188 = call void @AXIvideo2MultiBayer_Pipeline_loop_width, i1 %sof, i1 %axi_last_2, i10 %axi_data_2_load, i11 %cols, i10 %imgBayer, i16 %s_axis_video_V_data_V, i2 %s_axis_video_V_keep_V, i2 %s_axis_video_V_strb_V, i1 %s_axis_video_V_user_V, i1 %s_axis_video_V_last_V, i1 %s_axis_video_V_id_V, i1 %s_axis_video_V_dest_V, i1 %eol_loc, i10 %axi_data_3_loc" [F:/Projects/Vivado/project_Scratch/project_Scratch.runs/design_1_v_demosaic_0_0_synth_1/prj/sol/.autopilot/db/v_demosaic.cpp:188]   --->   Operation 48 'call' 'call_ln188' <Predicate = (!icmp_ln163)> <Delay = 1.30> <CoreType = "Generic">   --->   Core 0 '' <Latency = 0> <II = 1> <Delay = 1.00> <Generic> <Opcode : >
ST_5 : Operation 49 [1/1] (0.28ns)   --->   "%and_ln188 = and i1 %sof, i1 %xor_ln188" [F:/Projects/Vivado/project_Scratch/project_Scratch.runs/design_1_v_demosaic_0_0_synth_1/prj/sol/.autopilot/db/v_demosaic.cpp:188]   --->   Operation 49 'and' 'and_ln188' <Predicate = (!icmp_ln163)> <Delay = 0.28> <CoreInst = "LogicGate">   --->   Core 74 'LogicGate' <Latency = 0> <II = 1> <Delay = 0.28> <FuncUnit> <Opcode : 'and' 'or' 'xor'> <InPorts = 2> <OutPorts = 1>
ST_5 : Operation 50 [1/1] (0.42ns)   --->   "%store_ln163 = store i11 %i_4, i11 %i" [F:/Projects/Vivado/project_Scratch/project_Scratch.runs/design_1_v_demosaic_0_0_synth_1/prj/sol/.autopilot/db/v_demosaic.cpp:163]   --->   Operation 50 'store' 'store_ln163' <Predicate = (!icmp_ln163)> <Delay = 0.42>
ST_5 : Operation 51 [1/1] (0.00ns)   --->   "%ret_ln0 = ret"   --->   Operation 51 'ret' 'ret_ln0' <Predicate = (icmp_ln163)> <Delay = 0.00>

State 6 <SV = 5> <Delay = 1.65>
ST_6 : Operation 52 [1/2] (1.65ns)   --->   "%call_ln188 = call void @AXIvideo2MultiBayer_Pipeline_loop_width, i1 %sof, i1 %axi_last_2, i10 %axi_data_2_load, i11 %cols, i10 %imgBayer, i16 %s_axis_video_V_data_V, i2 %s_axis_video_V_keep_V, i2 %s_axis_video_V_strb_V, i1 %s_axis_video_V_user_V, i1 %s_axis_video_V_last_V, i1 %s_axis_video_V_id_V, i1 %s_axis_video_V_dest_V, i1 %eol_loc, i10 %axi_data_3_loc" [F:/Projects/Vivado/project_Scratch/project_Scratch.runs/design_1_v_demosaic_0_0_synth_1/prj/sol/.autopilot/db/v_demosaic.cpp:188]   --->   Operation 52 'call' 'call_ln188' <Predicate = true> <Delay = 1.65> <CoreType = "Generic">   --->   Core 0 '' <Latency = 0> <II = 1> <Delay = 1.00> <Generic> <Opcode : >

State 7 <SV = 6> <Delay = 0.00>
ST_7 : Operation 53 [1/1] (0.00ns)   --->   "%empty_172 = wait i32 @_ssdm_op_Wait"   --->   Operation 53 'wait' 'empty_172' <Predicate = true> <Delay = 0.00>

State 8 <SV = 7> <Delay = 0.68>
ST_8 : Operation 54 [1/1] (0.00ns)   --->   "%eol_loc_load = load i1 %eol_loc"   --->   Operation 54 'load' 'eol_loc_load' <Predicate = true> <Delay = 0.00>
ST_8 : Operation 55 [1/1] (0.00ns)   --->   "%axi_data_3_loc_load = load i10 %axi_data_3_loc"   --->   Operation 55 'load' 'axi_data_3_loc_load' <Predicate = true> <Delay = 0.00>
ST_8 : Operation 56 [1/1] (0.17ns)   --->   "%select_ln188 = select i1 %cmp10251, i1 %eol_loc_load, i1 %axi_last_2" [F:/Projects/Vivado/project_Scratch/project_Scratch.runs/design_1_v_demosaic_0_0_synth_1/prj/sol/.autopilot/db/v_demosaic.cpp:188]   --->   Operation 56 'select' 'select_ln188' <Predicate = true> <Delay = 0.17> <CoreInst = "Sel">   --->   Core 73 'Sel' <Latency = 0> <II = 1> <Delay = 0.17> <FuncUnit> <Opcode : 'select'> <InPorts = 3> <OutPorts = 1>
ST_8 : Operation 57 [1/1] (0.00ns)   --->   "%empty_173 = wait i32 @_ssdm_op_Wait"   --->   Operation 57 'wait' 'empty_173' <Predicate = true> <Delay = 0.00>
ST_8 : Operation 58 [2/2] (0.50ns)   --->   "%call_ln188 = call void @AXIvideo2MultiBayer_Pipeline_loop_wait_for_eol, i10 %axi_data_3_loc_load, i1 %select_ln188, i1 %eol_loc_load, i16 %s_axis_video_V_data_V, i2 %s_axis_video_V_keep_V, i2 %s_axis_video_V_strb_V, i1 %s_axis_video_V_user_V, i1 %s_axis_video_V_last_V, i1 %s_axis_video_V_id_V, i1 %s_axis_video_V_dest_V, i10 %axi_data_2, i1 %axi_last_4_loc" [F:/Projects/Vivado/project_Scratch/project_Scratch.runs/design_1_v_demosaic_0_0_synth_1/prj/sol/.autopilot/db/v_demosaic.cpp:188]   --->   Operation 58 'call' 'call_ln188' <Predicate = true> <Delay = 0.50> <CoreType = "Generic">   --->   Core 0 '' <Latency = 0> <II = 1> <Delay = 1.00> <Generic> <Opcode : >

State 9 <SV = 8> <Delay = 0.85>
ST_9 : Operation 59 [1/2] (0.85ns)   --->   "%call_ln188 = call void @AXIvideo2MultiBayer_Pipeline_loop_wait_for_eol, i10 %axi_data_3_loc_load, i1 %select_ln188, i1 %eol_loc_load, i16 %s_axis_video_V_data_V, i2 %s_axis_video_V_keep_V, i2 %s_axis_video_V_strb_V, i1 %s_axis_video_V_user_V, i1 %s_axis_video_V_last_V, i1 %s_axis_video_V_id_V, i1 %s_axis_video_V_dest_V, i10 %axi_data_2, i1 %axi_last_4_loc" [F:/Projects/Vivado/project_Scratch/project_Scratch.runs/design_1_v_demosaic_0_0_synth_1/prj/sol/.autopilot/db/v_demosaic.cpp:188]   --->   Operation 59 'call' 'call_ln188' <Predicate = true> <Delay = 0.85> <CoreType = "Generic">   --->   Core 0 '' <Latency = 0> <II = 1> <Delay = 1.00> <Generic> <Opcode : >

State 10 <SV = 9> <Delay = 0.00>
ST_10 : Operation 60 [1/1] (0.00ns)   --->   "%specloopname_ln163 = specloopname void @_ssdm_op_SpecLoopName, void @empty_2" [F:/Projects/Vivado/project_Scratch/project_Scratch.runs/design_1_v_demosaic_0_0_synth_1/prj/sol/.autopilot/db/v_demosaic.cpp:163]   --->   Operation 60 'specloopname' 'specloopname_ln163' <Predicate = true> <Delay = 0.00>
ST_10 : Operation 61 [1/1] (0.00ns)   --->   "%axi_last_4_loc_load = load i1 %axi_last_4_loc"   --->   Operation 61 'load' 'axi_last_4_loc_load' <Predicate = true> <Delay = 0.00>
ST_10 : Operation 62 [1/1] (0.00ns)   --->   "%br_ln163 = br void %loop_width" [F:/Projects/Vivado/project_Scratch/project_Scratch.runs/design_1_v_demosaic_0_0_synth_1/prj/sol/.autopilot/db/v_demosaic.cpp:163]   --->   Operation 62 'br' 'br_ln163' <Predicate = true> <Delay = 0.00>


============================================================
+ Verbose Summary: Binding
============================================================
STG Binding: 
---------------- STG Properties BEGIN ----------------
- Is combinational: 0
- Is one-state seq: 0
- Is datapath-only: 0
- Is pipelined: 0
- Is top level: 0
Port [ Return ] is wired: 1; IO mode=ap_ctrl_hs:ce=0
Port [ s_axis_video_V_data_V]:  wired=1; compound=1; hidden=0; nouse=0; global=0; static=0; extern=0; dir=0; type=0; pingpong=0; private_global=0; IO mode=axis:ce=0
Port [ s_axis_video_V_keep_V]:  wired=1; compound=1; hidden=0; nouse=0; global=0; static=0; extern=0; dir=0; type=0; pingpong=0; private_global=0; IO mode=axis:ce=0
Port [ s_axis_video_V_strb_V]:  wired=1; compound=1; hidden=0; nouse=0; global=0; static=0; extern=0; dir=0; type=0; pingpong=0; private_global=0; IO mode=axis:ce=0
Port [ s_axis_video_V_user_V]:  wired=1; compound=1; hidden=0; nouse=0; global=0; static=0; extern=0; dir=0; type=0; pingpong=0; private_global=0; IO mode=axis:ce=0
Port [ s_axis_video_V_last_V]:  wired=1; compound=1; hidden=0; nouse=0; global=0; static=0; extern=0; dir=0; type=0; pingpong=0; private_global=0; IO mode=axis:ce=0
Port [ s_axis_video_V_id_V]:  wired=1; compound=1; hidden=0; nouse=0; global=0; static=0; extern=0; dir=0; type=0; pingpong=0; private_global=0; IO mode=axis:ce=0
Port [ s_axis_video_V_dest_V]:  wired=1; compound=1; hidden=0; nouse=0; global=0; static=0; extern=0; dir=0; type=0; pingpong=0; private_global=0; IO mode=axis:ce=0
Port [ imgBayer]:  wired=1; compound=1; hidden=0; nouse=0; global=0; static=0; extern=0; dir=1; type=3; pingpong=0; private_global=0; IO mode=ap_fifo:ce=0
Port [ Height]:  wired=1; compound=0; hidden=0; nouse=0; global=0; static=0; extern=0; dir=0; type=0; pingpong=0; private_global=0; IO mode=ap_stable:ce=0
Port [ WidthIn]:  wired=1; compound=0; hidden=0; nouse=0; global=0; static=0; extern=0; dir=0; type=0; pingpong=0; private_global=0; IO mode=ap_stable:ce=0
---------------- STG Properties END ------------------

---------------- Datapath Model BEGIN ----------------

<LifeTime>
<method=bitvector/>
axi_data_2              (alloca             ) [ 00111111111]
i                       (alloca             ) [ 01111111111]
WidthIn_read            (read               ) [ 00000000000]
Height_read             (read               ) [ 00000000000]
axi_last_4_loc          (alloca             ) [ 00111111111]
axi_data_3_loc          (alloca             ) [ 00111111111]
eol_loc                 (alloca             ) [ 00111111111]
axi_last_loc            (alloca             ) [ 00111000000]
trunc_ln145             (trunc              ) [ 00110000000]
trunc_ln146             (trunc              ) [ 00110000000]
store_ln163             (store              ) [ 00000000000]
empty                   (wait               ) [ 00000000000]
call_ln0                (call               ) [ 00000000000]
specinterface_ln0       (specinterface      ) [ 00000000000]
specinterface_ln0       (specinterface      ) [ 00000000000]
specaxissidechannel_ln0 (specaxissidechannel) [ 00000000000]
specinterface_ln0       (specinterface      ) [ 00000000000]
specinterface_ln0       (specinterface      ) [ 00000000000]
rows                    (call               ) [ 00000111111]
cols                    (call               ) [ 00000111111]
axi_last_loc_load       (load               ) [ 00001111111]
empty_170               (wait               ) [ 00000000000]
cmp10251                (icmp               ) [ 00000111111]
xor_ln188               (xor                ) [ 00000111111]
br_ln163                (br                 ) [ 00001111111]
sof                     (phi                ) [ 00000110000]
axi_last_2              (phi                ) [ 00000111100]
i_3                     (load               ) [ 00000000000]
icmp_ln163              (icmp               ) [ 00000111111]
speclooptripcount_ln0   (speclooptripcount  ) [ 00000000000]
i_4                     (add                ) [ 00000000000]
br_ln163                (br                 ) [ 00000000000]
axi_data_2_load         (load               ) [ 00000010000]
empty_171               (wait               ) [ 00000000000]
and_ln188               (and                ) [ 00001111111]
store_ln163             (store              ) [ 00000000000]
ret_ln0                 (ret                ) [ 00000000000]
call_ln188              (call               ) [ 00000000000]
empty_172               (wait               ) [ 00000000000]
eol_loc_load            (load               ) [ 00000000010]
axi_data_3_loc_load     (load               ) [ 00000000010]
select_ln188            (select             ) [ 00000000010]
empty_173               (wait               ) [ 00000000000]
call_ln188              (call               ) [ 00000000000]
specloopname_ln163      (specloopname       ) [ 00000000000]
axi_last_4_loc_load     (load               ) [ 00001111111]
br_ln163                (br                 ) [ 00001111111]
</LifeTime>

<model>

<comp_list>
<comp id="0" class="1000" name="s_axis_video_V_data_V">
<pin_list>
<pin id="1" dir="1" index="0" bw="1" slack="0"/>
</pin_list>
<bind>
<StgValue><ssdm name="s_axis_video_V_data_V"/></StgValue>
</bind>
</comp>

<comp id="2" class="1000" name="s_axis_video_V_keep_V">
<pin_list>
<pin id="3" dir="1" index="0" bw="1" slack="0"/>
</pin_list>
<bind>
<StgValue><ssdm name="s_axis_video_V_keep_V"/></StgValue>
</bind>
</comp>

<comp id="4" class="1000" name="s_axis_video_V_strb_V">
<pin_list>
<pin id="5" dir="1" index="0" bw="1" slack="0"/>
</pin_list>
<bind>
<StgValue><ssdm name="s_axis_video_V_strb_V"/></StgValue>
</bind>
</comp>

<comp id="6" class="1000" name="s_axis_video_V_user_V">
<pin_list>
<pin id="7" dir="1" index="0" bw="1" slack="0"/>
</pin_list>
<bind>
<StgValue><ssdm name="s_axis_video_V_user_V"/></StgValue>
</bind>
</comp>

<comp id="8" class="1000" name="s_axis_video_V_last_V">
<pin_list>
<pin id="9" dir="1" index="0" bw="1" slack="0"/>
</pin_list>
<bind>
<StgValue><ssdm name="s_axis_video_V_last_V"/></StgValue>
</bind>
</comp>

<comp id="10" class="1000" name="s_axis_video_V_id_V">
<pin_list>
<pin id="11" dir="1" index="0" bw="1" slack="0"/>
</pin_list>
<bind>
<StgValue><ssdm name="s_axis_video_V_id_V"/></StgValue>
</bind>
</comp>

<comp id="12" class="1000" name="s_axis_video_V_dest_V">
<pin_list>
<pin id="13" dir="1" index="0" bw="1" slack="0"/>
</pin_list>
<bind>
<StgValue><ssdm name="s_axis_video_V_dest_V"/></StgValue>
</bind>
</comp>

<comp id="14" class="1000" name="imgBayer">
<pin_list>
<pin id="15" dir="1" index="0" bw="1" slack="0"/>
</pin_list>
<bind>
<StgValue><ssdm name="imgBayer"/></StgValue>
</bind>
</comp>

<comp id="16" class="1000" name="Height">
<pin_list>
<pin id="17" dir="1" index="0" bw="1" slack="0"/>
</pin_list>
<bind>
<StgValue><ssdm name="Height"/></StgValue>
</bind>
</comp>

<comp id="18" class="1000" name="WidthIn">
<pin_list>
<pin id="19" dir="1" index="0" bw="1" slack="0"/>
</pin_list>
<bind>
<StgValue><ssdm name="WidthIn"/></StgValue>
</bind>
</comp>

<comp id="20" class="1001" name="const_20">
<pin_list>
<pin id="21" dir="1" index="0" bw="1" slack="0"/>
</pin_list>
<bind>
<StgValue><ssdm name=""/></StgValue>
</bind>
</comp>

<comp id="22" class="1001" name="const_22">
<pin_list>
<pin id="23" dir="1" index="0" bw="1" slack="0"/>
</pin_list>
<bind>
<StgValue><ssdm name="_ssdm_op_Read.ap_stable.i16"/></StgValue>
</bind>
</comp>

<comp id="24" class="1001" name="const_24">
<pin_list>
<pin id="25" dir="1" index="0" bw="1" slack="0"/>
</pin_list>
<bind>
<StgValue><ssdm name=""/></StgValue>
</bind>
</comp>

<comp id="26" class="1001" name="const_26">
<pin_list>
<pin id="27" dir="1" index="0" bw="1" slack="0"/>
</pin_list>
<bind>
<StgValue><ssdm name=""/></StgValue>
</bind>
</comp>

<comp id="28" class="1001" name="const_28">
<pin_list>
<pin id="29" dir="1" index="0" bw="1" slack="2147483647"/>
</pin_list>
<bind>
<StgValue><ssdm name="_ssdm_op_Wait"/></StgValue>
</bind>
</comp>

<comp id="30" class="1001" name="const_30">
<pin_list>
<pin id="31" dir="1" index="0" bw="1" slack="0"/>
</pin_list>
<bind>
<StgValue><ssdm name="AXIvideo2MultiBayer_Pipeline_loop_wait_for_start"/></StgValue>
</bind>
</comp>

<comp id="32" class="1001" name="const_32">
<pin_list>
<pin id="33" dir="1" index="0" bw="1" slack="0"/>
</pin_list>
<bind>
<StgValue><ssdm name="reg<unsigned short>"/></StgValue>
</bind>
</comp>

<comp id="34" class="1001" name="const_34">
<pin_list>
<pin id="35" dir="1" index="0" bw="1" slack="2147483647"/>
</pin_list>
<bind>
<StgValue><ssdm name="_ssdm_op_SpecInterface"/></StgValue>
</bind>
</comp>

<comp id="36" class="1001" name="const_36">
<pin_list>
<pin id="37" dir="1" index="0" bw="1" slack="2147483647"/>
</pin_list>
<bind>
<StgValue><ssdm name="ap_stable_str"/></StgValue>
</bind>
</comp>

<comp id="38" class="1001" name="const_38">
<pin_list>
<pin id="39" dir="1" index="0" bw="1" slack="2147483647"/>
</pin_list>
<bind>
<StgValue><ssdm name=""/></StgValue>
</bind>
</comp>

<comp id="40" class="1001" name="const_40">
<pin_list>
<pin id="41" dir="1" index="0" bw="1" slack="2147483647"/>
</pin_list>
<bind>
<StgValue><ssdm name="p_str"/></StgValue>
</bind>
</comp>

<comp id="42" class="1001" name="const_42">
<pin_list>
<pin id="43" dir="1" index="0" bw="1" slack="2147483647"/>
</pin_list>
<bind>
<StgValue><ssdm name=""/></StgValue>
</bind>
</comp>

<comp id="44" class="1001" name="const_44">
<pin_list>
<pin id="45" dir="1" index="0" bw="1" slack="2147483647"/>
</pin_list>
<bind>
<StgValue><ssdm name=""/></StgValue>
</bind>
</comp>

<comp id="46" class="1001" name="const_46">
<pin_list>
<pin id="47" dir="1" index="0" bw="1" slack="2147483647"/>
</pin_list>
<bind>
<StgValue><ssdm name=""/></StgValue>
</bind>
</comp>

<comp id="48" class="1001" name="const_48">
<pin_list>
<pin id="49" dir="1" index="0" bw="1" slack="2147483647"/>
</pin_list>
<bind>
<StgValue><ssdm name="_ssdm_op_SpecAXISSideChannel"/></StgValue>
</bind>
</comp>

<comp id="50" class="1001" name="const_50">
<pin_list>
<pin id="51" dir="1" index="0" bw="1" slack="2147483647"/>
</pin_list>
<bind>
<StgValue><ssdm name="empty_26"/></StgValue>
</bind>
</comp>

<comp id="52" class="1001" name="const_52">
<pin_list>
<pin id="53" dir="1" index="0" bw="1" slack="2147483647"/>
</pin_list>
<bind>
<StgValue><ssdm name="empty_24"/></StgValue>
</bind>
</comp>

<comp id="54" class="1001" name="const_54">
<pin_list>
<pin id="55" dir="1" index="0" bw="1" slack="2147483647"/>
</pin_list>
<bind>
<StgValue><ssdm name="empty_17"/></StgValue>
</bind>
</comp>

<comp id="56" class="1001" name="const_56">
<pin_list>
<pin id="57" dir="1" index="0" bw="1" slack="2147483647"/>
</pin_list>
<bind>
<StgValue><ssdm name="empty_23"/></StgValue>
</bind>
</comp>

<comp id="58" class="1001" name="const_58">
<pin_list>
<pin id="59" dir="1" index="0" bw="1" slack="2147483647"/>
</pin_list>
<bind>
<StgValue><ssdm name="empty_15"/></StgValue>
</bind>
</comp>

<comp id="60" class="1001" name="const_60">
<pin_list>
<pin id="61" dir="1" index="0" bw="1" slack="0"/>
</pin_list>
<bind>
<StgValue><ssdm name=""/></StgValue>
</bind>
</comp>

<comp id="62" class="1001" name="const_62">
<pin_list>
<pin id="63" dir="1" index="0" bw="1" slack="2147483647"/>
</pin_list>
<bind>
<StgValue><ssdm name="_ssdm_op_SpecLoopTripCount"/></StgValue>
</bind>
</comp>

<comp id="64" class="1001" name="const_64">
<pin_list>
<pin id="65" dir="1" index="0" bw="1" slack="2147483647"/>
</pin_list>
<bind>
<StgValue><ssdm name=""/></StgValue>
</bind>
</comp>

<comp id="66" class="1001" name="const_66">
<pin_list>
<pin id="67" dir="1" index="0" bw="1" slack="2147483647"/>
</pin_list>
<bind>
<StgValue><ssdm name=""/></StgValue>
</bind>
</comp>

<comp id="68" class="1001" name="const_68">
<pin_list>
<pin id="69" dir="1" index="0" bw="1" slack="0"/>
</pin_list>
<bind>
<StgValue><ssdm name=""/></StgValue>
</bind>
</comp>

<comp id="70" class="1001" name="const_70">
<pin_list>
<pin id="71" dir="1" index="0" bw="1" slack="0"/>
</pin_list>
<bind>
<StgValue><ssdm name="AXIvideo2MultiBayer_Pipeline_loop_width"/></StgValue>
</bind>
</comp>

<comp id="72" class="1001" name="const_72">
<pin_list>
<pin id="73" dir="1" index="0" bw="1" slack="0"/>
</pin_list>
<bind>
<StgValue><ssdm name="AXIvideo2MultiBayer_Pipeline_loop_wait_for_eol"/></StgValue>
</bind>
</comp>

<comp id="74" class="1001" name="const_74">
<pin_list>
<pin id="75" dir="1" index="0" bw="1" slack="2147483647"/>
</pin_list>
<bind>
<StgValue><ssdm name="_ssdm_op_SpecLoopName"/></StgValue>
</bind>
</comp>

<comp id="76" class="1001" name="const_76">
<pin_list>
<pin id="77" dir="1" index="0" bw="1" slack="2147483647"/>
</pin_list>
<bind>
<StgValue><ssdm name="empty_2"/></StgValue>
</bind>
</comp>

<comp id="78" class="1004" name="axi_data_2_fu_78">
<pin_list>
<pin id="79" dir="0" index="0" bw="1" slack="0"/>
<pin id="80" dir="1" index="1" bw="10" slack="1"/>
</pin_list>
<bind>
<opcode="alloca(26) " fcode="alloca"/>
<opset="axi_data_2/1 "/>
</bind>
</comp>

<comp id="82" class="1004" name="i_fu_82">
<pin_list>
<pin id="83" dir="0" index="0" bw="1" slack="0"/>
<pin id="84" dir="1" index="1" bw="11" slack="0"/>
</pin_list>
<bind>
<opcode="alloca(26) " fcode="alloca"/>
<opset="i/1 "/>
</bind>
</comp>

<comp id="86" class="1004" name="axi_last_4_loc_fu_86">
<pin_list>
<pin id="87" dir="0" index="0" bw="1" slack="0"/>
<pin id="88" dir="1" index="1" bw="1" slack="7"/>
</pin_list>
<bind>
<opcode="alloca(26) " fcode="alloca"/>
<opset="axi_last_4_loc/1 "/>
</bind>
</comp>

<comp id="90" class="1004" name="axi_data_3_loc_fu_90">
<pin_list>
<pin id="91" dir="0" index="0" bw="1" slack="0"/>
<pin id="92" dir="1" index="1" bw="10" slack="4"/>
</pin_list>
<bind>
<opcode="alloca(26) " fcode="alloca"/>
<opset="axi_data_3_loc/1 "/>
</bind>
</comp>

<comp id="94" class="1004" name="eol_loc_fu_94">
<pin_list>
<pin id="95" dir="0" index="0" bw="1" slack="0"/>
<pin id="96" dir="1" index="1" bw="1" slack="4"/>
</pin_list>
<bind>
<opcode="alloca(26) " fcode="alloca"/>
<opset="eol_loc/1 "/>
</bind>
</comp>

<comp id="98" class="1004" name="axi_last_loc_fu_98">
<pin_list>
<pin id="99" dir="0" index="0" bw="1" slack="0"/>
<pin id="100" dir="1" index="1" bw="1" slack="1"/>
</pin_list>
<bind>
<opcode="alloca(26) " fcode="alloca"/>
<opset="axi_last_loc/1 "/>
</bind>
</comp>

<comp id="102" class="1004" name="WidthIn_read_read_fu_102">
<pin_list>
<pin id="103" dir="0" index="0" bw="16" slack="0"/>
<pin id="104" dir="0" index="1" bw="16" slack="0"/>
<pin id="105" dir="1" index="2" bw="16" slack="0"/>
</pin_list>
<bind>
<opcode="read(1150) " fcode="read"/>
<opset="WidthIn_read/1 "/>
</bind>
</comp>

<comp id="108" class="1004" name="Height_read_read_fu_108">
<pin_list>
<pin id="109" dir="0" index="0" bw="16" slack="0"/>
<pin id="110" dir="0" index="1" bw="16" slack="0"/>
<pin id="111" dir="1" index="2" bw="16" slack="0"/>
</pin_list>
<bind>
<opcode="read(1150) " fcode="read"/>
<opset="Height_read/1 "/>
</bind>
</comp>

<comp id="114" class="1005" name="sof_reg_114">
<pin_list>
<pin id="115" dir="0" index="0" bw="1" slack="1"/>
<pin id="116" dir="1" index="1" bw="1" slack="1"/>
</pin_list>
<bind>
<opset="sof (phireg) "/>
</bind>
</comp>

<comp id="118" class="1004" name="sof_phi_fu_118">
<pin_list>
<pin id="119" dir="0" index="0" bw="1" slack="1"/>
<pin id="120" dir="0" index="1" bw="0" slack="2147483647"/>
<pin id="121" dir="0" index="2" bw="1" slack="0"/>
<pin id="122" dir="0" index="3" bw="0" slack="2147483647"/>
<pin id="123" dir="1" index="4" bw="1" slack="0"/>
</pin_list>
<bind>
<opcode="phi(47) " fcode="phi"/>
<opset="sof/5 "/>
</bind>
</comp>

<comp id="126" class="1005" name="axi_last_2_reg_126">
<pin_list>
<pin id="127" dir="0" index="0" bw="1" slack="1"/>
<pin id="128" dir="1" index="1" bw="1" slack="3"/>
</pin_list>
<bind>
<opset="axi_last_2 (phireg) "/>
</bind>
</comp>

<comp id="129" class="1004" name="axi_last_2_phi_fu_129">
<pin_list>
<pin id="130" dir="0" index="0" bw="1" slack="2147483647"/>
<pin id="131" dir="0" index="1" bw="0" slack="2147483647"/>
<pin id="132" dir="0" index="2" bw="1" slack="2147483647"/>
<pin id="133" dir="0" index="3" bw="0" slack="2147483647"/>
<pin id="134" dir="1" index="4" bw="1" slack="0"/>
</pin_list>
<bind>
<opcode="phi(47) " fcode="phi"/>
<opset="axi_last_2/5 "/>
</bind>
</comp>

<comp id="136" class="1004" name="grp_AXIvideo2MultiBayer_Pipeline_loop_wait_for_start_fu_136">
<pin_list>
<pin id="137" dir="0" index="0" bw="0" slack="0"/>
<pin id="138" dir="0" index="1" bw="16" slack="0"/>
<pin id="139" dir="0" index="2" bw="2" slack="0"/>
<pin id="140" dir="0" index="3" bw="2" slack="0"/>
<pin id="141" dir="0" index="4" bw="1" slack="0"/>
<pin id="142" dir="0" index="5" bw="1" slack="0"/>
<pin id="143" dir="0" index="6" bw="1" slack="0"/>
<pin id="144" dir="0" index="7" bw="1" slack="0"/>
<pin id="145" dir="0" index="8" bw="10" slack="1"/>
<pin id="146" dir="0" index="9" bw="1" slack="1"/>
<pin id="147" dir="1" index="10" bw="0" slack="2147483647"/>
</pin_list>
<bind>
<opcode="call(48) " fcode="call"/>
<opset="call_ln0/2 "/>
</bind>
</comp>

<comp id="156" class="1004" name="grp_AXIvideo2MultiBayer_Pipeline_loop_width_fu_156">
<pin_list>
<pin id="157" dir="0" index="0" bw="0" slack="0"/>
<pin id="158" dir="0" index="1" bw="1" slack="0"/>
<pin id="159" dir="0" index="2" bw="1" slack="0"/>
<pin id="160" dir="0" index="3" bw="10" slack="0"/>
<pin id="161" dir="0" index="4" bw="11" slack="1"/>
<pin id="162" dir="0" index="5" bw="10" slack="0"/>
<pin id="163" dir="0" index="6" bw="16" slack="0"/>
<pin id="164" dir="0" index="7" bw="2" slack="0"/>
<pin id="165" dir="0" index="8" bw="2" slack="0"/>
<pin id="166" dir="0" index="9" bw="1" slack="0"/>
<pin id="167" dir="0" index="10" bw="1" slack="0"/>
<pin id="168" dir="0" index="11" bw="1" slack="0"/>
<pin id="169" dir="0" index="12" bw="1" slack="0"/>
<pin id="170" dir="0" index="13" bw="1" slack="4"/>
<pin id="171" dir="0" index="14" bw="10" slack="4"/>
<pin id="172" dir="1" index="15" bw="0" slack="2147483647"/>
</pin_list>
<bind>
<opcode="call(48) " fcode="call"/>
<opset="call_ln188/5 "/>
</bind>
</comp>

<comp id="184" class="1004" name="grp_AXIvideo2MultiBayer_Pipeline_loop_wait_for_eol_fu_184">
<pin_list>
<pin id="185" dir="0" index="0" bw="0" slack="0"/>
<pin id="186" dir="0" index="1" bw="10" slack="0"/>
<pin id="187" dir="0" index="2" bw="1" slack="0"/>
<pin id="188" dir="0" index="3" bw="1" slack="0"/>
<pin id="189" dir="0" index="4" bw="16" slack="0"/>
<pin id="190" dir="0" index="5" bw="2" slack="0"/>
<pin id="191" dir="0" index="6" bw="2" slack="0"/>
<pin id="192" dir="0" index="7" bw="1" slack="0"/>
<pin id="193" dir="0" index="8" bw="1" slack="0"/>
<pin id="194" dir="0" index="9" bw="1" slack="0"/>
<pin id="195" dir="0" index="10" bw="1" slack="0"/>
<pin id="196" dir="0" index="11" bw="10" slack="7"/>
<pin id="197" dir="0" index="12" bw="1" slack="7"/>
<pin id="198" dir="1" index="13" bw="0" slack="2147483647"/>
</pin_list>
<bind>
<opcode="call(48) " fcode="call"/>
<opset="call_ln188/8 "/>
</bind>
</comp>

<comp id="207" class="1004" name="trunc_ln145_fu_207">
<pin_list>
<pin id="208" dir="0" index="0" bw="16" slack="0"/>
<pin id="209" dir="1" index="1" bw="11" slack="2"/>
</pin_list>
<bind>
<opcode="trunc(33) " fcode="trunc"/>
<opset="trunc_ln145/1 "/>
</bind>
</comp>

<comp id="211" class="1004" name="trunc_ln146_fu_211">
<pin_list>
<pin id="212" dir="0" index="0" bw="16" slack="0"/>
<pin id="213" dir="1" index="1" bw="11" slack="2"/>
</pin_list>
<bind>
<opcode="trunc(33) " fcode="trunc"/>
<opset="trunc_ln146/1 "/>
</bind>
</comp>

<comp id="215" class="1004" name="store_ln163_store_fu_215">
<pin_list>
<pin id="216" dir="0" index="0" bw="1" slack="0"/>
<pin id="217" dir="0" index="1" bw="11" slack="0"/>
<pin id="218" dir="1" index="2" bw="0" slack="2147483647"/>
</pin_list>
<bind>
<opcode="store(28) " fcode="store"/>
<opset="store_ln163/1 "/>
</bind>
</comp>

<comp id="220" class="1004" name="grp_reg_unsigned_short_s_fu_220">
<pin_list>
<pin id="221" dir="0" index="0" bw="11" slack="0"/>
<pin id="222" dir="0" index="1" bw="11" slack="2"/>
<pin id="223" dir="1" index="2" bw="11" slack="1"/>
</pin_list>
<bind>
<opcode="call(48) " fcode="call"/>
<opset="rows/3 "/>
</bind>
</comp>

<comp id="225" class="1004" name="grp_reg_unsigned_short_s_fu_225">
<pin_list>
<pin id="226" dir="0" index="0" bw="11" slack="0"/>
<pin id="227" dir="0" index="1" bw="11" slack="2"/>
<pin id="228" dir="1" index="2" bw="11" slack="0"/>
</pin_list>
<bind>
<opcode="call(48) " fcode="call"/>
<opset="cols/3 "/>
</bind>
</comp>

<comp id="230" class="1004" name="axi_last_loc_load_load_fu_230">
<pin_list>
<pin id="231" dir="0" index="0" bw="1" slack="3"/>
<pin id="232" dir="1" index="1" bw="1" slack="2147483647"/>
</pin_list>
<bind>
<opcode="load(27) " fcode="load"/>
<opset="axi_last_loc_load/4 "/>
</bind>
</comp>

<comp id="233" class="1004" name="cmp10251_fu_233">
<pin_list>
<pin id="234" dir="0" index="0" bw="11" slack="0"/>
<pin id="235" dir="0" index="1" bw="1" slack="0"/>
<pin id="236" dir="1" index="2" bw="1" slack="0"/>
</pin_list>
<bind>
<opcode="icmp(45) " fcode="icmp"/>
<opset="cmp10251/4 "/>
</bind>
</comp>

<comp id="239" class="1004" name="xor_ln188_fu_239">
<pin_list>
<pin id="240" dir="0" index="0" bw="1" slack="0"/>
<pin id="241" dir="0" index="1" bw="1" slack="0"/>
<pin id="242" dir="1" index="2" bw="1" slack="1"/>
</pin_list>
<bind>
<opcode="xor(25) " fcode="xor"/>
<opset="xor_ln188/4 "/>
</bind>
</comp>

<comp id="245" class="1004" name="i_3_load_fu_245">
<pin_list>
<pin id="246" dir="0" index="0" bw="11" slack="4"/>
<pin id="247" dir="1" index="1" bw="11" slack="0"/>
</pin_list>
<bind>
<opcode="load(27) " fcode="load"/>
<opset="i_3/5 "/>
</bind>
</comp>

<comp id="248" class="1004" name="icmp_ln163_fu_248">
<pin_list>
<pin id="249" dir="0" index="0" bw="11" slack="0"/>
<pin id="250" dir="0" index="1" bw="11" slack="1"/>
<pin id="251" dir="1" index="2" bw="1" slack="2147483647"/>
</pin_list>
<bind>
<opcode="icmp(45) " fcode="icmp"/>
<opset="icmp_ln163/5 "/>
</bind>
</comp>

<comp id="253" class="1004" name="i_4_fu_253">
<pin_list>
<pin id="254" dir="0" index="0" bw="11" slack="0"/>
<pin id="255" dir="0" index="1" bw="1" slack="0"/>
<pin id="256" dir="1" index="2" bw="11" slack="0"/>
</pin_list>
<bind>
<opcode="add(8) " fcode="add"/>
<opset="i_4/5 "/>
</bind>
</comp>

<comp id="259" class="1004" name="axi_data_2_load_load_fu_259">
<pin_list>
<pin id="260" dir="0" index="0" bw="10" slack="4"/>
<pin id="261" dir="1" index="1" bw="10" slack="0"/>
</pin_list>
<bind>
<opcode="load(27) " fcode="load"/>
<opset="axi_data_2_load/5 "/>
</bind>
</comp>

<comp id="263" class="1004" name="and_ln188_fu_263">
<pin_list>
<pin id="264" dir="0" index="0" bw="1" slack="0"/>
<pin id="265" dir="0" index="1" bw="1" slack="1"/>
<pin id="266" dir="1" index="2" bw="1" slack="0"/>
</pin_list>
<bind>
<opcode="and(23) " fcode="and"/>
<opset="and_ln188/5 "/>
</bind>
</comp>

<comp id="268" class="1004" name="store_ln163_store_fu_268">
<pin_list>
<pin id="269" dir="0" index="0" bw="11" slack="0"/>
<pin id="270" dir="0" index="1" bw="11" slack="4"/>
<pin id="271" dir="1" index="2" bw="0" slack="2147483647"/>
</pin_list>
<bind>
<opcode="store(28) " fcode="store"/>
<opset="store_ln163/5 "/>
</bind>
</comp>

<comp id="273" class="1004" name="eol_loc_load_load_fu_273">
<pin_list>
<pin id="274" dir="0" index="0" bw="1" slack="7"/>
<pin id="275" dir="1" index="1" bw="1" slack="0"/>
</pin_list>
<bind>
<opcode="load(27) " fcode="load"/>
<opset="eol_loc_load/8 "/>
</bind>
</comp>

<comp id="277" class="1004" name="axi_data_3_loc_load_load_fu_277">
<pin_list>
<pin id="278" dir="0" index="0" bw="10" slack="7"/>
<pin id="279" dir="1" index="1" bw="10" slack="0"/>
</pin_list>
<bind>
<opcode="load(27) " fcode="load"/>
<opset="axi_data_3_loc_load/8 "/>
</bind>
</comp>

<comp id="281" class="1004" name="select_ln188_fu_281">
<pin_list>
<pin id="282" dir="0" index="0" bw="1" slack="4"/>
<pin id="283" dir="0" index="1" bw="1" slack="0"/>
<pin id="284" dir="0" index="2" bw="1" slack="3"/>
<pin id="285" dir="1" index="3" bw="1" slack="0"/>
</pin_list>
<bind>
<opcode="select(49) " fcode="select"/>
<opset="select_ln188/8 "/>
</bind>
</comp>

<comp id="289" class="1004" name="axi_last_4_loc_load_load_fu_289">
<pin_list>
<pin id="290" dir="0" index="0" bw="1" slack="9"/>
<pin id="291" dir="1" index="1" bw="1" slack="2147483647"/>
</pin_list>
<bind>
<opcode="load(27) " fcode="load"/>
<opset="axi_last_4_loc_load/10 "/>
</bind>
</comp>

<comp id="292" class="1005" name="axi_data_2_reg_292">
<pin_list>
<pin id="293" dir="0" index="0" bw="10" slack="1"/>
<pin id="294" dir="1" index="1" bw="10" slack="1"/>
</pin_list>
<bind>
<opset="axi_data_2 "/>
</bind>
</comp>

<comp id="299" class="1005" name="i_reg_299">
<pin_list>
<pin id="300" dir="0" index="0" bw="11" slack="0"/>
<pin id="301" dir="1" index="1" bw="11" slack="0"/>
</pin_list>
<bind>
<opset="i "/>
</bind>
</comp>

<comp id="306" class="1005" name="axi_last_4_loc_reg_306">
<pin_list>
<pin id="307" dir="0" index="0" bw="1" slack="7"/>
<pin id="308" dir="1" index="1" bw="1" slack="7"/>
</pin_list>
<bind>
<opset="axi_last_4_loc "/>
</bind>
</comp>

<comp id="312" class="1005" name="axi_data_3_loc_reg_312">
<pin_list>
<pin id="313" dir="0" index="0" bw="10" slack="4"/>
<pin id="314" dir="1" index="1" bw="10" slack="4"/>
</pin_list>
<bind>
<opset="axi_data_3_loc "/>
</bind>
</comp>

<comp id="318" class="1005" name="eol_loc_reg_318">
<pin_list>
<pin id="319" dir="0" index="0" bw="1" slack="4"/>
<pin id="320" dir="1" index="1" bw="1" slack="4"/>
</pin_list>
<bind>
<opset="eol_loc "/>
</bind>
</comp>

<comp id="324" class="1005" name="axi_last_loc_reg_324">
<pin_list>
<pin id="325" dir="0" index="0" bw="1" slack="1"/>
<pin id="326" dir="1" index="1" bw="1" slack="1"/>
</pin_list>
<bind>
<opset="axi_last_loc "/>
</bind>
</comp>

<comp id="330" class="1005" name="trunc_ln145_reg_330">
<pin_list>
<pin id="331" dir="0" index="0" bw="11" slack="2"/>
<pin id="332" dir="1" index="1" bw="11" slack="2"/>
</pin_list>
<bind>
<opset="trunc_ln145 "/>
</bind>
</comp>

<comp id="335" class="1005" name="trunc_ln146_reg_335">
<pin_list>
<pin id="336" dir="0" index="0" bw="11" slack="2"/>
<pin id="337" dir="1" index="1" bw="11" slack="2"/>
</pin_list>
<bind>
<opset="trunc_ln146 "/>
</bind>
</comp>

<comp id="340" class="1005" name="rows_reg_340">
<pin_list>
<pin id="341" dir="0" index="0" bw="11" slack="1"/>
<pin id="342" dir="1" index="1" bw="11" slack="1"/>
</pin_list>
<bind>
<opset="rows "/>
</bind>
</comp>

<comp id="345" class="1005" name="cols_reg_345">
<pin_list>
<pin id="346" dir="0" index="0" bw="11" slack="1"/>
<pin id="347" dir="1" index="1" bw="11" slack="1"/>
</pin_list>
<bind>
<opset="cols "/>
</bind>
</comp>

<comp id="353" class="1005" name="cmp10251_reg_353">
<pin_list>
<pin id="354" dir="0" index="0" bw="1" slack="4"/>
<pin id="355" dir="1" index="1" bw="1" slack="4"/>
</pin_list>
<bind>
<opset="cmp10251 "/>
</bind>
</comp>

<comp id="358" class="1005" name="xor_ln188_reg_358">
<pin_list>
<pin id="359" dir="0" index="0" bw="1" slack="1"/>
<pin id="360" dir="1" index="1" bw="1" slack="1"/>
</pin_list>
<bind>
<opset="xor_ln188 "/>
</bind>
</comp>

<comp id="369" class="1005" name="and_ln188_reg_369">
<pin_list>
<pin id="370" dir="0" index="0" bw="1" slack="0"/>
<pin id="371" dir="1" index="1" bw="1" slack="0"/>
</pin_list>
<bind>
<opset="and_ln188 "/>
</bind>
</comp>

<comp id="380" class="1005" name="select_ln188_reg_380">
<pin_list>
<pin id="381" dir="0" index="0" bw="1" slack="1"/>
<pin id="382" dir="1" index="1" bw="1" slack="1"/>
</pin_list>
<bind>
<opset="select_ln188 "/>
</bind>
</comp>

</comp_list>

<net_list>
<net id="81"><net_src comp="20" pin="0"/><net_sink comp="78" pin=0"/></net>

<net id="85"><net_src comp="20" pin="0"/><net_sink comp="82" pin=0"/></net>

<net id="89"><net_src comp="24" pin="0"/><net_sink comp="86" pin=0"/></net>

<net id="93"><net_src comp="24" pin="0"/><net_sink comp="90" pin=0"/></net>

<net id="97"><net_src comp="24" pin="0"/><net_sink comp="94" pin=0"/></net>

<net id="101"><net_src comp="24" pin="0"/><net_sink comp="98" pin=0"/></net>

<net id="106"><net_src comp="22" pin="0"/><net_sink comp="102" pin=0"/></net>

<net id="107"><net_src comp="18" pin="0"/><net_sink comp="102" pin=1"/></net>

<net id="112"><net_src comp="22" pin="0"/><net_sink comp="108" pin=0"/></net>

<net id="113"><net_src comp="16" pin="0"/><net_sink comp="108" pin=1"/></net>

<net id="117"><net_src comp="60" pin="0"/><net_sink comp="114" pin=0"/></net>

<net id="124"><net_src comp="114" pin="1"/><net_sink comp="118" pin=0"/></net>

<net id="125"><net_src comp="118" pin="4"/><net_sink comp="114" pin=0"/></net>

<net id="135"><net_src comp="129" pin="4"/><net_sink comp="126" pin=0"/></net>

<net id="148"><net_src comp="30" pin="0"/><net_sink comp="136" pin=0"/></net>

<net id="149"><net_src comp="0" pin="0"/><net_sink comp="136" pin=1"/></net>

<net id="150"><net_src comp="2" pin="0"/><net_sink comp="136" pin=2"/></net>

<net id="151"><net_src comp="4" pin="0"/><net_sink comp="136" pin=3"/></net>

<net id="152"><net_src comp="6" pin="0"/><net_sink comp="136" pin=4"/></net>

<net id="153"><net_src comp="8" pin="0"/><net_sink comp="136" pin=5"/></net>

<net id="154"><net_src comp="10" pin="0"/><net_sink comp="136" pin=6"/></net>

<net id="155"><net_src comp="12" pin="0"/><net_sink comp="136" pin=7"/></net>

<net id="173"><net_src comp="70" pin="0"/><net_sink comp="156" pin=0"/></net>

<net id="174"><net_src comp="118" pin="4"/><net_sink comp="156" pin=1"/></net>

<net id="175"><net_src comp="129" pin="4"/><net_sink comp="156" pin=2"/></net>

<net id="176"><net_src comp="14" pin="0"/><net_sink comp="156" pin=5"/></net>

<net id="177"><net_src comp="0" pin="0"/><net_sink comp="156" pin=6"/></net>

<net id="178"><net_src comp="2" pin="0"/><net_sink comp="156" pin=7"/></net>

<net id="179"><net_src comp="4" pin="0"/><net_sink comp="156" pin=8"/></net>

<net id="180"><net_src comp="6" pin="0"/><net_sink comp="156" pin=9"/></net>

<net id="181"><net_src comp="8" pin="0"/><net_sink comp="156" pin=10"/></net>

<net id="182"><net_src comp="10" pin="0"/><net_sink comp="156" pin=11"/></net>

<net id="183"><net_src comp="12" pin="0"/><net_sink comp="156" pin=12"/></net>

<net id="199"><net_src comp="72" pin="0"/><net_sink comp="184" pin=0"/></net>

<net id="200"><net_src comp="0" pin="0"/><net_sink comp="184" pin=4"/></net>

<net id="201"><net_src comp="2" pin="0"/><net_sink comp="184" pin=5"/></net>

<net id="202"><net_src comp="4" pin="0"/><net_sink comp="184" pin=6"/></net>

<net id="203"><net_src comp="6" pin="0"/><net_sink comp="184" pin=7"/></net>

<net id="204"><net_src comp="8" pin="0"/><net_sink comp="184" pin=8"/></net>

<net id="205"><net_src comp="10" pin="0"/><net_sink comp="184" pin=9"/></net>

<net id="206"><net_src comp="12" pin="0"/><net_sink comp="184" pin=10"/></net>

<net id="210"><net_src comp="108" pin="2"/><net_sink comp="207" pin=0"/></net>

<net id="214"><net_src comp="102" pin="2"/><net_sink comp="211" pin=0"/></net>

<net id="219"><net_src comp="26" pin="0"/><net_sink comp="215" pin=0"/></net>

<net id="224"><net_src comp="32" pin="0"/><net_sink comp="220" pin=0"/></net>

<net id="229"><net_src comp="32" pin="0"/><net_sink comp="225" pin=0"/></net>

<net id="237"><net_src comp="225" pin="2"/><net_sink comp="233" pin=0"/></net>

<net id="238"><net_src comp="26" pin="0"/><net_sink comp="233" pin=1"/></net>

<net id="243"><net_src comp="233" pin="2"/><net_sink comp="239" pin=0"/></net>

<net id="244"><net_src comp="60" pin="0"/><net_sink comp="239" pin=1"/></net>

<net id="252"><net_src comp="245" pin="1"/><net_sink comp="248" pin=0"/></net>

<net id="257"><net_src comp="245" pin="1"/><net_sink comp="253" pin=0"/></net>

<net id="258"><net_src comp="68" pin="0"/><net_sink comp="253" pin=1"/></net>

<net id="262"><net_src comp="259" pin="1"/><net_sink comp="156" pin=3"/></net>

<net id="267"><net_src comp="118" pin="4"/><net_sink comp="263" pin=0"/></net>

<net id="272"><net_src comp="253" pin="2"/><net_sink comp="268" pin=0"/></net>

<net id="276"><net_src comp="273" pin="1"/><net_sink comp="184" pin=3"/></net>

<net id="280"><net_src comp="277" pin="1"/><net_sink comp="184" pin=1"/></net>

<net id="286"><net_src comp="273" pin="1"/><net_sink comp="281" pin=1"/></net>

<net id="287"><net_src comp="126" pin="1"/><net_sink comp="281" pin=2"/></net>

<net id="288"><net_src comp="281" pin="3"/><net_sink comp="184" pin=2"/></net>

<net id="295"><net_src comp="78" pin="1"/><net_sink comp="292" pin=0"/></net>

<net id="296"><net_src comp="292" pin="1"/><net_sink comp="136" pin=8"/></net>

<net id="297"><net_src comp="292" pin="1"/><net_sink comp="259" pin=0"/></net>

<net id="298"><net_src comp="292" pin="1"/><net_sink comp="184" pin=11"/></net>

<net id="302"><net_src comp="82" pin="1"/><net_sink comp="299" pin=0"/></net>

<net id="303"><net_src comp="299" pin="1"/><net_sink comp="215" pin=1"/></net>

<net id="304"><net_src comp="299" pin="1"/><net_sink comp="245" pin=0"/></net>

<net id="305"><net_src comp="299" pin="1"/><net_sink comp="268" pin=1"/></net>

<net id="309"><net_src comp="86" pin="1"/><net_sink comp="306" pin=0"/></net>

<net id="310"><net_src comp="306" pin="1"/><net_sink comp="184" pin=12"/></net>

<net id="311"><net_src comp="306" pin="1"/><net_sink comp="289" pin=0"/></net>

<net id="315"><net_src comp="90" pin="1"/><net_sink comp="312" pin=0"/></net>

<net id="316"><net_src comp="312" pin="1"/><net_sink comp="156" pin=14"/></net>

<net id="317"><net_src comp="312" pin="1"/><net_sink comp="277" pin=0"/></net>

<net id="321"><net_src comp="94" pin="1"/><net_sink comp="318" pin=0"/></net>

<net id="322"><net_src comp="318" pin="1"/><net_sink comp="156" pin=13"/></net>

<net id="323"><net_src comp="318" pin="1"/><net_sink comp="273" pin=0"/></net>

<net id="327"><net_src comp="98" pin="1"/><net_sink comp="324" pin=0"/></net>

<net id="328"><net_src comp="324" pin="1"/><net_sink comp="136" pin=9"/></net>

<net id="329"><net_src comp="324" pin="1"/><net_sink comp="230" pin=0"/></net>

<net id="333"><net_src comp="207" pin="1"/><net_sink comp="330" pin=0"/></net>

<net id="334"><net_src comp="330" pin="1"/><net_sink comp="220" pin=1"/></net>

<net id="338"><net_src comp="211" pin="1"/><net_sink comp="335" pin=0"/></net>

<net id="339"><net_src comp="335" pin="1"/><net_sink comp="225" pin=1"/></net>

<net id="343"><net_src comp="220" pin="2"/><net_sink comp="340" pin=0"/></net>

<net id="344"><net_src comp="340" pin="1"/><net_sink comp="248" pin=1"/></net>

<net id="348"><net_src comp="225" pin="2"/><net_sink comp="345" pin=0"/></net>

<net id="349"><net_src comp="345" pin="1"/><net_sink comp="156" pin=4"/></net>

<net id="356"><net_src comp="233" pin="2"/><net_sink comp="353" pin=0"/></net>

<net id="357"><net_src comp="353" pin="1"/><net_sink comp="281" pin=0"/></net>

<net id="361"><net_src comp="239" pin="2"/><net_sink comp="358" pin=0"/></net>

<net id="362"><net_src comp="358" pin="1"/><net_sink comp="263" pin=1"/></net>

<net id="372"><net_src comp="263" pin="2"/><net_sink comp="369" pin=0"/></net>

<net id="373"><net_src comp="369" pin="1"/><net_sink comp="118" pin=2"/></net>

<net id="383"><net_src comp="281" pin="3"/><net_sink comp="380" pin=0"/></net>

<net id="384"><net_src comp="380" pin="1"/><net_sink comp="184" pin=2"/></net>

</net_list>

</model> 
---------------- Datapath Model END ------------------

* FSMD analyzer results:
  - Output states:
	Port: imgBayer | {5 6 }
 - Input state : 
	Port: AXIvideo2MultiBayer : s_axis_video_V_data_V | {2 3 5 6 8 9 }
	Port: AXIvideo2MultiBayer : s_axis_video_V_keep_V | {2 3 5 6 8 9 }
	Port: AXIvideo2MultiBayer : s_axis_video_V_strb_V | {2 3 5 6 8 9 }
	Port: AXIvideo2MultiBayer : s_axis_video_V_user_V | {2 3 5 6 8 9 }
	Port: AXIvideo2MultiBayer : s_axis_video_V_last_V | {2 3 5 6 8 9 }
	Port: AXIvideo2MultiBayer : s_axis_video_V_id_V | {2 3 5 6 8 9 }
	Port: AXIvideo2MultiBayer : s_axis_video_V_dest_V | {2 3 5 6 8 9 }
	Port: AXIvideo2MultiBayer : Height | {1 }
	Port: AXIvideo2MultiBayer : WidthIn | {1 }
  - Chain level:
	State 1
		store_ln163 : 1
	State 2
	State 3
	State 4
		cmp10251 : 1
		xor_ln188 : 2
	State 5
		icmp_ln163 : 1
		i_4 : 1
		br_ln163 : 2
		call_ln188 : 1
		and_ln188 : 1
		store_ln163 : 2
	State 6
	State 7
	State 8
		select_ln188 : 1
		call_ln188 : 2
	State 9
	State 10


============================================================
+ Verbose Summary: Datapath Resource usage 
============================================================

* Functional unit list:
|----------|-------------------------------------------------------------|---------|---------|
| Operation|                       Functional Unit                       |    FF   |   LUT   |
|----------|-------------------------------------------------------------|---------|---------|
|          | grp_AXIvideo2MultiBayer_Pipeline_loop_wait_for_start_fu_136 |    3    |    0    |
|          |      grp_AXIvideo2MultiBayer_Pipeline_loop_width_fu_156     |    26   |    38   |
|   call   |  grp_AXIvideo2MultiBayer_Pipeline_loop_wait_for_eol_fu_184  |    3    |    0    |
|          |               grp_reg_unsigned_short_s_fu_220               |    11   |    0    |
|          |               grp_reg_unsigned_short_s_fu_225               |    11   |    0    |
|----------|-------------------------------------------------------------|---------|---------|
|   icmp   |                       cmp10251_fu_233                       |    0    |    18   |
|          |                      icmp_ln163_fu_248                      |    0    |    18   |
|----------|-------------------------------------------------------------|---------|---------|
|    add   |                          i_4_fu_253                         |    0    |    18   |
|----------|-------------------------------------------------------------|---------|---------|
|    xor   |                       xor_ln188_fu_239                      |    0    |    2    |
|----------|-------------------------------------------------------------|---------|---------|
|    and   |                       and_ln188_fu_263                      |    0    |    2    |
|----------|-------------------------------------------------------------|---------|---------|
|  select  |                     select_ln188_fu_281                     |    0    |    2    |
|----------|-------------------------------------------------------------|---------|---------|
|   read   |                   WidthIn_read_read_fu_102                  |    0    |    0    |
|          |                   Height_read_read_fu_108                   |    0    |    0    |
|----------|-------------------------------------------------------------|---------|---------|
|   trunc  |                      trunc_ln145_fu_207                     |    0    |    0    |
|          |                      trunc_ln146_fu_211                     |    0    |    0    |
|----------|-------------------------------------------------------------|---------|---------|
|   Total  |                                                             |    54   |    98   |
|----------|-------------------------------------------------------------|---------|---------|

Memories:
N/A

* Register list:
+----------------------+--------+
|                      |   FF   |
+----------------------+--------+
|   and_ln188_reg_369  |    1   |
|  axi_data_2_reg_292  |   10   |
|axi_data_3_loc_reg_312|   10   |
|  axi_last_2_reg_126  |    1   |
|axi_last_4_loc_reg_306|    1   |
| axi_last_loc_reg_324 |    1   |
|   cmp10251_reg_353   |    1   |
|     cols_reg_345     |   11   |
|    eol_loc_reg_318   |    1   |
|       i_reg_299      |   11   |
|     rows_reg_340     |   11   |
| select_ln188_reg_380 |    1   |
|      sof_reg_114     |    1   |
|  trunc_ln145_reg_330 |   11   |
|  trunc_ln146_reg_335 |   11   |
|   xor_ln188_reg_358  |    1   |
+----------------------+--------+
|         Total        |   84   |
+----------------------+--------+

* Multiplexer (MUX) list: 
|-----------------------------------------------------------|------|------|------|--------||---------||---------||---------|
|                            Comp                           |  Pin | Size |  BW  | S x BW ||  Delay  ||    FF   ||   LUT   |
|-----------------------------------------------------------|------|------|------|--------||---------||---------||---------|
|                        sof_reg_114                        |  p0  |   2  |   1  |    2   ||    0    ||    9    |
| grp_AXIvideo2MultiBayer_Pipeline_loop_wait_for_eol_fu_184 |  p2  |   2  |   1  |    2   ||    0    ||    9    |
|-----------------------------------------------------------|------|------|------|--------||---------||---------||---------|
|                           Total                           |      |      |      |    4   ||  0.854  ||    0    ||    18   |
|-----------------------------------------------------------|------|------|------|--------||---------||---------||---------|



* Summary:
+-----------+--------+--------+--------+
|           |  Delay |   FF   |   LUT  |
+-----------+--------+--------+--------+
|  Function |    -   |   54   |   98   |
|   Memory  |    -   |    -   |    -   |
|Multiplexer|    0   |    0   |   18   |
|  Register |    -   |   84   |    -   |
+-----------+--------+--------+--------+
|   Total   |    0   |   138  |   116  |
+-----------+--------+--------+--------+
