

================================================================
== Vitis HLS Report for 'AXIvideo2MultiBayer_Pipeline_loop_width'
================================================================
* Date:           Mon Jun 17 21:38:10 2024

* Version:        2024.1 (Build 5069499 on May 21 2024)
* Project:        prj
* Solution:       sol (Vivado IP Flow Target)
* Product family: zynquplus
* Target device:  xck26-sfvc784-2LV-c


================================================================
== Performance Estimates
================================================================
+ Timing: 
    * Summary: 
    +--------+---------+----------+------------+
    |  Clock |  Target | Estimated| Uncertainty|
    +--------+---------+----------+------------+
    |ap_clk  |  6.73 ns|  1.838 ns|     1.82 ns|
    +--------+---------+----------+------------+

+ Latency: 
    * Summary: 
    +---------+---------+-----------+-----------+-----+------+-----------------------------------------------+
    |  Latency (cycles) |   Latency (absolute)  |  Interval  |                    Pipeline                   |
    |   min   |   max   |    min    |    max    | min |  max |                      Type                     |
    +---------+---------+-----------+-----------+-----+------+-----------------------------------------------+
    |        2|     1922|  13.468 ns|  12.943 us|    1|  1921|  loop auto-rewind stp(delay=0 clock cycles(s))|
    +---------+---------+-----------+-----------+-----+------+-----------------------------------------------+

    + Detail: 
        * Instance: 
        N/A

        * Loop: 
        +--------------+---------+---------+----------+-----------+-----------+----------+----------+
        |              |  Latency (cycles) | Iteration|  Initiation Interval  |   Trip   |          |
        |   Loop Name  |   min   |   max   |  Latency |  achieved |   target  |   Count  | Pipelined|
        +--------------+---------+---------+----------+-----------+-----------+----------+----------+
        |- loop_width  |        0|     1920|         2|          1|          1|  0 ~ 1920|       yes|
        +--------------+---------+---------+----------+-----------+-----------+----------+----------+

============================================================
+ Verbose Summary: Synthesis Manager
============================================================
InlineROM: 1
ExposeGlobal: 0
============================================================
+ Verbose Summary: CDFG Model
============================================================
IsTopModel: 0
ResetActiveHigh: 1
IsCombinational: 0
IsDatapathOnly: 0
HasWiredReturn: 1
HasMFsm: 2
HasVarLatency: 1
IsPipeline: 0
IsRtlPipelined: 0
IsInstanceOverlapped: 0
IsDontTouch: 0
HasImplIP: 0
IsGatedGlobalClock: 0

+ Individual pipeline summary: 
  * Pipeline-0: initiation interval (II) = 1, depth = 2


============================================================
+ Verbose Summary: Schedule
============================================================
* Number of FSM states : 2
* Pipeline : 1
  Pipeline-0 : II = 1, D = 2, States = { 1 2 }
* Dataflow Pipeline: 0

* FSM state transitions: 
1 --> 2 
2 --> 

* FSM state operations: 

State 1 <SV = 0> <Delay = 1.73>
ST_1 : Operation 5 [1/1] (0.00ns)   --->   "%j = alloca i32 1" [F:/Projects/Vivado/project_Scratch/project_Scratch.runs/design_1_v_demosaic_0_0_synth_1/prj/sol/.autopilot/db/v_demosaic.cpp:166]   --->   Operation 5 'alloca' 'j' <Predicate = true> <Delay = 0.00>
ST_1 : Operation 6 [1/1] (0.00ns)   --->   "%axi_data = alloca i32 1" [F:/Projects/Vivado/project_Scratch/project_Scratch.runs/design_1_v_demosaic_0_0_synth_1/prj/sol/.autopilot/db/v_demosaic.cpp:141]   --->   Operation 6 'alloca' 'axi_data' <Predicate = true> <Delay = 0.00>
ST_1 : Operation 7 [1/1] (0.00ns)   --->   "%axi_last = alloca i32 1" [F:/Projects/Vivado/project_Scratch/project_Scratch.runs/design_1_v_demosaic_0_0_synth_1/prj/sol/.autopilot/db/v_demosaic.cpp:141]   --->   Operation 7 'alloca' 'axi_last' <Predicate = true> <Delay = 0.00>
ST_1 : Operation 8 [1/1] (0.00ns)   --->   "%specaxissidechannel_ln0 = specaxissidechannel void @_ssdm_op_SpecAXISSideChannel, i16 %s_axis_video_V_data_V, i2 %s_axis_video_V_keep_V, i2 %s_axis_video_V_strb_V, i1 %s_axis_video_V_user_V, i1 %s_axis_video_V_last_V, i1 %s_axis_video_V_id_V, i1 %s_axis_video_V_dest_V, void @empty_26"   --->   Operation 8 'specaxissidechannel' 'specaxissidechannel_ln0' <Predicate = true> <Delay = 0.00>
ST_1 : Operation 9 [1/1] (0.00ns)   --->   "%specinterface_ln0 = specinterface void @_ssdm_op_SpecInterface, i16 %s_axis_video_V_data_V, void @empty_23, i32 0, i32 0, void @empty_15, i32 0, i32 0, void @empty_17, void @empty_17, void @empty_17, i32 0, i32 0, i32 0, i32 0, void @empty_17, void @empty_17, i32 4294967295, i32 0, i32 0"   --->   Operation 9 'specinterface' 'specinterface_ln0' <Predicate = true> <Delay = 0.00>
ST_1 : Operation 10 [1/1] (0.00ns)   --->   "%specinterface_ln0 = specinterface void @_ssdm_op_SpecInterface, i2 %s_axis_video_V_keep_V, void @empty_23, i32 0, i32 0, void @empty_15, i32 0, i32 0, void @empty_17, void @empty_17, void @empty_17, i32 0, i32 0, i32 0, i32 0, void @empty_17, void @empty_17, i32 4294967295, i32 0, i32 0"   --->   Operation 10 'specinterface' 'specinterface_ln0' <Predicate = true> <Delay = 0.00>
ST_1 : Operation 11 [1/1] (0.00ns)   --->   "%specinterface_ln0 = specinterface void @_ssdm_op_SpecInterface, i2 %s_axis_video_V_strb_V, void @empty_23, i32 0, i32 0, void @empty_15, i32 0, i32 0, void @empty_17, void @empty_17, void @empty_17, i32 0, i32 0, i32 0, i32 0, void @empty_17, void @empty_17, i32 4294967295, i32 0, i32 0"   --->   Operation 11 'specinterface' 'specinterface_ln0' <Predicate = true> <Delay = 0.00>
ST_1 : Operation 12 [1/1] (0.00ns)   --->   "%specinterface_ln0 = specinterface void @_ssdm_op_SpecInterface, i1 %s_axis_video_V_user_V, void @empty_23, i32 0, i32 0, void @empty_15, i32 0, i32 0, void @empty_17, void @empty_17, void @empty_17, i32 0, i32 0, i32 0, i32 0, void @empty_17, void @empty_17, i32 4294967295, i32 0, i32 0"   --->   Operation 12 'specinterface' 'specinterface_ln0' <Predicate = true> <Delay = 0.00>
ST_1 : Operation 13 [1/1] (0.00ns)   --->   "%specinterface_ln0 = specinterface void @_ssdm_op_SpecInterface, i1 %s_axis_video_V_last_V, void @empty_23, i32 0, i32 0, void @empty_15, i32 0, i32 0, void @empty_17, void @empty_17, void @empty_17, i32 0, i32 0, i32 0, i32 0, void @empty_17, void @empty_17, i32 4294967295, i32 0, i32 0"   --->   Operation 13 'specinterface' 'specinterface_ln0' <Predicate = true> <Delay = 0.00>
ST_1 : Operation 14 [1/1] (0.00ns)   --->   "%specinterface_ln0 = specinterface void @_ssdm_op_SpecInterface, i1 %s_axis_video_V_id_V, void @empty_23, i32 0, i32 0, void @empty_15, i32 0, i32 0, void @empty_17, void @empty_17, void @empty_17, i32 0, i32 0, i32 0, i32 0, void @empty_17, void @empty_17, i32 4294967295, i32 0, i32 0"   --->   Operation 14 'specinterface' 'specinterface_ln0' <Predicate = true> <Delay = 0.00>
ST_1 : Operation 15 [1/1] (0.00ns)   --->   "%specinterface_ln0 = specinterface void @_ssdm_op_SpecInterface, i1 %s_axis_video_V_dest_V, void @empty_23, i32 0, i32 0, void @empty_15, i32 0, i32 0, void @empty_17, void @empty_17, void @empty_17, i32 0, i32 0, i32 0, i32 0, void @empty_17, void @empty_17, i32 4294967295, i32 0, i32 0"   --->   Operation 15 'specinterface' 'specinterface_ln0' <Predicate = true> <Delay = 0.00>
ST_1 : Operation 16 [1/1] (0.00ns)   --->   "%specinterface_ln0 = specinterface void @_ssdm_op_SpecInterface, i10 %imgBayer, void @empty_24, i32 0, i32 0, void @empty_17, i32 0, i32 0, void @empty_17, void @empty_17, void @empty_17, i32 0, i32 0, i32 0, i32 0, void @empty_17, void @empty_17, i32 4294967295, i32 0, i32 0"   --->   Operation 16 'specinterface' 'specinterface_ln0' <Predicate = true> <Delay = 0.00>
ST_1 : Operation 17 [1/1] (0.00ns)   --->   "%cols_read = read i11 @_ssdm_op_Read.ap_auto.i11, i11 %cols"   --->   Operation 17 'read' 'cols_read' <Predicate = true> <Delay = 0.00>
ST_1 : Operation 18 [1/1] (0.00ns)   --->   "%axi_data_2_read = read i10 @_ssdm_op_Read.ap_auto.i10, i10 %axi_data_2"   --->   Operation 18 'read' 'axi_data_2_read' <Predicate = true> <Delay = 0.00>
ST_1 : Operation 19 [1/1] (0.00ns)   --->   "%axi_last_2_read = read i1 @_ssdm_op_Read.ap_auto.i1, i1 %axi_last_2"   --->   Operation 19 'read' 'axi_last_2_read' <Predicate = true> <Delay = 0.00>
ST_1 : Operation 20 [1/1] (0.00ns)   --->   "%sof_4_read = read i1 @_ssdm_op_Read.ap_auto.i1, i1 %sof_4"   --->   Operation 20 'read' 'sof_4_read' <Predicate = true> <Delay = 0.00>
ST_1 : Operation 21 [1/1] (0.42ns)   --->   "%store_ln141 = store i1 %axi_last_2_read, i1 %axi_last" [F:/Projects/Vivado/project_Scratch/project_Scratch.runs/design_1_v_demosaic_0_0_synth_1/prj/sol/.autopilot/db/v_demosaic.cpp:141]   --->   Operation 21 'store' 'store_ln141' <Predicate = true> <Delay = 0.42>
ST_1 : Operation 22 [1/1] (0.42ns)   --->   "%store_ln141 = store i10 %axi_data_2_read, i10 %axi_data" [F:/Projects/Vivado/project_Scratch/project_Scratch.runs/design_1_v_demosaic_0_0_synth_1/prj/sol/.autopilot/db/v_demosaic.cpp:141]   --->   Operation 22 'store' 'store_ln141' <Predicate = true> <Delay = 0.42>
ST_1 : Operation 23 [1/1] (0.42ns)   --->   "%store_ln166 = store i11 0, i11 %j" [F:/Projects/Vivado/project_Scratch/project_Scratch.runs/design_1_v_demosaic_0_0_synth_1/prj/sol/.autopilot/db/v_demosaic.cpp:166]   --->   Operation 23 'store' 'store_ln166' <Predicate = true> <Delay = 0.42>
ST_1 : Operation 24 [1/1] (0.42ns)   --->   "%br_ln166 = br void %for.body12" [F:/Projects/Vivado/project_Scratch/project_Scratch.runs/design_1_v_demosaic_0_0_synth_1/prj/sol/.autopilot/db/v_demosaic.cpp:166]   --->   Operation 24 'br' 'br_ln166' <Predicate = true> <Delay = 0.42>
ST_1 : Operation 25 [1/1] (0.00ns)   --->   "%eol = phi i1 0, void %newFuncRoot, i1 %axi_last_4, void %if.end"   --->   Operation 25 'phi' 'eol' <Predicate = true> <Delay = 0.00>
ST_1 : Operation 26 [1/1] (0.00ns)   --->   "%sof = phi i1 %sof_4_read, void %newFuncRoot, i1 0, void %if.end"   --->   Operation 26 'phi' 'sof' <Predicate = true> <Delay = 0.00>
ST_1 : Operation 27 [1/1] (0.00ns)   --->   "%j_3 = load i11 %j" [F:/Projects/Vivado/project_Scratch/project_Scratch.runs/design_1_v_demosaic_0_0_synth_1/prj/sol/.autopilot/db/v_demosaic.cpp:166]   --->   Operation 27 'load' 'j_3' <Predicate = true> <Delay = 0.00>
ST_1 : Operation 28 [1/1] (0.79ns)   --->   "%icmp_ln166 = icmp_eq  i11 %j_3, i11 %cols_read" [F:/Projects/Vivado/project_Scratch/project_Scratch.runs/design_1_v_demosaic_0_0_synth_1/prj/sol/.autopilot/db/v_demosaic.cpp:166]   --->   Operation 28 'icmp' 'icmp_ln166' <Predicate = true> <Delay = 0.79> <CoreInst = "Cmp">   --->   Core 9 'Cmp' <Latency = 0> <II = 1> <Delay = 0.79> <FuncUnit> <Opcode : 'seteq' 'setne' 'setle' 'setge' 'setlt' 'setgt'> <InPorts = 2> <OutPorts = 1>
ST_1 : Operation 29 [1/1] (0.00ns)   --->   "%speclooptripcount_ln0 = speclooptripcount void @_ssdm_op_SpecLoopTripCount, i64 0, i64 1920, i64 0"   --->   Operation 29 'speclooptripcount' 'speclooptripcount_ln0' <Predicate = true> <Delay = 0.00>
ST_1 : Operation 30 [1/1] (0.79ns)   --->   "%j_4 = add i11 %j_3, i11 1" [F:/Projects/Vivado/project_Scratch/project_Scratch.runs/design_1_v_demosaic_0_0_synth_1/prj/sol/.autopilot/db/v_demosaic.cpp:166]   --->   Operation 30 'add' 'j_4' <Predicate = true> <Delay = 0.79> <CoreInst = "Adder">   --->   Core 1 'Adder' <Latency = 0> <II = 1> <Delay = 0.79> <FuncUnit> <Opcode : 'add' 'sub'> <InPorts = 2> <OutPorts = 1>
ST_1 : Operation 31 [1/1] (0.00ns)   --->   "%br_ln166 = br i1 %icmp_ln166, void %for.body12.split, void %loop_wait_for_eol.loopexit.exitStub" [F:/Projects/Vivado/project_Scratch/project_Scratch.runs/design_1_v_demosaic_0_0_synth_1/prj/sol/.autopilot/db/v_demosaic.cpp:166]   --->   Operation 31 'br' 'br_ln166' <Predicate = true> <Delay = 0.00>
ST_1 : Operation 32 [1/1] (0.00ns)   --->   "%specpipeline_ln169 = specpipeline void @_ssdm_op_SpecPipeline, i32 1, i32 0, i32 0, i32 0, void @empty_17" [F:/Projects/Vivado/project_Scratch/project_Scratch.runs/design_1_v_demosaic_0_0_synth_1/prj/sol/.autopilot/db/v_demosaic.cpp:169]   --->   Operation 32 'specpipeline' 'specpipeline_ln169' <Predicate = (!icmp_ln166)> <Delay = 0.00>
ST_1 : Operation 33 [1/1] (0.00ns)   --->   "%specloopname_ln166 = specloopname void @_ssdm_op_SpecLoopName, void @empty_0" [F:/Projects/Vivado/project_Scratch/project_Scratch.runs/design_1_v_demosaic_0_0_synth_1/prj/sol/.autopilot/db/v_demosaic.cpp:166]   --->   Operation 33 'specloopname' 'specloopname_ln166' <Predicate = (!icmp_ln166)> <Delay = 0.00>
ST_1 : Operation 34 [1/1] (0.28ns)   --->   "%or_ln170 = or i1 %sof, i1 %eol" [F:/Projects/Vivado/project_Scratch/project_Scratch.runs/design_1_v_demosaic_0_0_synth_1/prj/sol/.autopilot/db/v_demosaic.cpp:170]   --->   Operation 34 'or' 'or_ln170' <Predicate = (!icmp_ln166)> <Delay = 0.28> <CoreInst = "LogicGate">   --->   Core 74 'LogicGate' <Latency = 0> <II = 1> <Delay = 0.28> <FuncUnit> <Opcode : 'and' 'or' 'xor'> <InPorts = 2> <OutPorts = 1>
ST_1 : Operation 35 [1/1] (0.00ns)   --->   "%br_ln170 = br i1 %or_ln170, void %if.else, void %if.end" [F:/Projects/Vivado/project_Scratch/project_Scratch.runs/design_1_v_demosaic_0_0_synth_1/prj/sol/.autopilot/db/v_demosaic.cpp:170]   --->   Operation 35 'br' 'br_ln170' <Predicate = (!icmp_ln166)> <Delay = 0.00>
ST_1 : Operation 36 [1/1] (0.07ns)   --->   "%empty = read i24 @_ssdm_op_Read.axis.volatile.i16P0A.i2P0A.i2P0A.i1P0A.i1P0A.i1P0A.i1P0A, i16 %s_axis_video_V_data_V, i2 %s_axis_video_V_keep_V, i2 %s_axis_video_V_strb_V, i1 %s_axis_video_V_user_V, i1 %s_axis_video_V_last_V, i1 %s_axis_video_V_id_V, i1 %s_axis_video_V_dest_V" [F:/Projects/Vivado/project_Scratch/project_Scratch.runs/design_1_v_demosaic_0_0_synth_1/prj/sol/.autopilot/db/v_demosaic.cpp:174]   --->   Operation 36 'read' 'empty' <Predicate = (!icmp_ln166 & !or_ln170)> <Delay = 0.07> <CoreInst = "regslice">   --->   Core 148 'regslice' <Latency = 0> <II = 1> <Delay = 0.59> <Adapter> <Opcode : 'read' 'write'>
ST_1 : Operation 37 [1/1] (0.00ns)   --->   "%p_cast9 = extractvalue i24 %empty" [F:/Projects/Vivado/project_Scratch/project_Scratch.runs/design_1_v_demosaic_0_0_synth_1/prj/sol/.autopilot/db/v_demosaic.cpp:174]   --->   Operation 37 'extractvalue' 'p_cast9' <Predicate = (!icmp_ln166 & !or_ln170)> <Delay = 0.00>
ST_1 : Operation 38 [1/1] (0.00ns)   --->   "%axi_last_5 = extractvalue i24 %empty" [F:/Projects/Vivado/project_Scratch/project_Scratch.runs/design_1_v_demosaic_0_0_synth_1/prj/sol/.autopilot/db/v_demosaic.cpp:174]   --->   Operation 38 'extractvalue' 'axi_last_5' <Predicate = (!icmp_ln166 & !or_ln170)> <Delay = 0.00>
ST_1 : Operation 39 [1/1] (0.00ns)   --->   "%axi_data_1 = trunc i16 %p_cast9" [F:/Projects/Vivado/project_Scratch/project_Scratch.runs/design_1_v_demosaic_0_0_synth_1/prj/sol/.autopilot/db/v_demosaic.cpp:174]   --->   Operation 39 'trunc' 'axi_data_1' <Predicate = (!icmp_ln166 & !or_ln170)> <Delay = 0.00>
ST_1 : Operation 40 [1/1] (0.42ns)   --->   "%store_ln141 = store i1 %axi_last_5, i1 %axi_last" [F:/Projects/Vivado/project_Scratch/project_Scratch.runs/design_1_v_demosaic_0_0_synth_1/prj/sol/.autopilot/db/v_demosaic.cpp:141]   --->   Operation 40 'store' 'store_ln141' <Predicate = (!icmp_ln166 & !or_ln170)> <Delay = 0.42>
ST_1 : Operation 41 [1/1] (0.42ns)   --->   "%store_ln141 = store i10 %axi_data_1, i10 %axi_data" [F:/Projects/Vivado/project_Scratch/project_Scratch.runs/design_1_v_demosaic_0_0_synth_1/prj/sol/.autopilot/db/v_demosaic.cpp:141]   --->   Operation 41 'store' 'store_ln141' <Predicate = (!icmp_ln166 & !or_ln170)> <Delay = 0.42>
ST_1 : Operation 42 [1/1] (0.00ns)   --->   "%br_ln0 = br void %if.end"   --->   Operation 42 'br' 'br_ln0' <Predicate = (!icmp_ln166 & !or_ln170)> <Delay = 0.00>
ST_1 : Operation 43 [1/1] (0.42ns)   --->   "%store_ln166 = store i11 %j_4, i11 %j" [F:/Projects/Vivado/project_Scratch/project_Scratch.runs/design_1_v_demosaic_0_0_synth_1/prj/sol/.autopilot/db/v_demosaic.cpp:166]   --->   Operation 43 'store' 'store_ln166' <Predicate = (!icmp_ln166)> <Delay = 0.42>
ST_1 : Operation 44 [1/1] (0.00ns)   --->   "%br_ln166 = br void %for.body12" [F:/Projects/Vivado/project_Scratch/project_Scratch.runs/design_1_v_demosaic_0_0_synth_1/prj/sol/.autopilot/db/v_demosaic.cpp:166]   --->   Operation 44 'br' 'br_ln166' <Predicate = (!icmp_ln166)> <Delay = 0.00>
ST_1 : Operation 48 [1/1] (0.00ns)   --->   "%axi_data_load = load i10 %axi_data"   --->   Operation 48 'load' 'axi_data_load' <Predicate = (icmp_ln166)> <Delay = 0.00>
ST_1 : Operation 49 [1/1] (0.00ns)   --->   "%write_ln0 = write void @_ssdm_op_Write.ap_auto.i1P0A, i1 %eol_out, i1 %eol"   --->   Operation 49 'write' 'write_ln0' <Predicate = (icmp_ln166)> <Delay = 0.00>
ST_1 : Operation 50 [1/1] (0.00ns)   --->   "%write_ln0 = write void @_ssdm_op_Write.ap_auto.i10P0A, i10 %axi_data_3_out, i10 %axi_data_load"   --->   Operation 50 'write' 'write_ln0' <Predicate = (icmp_ln166)> <Delay = 0.00>
ST_1 : Operation 51 [1/1] (0.42ns)   --->   "%ret_ln0 = ret"   --->   Operation 51 'ret' 'ret_ln0' <Predicate = (icmp_ln166)> <Delay = 0.42>

State 2 <SV = 1> <Delay = 1.83>
ST_2 : Operation 45 [1/1] (0.00ns)   --->   "%axi_data_4 = load i10 %axi_data" [F:/Projects/Vivado/project_Scratch/project_Scratch.runs/design_1_v_demosaic_0_0_synth_1/prj/sol/.autopilot/db/v_demosaic.cpp:185]   --->   Operation 45 'load' 'axi_data_4' <Predicate = (!icmp_ln166)> <Delay = 0.00>
ST_2 : Operation 46 [1/1] (0.00ns)   --->   "%axi_last_4 = load i1 %axi_last"   --->   Operation 46 'load' 'axi_last_4' <Predicate = (!icmp_ln166)> <Delay = 0.00>
ST_2 : Operation 47 [1/1] (1.83ns)   --->   "%write_ln185 = write void @_ssdm_op_Write.ap_fifo.volatile.i10P0A, i10 %imgBayer, i10 %axi_data_4" [F:/Projects/Vivado/project_Scratch/project_Scratch.runs/design_1_v_demosaic_0_0_synth_1/prj/sol/.autopilot/db/v_demosaic.cpp:185]   --->   Operation 47 'write' 'write_ln185' <Predicate = (!icmp_ln166)> <Delay = 1.83> <CoreInst = "FIFO_SRL">   --->   Core 80 'FIFO_SRL' <Latency = 0> <II = 1> <Delay = 1.83> <Storage> <Opcode : 'read' 'write' 'nbread' 'nbwrite'> <Ports = 0> <Width = 10> <Depth = 2> <FIFO>


============================================================
+ Verbose Summary: Timing violations
============================================================
Target clock period: 6.734ns, clock uncertainty: 1.818ns.

 <State 1>: 1.731ns
The critical path consists of the following:
	'store' operation 0 bit ('store_ln166', F:/Projects/Vivado/project_Scratch/project_Scratch.runs/design_1_v_demosaic_0_0_synth_1/prj/sol/.autopilot/db/v_demosaic.cpp:166) of constant 0 on local variable 'j', F:/Projects/Vivado/project_Scratch/project_Scratch.runs/design_1_v_demosaic_0_0_synth_1/prj/sol/.autopilot/db/v_demosaic.cpp:166 [33]  (0.427 ns)
	'load' operation 11 bit ('j', F:/Projects/Vivado/project_Scratch/project_Scratch.runs/design_1_v_demosaic_0_0_synth_1/prj/sol/.autopilot/db/v_demosaic.cpp:166) on local variable 'j', F:/Projects/Vivado/project_Scratch/project_Scratch.runs/design_1_v_demosaic_0_0_synth_1/prj/sol/.autopilot/db/v_demosaic.cpp:166 [38]  (0.000 ns)
	'icmp' operation 1 bit ('icmp_ln166', F:/Projects/Vivado/project_Scratch/project_Scratch.runs/design_1_v_demosaic_0_0_synth_1/prj/sol/.autopilot/db/v_demosaic.cpp:166) [39]  (0.798 ns)
	axis read operation ('empty', F:/Projects/Vivado/project_Scratch/project_Scratch.runs/design_1_v_demosaic_0_0_synth_1/prj/sol/.autopilot/db/v_demosaic.cpp:174) on port 's_axis_video_V_data_V' (F:/Projects/Vivado/project_Scratch/project_Scratch.runs/design_1_v_demosaic_0_0_synth_1/prj/sol/.autopilot/db/v_demosaic.cpp:174) [49]  (0.079 ns)
	'store' operation 0 bit ('store_ln141', F:/Projects/Vivado/project_Scratch/project_Scratch.runs/design_1_v_demosaic_0_0_synth_1/prj/sol/.autopilot/db/v_demosaic.cpp:141) of variable 'axi.last', F:/Projects/Vivado/project_Scratch/project_Scratch.runs/design_1_v_demosaic_0_0_synth_1/prj/sol/.autopilot/db/v_demosaic.cpp:174 on local variable 'axi.last', F:/Projects/Vivado/project_Scratch/project_Scratch.runs/design_1_v_demosaic_0_0_synth_1/prj/sol/.autopilot/db/v_demosaic.cpp:141 [53]  (0.427 ns)

 <State 2>: 1.838ns
The critical path consists of the following:
	'load' operation 10 bit ('axi.data', F:/Projects/Vivado/project_Scratch/project_Scratch.runs/design_1_v_demosaic_0_0_synth_1/prj/sol/.autopilot/db/v_demosaic.cpp:185) on local variable 'axi.data', F:/Projects/Vivado/project_Scratch/project_Scratch.runs/design_1_v_demosaic_0_0_synth_1/prj/sol/.autopilot/db/v_demosaic.cpp:141 [57]  (0.000 ns)
	fifo write operation ('write_ln185', F:/Projects/Vivado/project_Scratch/project_Scratch.runs/design_1_v_demosaic_0_0_synth_1/prj/sol/.autopilot/db/v_demosaic.cpp:185) on port 'imgBayer' (F:/Projects/Vivado/project_Scratch/project_Scratch.runs/design_1_v_demosaic_0_0_synth_1/prj/sol/.autopilot/db/v_demosaic.cpp:185) [59]  (1.838 ns)


============================================================
+ Verbose Summary: Binding
============================================================
N/A
* FSMD analyzer results:
  - Output states:
 - Input state : 
  - Chain level:
	State 1
	State 2


============================================================
+ Verbose Summary: Datapath Resource usage 
============================================================
N/A
