

================================================================
== Vitis HLS Report for 'ZipperRemoval'
================================================================
* Date:           Mon Jun 17 21:38:19 2024

* Version:        2024.1 (Build 5069499 on May 21 2024)
* Project:        prj
* Solution:       sol (Vivado IP Flow Target)
* Product family: zynquplus
* Target device:  xck26-sfvc784-2LV-c


================================================================
== Performance Estimates
================================================================
+ Timing: 
    * Summary: 
    +--------+---------+----------+------------+
    |  Clock |  Target | Estimated| Uncertainty|
    +--------+---------+----------+------------+
    |ap_clk  |  6.73 ns|  3.188 ns|     1.82 ns|
    +--------+---------+----------+------------+

+ Latency: 
    * Summary: 
    +---------+------------+----------+------------+-----+------------+---------+
    |   Latency (cycles)   |   Latency (absolute)  |     Interval     | Pipeline|
    |   min   |     max    |    min   |     max    | min |     max    |   Type  |
    +---------+------------+----------+------------+-----+------------+---------+
    |        1|  4295360506|  6.734 ns|  28.925 sec|    1|  4295360506|       no|
    +---------+------------+----------+------------+-----+------------+---------+

    + Detail: 
        * Instance: 
        +-----------------------------------------------------+------------------------------------------+---------+---------+-----------+----------+-----+-------+-----------------------------------------------+
        |                                                     |                                          |  Latency (cycles) |  Latency (absolute)  |   Interval  |                    Pipeline                   |
        |                       Instance                      |                  Module                  |   min   |   max   |    min    |    max   | min |  max  |                      Type                     |
        +-----------------------------------------------------+------------------------------------------+---------+---------+-----------+----------+-----+-------+-----------------------------------------------+
        |grp_ZipperRemoval_Pipeline_VITIS_LOOP_1101_2_fu_104  |ZipperRemoval_Pipeline_VITIS_LOOP_1101_2  |        5|    65540|  33.670 ns|  0.441 ms|    2|  65537|  loop auto-rewind stp(delay=0 clock cycles(s))|
        +-----------------------------------------------------+------------------------------------------+---------+---------+-----------+----------+-----+-------+-----------------------------------------------+

        * Loop: 
        +---------------------+---------+------------+-----------+-----------+-----------+-----------+----------+
        |                     |   Latency (cycles)   | Iteration |  Initiation Interval  |    Trip   |          |
        |      Loop Name      |   min   |     max    |  Latency  |  achieved |   target  |   Count   | Pipelined|
        +---------------------+---------+------------+-----------+-----------+-----------+-----------+----------+
        |- VITIS_LOOP_1099_1  |        0|  4295360505|  8 ~ 65543|          -|          -|  0 ~ 65535|        no|
        +---------------------+---------+------------+-----------+-----------+-----------+-----------+----------+



================================================================
== Utilization Estimates
================================================================
* Summary: 
+-----------------+---------+------+--------+--------+-----+
|       Name      | BRAM_18K|  DSP |   FF   |   LUT  | URAM|
+-----------------+---------+------+--------+--------+-----+
|DSP              |        -|     -|       -|       -|    -|
|Expression       |        -|     -|       0|      72|    -|
|FIFO             |        -|     -|       -|       -|    -|
|Instance         |        -|     -|     189|     545|    -|
|Memory           |        -|     -|       -|       -|    -|
|Multiplexer      |        -|     -|       0|     143|    -|
|Register         |        -|     -|     154|       -|    -|
+-----------------+---------+------+--------+--------+-----+
|Total            |        0|     0|     343|     760|    0|
+-----------------+---------+------+--------+--------+-----+
|Available        |      288|  1248|  234240|  117120|   64|
+-----------------+---------+------+--------+--------+-----+
|Utilization (%)  |        0|     0|      ~0|      ~0|    0|
+-----------------+---------+------+--------+--------+-----+

+ Detail: 
    * Instance: 
    +-----------------------------------------------------+------------------------------------------+---------+----+-----+-----+-----+
    |                       Instance                      |                  Module                  | BRAM_18K| DSP|  FF | LUT | URAM|
    +-----------------------------------------------------+------------------------------------------+---------+----+-----+-----+-----+
    |grp_ZipperRemoval_Pipeline_VITIS_LOOP_1101_2_fu_104  |ZipperRemoval_Pipeline_VITIS_LOOP_1101_2  |        0|   0|  189|  545|    0|
    +-----------------------------------------------------+------------------------------------------+---------+----+-----+-----+-----+
    |Total                                                |                                          |        0|   0|  189|  545|    0|
    +-----------------------------------------------------+------------------------------------------+---------+----+-----+-----+-----+

    * DSP: 
    N/A

    * Memory: 
    N/A

    * FIFO: 
    N/A

    * Expression: 
    +-----------------------+----------+----+---+----+------------+------------+
    |     Variable Name     | Operation| DSP| FF| LUT| Bitwidth P0| Bitwidth P1|
    +-----------------------+----------+----+---+----+------------+------------+
    |loopWidth_fu_130_p2    |         +|   0|  0|  24|          17|           1|
    |y_2_fu_189_p2          |         +|   0|  0|  23|          16|           1|
    |icmp_ln1099_fu_184_p2  |      icmp|   0|  0|  23|          16|          16|
    |ap_block_state1        |        or|   0|  0|   2|           1|           1|
    +-----------------------+----------+----+---+----+------------+------------+
    |Total                  |          |   0|  0|  72|          50|          19|
    +-----------------------+----------+----+---+----+------------+------------+

    * Multiplexer: 
    +---------------------------------+----+-----------+-----+-----------+
    |               Name              | LUT| Input Size| Bits| Total Bits|
    +---------------------------------+----+-----------+-----+-----------+
    |ap_NS_fsm                        |  26|          5|    1|          5|
    |ap_done                          |   9|          2|    1|          2|
    |conv2_i_i_lcssa687_fu_76         |   9|          2|    7|         14|
    |imgRgb_read                      |   9|          2|    1|          2|
    |imgUnzip_write                   |   9|          2|    1|          2|
    |p_0_0_0477655_lcssa668693_fu_88  |   9|          2|   10|         20|
    |p_0_0_0478653_lcssa666691_fu_84  |   9|          2|   10|         20|
    |p_0_0_0479657_lcssa664689_fu_80  |   9|          2|   10|         20|
    |p_0_0_0480_1_lcssa685_fu_72      |   9|          2|   10|         20|
    |p_0_0_0481_1_lcssa683_fu_68      |   9|          2|   10|         20|
    |p_0_0_0482_1_lcssa681_fu_64      |   9|          2|   10|         20|
    |p_0_0_0483_1_lcssa679_fu_60      |   9|          2|   10|         20|
    |real_start                       |   9|          2|    1|          2|
    |y_fu_56                          |   9|          2|   16|         32|
    +---------------------------------+----+-----------+-----+-----------+
    |Total                            | 143|         31|   98|        199|
    +---------------------------------+----+-----------+-----+-----------+

    * Register: 
    +------------------------------------------------------------------+----+----+-----+-----------+
    |                               Name                               | FF | LUT| Bits| Const Bits|
    +------------------------------------------------------------------+----+----+-----+-----------+
    |ap_CS_fsm                                                         |   4|   0|    4|          0|
    |ap_done_reg                                                       |   1|   0|    1|          0|
    |conv2_i_i_lcssa687_fu_76                                          |   7|   0|    7|          0|
    |conv2_i_i_lcssa687_load_reg_289                                   |   7|   0|    7|          0|
    |grp_ZipperRemoval_Pipeline_VITIS_LOOP_1101_2_fu_104_ap_start_reg  |   1|   0|    1|          0|
    |loopWidth_reg_281                                                 |  17|   0|   17|          0|
    |p_0_0_0477655_lcssa668693_fu_88                                   |  10|   0|   10|          0|
    |p_0_0_0477655_lcssa668693_load_reg_304                            |  10|   0|   10|          0|
    |p_0_0_0478653_lcssa666691_fu_84                                   |  10|   0|   10|          0|
    |p_0_0_0478653_lcssa666691_load_reg_299                            |  10|   0|   10|          0|
    |p_0_0_0479657_lcssa664689_fu_80                                   |  10|   0|   10|          0|
    |p_0_0_0479657_lcssa664689_load_reg_294                            |  10|   0|   10|          0|
    |p_0_0_0480_1_lcssa685_fu_72                                       |  10|   0|   10|          0|
    |p_0_0_0481_1_lcssa683_fu_68                                       |  10|   0|   10|          0|
    |p_0_0_0482_1_lcssa681_fu_64                                       |  10|   0|   10|          0|
    |p_0_0_0483_1_lcssa679_fu_60                                       |  10|   0|   10|          0|
    |start_once_reg                                                    |   1|   0|    1|          0|
    |y_fu_56                                                           |  16|   0|   16|          0|
    +------------------------------------------------------------------+----+----+-----+-----------+
    |Total                                                             | 154|   0|  154|          0|
    +------------------------------------------------------------------+----+----+-----+-----------+



================================================================
== Interface
================================================================
* Summary: 
+-------------------------+-----+-----+------------+---------------+--------------+
|        RTL Ports        | Dir | Bits|  Protocol  | Source Object |    C Type    |
+-------------------------+-----+-----+------------+---------------+--------------+
|ap_clk                   |   in|    1|  ap_ctrl_hs|  ZipperRemoval|  return value|
|ap_rst                   |   in|    1|  ap_ctrl_hs|  ZipperRemoval|  return value|
|ap_start                 |   in|    1|  ap_ctrl_hs|  ZipperRemoval|  return value|
|start_full_n             |   in|    1|  ap_ctrl_hs|  ZipperRemoval|  return value|
|ap_done                  |  out|    1|  ap_ctrl_hs|  ZipperRemoval|  return value|
|ap_continue              |   in|    1|  ap_ctrl_hs|  ZipperRemoval|  return value|
|ap_idle                  |  out|    1|  ap_ctrl_hs|  ZipperRemoval|  return value|
|ap_ready                 |  out|    1|  ap_ctrl_hs|  ZipperRemoval|  return value|
|start_out                |  out|    1|  ap_ctrl_hs|  ZipperRemoval|  return value|
|start_write              |  out|    1|  ap_ctrl_hs|  ZipperRemoval|  return value|
|imgRgb_dout              |   in|   30|     ap_fifo|         imgRgb|       pointer|
|imgRgb_num_data_valid    |   in|    3|     ap_fifo|         imgRgb|       pointer|
|imgRgb_fifo_cap          |   in|    3|     ap_fifo|         imgRgb|       pointer|
|imgRgb_empty_n           |   in|    1|     ap_fifo|         imgRgb|       pointer|
|imgRgb_read              |  out|    1|     ap_fifo|         imgRgb|       pointer|
|imgUnzip_din             |  out|   30|     ap_fifo|       imgUnzip|       pointer|
|imgUnzip_num_data_valid  |   in|    3|     ap_fifo|       imgUnzip|       pointer|
|imgUnzip_fifo_cap        |   in|    3|     ap_fifo|       imgUnzip|       pointer|
|imgUnzip_full_n          |   in|    1|     ap_fifo|       imgUnzip|       pointer|
|imgUnzip_write           |  out|    1|     ap_fifo|       imgUnzip|       pointer|
|height                   |   in|   16|   ap_stable|         height|        scalar|
|width                    |   in|   16|   ap_stable|          width|        scalar|
+-------------------------+-----+-----+------------+---------------+--------------+

============================================================
+ Verbose Summary: Synthesis Manager
============================================================
InlineROM: 1
ExposeGlobal: 0
============================================================
+ Verbose Summary: CDFG Model
============================================================
IsTopModel: 0
ResetActiveHigh: 1
IsCombinational: 2
IsDatapathOnly: 0
HasWiredReturn: 1
HasMFsm: 0
HasVarLatency: 1
IsPipeline: 0
IsRtlPipelined: 0
IsInstanceOverlapped: 0
IsDontTouch: 0
HasImplIP: 0
IsGatedGlobalClock: 0


============================================================
+ Verbose Summary: Schedule
============================================================
* Number of FSM states : 4
* Pipeline : 0
* Dataflow Pipeline: 0

* FSM state transitions: 
1 --> 2 
2 --> 3 
3 --> 4 
4 --> 2 

* FSM state operations: 

State 1 <SV = 0> <Delay = 0.85>
ST_1 : Operation 5 [1/1] (0.00ns)   --->   "%y = alloca i32 1" [F:/Projects/Vivado/project_Scratch/project_Scratch.runs/design_1_v_demosaic_0_0_synth_1/prj/sol/.autopilot/db/v_demosaic.cpp:1083]   --->   Operation 5 'alloca' 'y' <Predicate = true> <Delay = 0.00>
ST_1 : Operation 6 [1/1] (0.00ns)   --->   "%p_0_0_0483_1_lcssa679 = alloca i32 1"   --->   Operation 6 'alloca' 'p_0_0_0483_1_lcssa679' <Predicate = true> <Delay = 0.00>
ST_1 : Operation 7 [1/1] (0.00ns)   --->   "%p_0_0_0482_1_lcssa681 = alloca i32 1"   --->   Operation 7 'alloca' 'p_0_0_0482_1_lcssa681' <Predicate = true> <Delay = 0.00>
ST_1 : Operation 8 [1/1] (0.00ns)   --->   "%p_0_0_0481_1_lcssa683 = alloca i32 1"   --->   Operation 8 'alloca' 'p_0_0_0481_1_lcssa683' <Predicate = true> <Delay = 0.00>
ST_1 : Operation 9 [1/1] (0.00ns)   --->   "%p_0_0_0480_1_lcssa685 = alloca i32 1"   --->   Operation 9 'alloca' 'p_0_0_0480_1_lcssa685' <Predicate = true> <Delay = 0.00>
ST_1 : Operation 10 [1/1] (0.00ns)   --->   "%conv2_i_i_lcssa687 = alloca i32 1"   --->   Operation 10 'alloca' 'conv2_i_i_lcssa687' <Predicate = true> <Delay = 0.00>
ST_1 : Operation 11 [1/1] (0.00ns)   --->   "%p_0_0_0479657_lcssa664689 = alloca i32 1"   --->   Operation 11 'alloca' 'p_0_0_0479657_lcssa664689' <Predicate = true> <Delay = 0.00>
ST_1 : Operation 12 [1/1] (0.00ns)   --->   "%p_0_0_0478653_lcssa666691 = alloca i32 1"   --->   Operation 12 'alloca' 'p_0_0_0478653_lcssa666691' <Predicate = true> <Delay = 0.00>
ST_1 : Operation 13 [1/1] (0.00ns)   --->   "%p_0_0_0477655_lcssa668693 = alloca i32 1"   --->   Operation 13 'alloca' 'p_0_0_0477655_lcssa668693' <Predicate = true> <Delay = 0.00>
ST_1 : Operation 14 [1/1] (0.00ns)   --->   "%width_read = read i16 @_ssdm_op_Read.ap_stable.i16, i16 %width"   --->   Operation 14 'read' 'width_read' <Predicate = true> <Delay = 0.00>
ST_1 : Operation 15 [1/1] (0.00ns)   --->   "%height_read = read i16 @_ssdm_op_Read.ap_stable.i16, i16 %height"   --->   Operation 15 'read' 'height_read' <Predicate = true> <Delay = 0.00>
ST_1 : Operation 16 [1/1] (0.00ns)   --->   "%specinterface_ln0 = specinterface void @_ssdm_op_SpecInterface, i16 %width, void @ap_stable_str, i32 0, i32 0, void @p_str, i32 0, i32 0, void @p_str, void @p_str, void @p_str, i32 2, i32 2, i32 16, i32 16, void @p_str, void @p_str, i32 4294967295, i32 0, i32 0"   --->   Operation 16 'specinterface' 'specinterface_ln0' <Predicate = true> <Delay = 0.00>
ST_1 : Operation 17 [1/1] (0.00ns)   --->   "%specinterface_ln0 = specinterface void @_ssdm_op_SpecInterface, i16 %height, void @ap_stable_str, i32 0, i32 0, void @p_str, i32 0, i32 0, void @p_str, void @p_str, void @p_str, i32 2, i32 2, i32 16, i32 16, void @p_str, void @p_str, i32 4294967295, i32 0, i32 0"   --->   Operation 17 'specinterface' 'specinterface_ln0' <Predicate = true> <Delay = 0.00>
ST_1 : Operation 18 [1/1] (0.00ns)   --->   "%specinterface_ln0 = specinterface void @_ssdm_op_SpecInterface, i30 %imgUnzip, void @empty_24, i32 0, i32 0, void @empty_17, i32 0, i32 0, void @empty_17, void @empty_17, void @empty_17, i32 0, i32 0, i32 0, i32 0, void @empty_17, void @empty_17, i32 4294967295, i32 0, i32 0"   --->   Operation 18 'specinterface' 'specinterface_ln0' <Predicate = true> <Delay = 0.00>
ST_1 : Operation 19 [1/1] (0.00ns)   --->   "%specinterface_ln0 = specinterface void @_ssdm_op_SpecInterface, i30 %imgRgb, void @empty_24, i32 0, i32 0, void @empty_17, i32 0, i32 0, void @empty_17, void @empty_17, void @empty_17, i32 0, i32 0, i32 0, i32 0, void @empty_17, void @empty_17, i32 4294967295, i32 0, i32 0"   --->   Operation 19 'specinterface' 'specinterface_ln0' <Predicate = true> <Delay = 0.00>
ST_1 : Operation 20 [1/1] (0.00ns)   --->   "%zext_ln1085 = zext i16 %width_read" [F:/Projects/Vivado/project_Scratch/project_Scratch.runs/design_1_v_demosaic_0_0_synth_1/prj/sol/.autopilot/db/v_demosaic.cpp:1085]   --->   Operation 20 'zext' 'zext_ln1085' <Predicate = true> <Delay = 0.00>
ST_1 : Operation 21 [1/1] (0.85ns)   --->   "%loopWidth = add i17 %zext_ln1085, i17 1" [F:/Projects/Vivado/project_Scratch/project_Scratch.runs/design_1_v_demosaic_0_0_synth_1/prj/sol/.autopilot/db/v_demosaic.cpp:1085]   --->   Operation 21 'add' 'loopWidth' <Predicate = true> <Delay = 0.85> <CoreInst = "Adder">   --->   Core 1 'Adder' <Latency = 0> <II = 1> <Delay = 0.86> <FuncUnit> <Opcode : 'add' 'sub'> <InPorts = 2> <OutPorts = 1>
ST_1 : Operation 22 [1/1] (0.00ns)   --->   "%store_ln0 = store i10 0, i10 %p_0_0_0477655_lcssa668693"   --->   Operation 22 'store' 'store_ln0' <Predicate = true> <Delay = 0.00>
ST_1 : Operation 23 [1/1] (0.00ns)   --->   "%store_ln0 = store i10 0, i10 %p_0_0_0478653_lcssa666691"   --->   Operation 23 'store' 'store_ln0' <Predicate = true> <Delay = 0.00>
ST_1 : Operation 24 [1/1] (0.00ns)   --->   "%store_ln0 = store i10 0, i10 %p_0_0_0479657_lcssa664689"   --->   Operation 24 'store' 'store_ln0' <Predicate = true> <Delay = 0.00>
ST_1 : Operation 25 [1/1] (0.00ns)   --->   "%store_ln0 = store i7 0, i7 %conv2_i_i_lcssa687"   --->   Operation 25 'store' 'store_ln0' <Predicate = true> <Delay = 0.00>
ST_1 : Operation 26 [1/1] (0.00ns)   --->   "%store_ln0 = store i10 0, i10 %p_0_0_0480_1_lcssa685"   --->   Operation 26 'store' 'store_ln0' <Predicate = true> <Delay = 0.00>
ST_1 : Operation 27 [1/1] (0.00ns)   --->   "%store_ln0 = store i10 0, i10 %p_0_0_0481_1_lcssa683"   --->   Operation 27 'store' 'store_ln0' <Predicate = true> <Delay = 0.00>
ST_1 : Operation 28 [1/1] (0.00ns)   --->   "%store_ln0 = store i10 0, i10 %p_0_0_0482_1_lcssa681"   --->   Operation 28 'store' 'store_ln0' <Predicate = true> <Delay = 0.00>
ST_1 : Operation 29 [1/1] (0.00ns)   --->   "%store_ln0 = store i10 0, i10 %p_0_0_0483_1_lcssa679"   --->   Operation 29 'store' 'store_ln0' <Predicate = true> <Delay = 0.00>
ST_1 : Operation 30 [1/1] (0.42ns)   --->   "%store_ln1083 = store i16 0, i16 %y" [F:/Projects/Vivado/project_Scratch/project_Scratch.runs/design_1_v_demosaic_0_0_synth_1/prj/sol/.autopilot/db/v_demosaic.cpp:1083]   --->   Operation 30 'store' 'store_ln1083' <Predicate = true> <Delay = 0.42>
ST_1 : Operation 31 [1/1] (0.00ns)   --->   "%br_ln1099 = br void %VITIS_LOOP_1101_2" [F:/Projects/Vivado/project_Scratch/project_Scratch.runs/design_1_v_demosaic_0_0_synth_1/prj/sol/.autopilot/db/v_demosaic.cpp:1099]   --->   Operation 31 'br' 'br_ln1099' <Predicate = true> <Delay = 0.00>

State 2 <SV = 1> <Delay = 1.28>
ST_2 : Operation 32 [1/1] (0.00ns)   --->   "%y_1 = load i16 %y" [F:/Projects/Vivado/project_Scratch/project_Scratch.runs/design_1_v_demosaic_0_0_synth_1/prj/sol/.autopilot/db/v_demosaic.cpp:1099]   --->   Operation 32 'load' 'y_1' <Predicate = true> <Delay = 0.00>
ST_2 : Operation 33 [1/1] (0.85ns)   --->   "%icmp_ln1099 = icmp_eq  i16 %y_1, i16 %height_read" [F:/Projects/Vivado/project_Scratch/project_Scratch.runs/design_1_v_demosaic_0_0_synth_1/prj/sol/.autopilot/db/v_demosaic.cpp:1099]   --->   Operation 33 'icmp' 'icmp_ln1099' <Predicate = true> <Delay = 0.85> <CoreInst = "Cmp">   --->   Core 9 'Cmp' <Latency = 0> <II = 1> <Delay = 0.85> <FuncUnit> <Opcode : 'seteq' 'setne' 'setle' 'setge' 'setlt' 'setgt'> <InPorts = 2> <OutPorts = 1>
ST_2 : Operation 34 [1/1] (0.85ns)   --->   "%y_2 = add i16 %y_1, i16 1" [F:/Projects/Vivado/project_Scratch/project_Scratch.runs/design_1_v_demosaic_0_0_synth_1/prj/sol/.autopilot/db/v_demosaic.cpp:1099]   --->   Operation 34 'add' 'y_2' <Predicate = true> <Delay = 0.85> <CoreInst = "Adder">   --->   Core 1 'Adder' <Latency = 0> <II = 1> <Delay = 0.85> <FuncUnit> <Opcode : 'add' 'sub'> <InPorts = 2> <OutPorts = 1>
ST_2 : Operation 35 [1/1] (0.00ns)   --->   "%br_ln1099 = br i1 %icmp_ln1099, void %VITIS_LOOP_1101_2.split, void %for.end228.loopexit" [F:/Projects/Vivado/project_Scratch/project_Scratch.runs/design_1_v_demosaic_0_0_synth_1/prj/sol/.autopilot/db/v_demosaic.cpp:1099]   --->   Operation 35 'br' 'br_ln1099' <Predicate = true> <Delay = 0.00>
ST_2 : Operation 36 [1/1] (0.00ns)   --->   "%conv2_i_i_lcssa687_load = load i7 %conv2_i_i_lcssa687"   --->   Operation 36 'load' 'conv2_i_i_lcssa687_load' <Predicate = (!icmp_ln1099)> <Delay = 0.00>
ST_2 : Operation 37 [1/1] (0.00ns)   --->   "%p_0_0_0479657_lcssa664689_load = load i10 %p_0_0_0479657_lcssa664689"   --->   Operation 37 'load' 'p_0_0_0479657_lcssa664689_load' <Predicate = (!icmp_ln1099)> <Delay = 0.00>
ST_2 : Operation 38 [1/1] (0.00ns)   --->   "%p_0_0_0478653_lcssa666691_load = load i10 %p_0_0_0478653_lcssa666691"   --->   Operation 38 'load' 'p_0_0_0478653_lcssa666691_load' <Predicate = (!icmp_ln1099)> <Delay = 0.00>
ST_2 : Operation 39 [1/1] (0.00ns)   --->   "%p_0_0_0477655_lcssa668693_load = load i10 %p_0_0_0477655_lcssa668693"   --->   Operation 39 'load' 'p_0_0_0477655_lcssa668693_load' <Predicate = (!icmp_ln1099)> <Delay = 0.00>
ST_2 : Operation 40 [1/1] (0.00ns)   --->   "%empty = wait i32 @_ssdm_op_Wait"   --->   Operation 40 'wait' 'empty' <Predicate = (!icmp_ln1099)> <Delay = 0.00>
ST_2 : Operation 41 [1/1] (0.42ns)   --->   "%store_ln1083 = store i16 %y_2, i16 %y" [F:/Projects/Vivado/project_Scratch/project_Scratch.runs/design_1_v_demosaic_0_0_synth_1/prj/sol/.autopilot/db/v_demosaic.cpp:1083]   --->   Operation 41 'store' 'store_ln1083' <Predicate = (!icmp_ln1099)> <Delay = 0.42>
ST_2 : Operation 42 [1/1] (0.00ns)   --->   "%ret_ln1165 = ret" [F:/Projects/Vivado/project_Scratch/project_Scratch.runs/design_1_v_demosaic_0_0_synth_1/prj/sol/.autopilot/db/v_demosaic.cpp:1165]   --->   Operation 42 'ret' 'ret_ln1165' <Predicate = (icmp_ln1099)> <Delay = 0.00>

State 3 <SV = 2> <Delay = 1.29>
ST_3 : Operation 43 [2/2] (1.29ns)   --->   "%call_ln1085 = call void @ZipperRemoval_Pipeline_VITIS_LOOP_1101_2, i10 %p_0_0_0477655_lcssa668693_load, i10 %p_0_0_0478653_lcssa666691_load, i10 %p_0_0_0479657_lcssa664689_load, i7 %conv2_i_i_lcssa687_load, i17 %loopWidth, i16 %width_read, i30 %imgRgb, i30 %imgUnzip, i10 %p_0_0_0477655_lcssa668693, i10 %p_0_0_0478653_lcssa666691, i10 %p_0_0_0479657_lcssa664689, i10 %p_0_0_0480_1_lcssa685, i10 %p_0_0_0481_1_lcssa683, i10 %p_0_0_0482_1_lcssa681, i10 %p_0_0_0483_1_lcssa679, i7 %conv2_i_i_lcssa687" [F:/Projects/Vivado/project_Scratch/project_Scratch.runs/design_1_v_demosaic_0_0_synth_1/prj/sol/.autopilot/db/v_demosaic.cpp:1085]   --->   Operation 43 'call' 'call_ln1085' <Predicate = true> <Delay = 1.29> <CoreType = "Generic">   --->   Core 0 '' <Latency = 0> <II = 1> <Delay = 1.00> <Generic> <Opcode : >

State 4 <SV = 3> <Delay = 0.00>
ST_4 : Operation 44 [1/1] (0.00ns)   --->   "%speclooptripcount_ln1083 = speclooptripcount void @_ssdm_op_SpecLoopTripCount, i64 0, i64 65535, i64 32767" [F:/Projects/Vivado/project_Scratch/project_Scratch.runs/design_1_v_demosaic_0_0_synth_1/prj/sol/.autopilot/db/v_demosaic.cpp:1083]   --->   Operation 44 'speclooptripcount' 'speclooptripcount_ln1083' <Predicate = true> <Delay = 0.00>
ST_4 : Operation 45 [1/1] (0.00ns)   --->   "%specloopname_ln1099 = specloopname void @_ssdm_op_SpecLoopName, void @empty_21" [F:/Projects/Vivado/project_Scratch/project_Scratch.runs/design_1_v_demosaic_0_0_synth_1/prj/sol/.autopilot/db/v_demosaic.cpp:1099]   --->   Operation 45 'specloopname' 'specloopname_ln1099' <Predicate = true> <Delay = 0.00>
ST_4 : Operation 46 [1/2] (0.00ns)   --->   "%call_ln1085 = call void @ZipperRemoval_Pipeline_VITIS_LOOP_1101_2, i10 %p_0_0_0477655_lcssa668693_load, i10 %p_0_0_0478653_lcssa666691_load, i10 %p_0_0_0479657_lcssa664689_load, i7 %conv2_i_i_lcssa687_load, i17 %loopWidth, i16 %width_read, i30 %imgRgb, i30 %imgUnzip, i10 %p_0_0_0477655_lcssa668693, i10 %p_0_0_0478653_lcssa666691, i10 %p_0_0_0479657_lcssa664689, i10 %p_0_0_0480_1_lcssa685, i10 %p_0_0_0481_1_lcssa683, i10 %p_0_0_0482_1_lcssa681, i10 %p_0_0_0483_1_lcssa679, i7 %conv2_i_i_lcssa687" [F:/Projects/Vivado/project_Scratch/project_Scratch.runs/design_1_v_demosaic_0_0_synth_1/prj/sol/.autopilot/db/v_demosaic.cpp:1085]   --->   Operation 46 'call' 'call_ln1085' <Predicate = true> <Delay = 0.00> <CoreType = "Generic">   --->   Core 0 '' <Latency = 0> <II = 1> <Delay = 1.00> <Generic> <Opcode : >
ST_4 : Operation 47 [1/1] (0.00ns)   --->   "%br_ln1099 = br void %VITIS_LOOP_1101_2" [F:/Projects/Vivado/project_Scratch/project_Scratch.runs/design_1_v_demosaic_0_0_synth_1/prj/sol/.autopilot/db/v_demosaic.cpp:1099]   --->   Operation 47 'br' 'br_ln1099' <Predicate = true> <Delay = 0.00>


============================================================
+ Verbose Summary: Binding
============================================================
STG Binding: 
---------------- STG Properties BEGIN ----------------
- Is combinational: 0
- Is one-state seq: 0
- Is datapath-only: 0
- Is pipelined: 0
- Is top level: 0
Port [ Return ] is wired: 1; IO mode=ap_ctrl_hs:ce=0
Port [ imgRgb]:  wired=1; compound=1; hidden=0; nouse=0; global=0; static=0; extern=0; dir=0; type=3; pingpong=0; private_global=0; IO mode=ap_fifo:ce=0
Port [ imgUnzip]:  wired=1; compound=1; hidden=0; nouse=0; global=0; static=0; extern=0; dir=1; type=3; pingpong=0; private_global=0; IO mode=ap_fifo:ce=0
Port [ height]:  wired=1; compound=0; hidden=0; nouse=0; global=0; static=0; extern=0; dir=0; type=0; pingpong=0; private_global=0; IO mode=ap_stable:ce=0
Port [ width]:  wired=1; compound=0; hidden=0; nouse=0; global=0; static=0; extern=0; dir=0; type=0; pingpong=0; private_global=0; IO mode=ap_stable:ce=0
---------------- STG Properties END ------------------

---------------- Datapath Model BEGIN ----------------

<LifeTime>
<method=bitvector/>
y                              (alloca           ) [ 01111]
p_0_0_0483_1_lcssa679          (alloca           ) [ 01111]
p_0_0_0482_1_lcssa681          (alloca           ) [ 01111]
p_0_0_0481_1_lcssa683          (alloca           ) [ 01111]
p_0_0_0480_1_lcssa685          (alloca           ) [ 01111]
conv2_i_i_lcssa687             (alloca           ) [ 01111]
p_0_0_0479657_lcssa664689      (alloca           ) [ 01111]
p_0_0_0478653_lcssa666691      (alloca           ) [ 01111]
p_0_0_0477655_lcssa668693      (alloca           ) [ 01111]
width_read                     (read             ) [ 00111]
height_read                    (read             ) [ 00111]
specinterface_ln0              (specinterface    ) [ 00000]
specinterface_ln0              (specinterface    ) [ 00000]
specinterface_ln0              (specinterface    ) [ 00000]
specinterface_ln0              (specinterface    ) [ 00000]
zext_ln1085                    (zext             ) [ 00000]
loopWidth                      (add              ) [ 00111]
store_ln0                      (store            ) [ 00000]
store_ln0                      (store            ) [ 00000]
store_ln0                      (store            ) [ 00000]
store_ln0                      (store            ) [ 00000]
store_ln0                      (store            ) [ 00000]
store_ln0                      (store            ) [ 00000]
store_ln0                      (store            ) [ 00000]
store_ln0                      (store            ) [ 00000]
store_ln1083                   (store            ) [ 00000]
br_ln1099                      (br               ) [ 00000]
y_1                            (load             ) [ 00000]
icmp_ln1099                    (icmp             ) [ 00111]
y_2                            (add              ) [ 00000]
br_ln1099                      (br               ) [ 00000]
conv2_i_i_lcssa687_load        (load             ) [ 00011]
p_0_0_0479657_lcssa664689_load (load             ) [ 00011]
p_0_0_0478653_lcssa666691_load (load             ) [ 00011]
p_0_0_0477655_lcssa668693_load (load             ) [ 00011]
empty                          (wait             ) [ 00000]
store_ln1083                   (store            ) [ 00000]
ret_ln1165                     (ret              ) [ 00000]
speclooptripcount_ln1083       (speclooptripcount) [ 00000]
specloopname_ln1099            (specloopname     ) [ 00000]
call_ln1085                    (call             ) [ 00000]
br_ln1099                      (br               ) [ 00000]
</LifeTime>

<model>

<comp_list>
<comp id="0" class="1000" name="imgRgb">
<pin_list>
<pin id="1" dir="1" index="0" bw="1" slack="0"/>
</pin_list>
<bind>
<StgValue><ssdm name="imgRgb"/></StgValue>
</bind>
</comp>

<comp id="2" class="1000" name="imgUnzip">
<pin_list>
<pin id="3" dir="1" index="0" bw="1" slack="0"/>
</pin_list>
<bind>
<StgValue><ssdm name="imgUnzip"/></StgValue>
</bind>
</comp>

<comp id="4" class="1000" name="height">
<pin_list>
<pin id="5" dir="1" index="0" bw="1" slack="0"/>
</pin_list>
<bind>
<StgValue><ssdm name="height"/></StgValue>
</bind>
</comp>

<comp id="6" class="1000" name="width">
<pin_list>
<pin id="7" dir="1" index="0" bw="1" slack="0"/>
</pin_list>
<bind>
<StgValue><ssdm name="width"/></StgValue>
</bind>
</comp>

<comp id="8" class="1001" name="const_8">
<pin_list>
<pin id="9" dir="1" index="0" bw="1" slack="0"/>
</pin_list>
<bind>
<StgValue><ssdm name=""/></StgValue>
</bind>
</comp>

<comp id="10" class="1001" name="const_10">
<pin_list>
<pin id="11" dir="1" index="0" bw="1" slack="0"/>
</pin_list>
<bind>
<StgValue><ssdm name="_ssdm_op_Read.ap_stable.i16"/></StgValue>
</bind>
</comp>

<comp id="12" class="1001" name="const_12">
<pin_list>
<pin id="13" dir="1" index="0" bw="1" slack="2147483647"/>
</pin_list>
<bind>
<StgValue><ssdm name="_ssdm_op_SpecInterface"/></StgValue>
</bind>
</comp>

<comp id="14" class="1001" name="const_14">
<pin_list>
<pin id="15" dir="1" index="0" bw="1" slack="2147483647"/>
</pin_list>
<bind>
<StgValue><ssdm name="ap_stable_str"/></StgValue>
</bind>
</comp>

<comp id="16" class="1001" name="const_16">
<pin_list>
<pin id="17" dir="1" index="0" bw="1" slack="2147483647"/>
</pin_list>
<bind>
<StgValue><ssdm name=""/></StgValue>
</bind>
</comp>

<comp id="18" class="1001" name="const_18">
<pin_list>
<pin id="19" dir="1" index="0" bw="1" slack="2147483647"/>
</pin_list>
<bind>
<StgValue><ssdm name="p_str"/></StgValue>
</bind>
</comp>

<comp id="20" class="1001" name="const_20">
<pin_list>
<pin id="21" dir="1" index="0" bw="1" slack="2147483647"/>
</pin_list>
<bind>
<StgValue><ssdm name=""/></StgValue>
</bind>
</comp>

<comp id="22" class="1001" name="const_22">
<pin_list>
<pin id="23" dir="1" index="0" bw="1" slack="2147483647"/>
</pin_list>
<bind>
<StgValue><ssdm name=""/></StgValue>
</bind>
</comp>

<comp id="24" class="1001" name="const_24">
<pin_list>
<pin id="25" dir="1" index="0" bw="1" slack="2147483647"/>
</pin_list>
<bind>
<StgValue><ssdm name=""/></StgValue>
</bind>
</comp>

<comp id="26" class="1001" name="const_26">
<pin_list>
<pin id="27" dir="1" index="0" bw="1" slack="2147483647"/>
</pin_list>
<bind>
<StgValue><ssdm name="empty_24"/></StgValue>
</bind>
</comp>

<comp id="28" class="1001" name="const_28">
<pin_list>
<pin id="29" dir="1" index="0" bw="1" slack="2147483647"/>
</pin_list>
<bind>
<StgValue><ssdm name="empty_17"/></StgValue>
</bind>
</comp>

<comp id="30" class="1001" name="const_30">
<pin_list>
<pin id="31" dir="1" index="0" bw="1" slack="0"/>
</pin_list>
<bind>
<StgValue><ssdm name=""/></StgValue>
</bind>
</comp>

<comp id="32" class="1001" name="const_32">
<pin_list>
<pin id="33" dir="1" index="0" bw="1" slack="0"/>
</pin_list>
<bind>
<StgValue><ssdm name=""/></StgValue>
</bind>
</comp>

<comp id="34" class="1001" name="const_34">
<pin_list>
<pin id="35" dir="1" index="0" bw="1" slack="0"/>
</pin_list>
<bind>
<StgValue><ssdm name=""/></StgValue>
</bind>
</comp>

<comp id="36" class="1001" name="const_36">
<pin_list>
<pin id="37" dir="1" index="0" bw="1" slack="0"/>
</pin_list>
<bind>
<StgValue><ssdm name=""/></StgValue>
</bind>
</comp>

<comp id="38" class="1001" name="const_38">
<pin_list>
<pin id="39" dir="1" index="0" bw="1" slack="0"/>
</pin_list>
<bind>
<StgValue><ssdm name=""/></StgValue>
</bind>
</comp>

<comp id="40" class="1001" name="const_40">
<pin_list>
<pin id="41" dir="1" index="0" bw="1" slack="2147483647"/>
</pin_list>
<bind>
<StgValue><ssdm name="_ssdm_op_Wait"/></StgValue>
</bind>
</comp>

<comp id="42" class="1001" name="const_42">
<pin_list>
<pin id="43" dir="1" index="0" bw="1" slack="0"/>
</pin_list>
<bind>
<StgValue><ssdm name="ZipperRemoval_Pipeline_VITIS_LOOP_1101_2"/></StgValue>
</bind>
</comp>

<comp id="44" class="1001" name="const_44">
<pin_list>
<pin id="45" dir="1" index="0" bw="1" slack="2147483647"/>
</pin_list>
<bind>
<StgValue><ssdm name="_ssdm_op_SpecLoopTripCount"/></StgValue>
</bind>
</comp>

<comp id="46" class="1001" name="const_46">
<pin_list>
<pin id="47" dir="1" index="0" bw="1" slack="2147483647"/>
</pin_list>
<bind>
<StgValue><ssdm name=""/></StgValue>
</bind>
</comp>

<comp id="48" class="1001" name="const_48">
<pin_list>
<pin id="49" dir="1" index="0" bw="1" slack="2147483647"/>
</pin_list>
<bind>
<StgValue><ssdm name=""/></StgValue>
</bind>
</comp>

<comp id="50" class="1001" name="const_50">
<pin_list>
<pin id="51" dir="1" index="0" bw="1" slack="2147483647"/>
</pin_list>
<bind>
<StgValue><ssdm name=""/></StgValue>
</bind>
</comp>

<comp id="52" class="1001" name="const_52">
<pin_list>
<pin id="53" dir="1" index="0" bw="1" slack="2147483647"/>
</pin_list>
<bind>
<StgValue><ssdm name="_ssdm_op_SpecLoopName"/></StgValue>
</bind>
</comp>

<comp id="54" class="1001" name="const_54">
<pin_list>
<pin id="55" dir="1" index="0" bw="1" slack="2147483647"/>
</pin_list>
<bind>
<StgValue><ssdm name="empty_21"/></StgValue>
</bind>
</comp>

<comp id="56" class="1004" name="y_fu_56">
<pin_list>
<pin id="57" dir="0" index="0" bw="1" slack="0"/>
<pin id="58" dir="1" index="1" bw="16" slack="0"/>
</pin_list>
<bind>
<opcode="alloca(26) " fcode="alloca"/>
<opset="y/1 "/>
</bind>
</comp>

<comp id="60" class="1004" name="p_0_0_0483_1_lcssa679_fu_60">
<pin_list>
<pin id="61" dir="0" index="0" bw="1" slack="0"/>
<pin id="62" dir="1" index="1" bw="10" slack="0"/>
</pin_list>
<bind>
<opcode="alloca(26) " fcode="alloca"/>
<opset="p_0_0_0483_1_lcssa679/1 "/>
</bind>
</comp>

<comp id="64" class="1004" name="p_0_0_0482_1_lcssa681_fu_64">
<pin_list>
<pin id="65" dir="0" index="0" bw="1" slack="0"/>
<pin id="66" dir="1" index="1" bw="10" slack="0"/>
</pin_list>
<bind>
<opcode="alloca(26) " fcode="alloca"/>
<opset="p_0_0_0482_1_lcssa681/1 "/>
</bind>
</comp>

<comp id="68" class="1004" name="p_0_0_0481_1_lcssa683_fu_68">
<pin_list>
<pin id="69" dir="0" index="0" bw="1" slack="0"/>
<pin id="70" dir="1" index="1" bw="10" slack="0"/>
</pin_list>
<bind>
<opcode="alloca(26) " fcode="alloca"/>
<opset="p_0_0_0481_1_lcssa683/1 "/>
</bind>
</comp>

<comp id="72" class="1004" name="p_0_0_0480_1_lcssa685_fu_72">
<pin_list>
<pin id="73" dir="0" index="0" bw="1" slack="0"/>
<pin id="74" dir="1" index="1" bw="10" slack="0"/>
</pin_list>
<bind>
<opcode="alloca(26) " fcode="alloca"/>
<opset="p_0_0_0480_1_lcssa685/1 "/>
</bind>
</comp>

<comp id="76" class="1004" name="conv2_i_i_lcssa687_fu_76">
<pin_list>
<pin id="77" dir="0" index="0" bw="1" slack="0"/>
<pin id="78" dir="1" index="1" bw="7" slack="0"/>
</pin_list>
<bind>
<opcode="alloca(26) " fcode="alloca"/>
<opset="conv2_i_i_lcssa687/1 "/>
</bind>
</comp>

<comp id="80" class="1004" name="p_0_0_0479657_lcssa664689_fu_80">
<pin_list>
<pin id="81" dir="0" index="0" bw="1" slack="0"/>
<pin id="82" dir="1" index="1" bw="10" slack="0"/>
</pin_list>
<bind>
<opcode="alloca(26) " fcode="alloca"/>
<opset="p_0_0_0479657_lcssa664689/1 "/>
</bind>
</comp>

<comp id="84" class="1004" name="p_0_0_0478653_lcssa666691_fu_84">
<pin_list>
<pin id="85" dir="0" index="0" bw="1" slack="0"/>
<pin id="86" dir="1" index="1" bw="10" slack="0"/>
</pin_list>
<bind>
<opcode="alloca(26) " fcode="alloca"/>
<opset="p_0_0_0478653_lcssa666691/1 "/>
</bind>
</comp>

<comp id="88" class="1004" name="p_0_0_0477655_lcssa668693_fu_88">
<pin_list>
<pin id="89" dir="0" index="0" bw="1" slack="0"/>
<pin id="90" dir="1" index="1" bw="10" slack="0"/>
</pin_list>
<bind>
<opcode="alloca(26) " fcode="alloca"/>
<opset="p_0_0_0477655_lcssa668693/1 "/>
</bind>
</comp>

<comp id="92" class="1004" name="width_read_read_fu_92">
<pin_list>
<pin id="93" dir="0" index="0" bw="16" slack="0"/>
<pin id="94" dir="0" index="1" bw="16" slack="0"/>
<pin id="95" dir="1" index="2" bw="16" slack="0"/>
</pin_list>
<bind>
<opcode="read(1150) " fcode="read"/>
<opset="width_read/1 "/>
</bind>
</comp>

<comp id="98" class="1004" name="height_read_read_fu_98">
<pin_list>
<pin id="99" dir="0" index="0" bw="16" slack="0"/>
<pin id="100" dir="0" index="1" bw="16" slack="0"/>
<pin id="101" dir="1" index="2" bw="16" slack="1"/>
</pin_list>
<bind>
<opcode="read(1150) " fcode="read"/>
<opset="height_read/1 "/>
</bind>
</comp>

<comp id="104" class="1004" name="grp_ZipperRemoval_Pipeline_VITIS_LOOP_1101_2_fu_104">
<pin_list>
<pin id="105" dir="0" index="0" bw="0" slack="0"/>
<pin id="106" dir="0" index="1" bw="10" slack="2"/>
<pin id="107" dir="0" index="2" bw="10" slack="2"/>
<pin id="108" dir="0" index="3" bw="10" slack="2"/>
<pin id="109" dir="0" index="4" bw="7" slack="2"/>
<pin id="110" dir="0" index="5" bw="17" slack="2"/>
<pin id="111" dir="0" index="6" bw="16" slack="2"/>
<pin id="112" dir="0" index="7" bw="30" slack="0"/>
<pin id="113" dir="0" index="8" bw="30" slack="0"/>
<pin id="114" dir="0" index="9" bw="10" slack="2"/>
<pin id="115" dir="0" index="10" bw="10" slack="2"/>
<pin id="116" dir="0" index="11" bw="10" slack="2"/>
<pin id="117" dir="0" index="12" bw="10" slack="2"/>
<pin id="118" dir="0" index="13" bw="10" slack="2"/>
<pin id="119" dir="0" index="14" bw="10" slack="2"/>
<pin id="120" dir="0" index="15" bw="10" slack="2"/>
<pin id="121" dir="0" index="16" bw="7" slack="2"/>
<pin id="122" dir="1" index="17" bw="0" slack="2147483647"/>
</pin_list>
<bind>
<opcode="call(48) " fcode="call"/>
<opset="call_ln1085/3 "/>
</bind>
</comp>

<comp id="126" class="1004" name="zext_ln1085_fu_126">
<pin_list>
<pin id="127" dir="0" index="0" bw="16" slack="0"/>
<pin id="128" dir="1" index="1" bw="17" slack="0"/>
</pin_list>
<bind>
<opcode="zext(34) " fcode="zext"/>
<opset="zext_ln1085/1 "/>
</bind>
</comp>

<comp id="130" class="1004" name="loopWidth_fu_130">
<pin_list>
<pin id="131" dir="0" index="0" bw="16" slack="0"/>
<pin id="132" dir="0" index="1" bw="1" slack="0"/>
<pin id="133" dir="1" index="2" bw="17" slack="2"/>
</pin_list>
<bind>
<opcode="add(8) " fcode="add"/>
<opset="loopWidth/1 "/>
</bind>
</comp>

<comp id="136" class="1004" name="store_ln0_store_fu_136">
<pin_list>
<pin id="137" dir="0" index="0" bw="1" slack="0"/>
<pin id="138" dir="0" index="1" bw="10" slack="0"/>
<pin id="139" dir="1" index="2" bw="0" slack="2147483647"/>
</pin_list>
<bind>
<opcode="store(28) " fcode="store"/>
<opset="store_ln0/1 "/>
</bind>
</comp>

<comp id="141" class="1004" name="store_ln0_store_fu_141">
<pin_list>
<pin id="142" dir="0" index="0" bw="1" slack="0"/>
<pin id="143" dir="0" index="1" bw="10" slack="0"/>
<pin id="144" dir="1" index="2" bw="0" slack="2147483647"/>
</pin_list>
<bind>
<opcode="store(28) " fcode="store"/>
<opset="store_ln0/1 "/>
</bind>
</comp>

<comp id="146" class="1004" name="store_ln0_store_fu_146">
<pin_list>
<pin id="147" dir="0" index="0" bw="1" slack="0"/>
<pin id="148" dir="0" index="1" bw="10" slack="0"/>
<pin id="149" dir="1" index="2" bw="0" slack="2147483647"/>
</pin_list>
<bind>
<opcode="store(28) " fcode="store"/>
<opset="store_ln0/1 "/>
</bind>
</comp>

<comp id="151" class="1004" name="store_ln0_store_fu_151">
<pin_list>
<pin id="152" dir="0" index="0" bw="1" slack="0"/>
<pin id="153" dir="0" index="1" bw="7" slack="0"/>
<pin id="154" dir="1" index="2" bw="0" slack="2147483647"/>
</pin_list>
<bind>
<opcode="store(28) " fcode="store"/>
<opset="store_ln0/1 "/>
</bind>
</comp>

<comp id="156" class="1004" name="store_ln0_store_fu_156">
<pin_list>
<pin id="157" dir="0" index="0" bw="1" slack="0"/>
<pin id="158" dir="0" index="1" bw="10" slack="0"/>
<pin id="159" dir="1" index="2" bw="0" slack="2147483647"/>
</pin_list>
<bind>
<opcode="store(28) " fcode="store"/>
<opset="store_ln0/1 "/>
</bind>
</comp>

<comp id="161" class="1004" name="store_ln0_store_fu_161">
<pin_list>
<pin id="162" dir="0" index="0" bw="1" slack="0"/>
<pin id="163" dir="0" index="1" bw="10" slack="0"/>
<pin id="164" dir="1" index="2" bw="0" slack="2147483647"/>
</pin_list>
<bind>
<opcode="store(28) " fcode="store"/>
<opset="store_ln0/1 "/>
</bind>
</comp>

<comp id="166" class="1004" name="store_ln0_store_fu_166">
<pin_list>
<pin id="167" dir="0" index="0" bw="1" slack="0"/>
<pin id="168" dir="0" index="1" bw="10" slack="0"/>
<pin id="169" dir="1" index="2" bw="0" slack="2147483647"/>
</pin_list>
<bind>
<opcode="store(28) " fcode="store"/>
<opset="store_ln0/1 "/>
</bind>
</comp>

<comp id="171" class="1004" name="store_ln0_store_fu_171">
<pin_list>
<pin id="172" dir="0" index="0" bw="1" slack="0"/>
<pin id="173" dir="0" index="1" bw="10" slack="0"/>
<pin id="174" dir="1" index="2" bw="0" slack="2147483647"/>
</pin_list>
<bind>
<opcode="store(28) " fcode="store"/>
<opset="store_ln0/1 "/>
</bind>
</comp>

<comp id="176" class="1004" name="store_ln1083_store_fu_176">
<pin_list>
<pin id="177" dir="0" index="0" bw="1" slack="0"/>
<pin id="178" dir="0" index="1" bw="16" slack="0"/>
<pin id="179" dir="1" index="2" bw="0" slack="2147483647"/>
</pin_list>
<bind>
<opcode="store(28) " fcode="store"/>
<opset="store_ln1083/1 "/>
</bind>
</comp>

<comp id="181" class="1004" name="y_1_load_fu_181">
<pin_list>
<pin id="182" dir="0" index="0" bw="16" slack="1"/>
<pin id="183" dir="1" index="1" bw="16" slack="0"/>
</pin_list>
<bind>
<opcode="load(27) " fcode="load"/>
<opset="y_1/2 "/>
</bind>
</comp>

<comp id="184" class="1004" name="icmp_ln1099_fu_184">
<pin_list>
<pin id="185" dir="0" index="0" bw="16" slack="0"/>
<pin id="186" dir="0" index="1" bw="16" slack="1"/>
<pin id="187" dir="1" index="2" bw="1" slack="2147483647"/>
</pin_list>
<bind>
<opcode="icmp(45) " fcode="icmp"/>
<opset="icmp_ln1099/2 "/>
</bind>
</comp>

<comp id="189" class="1004" name="y_2_fu_189">
<pin_list>
<pin id="190" dir="0" index="0" bw="16" slack="0"/>
<pin id="191" dir="0" index="1" bw="1" slack="0"/>
<pin id="192" dir="1" index="2" bw="16" slack="0"/>
</pin_list>
<bind>
<opcode="add(8) " fcode="add"/>
<opset="y_2/2 "/>
</bind>
</comp>

<comp id="195" class="1004" name="conv2_i_i_lcssa687_load_load_fu_195">
<pin_list>
<pin id="196" dir="0" index="0" bw="7" slack="1"/>
<pin id="197" dir="1" index="1" bw="7" slack="2"/>
</pin_list>
<bind>
<opcode="load(27) " fcode="load"/>
<opset="conv2_i_i_lcssa687_load/2 "/>
</bind>
</comp>

<comp id="198" class="1004" name="p_0_0_0479657_lcssa664689_load_load_fu_198">
<pin_list>
<pin id="199" dir="0" index="0" bw="10" slack="1"/>
<pin id="200" dir="1" index="1" bw="10" slack="2"/>
</pin_list>
<bind>
<opcode="load(27) " fcode="load"/>
<opset="p_0_0_0479657_lcssa664689_load/2 "/>
</bind>
</comp>

<comp id="201" class="1004" name="p_0_0_0478653_lcssa666691_load_load_fu_201">
<pin_list>
<pin id="202" dir="0" index="0" bw="10" slack="1"/>
<pin id="203" dir="1" index="1" bw="10" slack="2"/>
</pin_list>
<bind>
<opcode="load(27) " fcode="load"/>
<opset="p_0_0_0478653_lcssa666691_load/2 "/>
</bind>
</comp>

<comp id="204" class="1004" name="p_0_0_0477655_lcssa668693_load_load_fu_204">
<pin_list>
<pin id="205" dir="0" index="0" bw="10" slack="1"/>
<pin id="206" dir="1" index="1" bw="10" slack="2"/>
</pin_list>
<bind>
<opcode="load(27) " fcode="load"/>
<opset="p_0_0_0477655_lcssa668693_load/2 "/>
</bind>
</comp>

<comp id="207" class="1004" name="store_ln1083_store_fu_207">
<pin_list>
<pin id="208" dir="0" index="0" bw="16" slack="0"/>
<pin id="209" dir="0" index="1" bw="16" slack="1"/>
<pin id="210" dir="1" index="2" bw="0" slack="2147483647"/>
</pin_list>
<bind>
<opcode="store(28) " fcode="store"/>
<opset="store_ln1083/2 "/>
</bind>
</comp>

<comp id="212" class="1005" name="y_reg_212">
<pin_list>
<pin id="213" dir="0" index="0" bw="16" slack="0"/>
<pin id="214" dir="1" index="1" bw="16" slack="0"/>
</pin_list>
<bind>
<opset="y "/>
</bind>
</comp>

<comp id="219" class="1005" name="p_0_0_0483_1_lcssa679_reg_219">
<pin_list>
<pin id="220" dir="0" index="0" bw="10" slack="0"/>
<pin id="221" dir="1" index="1" bw="10" slack="0"/>
</pin_list>
<bind>
<opset="p_0_0_0483_1_lcssa679 "/>
</bind>
</comp>

<comp id="225" class="1005" name="p_0_0_0482_1_lcssa681_reg_225">
<pin_list>
<pin id="226" dir="0" index="0" bw="10" slack="0"/>
<pin id="227" dir="1" index="1" bw="10" slack="0"/>
</pin_list>
<bind>
<opset="p_0_0_0482_1_lcssa681 "/>
</bind>
</comp>

<comp id="231" class="1005" name="p_0_0_0481_1_lcssa683_reg_231">
<pin_list>
<pin id="232" dir="0" index="0" bw="10" slack="0"/>
<pin id="233" dir="1" index="1" bw="10" slack="0"/>
</pin_list>
<bind>
<opset="p_0_0_0481_1_lcssa683 "/>
</bind>
</comp>

<comp id="237" class="1005" name="p_0_0_0480_1_lcssa685_reg_237">
<pin_list>
<pin id="238" dir="0" index="0" bw="10" slack="0"/>
<pin id="239" dir="1" index="1" bw="10" slack="0"/>
</pin_list>
<bind>
<opset="p_0_0_0480_1_lcssa685 "/>
</bind>
</comp>

<comp id="243" class="1005" name="conv2_i_i_lcssa687_reg_243">
<pin_list>
<pin id="244" dir="0" index="0" bw="7" slack="0"/>
<pin id="245" dir="1" index="1" bw="7" slack="0"/>
</pin_list>
<bind>
<opset="conv2_i_i_lcssa687 "/>
</bind>
</comp>

<comp id="250" class="1005" name="p_0_0_0479657_lcssa664689_reg_250">
<pin_list>
<pin id="251" dir="0" index="0" bw="10" slack="0"/>
<pin id="252" dir="1" index="1" bw="10" slack="0"/>
</pin_list>
<bind>
<opset="p_0_0_0479657_lcssa664689 "/>
</bind>
</comp>

<comp id="257" class="1005" name="p_0_0_0478653_lcssa666691_reg_257">
<pin_list>
<pin id="258" dir="0" index="0" bw="10" slack="0"/>
<pin id="259" dir="1" index="1" bw="10" slack="0"/>
</pin_list>
<bind>
<opset="p_0_0_0478653_lcssa666691 "/>
</bind>
</comp>

<comp id="264" class="1005" name="p_0_0_0477655_lcssa668693_reg_264">
<pin_list>
<pin id="265" dir="0" index="0" bw="10" slack="0"/>
<pin id="266" dir="1" index="1" bw="10" slack="0"/>
</pin_list>
<bind>
<opset="p_0_0_0477655_lcssa668693 "/>
</bind>
</comp>

<comp id="271" class="1005" name="width_read_reg_271">
<pin_list>
<pin id="272" dir="0" index="0" bw="16" slack="2"/>
<pin id="273" dir="1" index="1" bw="16" slack="2"/>
</pin_list>
<bind>
<opset="width_read "/>
</bind>
</comp>

<comp id="276" class="1005" name="height_read_reg_276">
<pin_list>
<pin id="277" dir="0" index="0" bw="16" slack="1"/>
<pin id="278" dir="1" index="1" bw="16" slack="1"/>
</pin_list>
<bind>
<opset="height_read "/>
</bind>
</comp>

<comp id="281" class="1005" name="loopWidth_reg_281">
<pin_list>
<pin id="282" dir="0" index="0" bw="17" slack="2"/>
<pin id="283" dir="1" index="1" bw="17" slack="2"/>
</pin_list>
<bind>
<opset="loopWidth "/>
</bind>
</comp>

<comp id="289" class="1005" name="conv2_i_i_lcssa687_load_reg_289">
<pin_list>
<pin id="290" dir="0" index="0" bw="7" slack="2"/>
<pin id="291" dir="1" index="1" bw="7" slack="2"/>
</pin_list>
<bind>
<opset="conv2_i_i_lcssa687_load "/>
</bind>
</comp>

<comp id="294" class="1005" name="p_0_0_0479657_lcssa664689_load_reg_294">
<pin_list>
<pin id="295" dir="0" index="0" bw="10" slack="2"/>
<pin id="296" dir="1" index="1" bw="10" slack="2"/>
</pin_list>
<bind>
<opset="p_0_0_0479657_lcssa664689_load "/>
</bind>
</comp>

<comp id="299" class="1005" name="p_0_0_0478653_lcssa666691_load_reg_299">
<pin_list>
<pin id="300" dir="0" index="0" bw="10" slack="2"/>
<pin id="301" dir="1" index="1" bw="10" slack="2"/>
</pin_list>
<bind>
<opset="p_0_0_0478653_lcssa666691_load "/>
</bind>
</comp>

<comp id="304" class="1005" name="p_0_0_0477655_lcssa668693_load_reg_304">
<pin_list>
<pin id="305" dir="0" index="0" bw="10" slack="2"/>
<pin id="306" dir="1" index="1" bw="10" slack="2"/>
</pin_list>
<bind>
<opset="p_0_0_0477655_lcssa668693_load "/>
</bind>
</comp>

</comp_list>

<net_list>
<net id="59"><net_src comp="8" pin="0"/><net_sink comp="56" pin=0"/></net>

<net id="63"><net_src comp="8" pin="0"/><net_sink comp="60" pin=0"/></net>

<net id="67"><net_src comp="8" pin="0"/><net_sink comp="64" pin=0"/></net>

<net id="71"><net_src comp="8" pin="0"/><net_sink comp="68" pin=0"/></net>

<net id="75"><net_src comp="8" pin="0"/><net_sink comp="72" pin=0"/></net>

<net id="79"><net_src comp="8" pin="0"/><net_sink comp="76" pin=0"/></net>

<net id="83"><net_src comp="8" pin="0"/><net_sink comp="80" pin=0"/></net>

<net id="87"><net_src comp="8" pin="0"/><net_sink comp="84" pin=0"/></net>

<net id="91"><net_src comp="8" pin="0"/><net_sink comp="88" pin=0"/></net>

<net id="96"><net_src comp="10" pin="0"/><net_sink comp="92" pin=0"/></net>

<net id="97"><net_src comp="6" pin="0"/><net_sink comp="92" pin=1"/></net>

<net id="102"><net_src comp="10" pin="0"/><net_sink comp="98" pin=0"/></net>

<net id="103"><net_src comp="4" pin="0"/><net_sink comp="98" pin=1"/></net>

<net id="123"><net_src comp="42" pin="0"/><net_sink comp="104" pin=0"/></net>

<net id="124"><net_src comp="0" pin="0"/><net_sink comp="104" pin=7"/></net>

<net id="125"><net_src comp="2" pin="0"/><net_sink comp="104" pin=8"/></net>

<net id="129"><net_src comp="92" pin="2"/><net_sink comp="126" pin=0"/></net>

<net id="134"><net_src comp="126" pin="1"/><net_sink comp="130" pin=0"/></net>

<net id="135"><net_src comp="30" pin="0"/><net_sink comp="130" pin=1"/></net>

<net id="140"><net_src comp="32" pin="0"/><net_sink comp="136" pin=0"/></net>

<net id="145"><net_src comp="32" pin="0"/><net_sink comp="141" pin=0"/></net>

<net id="150"><net_src comp="32" pin="0"/><net_sink comp="146" pin=0"/></net>

<net id="155"><net_src comp="34" pin="0"/><net_sink comp="151" pin=0"/></net>

<net id="160"><net_src comp="32" pin="0"/><net_sink comp="156" pin=0"/></net>

<net id="165"><net_src comp="32" pin="0"/><net_sink comp="161" pin=0"/></net>

<net id="170"><net_src comp="32" pin="0"/><net_sink comp="166" pin=0"/></net>

<net id="175"><net_src comp="32" pin="0"/><net_sink comp="171" pin=0"/></net>

<net id="180"><net_src comp="36" pin="0"/><net_sink comp="176" pin=0"/></net>

<net id="188"><net_src comp="181" pin="1"/><net_sink comp="184" pin=0"/></net>

<net id="193"><net_src comp="181" pin="1"/><net_sink comp="189" pin=0"/></net>

<net id="194"><net_src comp="38" pin="0"/><net_sink comp="189" pin=1"/></net>

<net id="211"><net_src comp="189" pin="2"/><net_sink comp="207" pin=0"/></net>

<net id="215"><net_src comp="56" pin="1"/><net_sink comp="212" pin=0"/></net>

<net id="216"><net_src comp="212" pin="1"/><net_sink comp="176" pin=1"/></net>

<net id="217"><net_src comp="212" pin="1"/><net_sink comp="181" pin=0"/></net>

<net id="218"><net_src comp="212" pin="1"/><net_sink comp="207" pin=1"/></net>

<net id="222"><net_src comp="60" pin="1"/><net_sink comp="219" pin=0"/></net>

<net id="223"><net_src comp="219" pin="1"/><net_sink comp="171" pin=1"/></net>

<net id="224"><net_src comp="219" pin="1"/><net_sink comp="104" pin=15"/></net>

<net id="228"><net_src comp="64" pin="1"/><net_sink comp="225" pin=0"/></net>

<net id="229"><net_src comp="225" pin="1"/><net_sink comp="166" pin=1"/></net>

<net id="230"><net_src comp="225" pin="1"/><net_sink comp="104" pin=14"/></net>

<net id="234"><net_src comp="68" pin="1"/><net_sink comp="231" pin=0"/></net>

<net id="235"><net_src comp="231" pin="1"/><net_sink comp="161" pin=1"/></net>

<net id="236"><net_src comp="231" pin="1"/><net_sink comp="104" pin=13"/></net>

<net id="240"><net_src comp="72" pin="1"/><net_sink comp="237" pin=0"/></net>

<net id="241"><net_src comp="237" pin="1"/><net_sink comp="156" pin=1"/></net>

<net id="242"><net_src comp="237" pin="1"/><net_sink comp="104" pin=12"/></net>

<net id="246"><net_src comp="76" pin="1"/><net_sink comp="243" pin=0"/></net>

<net id="247"><net_src comp="243" pin="1"/><net_sink comp="151" pin=1"/></net>

<net id="248"><net_src comp="243" pin="1"/><net_sink comp="195" pin=0"/></net>

<net id="249"><net_src comp="243" pin="1"/><net_sink comp="104" pin=16"/></net>

<net id="253"><net_src comp="80" pin="1"/><net_sink comp="250" pin=0"/></net>

<net id="254"><net_src comp="250" pin="1"/><net_sink comp="146" pin=1"/></net>

<net id="255"><net_src comp="250" pin="1"/><net_sink comp="198" pin=0"/></net>

<net id="256"><net_src comp="250" pin="1"/><net_sink comp="104" pin=11"/></net>

<net id="260"><net_src comp="84" pin="1"/><net_sink comp="257" pin=0"/></net>

<net id="261"><net_src comp="257" pin="1"/><net_sink comp="141" pin=1"/></net>

<net id="262"><net_src comp="257" pin="1"/><net_sink comp="201" pin=0"/></net>

<net id="263"><net_src comp="257" pin="1"/><net_sink comp="104" pin=10"/></net>

<net id="267"><net_src comp="88" pin="1"/><net_sink comp="264" pin=0"/></net>

<net id="268"><net_src comp="264" pin="1"/><net_sink comp="136" pin=1"/></net>

<net id="269"><net_src comp="264" pin="1"/><net_sink comp="204" pin=0"/></net>

<net id="270"><net_src comp="264" pin="1"/><net_sink comp="104" pin=9"/></net>

<net id="274"><net_src comp="92" pin="2"/><net_sink comp="271" pin=0"/></net>

<net id="275"><net_src comp="271" pin="1"/><net_sink comp="104" pin=6"/></net>

<net id="279"><net_src comp="98" pin="2"/><net_sink comp="276" pin=0"/></net>

<net id="280"><net_src comp="276" pin="1"/><net_sink comp="184" pin=1"/></net>

<net id="284"><net_src comp="130" pin="2"/><net_sink comp="281" pin=0"/></net>

<net id="285"><net_src comp="281" pin="1"/><net_sink comp="104" pin=5"/></net>

<net id="292"><net_src comp="195" pin="1"/><net_sink comp="289" pin=0"/></net>

<net id="293"><net_src comp="289" pin="1"/><net_sink comp="104" pin=4"/></net>

<net id="297"><net_src comp="198" pin="1"/><net_sink comp="294" pin=0"/></net>

<net id="298"><net_src comp="294" pin="1"/><net_sink comp="104" pin=3"/></net>

<net id="302"><net_src comp="201" pin="1"/><net_sink comp="299" pin=0"/></net>

<net id="303"><net_src comp="299" pin="1"/><net_sink comp="104" pin=2"/></net>

<net id="307"><net_src comp="204" pin="1"/><net_sink comp="304" pin=0"/></net>

<net id="308"><net_src comp="304" pin="1"/><net_sink comp="104" pin=1"/></net>

</net_list>

</model> 
---------------- Datapath Model END ------------------

* FSMD analyzer results:
  - Output states:
	Port: imgUnzip | {3 4 }
 - Input state : 
	Port: ZipperRemoval : imgRgb | {3 4 }
	Port: ZipperRemoval : height | {1 }
	Port: ZipperRemoval : width | {1 }
  - Chain level:
	State 1
		loopWidth : 1
		store_ln0 : 1
		store_ln0 : 1
		store_ln0 : 1
		store_ln0 : 1
		store_ln0 : 1
		store_ln0 : 1
		store_ln0 : 1
		store_ln0 : 1
		store_ln1083 : 1
	State 2
		icmp_ln1099 : 1
		y_2 : 1
		br_ln1099 : 2
		store_ln1083 : 2
	State 3
	State 4


============================================================
+ Verbose Summary: Datapath Resource usage 
============================================================

* Functional unit list:
|----------|-----------------------------------------------------|---------|---------|
| Operation|                   Functional Unit                   |    FF   |   LUT   |
|----------|-----------------------------------------------------|---------|---------|
|   call   | grp_ZipperRemoval_Pipeline_VITIS_LOOP_1101_2_fu_104 |   117   |   354   |
|----------|-----------------------------------------------------|---------|---------|
|    add   |                   loopWidth_fu_130                  |    0    |    23   |
|          |                      y_2_fu_189                     |    0    |    23   |
|----------|-----------------------------------------------------|---------|---------|
|   icmp   |                  icmp_ln1099_fu_184                 |    0    |    23   |
|----------|-----------------------------------------------------|---------|---------|
|   read   |                width_read_read_fu_92                |    0    |    0    |
|          |                height_read_read_fu_98               |    0    |    0    |
|----------|-----------------------------------------------------|---------|---------|
|   zext   |                  zext_ln1085_fu_126                 |    0    |    0    |
|----------|-----------------------------------------------------|---------|---------|
|   Total  |                                                     |   117   |   423   |
|----------|-----------------------------------------------------|---------|---------|

Memories:
N/A

* Register list:
+--------------------------------------+--------+
|                                      |   FF   |
+--------------------------------------+--------+
|    conv2_i_i_lcssa687_load_reg_289   |    7   |
|      conv2_i_i_lcssa687_reg_243      |    7   |
|          height_read_reg_276         |   16   |
|           loopWidth_reg_281          |   17   |
|p_0_0_0477655_lcssa668693_load_reg_304|   10   |
|   p_0_0_0477655_lcssa668693_reg_264  |   10   |
|p_0_0_0478653_lcssa666691_load_reg_299|   10   |
|   p_0_0_0478653_lcssa666691_reg_257  |   10   |
|p_0_0_0479657_lcssa664689_load_reg_294|   10   |
|   p_0_0_0479657_lcssa664689_reg_250  |   10   |
|     p_0_0_0480_1_lcssa685_reg_237    |   10   |
|     p_0_0_0481_1_lcssa683_reg_231    |   10   |
|     p_0_0_0482_1_lcssa681_reg_225    |   10   |
|     p_0_0_0483_1_lcssa679_reg_219    |   10   |
|          width_read_reg_271          |   16   |
|               y_reg_212              |   16   |
+--------------------------------------+--------+
|                 Total                |   179  |
+--------------------------------------+--------+

* Multiplexer (MUX) list: 
|--------|------|------|------|--------|
|  Comp  |  Pin | Size |  BW  | S x BW |
|--------|------|------|------|--------|
|  Total |      |      |      |    0   |
|--------|------|------|------|--------|



* Summary:
+-----------+--------+--------+
|           |   FF   |   LUT  |
+-----------+--------+--------+
|  Function |   117  |   423  |
|   Memory  |    -   |    -   |
|Multiplexer|    -   |    -   |
|  Register |   179  |    -   |
+-----------+--------+--------+
|   Total   |   296  |   423  |
+-----------+--------+--------+
