

================================================================
== Vitis HLS Report for 'AXIvideo2MultiBayer_Pipeline_loop_width'
================================================================
* Date:           Thu Jun 13 17:31:59 2024

* Version:        2024.1 (Build 5069499 on May 21 2024)
* Project:        prj
* Solution:       sol (Vivado IP Flow Target)
* Product family: zynquplus
* Target device:  xck26-sfvc784-2LV-c


================================================================
== Performance Estimates
================================================================
+ Timing: 
    * Summary: 
    +--------+---------+----------+------------+
    |  Clock |  Target | Estimated| Uncertainty|
    +--------+---------+----------+------------+
    |ap_clk  |  3.39 ns|  1.742 ns|     0.92 ns|
    +--------+---------+----------+------------+

+ Latency: 
    * Summary: 
    +---------+---------+----------+-----------+-----+------+-----------------------------------------------+
    |  Latency (cycles) |  Latency (absolute)  |  Interval  |                    Pipeline                   |
    |   min   |   max   |    min   |    max    | min |  max |                      Type                     |
    +---------+---------+----------+-----------+-----+------+-----------------------------------------------+
    |        2|     3842|  6.780 ns|  13.024 us|    1|  3841|  loop auto-rewind stp(delay=0 clock cycles(s))|
    +---------+---------+----------+-----------+-----+------+-----------------------------------------------+

    + Detail: 
        * Instance: 
        N/A

        * Loop: 
        +--------------+---------+---------+----------+-----------+-----------+----------+----------+
        |              |  Latency (cycles) | Iteration|  Initiation Interval  |   Trip   |          |
        |   Loop Name  |   min   |   max   |  Latency |  achieved |   target  |   Count  | Pipelined|
        +--------------+---------+---------+----------+-----------+-----------+----------+----------+
        |- loop_width  |        0|     3840|         2|          1|          1|  0 ~ 3840|       yes|
        +--------------+---------+---------+----------+-----------+-----------+----------+----------+



================================================================
== Utilization Estimates
================================================================
* Summary: 
+-----------------+---------+------+--------+--------+-----+
|       Name      | BRAM_18K|  DSP |   FF   |   LUT  | URAM|
+-----------------+---------+------+--------+--------+-----+
|DSP              |        -|     -|       -|       -|    -|
|Expression       |        -|     -|       0|      56|    -|
|FIFO             |        -|     -|       -|       -|    -|
|Instance         |        -|     -|       -|       -|    -|
|Memory           |        -|     -|       -|       -|    -|
|Multiplexer      |        -|     -|       0|     104|    -|
|Register         |        -|     -|      26|       -|    -|
+-----------------+---------+------+--------+--------+-----+
|Total            |        0|     0|      26|     160|    0|
+-----------------+---------+------+--------+--------+-----+
|Available        |      288|  1248|  234240|  117120|   64|
+-----------------+---------+------+--------+--------+-----+
|Utilization (%)  |        0|     0|      ~0|      ~0|    0|
+-----------------+---------+------+--------+--------+-----+

+ Detail: 
    * Instance: 
    N/A

    * DSP: 
    N/A

    * Memory: 
    N/A

    * FIFO: 
    N/A

    * Expression: 
    +----------------------------------+----------+----+---+----+------------+------------+
    |           Variable Name          | Operation| DSP| FF| LUT| Bitwidth P0| Bitwidth P1|
    +----------------------------------+----------+----+---+----+------------+------------+
    |j_4_fu_201_p2                     |         +|   0|  0|  19|          12|           1|
    |ap_block_state1_pp0_stage0_iter0  |       and|   0|  0|   2|           1|           1|
    |ap_block_state2_pp0_stage0_iter1  |       and|   0|  0|   2|           1|           1|
    |ap_condition_234                  |       and|   0|  0|   2|           1|           1|
    |ap_condition_237                  |       and|   0|  0|   2|           1|           1|
    |ap_condition_242                  |       and|   0|  0|   2|           1|           1|
    |ap_predicate_op36_read_state1     |       and|   0|  0|   2|           1|           1|
    |icmp_ln166_fu_195_p2              |      icmp|   0|  0|  19|          12|          12|
    |ap_block_pp0_stage0_01001         |        or|   0|  0|   2|           1|           1|
    |or_ln170_fu_207_p2                |        or|   0|  0|   2|           1|           1|
    |ap_enable_pp0                     |       xor|   0|  0|   2|           1|           2|
    +----------------------------------+----------+----+---+----+------------+------------+
    |Total                             |          |   0|  0|  56|          33|          23|
    +----------------------------------+----------+----+---+----+------------+------------+

    * Multiplexer: 
    +------------------------------+----+-----------+-----+-----------+
    |             Name             | LUT| Input Size| Bits| Total Bits|
    +------------------------------+----+-----------+-----+-----------+
    |ap_done_int                   |   9|          2|    1|          2|
    |ap_enable_reg_pp0_iter1       |   9|          2|    1|          2|
    |ap_phi_mux_eol_phi_fu_158_p4  |  14|          3|    1|          3|
    |ap_phi_mux_sof_phi_fu_169_p4  |   9|          2|    1|          2|
    |ap_sig_allocacmp_j_3          |   9|          2|   12|         24|
    |axi_data_fu_84                |   9|          2|    8|         16|
    |axi_last_fu_88                |   9|          2|    1|          2|
    |eol_reg_155                   |   9|          2|    1|          2|
    |imgBayer_blk_n                |   9|          2|    1|          2|
    |j_fu_80                       |   9|          2|   12|         24|
    |s_axis_video_TDATA_blk_n      |   9|          2|    1|          2|
    +------------------------------+----+-----------+-----+-----------+
    |Total                         | 104|         23|   40|         81|
    +------------------------------+----+-----------+-----+-----------+

    * Register: 
    +-------------------------+----+----+-----+-----------+
    |           Name          | FF | LUT| Bits| Const Bits|
    +-------------------------+----+----+-----+-----------+
    |ap_CS_fsm                |   1|   0|    1|          0|
    |ap_done_reg              |   1|   0|    1|          0|
    |ap_enable_reg_pp0_iter1  |   1|   0|    1|          0|
    |axi_data_fu_84           |   8|   0|    8|          0|
    |axi_last_fu_88           |   1|   0|    1|          0|
    |eol_reg_155              |   1|   0|    1|          0|
    |icmp_ln166_reg_269       |   1|   0|    1|          0|
    |j_fu_80                  |  12|   0|   12|          0|
    +-------------------------+----+----+-----+-----------+
    |Total                    |  26|   0|   26|          0|
    +-------------------------+----+----+-----+-----------+



================================================================
== Interface
================================================================
* Summary: 
+-------------------------+-----+-----+------------+-----------------------------------------+--------------+
|        RTL Ports        | Dir | Bits|  Protocol  |              Source Object              |    C Type    |
+-------------------------+-----+-----+------------+-----------------------------------------+--------------+
|ap_clk                   |   in|    1|  ap_ctrl_hs|  AXIvideo2MultiBayer_Pipeline_loop_width|  return value|
|ap_rst                   |   in|    1|  ap_ctrl_hs|  AXIvideo2MultiBayer_Pipeline_loop_width|  return value|
|ap_start                 |   in|    1|  ap_ctrl_hs|  AXIvideo2MultiBayer_Pipeline_loop_width|  return value|
|ap_done                  |  out|    1|  ap_ctrl_hs|  AXIvideo2MultiBayer_Pipeline_loop_width|  return value|
|ap_idle                  |  out|    1|  ap_ctrl_hs|  AXIvideo2MultiBayer_Pipeline_loop_width|  return value|
|ap_ready                 |  out|    1|  ap_ctrl_hs|  AXIvideo2MultiBayer_Pipeline_loop_width|  return value|
|s_axis_video_TVALID      |   in|    1|        axis|                    s_axis_video_V_data_V|       pointer|
|s_axis_video_TDATA       |   in|    8|        axis|                    s_axis_video_V_data_V|       pointer|
|imgBayer_din             |  out|    8|     ap_fifo|                                 imgBayer|       pointer|
|imgBayer_num_data_valid  |   in|    3|     ap_fifo|                                 imgBayer|       pointer|
|imgBayer_fifo_cap        |   in|    3|     ap_fifo|                                 imgBayer|       pointer|
|imgBayer_full_n          |   in|    1|     ap_fifo|                                 imgBayer|       pointer|
|imgBayer_write           |  out|    1|     ap_fifo|                                 imgBayer|       pointer|
|sof_4                    |   in|    1|     ap_none|                                    sof_4|        scalar|
|axi_last_2               |   in|    1|     ap_none|                               axi_last_2|        scalar|
|axi_data_2               |   in|    8|     ap_none|                               axi_data_2|        scalar|
|cols                     |   in|   12|     ap_none|                                     cols|        scalar|
|s_axis_video_TREADY      |  out|    1|        axis|                    s_axis_video_V_dest_V|       pointer|
|s_axis_video_TDEST       |   in|    1|        axis|                    s_axis_video_V_dest_V|       pointer|
|s_axis_video_TKEEP       |   in|    1|        axis|                    s_axis_video_V_keep_V|       pointer|
|s_axis_video_TSTRB       |   in|    1|        axis|                    s_axis_video_V_strb_V|       pointer|
|s_axis_video_TUSER       |   in|    1|        axis|                    s_axis_video_V_user_V|       pointer|
|s_axis_video_TLAST       |   in|    1|        axis|                    s_axis_video_V_last_V|       pointer|
|s_axis_video_TID         |   in|    1|        axis|                      s_axis_video_V_id_V|       pointer|
|eol_out                  |  out|    1|      ap_vld|                                  eol_out|       pointer|
|eol_out_ap_vld           |  out|    1|      ap_vld|                                  eol_out|       pointer|
|axi_data_3_out           |  out|    8|      ap_vld|                           axi_data_3_out|       pointer|
|axi_data_3_out_ap_vld    |  out|    1|      ap_vld|                           axi_data_3_out|       pointer|
+-------------------------+-----+-----+------------+-----------------------------------------+--------------+

