

================================================================
== Vitis HLS Report for 'DebayerRatBorBatR_Pipeline_VITIS_LOOP_633_2'
================================================================
* Date:           Thu Jun 13 17:32:00 2024

* Version:        2024.1 (Build 5069499 on May 21 2024)
* Project:        prj
* Solution:       sol (Vivado IP Flow Target)
* Product family: zynquplus
* Target device:  xck26-sfvc784-2LV-c


================================================================
== Performance Estimates
================================================================
+ Timing: 
    * Summary: 
    +--------+---------+----------+------------+
    |  Clock |  Target | Estimated| Uncertainty|
    +--------+---------+----------+------------+
    |ap_clk  |  3.39 ns|  2.474 ns|     0.92 ns|
    +--------+---------+----------+------------+

+ Latency: 
    * Summary: 
    +---------+---------+-----------+-----------+-----+------+-----------------------------------------------+
    |  Latency (cycles) |   Latency (absolute)  |  Interval  |                    Pipeline                   |
    |   min   |   max   |    min    |    max    | min |  max |                      Type                     |
    +---------+---------+-----------+-----------+-----+------+-----------------------------------------------+
    |        9|     3849|  30.510 ns|  13.048 us|    2|  3842|  loop auto-rewind stp(delay=0 clock cycles(s))|
    +---------+---------+-----------+-----------+-----+------+-----------------------------------------------+

    + Detail: 
        * Instance: 
        N/A

        * Loop: 
        +--------------------+---------+---------+----------+-----------+-----------+----------+----------+
        |                    |  Latency (cycles) | Iteration|  Initiation Interval  |   Trip   |          |
        |      Loop Name     |   min   |   max   |  Latency |  achieved |   target  |   Count  | Pipelined|
        +--------------------+---------+---------+----------+-----------+-----------+----------+----------+
        |- VITIS_LOOP_633_2  |        7|     3847|         8|          1|          1|  1 ~ 3841|       yes|
        +--------------------+---------+---------+----------+-----------+-----------+----------+----------+



================================================================
== Utilization Estimates
================================================================
* Summary: 
+-----------------+---------+------+--------+--------+-----+
|       Name      | BRAM_18K|  DSP |   FF   |   LUT  | URAM|
+-----------------+---------+------+--------+--------+-----+
|DSP              |        -|     -|       -|       -|    -|
|Expression       |        -|     -|       0|     893|    -|
|FIFO             |        -|     -|       -|       -|    -|
|Instance         |        -|     -|       -|       -|    -|
|Memory           |       12|     -|       0|       0|    0|
|Multiplexer      |        -|     -|       0|     553|    -|
|Register         |        -|     -|    2300|     704|    -|
+-----------------+---------+------+--------+--------+-----+
|Total            |       12|     0|    2300|    2150|    0|
+-----------------+---------+------+--------+--------+-----+
|Available        |      288|  1248|  234240|  117120|   64|
+-----------------+---------+------+--------+--------+-----+
|Utilization (%)  |        4|     0|      ~0|       1|    0|
+-----------------+---------+------+--------+--------+-----+

+ Detail: 
    * Instance: 
    N/A

    * DSP: 
    N/A

    * Memory: 
    +----------------+------------------------------------------------------------------------+---------+---+----+-----+------+-----+------+-------------+
    |     Memory     |                                 Module                                 | BRAM_18K| FF| LUT| URAM| Words| Bits| Banks| W*Bits*Banks|
    +----------------+------------------------------------------------------------------------+---------+---+----+-----+------+-----+------+-------------+
    |lineBuffer_1_U  |DebayerRatBorBatR_Pipeline_VITIS_LOOP_633_2_lineBuffer_1_RAM_AUTO_1R1W  |        6|  0|   0|    0|  3841|   24|     1|        92184|
    |lineBuffer_U    |DebayerRatBorBatR_Pipeline_VITIS_LOOP_633_2_lineBuffer_1_RAM_AUTO_1R1W  |        6|  0|   0|    0|  3841|   24|     1|        92184|
    +----------------+------------------------------------------------------------------------+---------+---+----+-----+------+-----+------+-------------+
    |Total           |                                                                        |       12|  0|   0|    0|  7682|   48|     2|       184368|
    +----------------+------------------------------------------------------------------------+---------+---+----+-----+------+-----+------+-------------+

    * FIFO: 
    N/A

    * Expression: 
    +-----------------------------------+----------+----+---+----+------------+------------+
    |           Variable Name           | Operation| DSP| FF| LUT| Bitwidth P0| Bitwidth P1|
    +-----------------------------------+----------+----+---+----+------------+------------+
    |add_ln817_fu_1637_p2               |         +|   0|  0|  17|          10|          10|
    |add_ln820_1_fu_1691_p2             |         +|   0|  0|  18|          11|          11|
    |add_ln820_fu_1681_p2               |         +|   0|  0|  17|          10|          10|
    |x_5_fu_859_p2                      |         +|   0|  0|  19|          12|           1|
    |CV_fu_1765_p2                      |         -|   0|  0|  17|          10|          10|
    |sub_ln61_1_fu_1363_p2              |         -|   0|  0|  15|           1|           8|
    |sub_ln61_2_fu_1374_p2              |         -|   0|  0|  15|           1|           8|
    |sub_ln61_3_fu_1385_p2              |         -|   0|  0|  15|           1|           8|
    |sub_ln61_fu_1352_p2                |         -|   0|  0|  15|           1|           8|
    |sub_ln790_fu_1238_p2               |         -|   0|  0|  16|           9|           9|
    |sub_ln791_fu_1260_p2               |         -|   0|  0|  16|           9|           9|
    |sub_ln792_fu_1282_p2               |         -|   0|  0|  16|           9|           9|
    |sub_ln793_fu_1304_p2               |         -|   0|  0|  16|           9|           9|
    |sub_ln817_fu_1495_p2               |         -|   0|  0|  16|           9|           9|
    |sub_ln818_fu_1511_p2               |         -|   0|  0|  16|           9|           9|
    |sub_ln819_fu_1527_p2               |         -|   0|  0|  16|           9|           9|
    |sub_ln820_1_fu_1697_p2             |         -|   0|  0|  18|           1|          11|
    |sub_ln820_2_fu_1739_p2             |         -|   0|  0|  17|           1|          10|
    |sub_ln820_fu_1543_p2               |         -|   0|  0|  16|           9|           9|
    |and_ln817_fu_1611_p2               |       and|   0|  0|   9|           9|           9|
    |and_ln818_fu_1628_p2               |       and|   0|  0|   9|           9|           9|
    |and_ln819_fu_1651_p2               |       and|   0|  0|   9|           9|           9|
    |and_ln820_fu_1672_p2               |       and|   0|  0|   9|           9|           9|
    |and_ln833_fu_915_p2                |       and|   0|  0|   2|           1|           1|
    |ap_block_pp0                       |       and|   0|  0|   2|           1|           1|
    |ap_block_state2_pp0_stage0_iter1   |       and|   0|  0|   2|           1|           1|
    |ap_block_state8_pp0_stage0_iter7   |       and|   0|  0|   2|           1|           1|
    |ap_condition_1656                  |       and|   0|  0|   2|           1|           1|
    |ap_condition_1659                  |       and|   0|  0|   2|           1|           1|
    |ap_condition_338                   |       and|   0|  0|   2|           1|           1|
    |ap_condition_560                   |       and|   0|  0|   2|           1|           1|
    |ap_condition_63                    |       and|   0|  0|   2|           1|           1|
    |ap_enable_state1_pp0_iter0_stage0  |       and|   0|  0|   2|           1|           1|
    |ap_enable_state2_pp0_iter1_stage0  |       and|   0|  0|   2|           1|           1|
    |ap_enable_state3_pp0_iter2_stage0  |       and|   0|  0|   2|           1|           1|
    |ap_predicate_op148_store_state3    |       and|   0|  0|   2|           1|           1|
    |ap_predicate_op78_load_state1      |       and|   0|  0|   2|           1|           1|
    |ap_predicate_op92_load_state2      |       and|   0|  0|   2|           1|           1|
    |cmp161_i_fu_881_p2                 |      icmp|   0|  0|  19|          12|           1|
    |enable_fu_1396_p2                  |      icmp|   0|  0|  15|           8|           8|
    |icmp_ln633_fu_853_p2               |      icmp|   0|  0|  19|          12|          12|
    |icmp_ln643_fu_875_p2               |      icmp|   0|  0|  19|          12|          12|
    |icmp_ln772_fu_903_p2               |      icmp|   0|  0|  22|          15|          15|
    |icmp_ln796_fu_1406_p2              |      icmp|   0|  0|  15|           8|           8|
    |icmp_ln797_fu_1432_p2              |      icmp|   0|  0|  15|           8|           8|
    |icmp_ln798_fu_1454_p2              |      icmp|   0|  0|  15|           8|           8|
    |icmp_ln799_fu_1460_p2              |      icmp|   0|  0|  15|           8|           8|
    |icmp_ln800_fu_1466_p2              |      icmp|   0|  0|  15|           8|           8|
    |icmp_ln827_fu_1803_p2              |      icmp|   0|  0|   9|           2|           1|
    |icmp_ln829_fu_1859_p2              |      icmp|   0|  0|   9|           2|           1|
    |icmp_ln833_fu_909_p2               |      icmp|   0|  0|  19|          12|           1|
    |ap_block_pp0_stage0_01001          |        or|   0|  0|   2|           1|           1|
    |or_ln827_fu_1827_p2                |        or|   0|  0|   2|           1|           1|
    |or_ln829_fu_1883_p2                |        or|   0|  0|   2|           1|           1|
    |CH_fu_1721_p3                      |    select|   0|  0|   8|           1|           8|
    |PixBufVal_1_fu_1171_p3             |    select|   0|  0|   8|           1|           8|
    |PixBufVal_2_fu_1165_p3             |    select|   0|  0|   8|           1|           8|
    |PixBufVal_fu_1177_p3               |    select|   0|  0|   8|           1|           8|
    |agdiff_1_fu_1368_p3                |    select|   0|  0|   8|           1|           8|
    |agdiff_2_fu_1379_p3                |    select|   0|  0|   8|           1|           8|
    |agdiff_3_fu_1390_p3                |    select|   0|  0|   8|           1|           8|
    |agdiff_fu_1357_p3                  |    select|   0|  0|   8|           1|           8|
    |b_fu_1778_p3                       |    select|   0|  0|  10|           1|          10|
    |enable_1_fu_1420_p3                |    select|   0|  0|   2|           1|           2|
    |enable_3_fu_1446_p3                |    select|   0|  0|   3|           1|           3|
    |enable_4_fu_1558_p3                |    select|   0|  0|   4|           1|           4|
    |enable_6_fu_1577_p3                |    select|   0|  0|   5|           1|           5|
    |enable_7_fu_1596_p3                |    select|   0|  0|   6|           1|           6|
    |r_fu_1771_p3                       |    select|   0|  0|  10|           1|          10|
    |select_ln710_10_fu_1127_p3         |    select|   0|  0|   8|           1|           8|
    |select_ln710_11_fu_1135_p3         |    select|   0|  0|   8|           1|           8|
    |select_ln710_12_fu_1142_p3         |    select|   0|  0|   8|           1|           8|
    |select_ln710_13_fu_1150_p3         |    select|   0|  0|   8|           1|           8|
    |select_ln710_14_fu_1157_p3         |    select|   0|  0|   8|           1|           8|
    |select_ln710_1_fu_1068_p3          |    select|   0|  0|   8|           1|           8|
    |select_ln710_2_fu_1075_p3          |    select|   0|  0|   8|           1|           8|
    |select_ln710_3_fu_1081_p3          |    select|   0|  0|   8|           1|           8|
    |select_ln710_4_fu_1087_p3          |    select|   0|  0|   8|           1|           8|
    |select_ln710_5_fu_1094_p3          |    select|   0|  0|   8|           1|           8|
    |select_ln710_6_fu_1100_p3          |    select|   0|  0|   8|           1|           8|
    |select_ln710_7_fu_1107_p3          |    select|   0|  0|   8|           1|           8|
    |select_ln710_8_fu_1113_p3          |    select|   0|  0|   8|           1|           8|
    |select_ln710_9_fu_1120_p3          |    select|   0|  0|   8|           1|           8|
    |select_ln710_fu_1062_p3            |    select|   0|  0|   8|           1|           8|
    |select_ln817_1_fu_1603_p3          |    select|   0|  0|   2|           1|           2|
    |select_ln817_fu_1484_p3            |    select|   0|  0|   8|           1|           8|
    |select_ln818_1_fu_1620_p3          |    select|   0|  0|   2|           1|           2|
    |select_ln818_fu_1500_p3            |    select|   0|  0|   8|           1|           8|
    |select_ln819_1_fu_1643_p3          |    select|   0|  0|   2|           1|           2|
    |select_ln819_fu_1516_p3            |    select|   0|  0|   8|           1|           8|
    |select_ln820_1_fu_1664_p3          |    select|   0|  0|   2|           1|           2|
    |select_ln820_2_fu_1753_p3          |    select|   0|  0|  10|           1|          10|
    |select_ln820_fu_1532_p3            |    select|   0|  0|   8|           1|           8|
    |select_ln827_1_fu_1833_p3          |    select|   0|  0|   8|           1|           8|
    |select_ln827_fu_1819_p3            |    select|   0|  0|   2|           1|           2|
    |select_ln829_1_fu_1889_p3          |    select|   0|  0|   8|           1|           8|
    |select_ln829_fu_1875_p3            |    select|   0|  0|   2|           1|           2|
    |ap_enable_pp0                      |       xor|   0|  0|   2|           1|           2|
    |xor_ln772_1_fu_893_p2              |       xor|   0|  0|   2|           1|           2|
    |xor_ln772_fu_887_p2                |       xor|   0|  0|   2|           1|           1|
    |xor_ln827_fu_1813_p2               |       xor|   0|  0|   2|           1|           2|
    |xor_ln829_fu_1869_p2               |       xor|   0|  0|   2|           1|           2|
    +-----------------------------------+----------+----+---+----+------------+------------+
    |Total                              |          |   0|  0| 893|         348|         615|
    +-----------------------------------+----------+----+---+----+------------+------------+

    * Multiplexer: 
    +----------------------------------------------------+----+-----------+-----+-----------+
    |                        Name                        | LUT| Input Size| Bits| Total Bits|
    +----------------------------------------------------+----+-----------+-----+-----------+
    |ap_done_int                                         |   9|          2|    1|          2|
    |ap_enable_reg_pp0_iter3                             |   9|          2|    1|          2|
    |ap_phi_mux_downleft_1_phi_fu_505_p4                 |  14|          3|    8|         24|
    |ap_phi_mux_p_0_0_09481393_i_phi_fu_560_p4           |  14|          3|    8|         24|
    |ap_phi_mux_p_0_0_0948_21423_i_phi_fu_514_p4         |  14|          3|    8|         24|
    |ap_phi_mux_p_0_0_09491390_i_phi_fu_569_p4           |  14|          3|    8|         24|
    |ap_phi_mux_p_0_0_0949_21420_i_phi_fu_523_p4         |  14|          3|    8|         24|
    |ap_phi_mux_p_0_0_0949_21469_ph_i_phi_fu_477_p4      |  14|          3|    8|         24|
    |ap_phi_mux_p_0_0_09501387_i_phi_fu_578_p4           |  14|          3|    8|         24|
    |ap_phi_mux_p_0_0_0950_21417_i_phi_fu_532_p4         |  14|          3|    8|         24|
    |ap_phi_mux_pix_3_phi_fu_541_p4                      |  14|          3|    8|         24|
    |ap_phi_mux_upleft_1_phi_fu_551_p4                   |  14|          3|    8|         24|
    |ap_phi_reg_pp0_iter2_p_0_0_0948_21471_ph_i_reg_484  |  14|          3|    8|         24|
    |ap_phi_reg_pp0_iter2_p_0_0_0950_21467_ph_i_reg_493  |  14|          3|    8|         24|
    |ap_phi_reg_pp0_iter3_downleft_2_reg_584             |  14|          3|    8|         24|
    |ap_phi_reg_pp0_iter3_downleft_reg_593               |  14|          3|    8|         24|
    |ap_phi_reg_pp0_iter3_pix_4_reg_602                  |  14|          3|    8|         24|
    |ap_phi_reg_pp0_iter3_pix_reg_612                    |  14|          3|    8|         24|
    |ap_phi_reg_pp0_iter3_upleft_2_reg_622               |  14|          3|    8|         24|
    |ap_phi_reg_pp0_iter3_upleft_reg_631                 |  14|          3|    8|         24|
    |ap_phi_reg_pp0_iter5_en_rgd_1_reg_696               |  14|          3|    1|          3|
    |ap_phi_reg_pp0_iter5_en_rgd_2_reg_668               |  14|          3|    1|          3|
    |ap_phi_reg_pp0_iter5_en_rgd_3_reg_640               |  14|          3|    1|          3|
    |ap_phi_reg_pp0_iter5_en_rgd_reg_724                 |  14|          3|    1|          3|
    |ap_phi_reg_pp0_iter7_b_1_reg_761                    |  14|          3|   10|         30|
    |ap_phi_reg_pp0_iter7_r_1_reg_752                    |  14|          3|   10|         30|
    |ap_sig_allocacmp_z                                  |   9|          2|   12|         24|
    |imgG_blk_n                                          |   9|          2|    1|          2|
    |imgRB_blk_n                                         |   9|          2|    1|          2|
    |p_0_0_09481392_i_fu_270                             |   9|          2|    8|         16|
    |p_0_0_0948_114831494_i_fu_246                       |   9|          2|    8|         16|
    |p_0_0_0948_21422_i_fu_282                           |   9|          2|    8|         16|
    |p_0_0_09491389_i_fu_266                             |   9|          2|    8|         16|
    |p_0_0_0949_114811492_i_fu_242                       |   9|          2|    8|         16|
    |p_0_0_0949_21419_i_fu_278                           |   9|          2|    8|         16|
    |p_0_0_0949_21469_ph_i_reg_474                       |  14|          3|    8|         24|
    |p_0_0_09501386_i_fu_262                             |   9|          2|    8|         16|
    |p_0_0_0950_114791490_i_fu_238                       |   9|          2|    8|         16|
    |p_0_0_0950_21416_i_fu_274                           |   9|          2|    8|         16|
    |p_0_0_0_0_09081497_i_fu_250                         |   9|          2|    8|         16|
    |p_0_0_0_0_09141485_i_fu_226                         |   9|          2|    8|         16|
    |p_0_1_0_0_09091499_i_fu_254                         |   9|          2|    8|         16|
    |p_0_1_0_0_09151487_i_fu_230                         |   9|          2|    8|         16|
    |p_0_2_0_0_09101501_i_fu_258                         |   9|          2|    8|         16|
    |p_0_2_0_0_09161489_i_fu_234                         |   9|          2|    8|         16|
    |pix_3_reg_538                                       |  14|          3|    8|         24|
    |x_fu_222                                            |   9|          2|   12|         24|
    +----------------------------------------------------+----+-----------+-----+-----------+
    |Total                                               | 553|        120|  332|        848|
    +----------------------------------------------------+----+-----------+-----+-----------+

    * Register: 
    +----------------------------------------------------+----+----+-----+-----------+
    |                        Name                        | FF | LUT| Bits| Const Bits|
    +----------------------------------------------------+----+----+-----+-----------+
    |add_ln820_1_reg_2447                                |  11|   0|   11|          0|
    |and_ln833_reg_2166                                  |   1|   0|    1|          0|
    |ap_CS_fsm                                           |   1|   0|    1|          0|
    |ap_done_reg                                         |   1|   0|    1|          0|
    |ap_enable_reg_pp0_iter1                             |   1|   0|    1|          0|
    |ap_enable_reg_pp0_iter2                             |   1|   0|    1|          0|
    |ap_enable_reg_pp0_iter3                             |   1|   0|    1|          0|
    |ap_enable_reg_pp0_iter4                             |   1|   0|    1|          0|
    |ap_enable_reg_pp0_iter5                             |   1|   0|    1|          0|
    |ap_enable_reg_pp0_iter6                             |   1|   0|    1|          0|
    |ap_enable_reg_pp0_iter7                             |   1|   0|    1|          0|
    |ap_loop_exit_ready_pp0_iter1_reg                    |   1|   0|    1|          0|
    |ap_loop_exit_ready_pp0_iter2_reg                    |   1|   0|    1|          0|
    |ap_loop_exit_ready_pp0_iter3_reg                    |   1|   0|    1|          0|
    |ap_loop_exit_ready_pp0_iter4_reg                    |   1|   0|    1|          0|
    |ap_loop_exit_ready_pp0_iter5_reg                    |   1|   0|    1|          0|
    |ap_loop_exit_ready_pp0_iter6_reg                    |   1|   0|    1|          0|
    |ap_phi_reg_pp0_iter1_b_1_reg_761                    |  10|   0|   10|          0|
    |ap_phi_reg_pp0_iter1_downleft_2_reg_584             |   8|   0|    8|          0|
    |ap_phi_reg_pp0_iter1_downleft_reg_593               |   8|   0|    8|          0|
    |ap_phi_reg_pp0_iter1_en_rgd_1_reg_696               |   1|   0|    1|          0|
    |ap_phi_reg_pp0_iter1_en_rgd_2_reg_668               |   1|   0|    1|          0|
    |ap_phi_reg_pp0_iter1_en_rgd_3_reg_640               |   1|   0|    1|          0|
    |ap_phi_reg_pp0_iter1_en_rgd_reg_724                 |   1|   0|    1|          0|
    |ap_phi_reg_pp0_iter1_p_0_0_0948_21471_ph_i_reg_484  |   8|   0|    8|          0|
    |ap_phi_reg_pp0_iter1_p_0_0_0950_21467_ph_i_reg_493  |   8|   0|    8|          0|
    |ap_phi_reg_pp0_iter1_pix_4_reg_602                  |   8|   0|    8|          0|
    |ap_phi_reg_pp0_iter1_pix_reg_612                    |   8|   0|    8|          0|
    |ap_phi_reg_pp0_iter1_r_1_reg_752                    |  10|   0|   10|          0|
    |ap_phi_reg_pp0_iter1_upleft_2_reg_622               |   8|   0|    8|          0|
    |ap_phi_reg_pp0_iter1_upleft_reg_631                 |   8|   0|    8|          0|
    |ap_phi_reg_pp0_iter2_b_1_reg_761                    |  10|   0|   10|          0|
    |ap_phi_reg_pp0_iter2_downleft_2_reg_584             |   8|   0|    8|          0|
    |ap_phi_reg_pp0_iter2_downleft_reg_593               |   8|   0|    8|          0|
    |ap_phi_reg_pp0_iter2_en_rgd_1_reg_696               |   1|   0|    1|          0|
    |ap_phi_reg_pp0_iter2_en_rgd_2_reg_668               |   1|   0|    1|          0|
    |ap_phi_reg_pp0_iter2_en_rgd_3_reg_640               |   1|   0|    1|          0|
    |ap_phi_reg_pp0_iter2_en_rgd_reg_724                 |   1|   0|    1|          0|
    |ap_phi_reg_pp0_iter2_p_0_0_0948_21471_ph_i_reg_484  |   8|   0|    8|          0|
    |ap_phi_reg_pp0_iter2_p_0_0_0950_21467_ph_i_reg_493  |   8|   0|    8|          0|
    |ap_phi_reg_pp0_iter2_pix_4_reg_602                  |   8|   0|    8|          0|
    |ap_phi_reg_pp0_iter2_pix_reg_612                    |   8|   0|    8|          0|
    |ap_phi_reg_pp0_iter2_r_1_reg_752                    |  10|   0|   10|          0|
    |ap_phi_reg_pp0_iter2_upleft_2_reg_622               |   8|   0|    8|          0|
    |ap_phi_reg_pp0_iter2_upleft_reg_631                 |   8|   0|    8|          0|
    |ap_phi_reg_pp0_iter3_b_1_reg_761                    |  10|   0|   10|          0|
    |ap_phi_reg_pp0_iter3_downleft_2_reg_584             |   8|   0|    8|          0|
    |ap_phi_reg_pp0_iter3_downleft_reg_593               |   8|   0|    8|          0|
    |ap_phi_reg_pp0_iter3_en_rgd_1_reg_696               |   1|   0|    1|          0|
    |ap_phi_reg_pp0_iter3_en_rgd_2_reg_668               |   1|   0|    1|          0|
    |ap_phi_reg_pp0_iter3_en_rgd_3_reg_640               |   1|   0|    1|          0|
    |ap_phi_reg_pp0_iter3_en_rgd_reg_724                 |   1|   0|    1|          0|
    |ap_phi_reg_pp0_iter3_pix_4_reg_602                  |   8|   0|    8|          0|
    |ap_phi_reg_pp0_iter3_pix_reg_612                    |   8|   0|    8|          0|
    |ap_phi_reg_pp0_iter3_r_1_reg_752                    |  10|   0|   10|          0|
    |ap_phi_reg_pp0_iter3_upleft_2_reg_622               |   8|   0|    8|          0|
    |ap_phi_reg_pp0_iter3_upleft_reg_631                 |   8|   0|    8|          0|
    |ap_phi_reg_pp0_iter4_b_1_reg_761                    |  10|   0|   10|          0|
    |ap_phi_reg_pp0_iter4_en_rgd_1_reg_696               |   1|   0|    1|          0|
    |ap_phi_reg_pp0_iter4_en_rgd_2_reg_668               |   1|   0|    1|          0|
    |ap_phi_reg_pp0_iter4_en_rgd_3_reg_640               |   1|   0|    1|          0|
    |ap_phi_reg_pp0_iter4_en_rgd_reg_724                 |   1|   0|    1|          0|
    |ap_phi_reg_pp0_iter4_r_1_reg_752                    |  10|   0|   10|          0|
    |ap_phi_reg_pp0_iter5_b_1_reg_761                    |  10|   0|   10|          0|
    |ap_phi_reg_pp0_iter5_en_rgd_1_reg_696               |   1|   0|    1|          0|
    |ap_phi_reg_pp0_iter5_en_rgd_2_reg_668               |   1|   0|    1|          0|
    |ap_phi_reg_pp0_iter5_en_rgd_3_reg_640               |   1|   0|    1|          0|
    |ap_phi_reg_pp0_iter5_en_rgd_reg_724                 |   1|   0|    1|          0|
    |ap_phi_reg_pp0_iter5_r_1_reg_752                    |  10|   0|   10|          0|
    |ap_phi_reg_pp0_iter6_b_1_reg_761                    |  10|   0|   10|          0|
    |ap_phi_reg_pp0_iter6_r_1_reg_752                    |  10|   0|   10|          0|
    |ap_phi_reg_pp0_iter7_b_1_reg_761                    |  10|   0|   10|          0|
    |ap_phi_reg_pp0_iter7_r_1_reg_752                    |  10|   0|   10|          0|
    |cmp161_i_reg_2143                                   |   1|   0|    1|          0|
    |cmp161_i_reg_2143_pp0_iter1_reg                     |   1|   0|    1|          0|
    |enable_3_reg_2402                                   |   3|   0|    3|          0|
    |icmp_ln633_reg_2123                                 |   1|   0|    1|          0|
    |icmp_ln643_reg_2127                                 |   1|   0|    1|          0|
    |icmp_ln772_reg_2162                                 |   1|   0|    1|          0|
    |icmp_ln798_reg_2408                                 |   1|   0|    1|          0|
    |icmp_ln799_reg_2413                                 |   1|   0|    1|          0|
    |icmp_ln800_reg_2418                                 |   1|   0|    1|          0|
    |lineBuffer_1_addr_reg_2137                          |  12|   0|   12|          0|
    |lineBuffer_1_addr_reg_2137_pp0_iter1_reg            |  12|   0|   12|          0|
    |lineBuffer_addr_reg_2131                            |  12|   0|   12|          0|
    |p_0_0_09481392_i_fu_270                             |   8|   0|    8|          0|
    |p_0_0_09481392_i_load_reg_2285                      |   8|   0|    8|          0|
    |p_0_0_0948_114831494_i_fu_246                       |   8|   0|    8|          0|
    |p_0_0_0948_114831494_i_load_reg_2258                |   8|   0|    8|          0|
    |p_0_0_0948_21422_i_fu_282                           |   8|   0|    8|          0|
    |p_0_0_0948_21422_i_load_reg_2302                    |   8|   0|    8|          0|
    |p_0_0_09491389_i_fu_266                             |   8|   0|    8|          0|
    |p_0_0_09491389_i_load_reg_2280                      |   8|   0|    8|          0|
    |p_0_0_0949_114811492_i_fu_242                       |   8|   0|    8|          0|
    |p_0_0_0949_114811492_i_load_reg_2253                |   8|   0|    8|          0|
    |p_0_0_0949_21419_i_fu_278                           |   8|   0|    8|          0|
    |p_0_0_0949_21419_i_load_reg_2297                    |   8|   0|    8|          0|
    |p_0_0_0949_21469_ph_i_reg_474                       |   8|   0|    8|          0|
    |p_0_0_09501386_i_fu_262                             |   8|   0|    8|          0|
    |p_0_0_09501386_i_load_reg_2274                      |   8|   0|    8|          0|
    |p_0_0_0950_114791490_i_fu_238                       |   8|   0|    8|          0|
    |p_0_0_0950_114791490_i_load_reg_2247                |   8|   0|    8|          0|
    |p_0_0_0950_21416_i_fu_274                           |   8|   0|    8|          0|
    |p_0_0_0950_21416_i_load_reg_2291                    |   8|   0|    8|          0|
    |p_0_0_0_0_09081497_i_fu_250                         |   8|   0|    8|          0|
    |p_0_0_0_0_09081497_i_load_reg_2264                  |   8|   0|    8|          0|
    |p_0_0_0_0_09141485_i_fu_226                         |   8|   0|    8|          0|
    |p_0_0_0_0_09141485_i_load_reg_2237                  |   8|   0|    8|          0|
    |p_0_1_0_0_09091499_i_fu_254                         |   8|   0|    8|          0|
    |p_0_1_0_0_09091499_i_load_reg_2177                  |   8|   0|    8|          0|
    |p_0_1_0_0_09151487_i_fu_230                         |   8|   0|    8|          0|
    |p_0_1_0_0_09151487_i_load_reg_2170                  |   8|   0|    8|          0|
    |p_0_2_0_0_09101501_i_fu_258                         |   8|   0|    8|          0|
    |p_0_2_0_0_09101501_i_load_reg_2269                  |   8|   0|    8|          0|
    |p_0_2_0_0_09161489_i_fu_234                         |   8|   0|    8|          0|
    |p_0_2_0_0_09161489_i_load_reg_2242                  |   8|   0|    8|          0|
    |pix_3_reg_538                                       |   8|   0|    8|          0|
    |pix_4_reg_602                                       |   8|   0|    8|          0|
    |pix_reg_612                                         |   8|   0|    8|          0|
    |sub_ln817_reg_2423                                  |   9|   0|    9|          0|
    |sub_ln817_reg_2423_pp0_iter4_reg                    |   9|   0|    9|          0|
    |sub_ln818_reg_2428                                  |   9|   0|    9|          0|
    |sub_ln818_reg_2428_pp0_iter4_reg                    |   9|   0|    9|          0|
    |sub_ln819_reg_2433                                  |   9|   0|    9|          0|
    |sub_ln819_reg_2433_pp0_iter4_reg                    |   9|   0|    9|          0|
    |sub_ln820_reg_2438                                  |   9|   0|    9|          0|
    |sub_ln820_reg_2438_pp0_iter4_reg                    |   9|   0|    9|          0|
    |tmp_2_reg_2349                                      |   1|   0|    1|          0|
    |tmp_3_reg_2365                                      |   1|   0|    1|          0|
    |tmp_4_i1_reg_2192                                   |   8|   0|    8|          0|
    |tmp_4_reg_2381                                      |   1|   0|    1|          0|
    |tmp_5_i2_reg_2199                                   |   8|   0|    8|          0|
    |tmp_5_reg_2397                                      |   1|   0|    1|          0|
    |tmp_7_i3_reg_2214                                   |   8|   0|    8|          0|
    |tmp_8_i4_reg_2220                                   |   8|   0|    8|          0|
    |trunc_ln61_1_reg_2359                               |   8|   0|    8|          0|
    |trunc_ln61_2_reg_2375                               |   8|   0|    8|          0|
    |trunc_ln61_3_reg_2391                               |   8|   0|    8|          0|
    |trunc_ln61_reg_2343                                 |   8|   0|    8|          0|
    |trunc_ln654_1_reg_2207                              |   8|   0|    8|          0|
    |trunc_ln654_reg_2184                                |   8|   0|    8|          0|
    |trunc_ln820_1_i_reg_2453                            |  10|   0|   10|          0|
    |x_fu_222                                            |  12|   0|   12|          0|
    |zext_ln790_1_reg_2338                               |   8|   0|    9|          1|
    |zext_ln791_reg_2354                                 |   8|   0|    9|          1|
    |zext_ln792_reg_2370                                 |   8|   0|    9|          1|
    |zext_ln793_reg_2386                                 |   8|   0|    9|          1|
    |and_ln833_reg_2166                                  |  64|  32|    1|          0|
    |icmp_ln633_reg_2123                                 |  64|  32|    1|          0|
    |icmp_ln643_reg_2127                                 |  64|  32|    1|          0|
    |icmp_ln772_reg_2162                                 |  64|  32|    1|          0|
    |p_0_0_09481392_i_load_reg_2285                      |  64|  32|    8|          0|
    |p_0_0_0948_114831494_i_load_reg_2258                |  64|  32|    8|          0|
    |p_0_0_0948_21422_i_load_reg_2302                    |  64|  32|    8|          0|
    |p_0_0_09491389_i_load_reg_2280                      |  64|  32|    8|          0|
    |p_0_0_0949_114811492_i_load_reg_2253                |  64|  32|    8|          0|
    |p_0_0_0949_21419_i_load_reg_2297                    |  64|  32|    8|          0|
    |p_0_0_09501386_i_load_reg_2274                      |  64|  32|    8|          0|
    |p_0_0_0950_114791490_i_load_reg_2247                |  64|  32|    8|          0|
    |p_0_0_0950_21416_i_load_reg_2291                    |  64|  32|    8|          0|
    |p_0_0_0_0_09081497_i_load_reg_2264                  |  64|  32|    8|          0|
    |p_0_0_0_0_09141485_i_load_reg_2237                  |  64|  32|    8|          0|
    |p_0_1_0_0_09091499_i_load_reg_2177                  |  64|  32|    8|          0|
    |p_0_1_0_0_09151487_i_load_reg_2170                  |  64|  32|    8|          0|
    |p_0_2_0_0_09101501_i_load_reg_2269                  |  64|  32|    8|          0|
    |p_0_2_0_0_09161489_i_load_reg_2242                  |  64|  32|    8|          0|
    |pix_3_reg_538                                       |  64|  32|    8|          0|
    |pix_4_reg_602                                       |  64|  32|    8|          0|
    |pix_reg_612                                         |  64|  32|    8|          0|
    +----------------------------------------------------+----+----+-----+-----------+
    |Total                                               |2300| 704| 1044|          4|
    +----------------------------------------------------+----+----+-----+-----------+



================================================================
== Interface
================================================================
* Summary: 
+-----------------------------------+-----+-----+------------+---------------------------------------------+--------------+
|             RTL Ports             | Dir | Bits|  Protocol  |                Source Object                |    C Type    |
+-----------------------------------+-----+-----+------------+---------------------------------------------+--------------+
|ap_clk                             |   in|    1|  ap_ctrl_hs|  DebayerRatBorBatR_Pipeline_VITIS_LOOP_633_2|  return value|
|ap_rst                             |   in|    1|  ap_ctrl_hs|  DebayerRatBorBatR_Pipeline_VITIS_LOOP_633_2|  return value|
|ap_start                           |   in|    1|  ap_ctrl_hs|  DebayerRatBorBatR_Pipeline_VITIS_LOOP_633_2|  return value|
|ap_done                            |  out|    1|  ap_ctrl_hs|  DebayerRatBorBatR_Pipeline_VITIS_LOOP_633_2|  return value|
|ap_idle                            |  out|    1|  ap_ctrl_hs|  DebayerRatBorBatR_Pipeline_VITIS_LOOP_633_2|  return value|
|ap_ready                           |  out|    1|  ap_ctrl_hs|  DebayerRatBorBatR_Pipeline_VITIS_LOOP_633_2|  return value|
|imgG_dout                          |   in|   24|     ap_fifo|                                         imgG|       pointer|
|imgG_num_data_valid                |   in|    3|     ap_fifo|                                         imgG|       pointer|
|imgG_fifo_cap                      |   in|    3|     ap_fifo|                                         imgG|       pointer|
|imgG_empty_n                       |   in|    1|     ap_fifo|                                         imgG|       pointer|
|imgG_read                          |  out|    1|     ap_fifo|                                         imgG|       pointer|
|imgRB_din                          |  out|   24|     ap_fifo|                                        imgRB|       pointer|
|imgRB_num_data_valid               |   in|    3|     ap_fifo|                                        imgRB|       pointer|
|imgRB_fifo_cap                     |   in|    3|     ap_fifo|                                        imgRB|       pointer|
|imgRB_full_n                       |   in|    1|     ap_fifo|                                        imgRB|       pointer|
|imgRB_write                        |  out|    1|     ap_fifo|                                        imgRB|       pointer|
|p_0_2_0_0_09101500_lcssa1537_i     |   in|    8|     ap_none|               p_0_2_0_0_09101500_lcssa1537_i|        scalar|
|p_0_1_0_0_09091498_lcssa1535_i     |   in|    8|     ap_none|               p_0_1_0_0_09091498_lcssa1535_i|        scalar|
|p_0_0_0_0_09081496_lcssa1533_i     |   in|    8|     ap_none|               p_0_0_0_0_09081496_lcssa1533_i|        scalar|
|p_0_0_0948_114831495_lcssa1531_i   |   in|    8|     ap_none|             p_0_0_0948_114831495_lcssa1531_i|        scalar|
|p_0_0_0949_114811493_lcssa1529_i   |   in|    8|     ap_none|             p_0_0_0949_114811493_lcssa1529_i|        scalar|
|p_0_0_0950_114791491_lcssa1527_i   |   in|    8|     ap_none|             p_0_0_0950_114791491_lcssa1527_i|        scalar|
|p_0_2_0_0_09161488_lcssa1525_i     |   in|    8|     ap_none|               p_0_2_0_0_09161488_lcssa1525_i|        scalar|
|p_0_1_0_0_09151486_lcssa1523_i     |   in|    8|     ap_none|               p_0_1_0_0_09151486_lcssa1523_i|        scalar|
|p_0_0_0_0_09141484_lcssa1521_i     |   in|    8|     ap_none|               p_0_0_0_0_09141484_lcssa1521_i|        scalar|
|p_0_0_0948_21423_lcssa1455_i       |   in|    8|     ap_none|                 p_0_0_0948_21423_lcssa1455_i|        scalar|
|p_0_0_0949_21420_lcssa1453_i       |   in|    8|     ap_none|                 p_0_0_0949_21420_lcssa1453_i|        scalar|
|p_0_0_0950_21417_lcssa1451_i       |   in|    8|     ap_none|                 p_0_0_0950_21417_lcssa1451_i|        scalar|
|p_0_0_09481393_lcssa1443_i         |   in|    8|     ap_none|                   p_0_0_09481393_lcssa1443_i|        scalar|
|p_0_0_09491390_lcssa1441_i         |   in|    8|     ap_none|                   p_0_0_09491390_lcssa1441_i|        scalar|
|p_0_0_09501387_lcssa1439_i         |   in|    8|     ap_none|                   p_0_0_09501387_lcssa1439_i|        scalar|
|loopWidth_i                        |   in|   12|   ap_stable|                                  loopWidth_i|        scalar|
|cmp203_i                           |   in|    1|     ap_none|                                     cmp203_i|        scalar|
|empty_51                           |   in|    1|     ap_none|                                     empty_51|        scalar|
|xor_i                              |   in|   15|     ap_none|                                        xor_i|        scalar|
|empty                              |   in|   12|   ap_stable|                                        empty|        scalar|
|cmp59_i                            |   in|    1|     ap_none|                                      cmp59_i|        scalar|
|red_i                              |   in|    1|     ap_none|                                        red_i|        scalar|
|p_0_2_0_0_09101501_i_out           |  out|    8|      ap_vld|                     p_0_2_0_0_09101501_i_out|       pointer|
|p_0_2_0_0_09101501_i_out_ap_vld    |  out|    1|      ap_vld|                     p_0_2_0_0_09101501_i_out|       pointer|
|p_0_1_0_0_09091499_i_out           |  out|    8|      ap_vld|                     p_0_1_0_0_09091499_i_out|       pointer|
|p_0_1_0_0_09091499_i_out_ap_vld    |  out|    1|      ap_vld|                     p_0_1_0_0_09091499_i_out|       pointer|
|p_0_0_0_0_09081497_i_out           |  out|    8|      ap_vld|                     p_0_0_0_0_09081497_i_out|       pointer|
|p_0_0_0_0_09081497_i_out_ap_vld    |  out|    1|      ap_vld|                     p_0_0_0_0_09081497_i_out|       pointer|
|p_0_0_0948_114831494_i_out         |  out|    8|      ap_vld|                   p_0_0_0948_114831494_i_out|       pointer|
|p_0_0_0948_114831494_i_out_ap_vld  |  out|    1|      ap_vld|                   p_0_0_0948_114831494_i_out|       pointer|
|p_0_0_0949_114811492_i_out         |  out|    8|      ap_vld|                   p_0_0_0949_114811492_i_out|       pointer|
|p_0_0_0949_114811492_i_out_ap_vld  |  out|    1|      ap_vld|                   p_0_0_0949_114811492_i_out|       pointer|
|p_0_0_0950_114791490_i_out         |  out|    8|      ap_vld|                   p_0_0_0950_114791490_i_out|       pointer|
|p_0_0_0950_114791490_i_out_ap_vld  |  out|    1|      ap_vld|                   p_0_0_0950_114791490_i_out|       pointer|
|p_0_2_0_0_09161489_i_out           |  out|    8|      ap_vld|                     p_0_2_0_0_09161489_i_out|       pointer|
|p_0_2_0_0_09161489_i_out_ap_vld    |  out|    1|      ap_vld|                     p_0_2_0_0_09161489_i_out|       pointer|
|p_0_1_0_0_09151487_i_out           |  out|    8|      ap_vld|                     p_0_1_0_0_09151487_i_out|       pointer|
|p_0_1_0_0_09151487_i_out_ap_vld    |  out|    1|      ap_vld|                     p_0_1_0_0_09151487_i_out|       pointer|
|p_0_0_0_0_09141485_i_out           |  out|    8|      ap_vld|                     p_0_0_0_0_09141485_i_out|       pointer|
|p_0_0_0_0_09141485_i_out_ap_vld    |  out|    1|      ap_vld|                     p_0_0_0_0_09141485_i_out|       pointer|
|p_0_0_0948_21422_i_out             |  out|    8|      ap_vld|                       p_0_0_0948_21422_i_out|       pointer|
|p_0_0_0948_21422_i_out_ap_vld      |  out|    1|      ap_vld|                       p_0_0_0948_21422_i_out|       pointer|
|p_0_0_0949_21419_i_out             |  out|    8|      ap_vld|                       p_0_0_0949_21419_i_out|       pointer|
|p_0_0_0949_21419_i_out_ap_vld      |  out|    1|      ap_vld|                       p_0_0_0949_21419_i_out|       pointer|
|p_0_0_0950_21416_i_out             |  out|    8|      ap_vld|                       p_0_0_0950_21416_i_out|       pointer|
|p_0_0_0950_21416_i_out_ap_vld      |  out|    1|      ap_vld|                       p_0_0_0950_21416_i_out|       pointer|
|p_0_0_09481392_i_out               |  out|    8|      ap_vld|                         p_0_0_09481392_i_out|       pointer|
|p_0_0_09481392_i_out_ap_vld        |  out|    1|      ap_vld|                         p_0_0_09481392_i_out|       pointer|
|p_0_0_09491389_i_out               |  out|    8|      ap_vld|                         p_0_0_09491389_i_out|       pointer|
|p_0_0_09491389_i_out_ap_vld        |  out|    1|      ap_vld|                         p_0_0_09491389_i_out|       pointer|
|p_0_0_09501386_i_out               |  out|    8|      ap_vld|                         p_0_0_09501386_i_out|       pointer|
|p_0_0_09501386_i_out_ap_vld        |  out|    1|      ap_vld|                         p_0_0_09501386_i_out|       pointer|
+-----------------------------------+-----+-----+------------+---------------------------------------------+--------------+

