

================================================================
== Vitis HLS Report for 'Debayer'
================================================================
* Date:           Thu Jun 13 17:32:02 2024

* Version:        2024.1 (Build 5069499 on May 21 2024)
* Project:        prj
* Solution:       sol (Vivado IP Flow Target)
* Product family: zynquplus
* Target device:  xck26-sfvc784-2LV-c


================================================================
== Performance Estimates
================================================================
+ Timing: 
    * Summary: 
    +--------+---------+----------+------------+
    |  Clock |  Target | Estimated| Uncertainty|
    +--------+---------+----------+------------+
    |ap_clk  |  3.39 ns|  2.475 ns|     0.92 ns|
    +--------+---------+----------+------------+

+ Latency: 
    * Summary: 
    +---------+------------+----------+------------+-----+------------+----------+
    |   Latency (cycles)   |   Latency (absolute)  |     Interval     | Pipeline |
    |   min   |     max    |    min   |     max    | min |     max    |   Type   |
    +---------+------------+----------+------------+-----+------------+----------+
    |    65597|  4296605721|  0.222 ms|  14.565 sec|   52|  4296605722|  dataflow|
    +---------+------------+----------+------------+-----+------------+----------+

    + Detail: 
        * Instance: 
        +----------------------+-------------------+---------+------------+-----------+------------+-----+------------+---------+
        |                      |                   |   Latency (cycles)   |   Latency (absolute)   |     Interval     | Pipeline|
        |       Instance       |       Module      |   min   |     max    |    min    |     max    | min |     max    |   Type  |
        +----------------------+-------------------+---------+------------+-----------+------------+-----+------------+---------+
        |DebayerG_U0           |DebayerG           |       51|  4296605721|   0.173 us|  14.565 sec|   51|  4296605721|       no|
        |DebayerRatBorBatR_U0  |DebayerRatBorBatR  |       13|     8324173|  44.070 ns|   28.219 ms|   13|     8324173|       no|
        |DebayerRandBatG_U0    |DebayerRandBatG    |       11|     8319851|  37.290 ns|   28.204 ms|   11|     8319851|       no|
        +----------------------+-------------------+---------+------------+-----------+------------+-----+------------+---------+

        * Loop: 
        N/A



================================================================
== Utilization Estimates
================================================================
* Summary: 
+-----------------+---------+------+--------+--------+-----+
|       Name      | BRAM_18K|  DSP |   FF   |   LUT  | URAM|
+-----------------+---------+------+--------+--------+-----+
|DSP              |        -|     -|       -|       -|    -|
|Expression       |        -|     -|       0|       2|    -|
|FIFO             |        -|     -|     396|     268|    -|
|Instance         |       38|     8|    8401|    8947|    0|
|Memory           |        -|     -|       -|       -|    -|
|Multiplexer      |        -|     -|       0|       9|    -|
|Register         |        -|     -|       1|       -|    -|
+-----------------+---------+------+--------+--------+-----+
|Total            |       38|     8|    8798|    9226|    0|
+-----------------+---------+------+--------+--------+-----+
|Available        |      288|  1248|  234240|  117120|   64|
+-----------------+---------+------+--------+--------+-----+
|Utilization (%)  |       13|    ~0|       3|       7|    0|
+-----------------+---------+------+--------+--------+-----+

+ Detail: 
    * Instance: 
    +----------------------+-------------------+---------+----+------+------+-----+
    |       Instance       |       Module      | BRAM_18K| DSP|  FF  |  LUT | URAM|
    +----------------------+-------------------+---------+----+------+------+-----+
    |DebayerG_U0           |DebayerG           |       14|   8|  4244|  4620|    0|
    |DebayerRandBatG_U0    |DebayerRandBatG    |       12|   0|  1539|  1933|    0|
    |DebayerRatBorBatR_U0  |DebayerRatBorBatR  |       12|   0|  2618|  2394|    0|
    +----------------------+-------------------+---------+----+------+------+-----+
    |Total                 |                   |       38|   8|  8401|  8947|    0|
    +----------------------+-------------------+---------+----+------+------+-----+

    * DSP: 
    N/A

    * Memory: 
    N/A

    * FIFO: 
    +-----------------+---------+----+----+-----+------+-----+---------+
    |       Name      | BRAM_18K| FF | LUT| URAM| Depth| Bits| Size:D*B|
    +-----------------+---------+----+----+-----+------+-----+---------+
    |bayerPhase_c1_U  |        0|  99|   0|    -|     2|   16|       32|
    |bayerPhase_c_U   |        0|  99|   0|    -|     2|   16|       32|
    |imgG_U           |        0|  99|   0|    -|     2|   24|       48|
    |imgRB_U          |        0|  99|   0|    -|     2|   24|       48|
    +-----------------+---------+----+----+-----+------+-----+---------+
    |Total            |        0| 396|   0|    0|     8|   80|      160|
    +-----------------+---------+----+----+-----+------+-----+---------+

    * Expression: 
    +--------------+----------+----+---+----+------------+------------+
    | Variable Name| Operation| DSP| FF| LUT| Bitwidth P0| Bitwidth P1|
    +--------------+----------+----+---+----+------------+------------+
    |ap_idle       |       and|   0|  0|   2|           1|           1|
    +--------------+----------+----+---+----+------------+------------+
    |Total         |          |   0|  0|   2|           1|           1|
    +--------------+----------+----+---+----+------------+------------+

    * Multiplexer: 
    +------------+----+-----------+-----+-----------+
    |    Name    | LUT| Input Size| Bits| Total Bits|
    +------------+----+-----------+-----+-----------+
    |real_start  |   9|          2|    1|          2|
    +------------+----+-----------+-----+-----------+
    |Total       |   9|          2|    1|          2|
    +------------+----+-----------+-----+-----------+

    * Register: 
    +----------------+---+----+-----+-----------+
    |      Name      | FF| LUT| Bits| Const Bits|
    +----------------+---+----+-----+-----------+
    |start_once_reg  |  1|   0|    1|          0|
    +----------------+---+----+-----+-----------+
    |Total           |  1|   0|    1|          0|
    +----------------+---+----+-----+-----------+



================================================================
== Interface
================================================================
* Summary: 
+-------------------------+-----+-----+------------+-----------------+--------------+
|        RTL Ports        | Dir | Bits|  Protocol  |  Source Object  |    C Type    |
+-------------------------+-----+-----+------------+-----------------+--------------+
|ap_start                 |   in|    1|  ap_ctrl_hs|          Debayer|  return value|
|start_full_n             |   in|    1|  ap_ctrl_hs|          Debayer|  return value|
|start_out                |  out|    1|  ap_ctrl_hs|          Debayer|  return value|
|start_write              |  out|    1|  ap_ctrl_hs|          Debayer|  return value|
|ap_clk                   |   in|    1|  ap_ctrl_hs|          Debayer|  return value|
|ap_rst                   |   in|    1|  ap_ctrl_hs|          Debayer|  return value|
|imgBayer_num_data_valid  |   in|    3|  ap_ctrl_hs|          Debayer|  return value|
|imgBayer_fifo_cap        |   in|    3|  ap_ctrl_hs|          Debayer|  return value|
|ap_done                  |  out|    1|  ap_ctrl_hs|          Debayer|  return value|
|ap_ready                 |  out|    1|  ap_ctrl_hs|          Debayer|  return value|
|ap_idle                  |  out|    1|  ap_ctrl_hs|          Debayer|  return value|
|ap_continue              |   in|    1|  ap_ctrl_hs|          Debayer|  return value|
|imgBayer_dout            |   in|    8|     ap_fifo|         imgBayer|       pointer|
|imgBayer_empty_n         |   in|    1|     ap_fifo|         imgBayer|       pointer|
|imgBayer_read            |  out|    1|     ap_fifo|         imgBayer|       pointer|
|imgRgb_din               |  out|   24|     ap_fifo|           imgRgb|       pointer|
|imgRgb_full_n            |   in|    1|     ap_fifo|           imgRgb|       pointer|
|imgRgb_write             |  out|    1|     ap_fifo|           imgRgb|       pointer|
|height                   |   in|   16|   ap_stable|           height|        scalar|
|height_ap_vld            |   in|    1|   ap_stable|           height|        scalar|
|width                    |   in|   16|   ap_stable|            width|        scalar|
|width_ap_vld             |   in|    1|   ap_stable|            width|        scalar|
|bayerPhase_read          |   in|   16|     ap_none|  bayerPhase_read|        scalar|
|bayerPhase_read_ap_vld   |   in|    1|     ap_none|  bayerPhase_read|        scalar|
+-------------------------+-----+-----+------------+-----------------+--------------+

