

================================================================
== Vitis HLS Report for 'DebayerG_Pipeline_VITIS_LOOP_318_4'
================================================================
* Date:           Thu Jun 13 17:31:59 2024

* Version:        2024.1 (Build 5069499 on May 21 2024)
* Project:        prj
* Solution:       sol (Vivado IP Flow Target)
* Product family: zynquplus
* Target device:  xck26-sfvc784-2LV-c


================================================================
== Performance Estimates
================================================================
+ Timing: 
    * Summary: 
    +--------+---------+----------+------------+
    |  Clock |  Target | Estimated| Uncertainty|
    +--------+---------+----------+------------+
    |ap_clk  |  3.39 ns|  2.474 ns|     0.92 ns|
    +--------+---------+----------+------------+

+ Latency: 
    * Summary: 
    +---------+---------+-----------+----------+-----+-------+-----------------------------------------------+
    |  Latency (cycles) |  Latency (absolute)  |   Interval  |                    Pipeline                   |
    |   min   |   max   |    min    |    max   | min |  max  |                      Type                     |
    +---------+---------+-----------+----------+-----+-------+-----------------------------------------------+
    |       22|    65557|  74.580 ns|  0.222 ms|    3|  65538|  loop auto-rewind stp(delay=0 clock cycles(s))|
    +---------+---------+-----------+----------+-----+-------+-----------------------------------------------+

    + Detail: 
        * Instance: 
        N/A

        * Loop: 
        +--------------------+---------+---------+----------+-----------+-----------+-----------+----------+
        |                    |  Latency (cycles) | Iteration|  Initiation Interval  |    Trip   |          |
        |      Loop Name     |   min   |   max   |  Latency |  achieved |   target  |   Count   | Pipelined|
        +--------------------+---------+---------+----------+-----------+-----------+-----------+----------+
        |- VITIS_LOOP_318_4  |       20|    65555|        20|          1|          1|  2 ~ 65537|       yes|
        +--------------------+---------+---------+----------+-----------+-----------+-----------+----------+



================================================================
== Utilization Estimates
================================================================
* Summary: 
+-----------------+---------+------+--------+--------+-----+
|       Name      | BRAM_18K|  DSP |   FF   |   LUT  | URAM|
+-----------------+---------+------+--------+--------+-----+
|DSP              |        -|     2|       -|       -|    -|
|Expression       |        -|     -|      26|    2655|    -|
|FIFO             |        -|     -|       -|       -|    -|
|Instance         |        -|     6|       0|      30|    -|
|Memory           |       14|     -|       0|       0|    0|
|Multiplexer      |        -|     -|       0|     528|    -|
|Register         |        -|     -|    3772|    1120|    -|
+-----------------+---------+------+--------+--------+-----+
|Total            |       14|     8|    3798|    4333|    0|
+-----------------+---------+------+--------+--------+-----+
|Available        |      288|  1248|  234240|  117120|   64|
+-----------------+---------+------+--------+--------+-----+
|Utilization (%)  |        4|    ~0|       1|       3|    0|
+-----------------+---------+------+--------+--------+-----+

+ Detail: 
    * Instance: 
    +-------------------------+---------------------+---------+----+---+----+-----+
    |         Instance        |        Module       | BRAM_18K| DSP| FF| LUT| URAM|
    +-------------------------+---------------------+---------+----+---+----+-----+
    |mul_12s_10ns_22_1_1_U59  |mul_12s_10ns_22_1_1  |        0|   1|  0|   5|    0|
    |mul_12s_10ns_22_1_1_U60  |mul_12s_10ns_22_1_1  |        0|   1|  0|   5|    0|
    |mul_18s_8ns_18_1_1_U56   |mul_18s_8ns_18_1_1   |        0|   1|  0|   5|    0|
    |mul_18s_8ns_18_1_1_U57   |mul_18s_8ns_18_1_1   |        0|   1|  0|   5|    0|
    |mul_18s_9ns_18_1_1_U55   |mul_18s_9ns_18_1_1   |        0|   1|  0|   5|    0|
    |mul_18s_9ns_18_1_1_U58   |mul_18s_9ns_18_1_1   |        0|   1|  0|   5|    0|
    +-------------------------+---------------------+---------+----+---+----+-----+
    |Total                    |                     |        0|   6|  0|  30|    0|
    +-------------------------+---------------------+---------+----+---+----+-----+

    * DSP: 
    +------------------------------------+--------------------------------+--------------+
    |              Instance              |             Module             |  Expression  |
    +------------------------------------+--------------------------------+--------------+
    |mac_muladd_12s_10ns_22s_23_4_1_U61  |mac_muladd_12s_10ns_22s_23_4_1  |  i0 + i1 * i2|
    |mac_muladd_12s_10ns_22s_23_4_1_U62  |mac_muladd_12s_10ns_22s_23_4_1  |  i0 + i1 * i2|
    +------------------------------------+--------------------------------+--------------+

    * Memory: 
    +-----------------+----------------------------------------------------------------+---------+---+----+-----+------+-----+------+-------------+
    |      Memory     |                             Module                             | BRAM_18K| FF| LUT| URAM| Words| Bits| Banks| W*Bits*Banks|
    +-----------------+----------------------------------------------------------------+---------+---+----+-----+------+-----+------+-------------+
    |DIV1_TABLE_U     |DebayerG_Pipeline_VITIS_LOOP_318_4_DIV1_TABLE_ROM_AUTO_1R       |        2|  0|   0|    0|  1024|   10|     1|        10240|
    |DIV2_TABLE_U     |DebayerG_Pipeline_VITIS_LOOP_318_4_DIV2_TABLE_ROM_AUTO_1R       |        4|  0|   0|    0|  4096|   18|     1|        73728|
    |linebuf_yuv_3_U  |DebayerG_Pipeline_VITIS_LOOP_318_4_linebuf_yuv_3_RAM_AUTO_1R1W  |        2|  0|   0|    0|  3841|    8|     1|        30728|
    |linebuf_yuv_2_U  |DebayerG_Pipeline_VITIS_LOOP_318_4_linebuf_yuv_3_RAM_AUTO_1R1W  |        2|  0|   0|    0|  3841|    8|     1|        30728|
    |linebuf_yuv_1_U  |DebayerG_Pipeline_VITIS_LOOP_318_4_linebuf_yuv_3_RAM_AUTO_1R1W  |        2|  0|   0|    0|  3841|    8|     1|        30728|
    |linebuf_yuv_U    |DebayerG_Pipeline_VITIS_LOOP_318_4_linebuf_yuv_RAM_AUTO_1R1W    |        2|  0|   0|    0|  3841|    8|     1|        30728|
    +-----------------+----------------------------------------------------------------+---------+---+----+-----+------+-----+------+-------------+
    |Total            |                                                                |       14|  0|   0|    0| 20484|   60|     6|       206880|
    +-----------------+----------------------------------------------------------------+---------+---+----+-----+------+-----+------+-------------+

    * FIFO: 
    N/A

    * Expression: 
    +------------------------------------+----------+----+----+----+------------+------------+
    |            Variable Name           | Operation| DSP| FF | LUT| Bitwidth P0| Bitwidth P1|
    +------------------------------------+----------+----+----+----+------------+------------+
    |add_ln451_fu_1343_p2                |         +|   0|   0|  16|           9|           9|
    |add_ln453_fu_1403_p2                |         +|   0|   0|  16|           9|           9|
    |add_ln455_fu_1471_p2                |         +|   0|   0|  16|           9|           9|
    |add_ln457_fu_1527_p2                |         +|   0|   0|  16|           9|           9|
    |add_ln458_fu_1547_p2                |         +|   0|   0|  16|           9|           9|
    |add_ln459_fu_1565_p2                |         +|   0|   0|  16|           9|           9|
    |add_ln460_fu_1585_p2                |         +|   0|   0|  16|           9|           9|
    |add_ln461_fu_1603_p2                |         +|   0|   0|  16|           9|           9|
    |add_ln465_1_fu_1764_p2              |         +|   0|   0|  18|          11|          11|
    |add_ln465_fu_1754_p2                |         +|   0|   0|  18|          11|          11|
    |add_ln466_1_fu_1802_p2              |         +|   0|   0|  18|          11|          11|
    |add_ln466_fu_1792_p2                |         +|   0|   0|  18|          11|          11|
    |add_ln467_fu_1824_p2                |         +|   0|   0|  18|          11|          11|
    |add_ln468_1_fu_1858_p2              |         +|   0|   0|  18|          11|          11|
    |add_ln468_fu_1848_p2                |         +|   0|   0|  18|          11|          11|
    |add_ln476_1_fu_2468_p2              |         +|   0|   0|  18|          11|          11|
    |add_ln476_2_fu_2893_p2              |         +|   0|   0|  19|          12|          12|
    |add_ln476_fu_2462_p2                |         +|   0|   0|  18|          11|          11|
    |add_ln477_1_fu_2576_p2              |         +|   0|   0|  18|          11|          11|
    |add_ln477_2_fu_2586_p2              |         +|   0|   0|  19|          12|          12|
    |add_ln477_fu_2566_p2                |         +|   0|   0|  18|          11|          11|
    |add_ln478_1_fu_2704_p2              |         +|   0|   0|  18|          11|          11|
    |add_ln478_2_fu_2714_p2              |         +|   0|   0|  19|          12|          12|
    |add_ln478_fu_2694_p2                |         +|   0|   0|  18|          11|          11|
    |add_ln479_1_fu_2872_p2              |         +|   0|   0|  18|          11|          11|
    |add_ln479_2_fu_2915_p2              |         +|   0|   0|  19|          12|          12|
    |add_ln479_fu_2866_p2                |         +|   0|   0|  18|          11|          11|
    |add_ln483_fu_2046_p2                |         +|   0|   0|  16|           9|           9|
    |add_ln484_fu_2130_p2                |         +|   0|   0|  16|           9|           9|
    |add_ln492_1_fu_2944_p2              |         +|   0|   0|  18|          11|          11|
    |add_ln492_2_fu_2881_p2              |         +|   0|   0|  16|           9|           1|
    |add_ln492_3_fu_2963_p2              |         +|   0|   0|  18|          11|          11|
    |add_ln492_4_fu_2983_p2              |         +|   0|   0|  18|          11|          11|
    |add_ln492_5_fu_3003_p2              |         +|   0|   0|  18|          11|          11|
    |add_ln492_fu_2934_p2                |         +|   0|   0|  16|           9|           1|
    |add_ln495_1_fu_3087_p2              |         +|   0|   0|  17|          10|          10|
    |add_ln495_fu_3077_p2                |         +|   0|   0|  16|           9|           9|
    |add_ln504_2_fu_3230_p2              |         +|   0|   0|  31|          24|          24|
    |ave_1_fu_1812_p2                    |         +|   0|   0|  19|          12|          12|
    |ave_2_fu_1834_p2                    |         +|   0|   0|  19|          12|          12|
    |ave_3_fu_1868_p2                    |         +|   0|   0|  19|          12|          12|
    |ave_fu_1774_p2                      |         +|   0|   0|  19|          12|          12|
    |g_fu_3304_p2                        |         +|   0|   0|  21|          14|          14|
    |out_x_fu_948_p2                     |         +|   0|   0|  24|          17|           3|
    |sw_1_fu_3099_p2                     |         +|   0|   0|  18|          11|          11|
    |x_11_fu_942_p2                      |         +|   0|   0|  24|          17|           1|
    |K_10_fu_1736_p2                     |         -|   0|   0|  17|          10|          10|
    |K_11_fu_1613_p2                     |         -|   0|   0|  17|          10|          10|
    |K_1_fu_1353_p2                      |         -|   0|   0|  17|          10|          10|
    |K_2_fu_1385_p2                      |         -|   0|   0|  18|          10|          10|
    |K_3_fu_1413_p2                      |         -|   0|   0|  17|          10|          10|
    |K_4_fu_1445_p2                      |         -|   0|   0|  18|          10|          10|
    |K_5_fu_1481_p2                      |         -|   0|   0|  17|          10|          10|
    |K_6_fu_1505_p2                      |         -|   0|   0|  18|          10|          10|
    |K_7_fu_1537_p2                      |         -|   0|   0|  17|          10|          10|
    |K_8_fu_1715_p2                      |         -|   0|   0|  17|          10|          10|
    |K_9_fu_1575_p2                      |         -|   0|   0|  17|          10|          10|
    |K_fu_1317_p2                        |         -|   0|   0|  18|          10|          10|
    |ap_frp_data_req_imgBayer            |         -|   0|  26|   7|           5|           1|
    |sub_ln450_fu_1311_p2                |         -|   0|   0|  18|          10|          10|
    |sub_ln452_fu_1379_p2                |         -|   0|   0|  18|          10|          10|
    |sub_ln454_fu_1439_p2                |         -|   0|   0|  18|          10|          10|
    |sub_ln456_fu_1499_p2                |         -|   0|   0|  18|          10|          10|
    |sub_ln472_1_fu_2168_p2              |         -|   0|   0|  18|           1|          11|
    |sub_ln472_2_fu_1900_p2              |         -|   0|   0|  19|           1|          12|
    |sub_ln472_3_fu_2187_p2              |         -|   0|   0|  18|           1|          11|
    |sub_ln472_4_fu_1934_p2              |         -|   0|   0|  19|           1|          12|
    |sub_ln472_5_fu_2206_p2              |         -|   0|   0|  18|           1|          11|
    |sub_ln472_6_fu_2219_p2              |         -|   0|   0|  19|           1|          12|
    |sub_ln472_7_fu_2241_p2              |         -|   0|   0|  18|           1|          11|
    |sub_ln472_fu_2146_p2                |         -|   0|   0|  19|           1|          12|
    |sub_ln476_1_fu_2360_p2              |         -|   0|   0|  18|          11|          11|
    |sub_ln476_2_fu_2394_p2              |         -|   0|   0|  18|          11|          11|
    |sub_ln476_3_fu_2428_p2              |         -|   0|   0|  18|          11|          11|
    |sub_ln476_fu_2326_p2                |         -|   0|   0|  18|          11|          11|
    |sub_ln477_1_fu_2263_p2              |         -|   0|   0|  18|          11|          11|
    |sub_ln477_2_fu_2272_p2              |         -|   0|   0|  18|          11|          11|
    |sub_ln477_3_fu_2281_p2              |         -|   0|   0|  18|          11|          11|
    |sub_ln477_fu_2254_p2                |         -|   0|   0|  18|          11|          11|
    |sub_ln478_1_fu_2299_p2              |         -|   0|   0|  18|          11|          11|
    |sub_ln478_2_fu_2308_p2              |         -|   0|   0|  18|          11|          11|
    |sub_ln478_3_fu_2317_p2              |         -|   0|   0|  18|          11|          11|
    |sub_ln478_fu_2290_p2                |         -|   0|   0|  18|          11|          11|
    |sub_ln479_1_fu_2764_p2              |         -|   0|   0|  18|          11|          11|
    |sub_ln479_2_fu_2798_p2              |         -|   0|   0|  18|          11|          11|
    |sub_ln479_3_fu_2832_p2              |         -|   0|   0|  18|          11|          11|
    |sub_ln479_fu_2730_p2                |         -|   0|   0|  18|          11|          11|
    |sub_ln483_1_fu_2012_p2              |         -|   0|   0|  16|           9|           9|
    |sub_ln483_fu_1978_p2                |         -|   0|   0|  16|           9|           9|
    |sub_ln484_1_fu_2096_p2              |         -|   0|   0|  16|           9|           9|
    |sub_ln484_fu_2062_p2                |         -|   0|   0|  16|           9|           9|
    |sub_ln504_1_fu_3259_p2              |         -|   0|   0|  20|           1|          13|
    |sub_ln504_fu_3236_p2                |         -|   0|   0|  31|           1|          24|
    |sub_ln61_10_fu_2402_p2              |         -|   0|   0|  17|           1|          10|
    |sub_ln61_11_fu_2436_p2              |         -|   0|   0|  17|           1|          10|
    |sub_ln61_12_fu_2474_p2              |         -|   0|   0|  17|           1|          10|
    |sub_ln61_13_fu_2497_p2              |         -|   0|   0|  17|           1|          10|
    |sub_ln61_14_fu_2520_p2              |         -|   0|   0|  17|           1|          10|
    |sub_ln61_15_fu_2543_p2              |         -|   0|   0|  17|           1|          10|
    |sub_ln61_16_fu_2602_p2              |         -|   0|   0|  17|           1|          10|
    |sub_ln61_17_fu_2625_p2              |         -|   0|   0|  17|           1|          10|
    |sub_ln61_18_fu_2648_p2              |         -|   0|   0|  17|           1|          10|
    |sub_ln61_19_fu_2671_p2              |         -|   0|   0|  17|           1|          10|
    |sub_ln61_20_fu_2738_p2              |         -|   0|   0|  17|           1|          10|
    |sub_ln61_21_fu_2772_p2              |         -|   0|   0|  17|           1|          10|
    |sub_ln61_22_fu_2806_p2              |         -|   0|   0|  17|           1|          10|
    |sub_ln61_23_fu_2840_p2              |         -|   0|   0|  17|           1|          10|
    |sub_ln61_24_fu_1986_p2              |         -|   0|   0|  15|           1|           8|
    |sub_ln61_25_fu_2020_p2              |         -|   0|   0|  15|           1|           8|
    |sub_ln61_26_fu_2070_p2              |         -|   0|   0|  15|           1|           8|
    |sub_ln61_27_fu_2104_p2              |         -|   0|   0|  15|           1|           8|
    |sub_ln61_9_fu_2368_p2               |         -|   0|   0|  17|           1|          10|
    |sub_ln61_fu_2334_p2                 |         -|   0|   0|  17|           1|          10|
    |ap_block_pp0                        |       and|   0|   0|   2|           1|           1|
    |ap_block_state20_pp0_stage0_iter19  |       and|   0|   0|   2|           1|           1|
    |ap_block_state2_pp0_stage0_iter1    |       and|   0|   0|   2|           1|           1|
    |ap_condition_1225                   |       and|   0|   0|   2|           1|           1|
    |ap_condition_3241                   |       and|   0|   0|   2|           1|           1|
    |ap_condition_3267                   |       and|   0|   0|   2|           1|           1|
    |ap_condition_3270                   |       and|   0|   0|   2|           1|           1|
    |ap_condition_frp_pvb_pf_start       |       and|   0|   0|   2|           1|           1|
    |ap_enable_state2_pp0_iter1_stage0   |       and|   0|   0|   2|           1|           1|
    |ap_enable_state3_pp0_iter2_stage0   |       and|   0|   0|   2|           1|           1|
    |ap_enable_state4_pp0_iter3_stage0   |       and|   0|   0|   2|           1|           1|
    |ap_predicate_op118_load_state2      |       and|   0|   0|   2|           1|           1|
    |ap_predicate_op125_read_state2      |       and|   0|   0|   2|           1|           1|
    |ap_predicate_op131_load_state3      |       and|   0|   0|   2|           1|           1|
    |ap_predicate_op184_store_state4     |       and|   0|   0|   2|           1|           1|
    |pf_all_done                         |       and|   0|   0|   2|           1|           0|
    |cmp147_fu_964_p2                    |      icmp|   0|   0|  24|          17|           1|
    |icmp_ln318_fu_936_p2                |      icmp|   0|   0|  24|          17|          17|
    |icmp_ln328_fu_958_p2                |      icmp|   0|   0|  24|          17|          17|
    |icmp_ln439_fu_980_p2                |      icmp|   0|   0|  22|          15|          15|
    |icmp_ln510_fu_3335_p2               |      icmp|   0|   0|  13|           6|           1|
    |or_ln510_fu_3359_p2                 |        or|   0|   0|   2|           1|           1|
    |or_ln585_fu_986_p2                  |        or|   0|   0|  17|          17|          17|
    |PixBufVal_fu_1245_p3                |    select|   0|   0|   8|           1|           8|
    |g_1_fu_3310_p3                      |    select|   0|   0|  14|           1|          14|
    |mean_1_fu_2193_p3                   |    select|   0|   0|  10|           1|          11|
    |mean_2_fu_2212_p3                   |    select|   0|   0|  10|           1|          11|
    |mean_3_fu_2247_p3                   |    select|   0|   0|  10|           1|          11|
    |mean_fu_2174_p3                     |    select|   0|   0|  10|           1|          11|
    |outpix_0_0_0_0_0_load_fu_3387_p3    |    select|   0|   0|   8|           1|           8|
    |outpix_0_2_0_0_0_load_fu_3394_p3    |    select|   0|   0|   8|           1|           8|
    |select_ln387_10_fu_1173_p3          |    select|   0|   0|   8|           1|           8|
    |select_ln387_11_fu_1180_p3          |    select|   0|   0|   8|           1|           8|
    |select_ln387_12_fu_1187_p3          |    select|   0|   0|   8|           1|           8|
    |select_ln387_13_fu_1193_p3          |    select|   0|   0|   8|           1|           8|
    |select_ln387_14_fu_1200_p3          |    select|   0|   0|   8|           1|           8|
    |select_ln387_15_fu_1207_p3          |    select|   0|   0|   8|           1|           8|
    |select_ln387_16_fu_1214_p3          |    select|   0|   0|   8|           1|           8|
    |select_ln387_17_fu_1221_p3          |    select|   0|   0|   8|           1|           8|
    |select_ln387_18_fu_1229_p3          |    select|   0|   0|   8|           1|           8|
    |select_ln387_19_fu_1237_p3          |    select|   0|   0|   8|           1|           8|
    |select_ln387_1_fu_1111_p3           |    select|   0|   0|   8|           1|           8|
    |select_ln387_2_fu_1118_p3           |    select|   0|   0|   8|           1|           8|
    |select_ln387_3_fu_1125_p3           |    select|   0|   0|   8|           1|           8|
    |select_ln387_4_fu_1132_p3           |    select|   0|   0|   8|           1|           8|
    |select_ln387_5_fu_1138_p3           |    select|   0|   0|   8|           1|           8|
    |select_ln387_6_fu_1145_p3           |    select|   0|   0|   8|           1|           8|
    |select_ln387_7_fu_1152_p3           |    select|   0|   0|   8|           1|           8|
    |select_ln387_8_fu_1159_p3           |    select|   0|   0|   8|           1|           8|
    |select_ln387_9_fu_1166_p3           |    select|   0|   0|   8|           1|           8|
    |select_ln387_fu_1104_p3             |    select|   0|   0|   8|           1|           8|
    |select_ln403_1_fu_1252_p3           |    select|   0|   0|   8|           1|           8|
    |select_ln403_2_fu_1259_p3           |    select|   0|   0|   8|           1|           8|
    |select_ln504_fu_3293_p3             |    select|   0|   0|  12|           1|          13|
    |select_ln506_fu_3373_p3             |    select|   0|   0|   8|           1|           8|
    |select_ln507_fu_3380_p3             |    select|   0|   0|   8|           1|           1|
    |select_ln510_1_fu_3351_p3           |    select|   0|   0|   2|           1|           2|
    |select_ln510_fu_3365_p3             |    select|   0|   0|   8|           1|           8|
    |select_ln61_10_fu_2660_p3           |    select|   0|   0|  10|           1|          10|
    |select_ln61_11_fu_2683_p3           |    select|   0|   0|  10|           1|          10|
    |select_ln61_12_fu_2752_p3           |    select|   0|   0|  10|           1|          10|
    |select_ln61_13_fu_2786_p3           |    select|   0|   0|  10|           1|          10|
    |select_ln61_14_fu_2820_p3           |    select|   0|   0|  10|           1|          10|
    |select_ln61_15_fu_2854_p3           |    select|   0|   0|  10|           1|          10|
    |select_ln61_16_fu_2000_p3           |    select|   0|   0|   8|           1|           8|
    |select_ln61_17_fu_2034_p3           |    select|   0|   0|   8|           1|           8|
    |select_ln61_18_fu_2084_p3           |    select|   0|   0|   8|           1|           8|
    |select_ln61_19_fu_2118_p3           |    select|   0|   0|   8|           1|           8|
    |select_ln61_1_fu_2382_p3            |    select|   0|   0|  10|           1|          10|
    |select_ln61_2_fu_2416_p3            |    select|   0|   0|  10|           1|          10|
    |select_ln61_3_fu_2450_p3            |    select|   0|   0|  10|           1|          10|
    |select_ln61_4_fu_2486_p3            |    select|   0|   0|  10|           1|          10|
    |select_ln61_5_fu_2509_p3            |    select|   0|   0|  10|           1|          10|
    |select_ln61_6_fu_2532_p3            |    select|   0|   0|  10|           1|          10|
    |select_ln61_7_fu_2555_p3            |    select|   0|   0|  10|           1|          10|
    |select_ln61_8_fu_2614_p3            |    select|   0|   0|  10|           1|          10|
    |select_ln61_9_fu_2637_p3            |    select|   0|   0|  10|           1|          10|
    |select_ln61_fu_2348_p3              |    select|   0|   0|  10|           1|          10|
    |ap_enable_pp0                       |       xor|   0|   0|   2|           1|           2|
    |xor_ln439_fu_970_p2                 |       xor|   0|   0|   2|           1|           1|
    |xor_ln510_fu_3345_p2                |       xor|   0|   0|   2|           1|           2|
    +------------------------------------+----------+----+----+----+------------+------------+
    |Total                               |          |   0|  26|2655|        1086|        1734|
    +------------------------------------+----------+----+----+----+------------+------------+

    * Multiplexer: 
    +---------------------------------------------------+----+-----------+-----+-----------+
    |                        Name                       | LUT| Input Size| Bits| Total Bits|
    +---------------------------------------------------+----+-----------+-----+-----------+
    |ap_frp_data_req_imgBayer                           |   9|          2|    5|         10|
    |ap_phi_mux_empty_146_phi_fu_646_p4                 |  14|          3|    8|         24|
    |ap_phi_mux_empty_147_phi_fu_655_p4                 |  14|          3|    8|         24|
    |ap_phi_mux_empty_148_phi_fu_664_p4                 |  14|          3|    8|         24|
    |ap_phi_mux_empty_149_phi_fu_673_p4                 |  14|          3|    8|         24|
    |ap_phi_mux_empty_150_phi_fu_682_p4                 |  14|          3|    8|         24|
    |ap_phi_mux_empty_151_phi_fu_691_p4                 |  14|          3|    8|         24|
    |ap_phi_mux_empty_152_phi_fu_700_p4                 |  14|          3|    8|         24|
    |ap_phi_mux_empty_153_phi_fu_709_p4                 |  14|          3|    8|         24|
    |ap_phi_mux_empty_154_phi_fu_718_p4                 |  14|          3|    8|         24|
    |ap_phi_mux_empty_155_phi_fu_737_p4                 |  14|          3|    8|         24|
    |ap_phi_mux_empty_156_phi_fu_746_p4                 |  14|          3|    8|         24|
    |ap_phi_mux_empty_157_phi_fu_755_p4                 |  14|          3|    8|         24|
    |ap_phi_mux_empty_158_phi_fu_764_p4                 |  14|          3|    8|         24|
    |ap_phi_mux_empty_159_phi_fu_773_p4                 |  14|          3|    8|         24|
    |ap_phi_mux_empty_160_phi_fu_782_p4                 |  14|          3|    8|         24|
    |ap_phi_mux_empty_161_phi_fu_791_p4                 |  14|          3|    8|         24|
    |ap_phi_mux_empty_162_phi_fu_800_p4                 |  14|          3|    8|         24|
    |ap_phi_mux_empty_163_phi_fu_809_p4                 |  14|          3|    8|         24|
    |ap_phi_mux_empty_164_phi_fu_818_p4                 |  14|          3|    8|         24|
    |ap_phi_mux_g_2_phi_fu_727_p4                       |  14|          3|    8|         24|
    |ap_phi_mux_p_0_0_03845_44964_ph_phi_fu_635_p4      |   9|          2|    8|         16|
    |ap_phi_reg_pp0_iter2_p_0_0_03845_44964_ph_reg_632  |   9|          2|    8|         16|
    |ap_sig_allocacmp_z                                 |   9|          2|   17|         34|
    |empty_126_fu_232                                   |   9|          2|    8|         16|
    |empty_127_fu_236                                   |   9|          2|    8|         16|
    |empty_128_fu_240                                   |   9|          2|    8|         16|
    |empty_129_fu_244                                   |   9|          2|    8|         16|
    |empty_130_fu_248                                   |   9|          2|    8|         16|
    |empty_131_fu_252                                   |   9|          2|    8|         16|
    |empty_132_fu_256                                   |   9|          2|    8|         16|
    |empty_133_fu_260                                   |   9|          2|    8|         16|
    |empty_134_fu_264                                   |   9|          2|    8|         16|
    |empty_135_fu_268                                   |   9|          2|    8|         16|
    |empty_136_fu_272                                   |   9|          2|    8|         16|
    |empty_137_fu_276                                   |   9|          2|    8|         16|
    |empty_138_fu_280                                   |   9|          2|    8|         16|
    |empty_139_fu_284                                   |   9|          2|    8|         16|
    |empty_140_fu_288                                   |   9|          2|    8|         16|
    |empty_141_fu_292                                   |   9|          2|    8|         16|
    |empty_142_fu_296                                   |   9|          2|    8|         16|
    |empty_143_fu_300                                   |   9|          2|    8|         16|
    |empty_144_fu_304                                   |   9|          2|    8|         16|
    |empty_145_fu_308                                   |   9|          2|    8|         16|
    |g_2_reg_724                                        |  14|          3|    8|         24|
    |p_0_0_03845_44964_ph_reg_632                       |   9|          2|    8|         16|
    |x_fu_228                                           |   9|          2|   17|         34|
    +---------------------------------------------------+----+-----------+-----+-----------+
    |Total                                              | 528|        115|  391|        950|
    +---------------------------------------------------+----+-----------+-----+-----------+

    * Register: 
    +---------------------------------------------------+----+----+-----+-----------+
    |                        Name                       | FF | LUT| Bits| Const Bits|
    +---------------------------------------------------+----+----+-----+-----------+
    |K_11_reg_4000                                      |  10|   0|   10|          0|
    |K_1_reg_3935                                       |  10|   0|   10|          0|
    |K_2_reg_3945                                       |  10|   0|   10|          0|
    |K_3_reg_3950                                       |  10|   0|   10|          0|
    |K_4_reg_3955                                       |  10|   0|   10|          0|
    |K_5_reg_3965                                       |  10|   0|   10|          0|
    |K_6_reg_3970                                       |  10|   0|   10|          0|
    |K_7_reg_3975                                       |  10|   0|   10|          0|
    |K_9_reg_3990                                       |  10|   0|   10|          0|
    |K_reg_3930                                         |  10|   0|   10|          0|
    |LineBufVal_5_reg_3805                              |   8|   0|    8|          0|
    |LineBufVal_6_reg_3814                              |   8|   0|    8|          0|
    |LineBufVal_7_reg_3824                              |   8|   0|    8|          0|
    |LineBufVal_reg_3795                                |   8|   0|    8|          0|
    |SD_1_reg_4146                                      |   8|   0|    8|          0|
    |SD_1_reg_4146_pp0_iter5_reg                        |   8|   0|    8|          0|
    |SD_reg_4141                                        |   8|   0|    8|          0|
    |add_ln458_reg_3985                                 |   9|   0|    9|          0|
    |add_ln460_reg_3995                                 |   9|   0|    9|          0|
    |add_ln476_1_reg_4260                               |  11|   0|   11|          0|
    |add_ln476_reg_4255                                 |  11|   0|   11|          0|
    |add_ln479_1_reg_4280                               |  11|   0|   11|          0|
    |add_ln479_reg_4275                                 |  11|   0|   11|          0|
    |add_ln492_2_reg_4285                               |   9|   0|    9|          0|
    |add_ln495_1_reg_4343                               |  10|   0|   10|          0|
    |add_ln504_2_reg_4421                               |  24|   0|   24|          0|
    |add_ln504_2_reg_4421_pp0_iter17_reg                |  24|   0|   24|          0|
    |ap_CS_fsm                                          |   1|   0|    1|          0|
    |ap_frp_data_req_imgBayer                           |   5|   0|    5|          0|
    |ap_loop_exit_ready_pp0_iter10_reg                  |   1|   0|    1|          0|
    |ap_loop_exit_ready_pp0_iter11_reg                  |   1|   0|    1|          0|
    |ap_loop_exit_ready_pp0_iter12_reg                  |   1|   0|    1|          0|
    |ap_loop_exit_ready_pp0_iter13_reg                  |   1|   0|    1|          0|
    |ap_loop_exit_ready_pp0_iter14_reg                  |   1|   0|    1|          0|
    |ap_loop_exit_ready_pp0_iter15_reg                  |   1|   0|    1|          0|
    |ap_loop_exit_ready_pp0_iter16_reg                  |   1|   0|    1|          0|
    |ap_loop_exit_ready_pp0_iter17_reg                  |   1|   0|    1|          0|
    |ap_loop_exit_ready_pp0_iter18_reg                  |   1|   0|    1|          0|
    |ap_loop_exit_ready_pp0_iter1_reg                   |   1|   0|    1|          0|
    |ap_loop_exit_ready_pp0_iter2_reg                   |   1|   0|    1|          0|
    |ap_loop_exit_ready_pp0_iter3_reg                   |   1|   0|    1|          0|
    |ap_loop_exit_ready_pp0_iter4_reg                   |   1|   0|    1|          0|
    |ap_loop_exit_ready_pp0_iter5_reg                   |   1|   0|    1|          0|
    |ap_loop_exit_ready_pp0_iter6_reg                   |   1|   0|    1|          0|
    |ap_loop_exit_ready_pp0_iter7_reg                   |   1|   0|    1|          0|
    |ap_loop_exit_ready_pp0_iter8_reg                   |   1|   0|    1|          0|
    |ap_loop_exit_ready_pp0_iter9_reg                   |   1|   0|    1|          0|
    |ap_phi_reg_pp0_iter1_p_0_0_03845_44964_ph_reg_632  |   8|   0|    8|          0|
    |ap_phi_reg_pp0_iter2_p_0_0_03845_44964_ph_reg_632  |   8|   0|    8|          0|
    |ave_1_reg_4055                                     |  12|   0|   12|          0|
    |ave_2_reg_4070                                     |  12|   0|   12|          0|
    |ave_3_reg_4085                                     |  12|   0|   12|          0|
    |ave_reg_4027                                       |  12|   0|   12|          0|
    |cmp147_reg_3711                                    |   1|   0|    1|          0|
    |empty_126_fu_232                                   |   8|   0|    8|          0|
    |empty_127_fu_236                                   |   8|   0|    8|          0|
    |empty_128_fu_240                                   |   8|   0|    8|          0|
    |empty_129_fu_244                                   |   8|   0|    8|          0|
    |empty_130_fu_248                                   |   8|   0|    8|          0|
    |empty_131_fu_252                                   |   8|   0|    8|          0|
    |empty_132_fu_256                                   |   8|   0|    8|          0|
    |empty_133_fu_260                                   |   8|   0|    8|          0|
    |empty_134_fu_264                                   |   8|   0|    8|          0|
    |empty_135_fu_268                                   |   8|   0|    8|          0|
    |empty_136_fu_272                                   |   8|   0|    8|          0|
    |empty_137_fu_276                                   |   8|   0|    8|          0|
    |empty_138_fu_280                                   |   8|   0|    8|          0|
    |empty_139_fu_284                                   |   8|   0|    8|          0|
    |empty_140_fu_288                                   |   8|   0|    8|          0|
    |empty_141_fu_292                                   |   8|   0|    8|          0|
    |empty_142_fu_296                                   |   8|   0|    8|          0|
    |empty_143_fu_300                                   |   8|   0|    8|          0|
    |empty_144_fu_304                                   |   8|   0|    8|          0|
    |empty_145_fu_308                                   |   8|   0|    8|          0|
    |g_2_reg_724                                        |   8|   0|    8|          0|
    |icmp_ln318_reg_3698                                |   1|   0|    1|          0|
    |icmp_ln328_reg_3707                                |   1|   0|    1|          0|
    |icmp_ln439_reg_3735                                |   1|   0|    1|          0|
    |linebuf_yuv_1_addr_reg_3751                        |  12|   0|   12|          0|
    |linebuf_yuv_1_addr_reg_3751_pp0_iter2_reg          |  12|   0|   12|          0|
    |linebuf_yuv_2_addr_reg_3757                        |  12|   0|   12|          0|
    |linebuf_yuv_2_addr_reg_3757_pp0_iter2_reg          |  12|   0|   12|          0|
    |linebuf_yuv_3_addr_reg_3763                        |  12|   0|   12|          0|
    |linebuf_yuv_3_addr_reg_3763_pp0_iter2_reg          |  12|   0|   12|          0|
    |lshr_ln501_1_reg_4366                              |  10|   0|   10|          0|
    |lshr_ln501_1_reg_4366_pp0_iter13_reg               |  10|   0|   10|          0|
    |lshr_ln501_2_reg_4371                              |  10|   0|   10|          0|
    |lshr_ln501_2_reg_4371_pp0_iter13_reg               |  10|   0|   10|          0|
    |lshr_ln501_3_reg_4376                              |  10|   0|   10|          0|
    |lshr_ln_reg_4361                                   |  10|   0|   10|          0|
    |mean_3_reg_4159                                    |  11|   0|   11|          0|
    |mean_reg_4151                                      |  11|   0|   11|          0|
    |mul_ln504_1_reg_4401                               |  22|   0|   22|          0|
    |mul_ln504_2_reg_4406                               |  22|   0|   22|          0|
    |norm_reg_4353                                      |  18|   0|   18|          0|
    |p_0_0_03845_44964_ph_reg_632                       |   8|   0|    8|          0|
    |p_load51_reg_3907                                  |   8|   0|    8|          0|
    |p_load52_reg_3902                                  |   8|   0|    8|          0|
    |p_load53_reg_3897                                  |   8|   0|    8|          0|
    |p_load54_reg_3892                                  |   8|   0|    8|          0|
    |p_load55_reg_3887                                  |   8|   0|    8|          0|
    |p_load56_reg_3882                                  |   8|   0|    8|          0|
    |p_load57_reg_3877                                  |   8|   0|    8|          0|
    |p_load58_reg_3872                                  |   8|   0|    8|          0|
    |p_load59_reg_3867                                  |   8|   0|    8|          0|
    |p_load60_reg_3862                                  |   8|   0|    8|          0|
    |p_load61_reg_3857                                  |   8|   0|    8|          0|
    |p_load62_reg_3852                                  |   8|   0|    8|          0|
    |p_load63_reg_3847                                  |   8|   0|    8|          0|
    |p_load64_reg_3842                                  |   8|   0|    8|          0|
    |p_load65_reg_3788                                  |   8|   0|    8|          0|
    |p_load67_reg_3837                                  |   8|   0|    8|          0|
    |p_load69_reg_3781                                  |   8|   0|    8|          0|
    |p_load71_reg_3832                                  |   8|   0|    8|          0|
    |p_load73_reg_3774                                  |   8|   0|    8|          0|
    |p_load_reg_3912                                    |   8|   0|    8|          0|
    |pf_all_done                                        |   1|   0|    1|          0|
    |select_ln510_reg_4433                              |   8|   0|    8|          0|
    |sext_ln465_1_reg_4011                              |  11|   0|   11|          0|
    |sext_ln465_1_reg_4011_pp0_iter5_reg                |  11|   0|   11|          0|
    |sext_ln465_2_reg_4016                              |  11|   0|   11|          0|
    |sext_ln465_2_reg_4016_pp0_iter5_reg                |  11|   0|   11|          0|
    |sext_ln465_3_reg_4021                              |  11|   0|   11|          0|
    |sext_ln465_3_reg_4021_pp0_iter5_reg                |  11|   0|   11|          0|
    |sext_ln465_reg_4005                                |  11|   0|   11|          0|
    |sext_ln465_reg_4005_pp0_iter5_reg                  |  11|   0|   11|          0|
    |sext_ln466_1_reg_4038                              |  11|   0|   11|          0|
    |sext_ln466_2_reg_4044                              |  11|   0|   11|          0|
    |sext_ln466_3_reg_4050                              |  11|   0|   11|          0|
    |sext_ln466_reg_4033                                |  11|   0|   11|          0|
    |sext_ln467_1_reg_4065                              |  11|   0|   11|          0|
    |sext_ln467_reg_4060                                |  11|   0|   11|          0|
    |sext_ln468_1_reg_4080                              |  11|   0|   11|          0|
    |sext_ln468_1_reg_4080_pp0_iter5_reg                |  11|   0|   11|          0|
    |sext_ln468_reg_4075                                |  11|   0|   11|          0|
    |sext_ln468_reg_4075_pp0_iter5_reg                  |  11|   0|   11|          0|
    |sub_ln477_1_reg_4178                               |  11|   0|   11|          0|
    |sub_ln477_2_reg_4189                               |  11|   0|   11|          0|
    |sub_ln477_3_reg_4200                               |  11|   0|   11|          0|
    |sub_ln477_reg_4167                                 |  11|   0|   11|          0|
    |sub_ln478_1_reg_4222                               |  11|   0|   11|          0|
    |sub_ln478_2_reg_4233                               |  11|   0|   11|          0|
    |sub_ln478_3_reg_4244                               |  11|   0|   11|          0|
    |sub_ln478_reg_4211                                 |  11|   0|   11|          0|
    |sub_ln504_1_reg_4428                               |  13|   0|   13|          0|
    |tmp_26_reg_4091                                    |   1|   0|    1|          0|
    |tmp_27_reg_4101                                    |   1|   0|    1|          0|
    |tmp_28_reg_4116                                    |   1|   0|    1|          0|
    |tmp_29_reg_4131                                    |   1|   0|    1|          0|
    |tmp_53_reg_3742                                    |   1|   0|    1|          0|
    |trunc_ln472_2_reg_4096                             |  10|   0|   10|          0|
    |trunc_ln472_3_reg_4136                             |  10|   0|   10|          0|
    |trunc_ln472_4_reg_4106                             |  10|   0|   10|          0|
    |trunc_ln472_5_reg_4111                             |  10|   0|   10|          0|
    |trunc_ln472_7_reg_4121                             |  10|   0|   10|          0|
    |trunc_ln472_8_reg_4126                             |  10|   0|   10|          0|
    |trunc_ln61_12_reg_4172                             |  10|   0|   10|          0|
    |trunc_ln61_13_reg_4183                             |  10|   0|   10|          0|
    |trunc_ln61_14_reg_4194                             |  10|   0|   10|          0|
    |trunc_ln61_15_reg_4205                             |  10|   0|   10|          0|
    |trunc_ln61_16_reg_4216                             |  10|   0|   10|          0|
    |trunc_ln61_17_reg_4227                             |  10|   0|   10|          0|
    |trunc_ln61_18_reg_4238                             |  10|   0|   10|          0|
    |trunc_ln61_19_reg_4249                             |  10|   0|   10|          0|
    |var_1_reg_4265                                     |  11|   0|   11|          0|
    |var_2_reg_4270                                     |  11|   0|   11|          0|
    |var_quant_3_reg_4305                               |  10|   0|   10|          0|
    |var_quant_reg_4290                                 |  10|   0|   10|          0|
    |w_3_reg_4315                                       |   8|   0|    8|          0|
    |w_5_reg_4321                                       |   8|   0|    8|          0|
    |w_7_reg_4337                                       |   9|   0|    9|          0|
    |w_8_reg_4332                                       |   9|   0|    9|          0|
    |x_11_reg_3702                                      |  17|   0|   17|          0|
    |x_fu_228                                           |  17|   0|   17|          0|
    |zext_ln450_1_reg_3917                              |   8|   0|    9|          1|
    |zext_ln450_3_reg_3922                              |   8|   0|    9|          1|
    |zext_ln452_1_reg_3940                              |   8|   0|    9|          1|
    |zext_ln455_2_reg_3960                              |   8|   0|    9|          1|
    |zext_ln458_1_reg_3980                              |   8|   0|    9|          1|
    |SD_reg_4141                                        |  64|  32|    8|          0|
    |ave_1_reg_4055                                     |  64|  32|   12|          0|
    |ave_2_reg_4070                                     |  64|  32|   12|          0|
    |ave_3_reg_4085                                     |  64|  32|   12|          0|
    |ave_reg_4027                                       |  64|  32|   12|          0|
    |cmp147_reg_3711                                    |  64|  32|    1|          0|
    |g_2_reg_724                                        |  64|  32|    8|          0|
    |icmp_ln318_reg_3698                                |  64|  32|    1|          0|
    |icmp_ln328_reg_3707                                |  64|  32|    1|          0|
    |icmp_ln439_reg_3735                                |  64|  32|    1|          0|
    |p_load51_reg_3907                                  |  64|  32|    8|          0|
    |p_load52_reg_3902                                  |  64|  32|    8|          0|
    |p_load53_reg_3897                                  |  64|  32|    8|          0|
    |p_load54_reg_3892                                  |  64|  32|    8|          0|
    |p_load55_reg_3887                                  |  64|  32|    8|          0|
    |p_load56_reg_3882                                  |  64|  32|    8|          0|
    |p_load57_reg_3877                                  |  64|  32|    8|          0|
    |p_load58_reg_3872                                  |  64|  32|    8|          0|
    |p_load59_reg_3867                                  |  64|  32|    8|          0|
    |p_load60_reg_3862                                  |  64|  32|    8|          0|
    |p_load61_reg_3857                                  |  64|  32|    8|          0|
    |p_load62_reg_3852                                  |  64|  32|    8|          0|
    |p_load63_reg_3847                                  |  64|  32|    8|          0|
    |p_load64_reg_3842                                  |  64|  32|    8|          0|
    |p_load65_reg_3788                                  |  64|  32|    8|          0|
    |p_load67_reg_3837                                  |  64|  32|    8|          0|
    |p_load69_reg_3781                                  |  64|  32|    8|          0|
    |p_load71_reg_3832                                  |  64|  32|    8|          0|
    |p_load73_reg_3774                                  |  64|  32|    8|          0|
    |p_load_reg_3912                                    |  64|  32|    8|          0|
    |tmp_53_reg_3742                                    |  64|  32|    1|          0|
    |w_3_reg_4315                                       |  64|  32|    8|          0|
    |w_5_reg_4321                                       |  64|  32|    8|          0|
    |w_7_reg_4337                                       |  64|  32|    9|          0|
    |w_8_reg_4332                                       |  64|  32|    9|          0|
    +---------------------------------------------------+----+----+-----+-----------+
    |Total                                              |3772|1120| 1800|          5|
    +---------------------------------------------------+----+----+-----+-----------+



================================================================
== Interface
================================================================
* Summary: 
+-------------------------+-----+-----+------------+------------------------------------+--------------+
|        RTL Ports        | Dir | Bits|  Protocol  |            Source Object           |    C Type    |
+-------------------------+-----+-----+------------+------------------------------------+--------------+
|ap_clk                   |   in|    1|  ap_ctrl_hs|  DebayerG_Pipeline_VITIS_LOOP_318_4|  return value|
|ap_rst                   |   in|    1|  ap_ctrl_hs|  DebayerG_Pipeline_VITIS_LOOP_318_4|  return value|
|ap_start                 |   in|    1|  ap_ctrl_hs|  DebayerG_Pipeline_VITIS_LOOP_318_4|  return value|
|ap_done                  |  out|    1|  ap_ctrl_hs|  DebayerG_Pipeline_VITIS_LOOP_318_4|  return value|
|ap_idle                  |  out|    1|  ap_ctrl_hs|  DebayerG_Pipeline_VITIS_LOOP_318_4|  return value|
|ap_ready                 |  out|    1|  ap_ctrl_hs|  DebayerG_Pipeline_VITIS_LOOP_318_4|  return value|
|imgBayer_dout            |   in|    8|     ap_fifo|                            imgBayer|       pointer|
|imgBayer_num_data_valid  |   in|    3|     ap_fifo|                            imgBayer|       pointer|
|imgBayer_fifo_cap        |   in|    3|     ap_fifo|                            imgBayer|       pointer|
|imgBayer_empty_n         |   in|    1|     ap_fifo|                            imgBayer|       pointer|
|imgBayer_read            |  out|    1|     ap_fifo|                            imgBayer|       pointer|
|imgG_din                 |  out|   24|     ap_fifo|                                imgG|       pointer|
|imgG_num_data_valid      |   in|    3|     ap_fifo|                                imgG|       pointer|
|imgG_fifo_cap            |   in|    3|     ap_fifo|                                imgG|       pointer|
|imgG_full_n              |   in|    1|     ap_fifo|                                imgG|       pointer|
|imgG_write               |  out|    1|     ap_fifo|                                imgG|       pointer|
|p_lcssa51495159          |   in|    8|     ap_none|                     p_lcssa51495159|        scalar|
|p_lcssa51485157          |   in|    8|     ap_none|                     p_lcssa51485157|        scalar|
|p_lcssa51475155          |   in|    8|     ap_none|                     p_lcssa51475155|        scalar|
|p_lcssa51465153          |   in|    8|     ap_none|                     p_lcssa51465153|        scalar|
|p_lcssa51455151          |   in|    8|     ap_none|                     p_lcssa51455151|        scalar|
|p_lcssa49895031          |   in|    8|     ap_none|                     p_lcssa49895031|        scalar|
|p_lcssa49885029          |   in|    8|     ap_none|                     p_lcssa49885029|        scalar|
|p_lcssa49865027          |   in|    8|     ap_none|                     p_lcssa49865027|        scalar|
|p_lcssa49855025          |   in|    8|     ap_none|                     p_lcssa49855025|        scalar|
|p_lcssa49845023          |   in|    8|     ap_none|                     p_lcssa49845023|        scalar|
|p_lcssa49825021          |   in|    8|     ap_none|                     p_lcssa49825021|        scalar|
|p_lcssa49815019          |   in|    8|     ap_none|                     p_lcssa49815019|        scalar|
|p_lcssa49805017          |   in|    8|     ap_none|                     p_lcssa49805017|        scalar|
|p_lcssa49785015          |   in|    8|     ap_none|                     p_lcssa49785015|        scalar|
|p_lcssa49775013          |   in|    8|     ap_none|                     p_lcssa49775013|        scalar|
|p_lcssa49765011          |   in|    8|     ap_none|                     p_lcssa49765011|        scalar|
|p_lcssa49745009          |   in|    8|     ap_none|                     p_lcssa49745009|        scalar|
|p_lcssa49735007          |   in|    8|     ap_none|                     p_lcssa49735007|        scalar|
|p_lcssa49725005          |   in|    8|     ap_none|                     p_lcssa49725005|        scalar|
|p_lcssa49705003          |   in|    8|     ap_none|                     p_lcssa49705003|        scalar|
|loopWidth                |   in|   17|   ap_stable|                           loopWidth|        scalar|
|empty                    |   in|    1|     ap_none|                               empty|        scalar|
|xor_r                    |   in|   15|     ap_none|                               xor_r|        scalar|
|cmp689                   |   in|    1|     ap_none|                              cmp689|        scalar|
|out_y                    |   in|   17|     ap_none|                               out_y|        scalar|
|zext_ln275               |   in|   16|   ap_stable|                          zext_ln275|        scalar|
|cmp170                   |   in|    1|     ap_none|                              cmp170|        scalar|
|cmp84                    |   in|    1|     ap_none|                               cmp84|        scalar|
|p_out                    |  out|    8|      ap_vld|                               p_out|       pointer|
|p_out_ap_vld             |  out|    1|      ap_vld|                               p_out|       pointer|
|p_out1                   |  out|    8|      ap_vld|                              p_out1|       pointer|
|p_out1_ap_vld            |  out|    1|      ap_vld|                              p_out1|       pointer|
|p_out2                   |  out|    8|      ap_vld|                              p_out2|       pointer|
|p_out2_ap_vld            |  out|    1|      ap_vld|                              p_out2|       pointer|
|p_out3                   |  out|    8|      ap_vld|                              p_out3|       pointer|
|p_out3_ap_vld            |  out|    1|      ap_vld|                              p_out3|       pointer|
|p_out4                   |  out|    8|      ap_vld|                              p_out4|       pointer|
|p_out4_ap_vld            |  out|    1|      ap_vld|                              p_out4|       pointer|
|p_out5                   |  out|    8|      ap_vld|                              p_out5|       pointer|
|p_out5_ap_vld            |  out|    1|      ap_vld|                              p_out5|       pointer|
|p_out6                   |  out|    8|      ap_vld|                              p_out6|       pointer|
|p_out6_ap_vld            |  out|    1|      ap_vld|                              p_out6|       pointer|
|p_out7                   |  out|    8|      ap_vld|                              p_out7|       pointer|
|p_out7_ap_vld            |  out|    1|      ap_vld|                              p_out7|       pointer|
|p_out8                   |  out|    8|      ap_vld|                              p_out8|       pointer|
|p_out8_ap_vld            |  out|    1|      ap_vld|                              p_out8|       pointer|
|p_out9                   |  out|    8|      ap_vld|                              p_out9|       pointer|
|p_out9_ap_vld            |  out|    1|      ap_vld|                              p_out9|       pointer|
|p_out10                  |  out|    8|      ap_vld|                             p_out10|       pointer|
|p_out10_ap_vld           |  out|    1|      ap_vld|                             p_out10|       pointer|
|p_out11                  |  out|    8|      ap_vld|                             p_out11|       pointer|
|p_out11_ap_vld           |  out|    1|      ap_vld|                             p_out11|       pointer|
|p_out12                  |  out|    8|      ap_vld|                             p_out12|       pointer|
|p_out12_ap_vld           |  out|    1|      ap_vld|                             p_out12|       pointer|
|p_out13                  |  out|    8|      ap_vld|                             p_out13|       pointer|
|p_out13_ap_vld           |  out|    1|      ap_vld|                             p_out13|       pointer|
|p_out14                  |  out|    8|      ap_vld|                             p_out14|       pointer|
|p_out14_ap_vld           |  out|    1|      ap_vld|                             p_out14|       pointer|
|p_out15                  |  out|    8|      ap_vld|                             p_out15|       pointer|
|p_out15_ap_vld           |  out|    1|      ap_vld|                             p_out15|       pointer|
|p_out16                  |  out|    8|      ap_vld|                             p_out16|       pointer|
|p_out16_ap_vld           |  out|    1|      ap_vld|                             p_out16|       pointer|
|p_out17                  |  out|    8|      ap_vld|                             p_out17|       pointer|
|p_out17_ap_vld           |  out|    1|      ap_vld|                             p_out17|       pointer|
|p_out18                  |  out|    8|      ap_vld|                             p_out18|       pointer|
|p_out18_ap_vld           |  out|    1|      ap_vld|                             p_out18|       pointer|
|p_out19                  |  out|    8|      ap_vld|                             p_out19|       pointer|
|p_out19_ap_vld           |  out|    1|      ap_vld|                             p_out19|       pointer|
+-------------------------+-----+-----+------------+------------------------------------+--------------+

