

================================================================
== Vitis HLS Report for 'ZipperRemoval_Pipeline_VITIS_LOOP_1101_2'
================================================================
* Date:           Thu Jun 13 17:32:02 2024

* Version:        2024.1 (Build 5069499 on May 21 2024)
* Project:        prj
* Solution:       sol (Vivado IP Flow Target)
* Product family: zynquplus
* Target device:  xck26-sfvc784-2LV-c


================================================================
== Performance Estimates
================================================================
+ Timing: 
    * Summary: 
    +--------+---------+----------+------------+
    |  Clock |  Target | Estimated| Uncertainty|
    +--------+---------+----------+------------+
    |ap_clk  |  3.39 ns|  2.259 ns|     0.92 ns|
    +--------+---------+----------+------------+

+ Latency: 
    * Summary: 
    +---------+---------+-----------+----------+-----+-------+-----------------------------------------------+
    |  Latency (cycles) |  Latency (absolute)  |   Interval  |                    Pipeline                   |
    |   min   |   max   |    min    |    max   | min |  max  |                      Type                     |
    +---------+---------+-----------+----------+-----+-------+-----------------------------------------------+
    |        6|    65541|  20.340 ns|  0.222 ms|    2|  65537|  loop auto-rewind stp(delay=0 clock cycles(s))|
    +---------+---------+-----------+----------+-----+-------+-----------------------------------------------+

    + Detail: 
        * Instance: 
        N/A

        * Loop: 
        +---------------------+---------+---------+----------+-----------+-----------+-----------+----------+
        |                     |  Latency (cycles) | Iteration|  Initiation Interval  |    Trip   |          |
        |      Loop Name      |   min   |   max   |  Latency |  achieved |   target  |   Count   | Pipelined|
        +---------------------+---------+---------+----------+-----------+-----------+-----------+----------+
        |- VITIS_LOOP_1101_2  |        4|    65539|         5|          1|          1|  1 ~ 65536|       yes|
        +---------------------+---------+---------+----------+-----------+-----------+-----------+----------+



================================================================
== Utilization Estimates
================================================================
* Summary: 
+-----------------+---------+------+--------+--------+-----+
|       Name      | BRAM_18K|  DSP |   FF   |   LUT  | URAM|
+-----------------+---------+------+--------+--------+-----+
|DSP              |        -|     -|       -|       -|    -|
|Expression       |        -|     -|       0|     347|    -|
|FIFO             |        -|     -|       -|       -|    -|
|Instance         |        -|     -|       -|       -|    -|
|Memory           |        -|     -|       -|       -|    -|
|Multiplexer      |        -|     -|       0|     140|    -|
|Register         |        -|     -|     287|      64|    -|
+-----------------+---------+------+--------+--------+-----+
|Total            |        0|     0|     287|     551|    0|
+-----------------+---------+------+--------+--------+-----+
|Available        |      288|  1248|  234240|  117120|   64|
+-----------------+---------+------+--------+--------+-----+
|Utilization (%)  |        0|     0|      ~0|      ~0|    0|
+-----------------+---------+------+--------+--------+-----+

+ Detail: 
    * Instance: 
    N/A

    * DSP: 
    N/A

    * Memory: 
    N/A

    * FIFO: 
    N/A

    * Expression: 
    +----------------------------------+----------+----+---+----+------------+------------+
    |           Variable Name          | Operation| DSP| FF| LUT| Bitwidth P0| Bitwidth P1|
    +----------------------------------+----------+----+---+----+------------+------------+
    |add_ln1129_1_fu_373_p2            |         +|   0|  0|  19|           8|           8|
    |add_ln1129_fu_363_p2              |         +|   0|  0|  14|           7|           7|
    |add_ln1147_1_fu_547_p2            |         +|   0|  0|  17|          10|          10|
    |add_ln1147_fu_537_p2              |         +|   0|  0|  16|           9|           9|
    |add_ln1148_1_fu_424_p2            |         +|   0|  0|  17|          10|          10|
    |add_ln1148_fu_414_p2              |         +|   0|  0|  16|           9|           9|
    |add_ln1149_1_fu_591_p2            |         +|   0|  0|  17|          10|          10|
    |add_ln1149_fu_581_p2              |         +|   0|  0|  16|           9|           9|
    |lum_fu_379_p2                     |         +|   0|  0|  19|           8|           8|
    |x_2_fu_223_p2                     |         +|   0|  0|  24|          17|           1|
    |and_ln1144_1_fu_513_p2            |       and|   0|  0|   2|           1|           1|
    |and_ln1144_fu_490_p2              |       and|   0|  0|   2|           1|           1|
    |ap_block_state2_pp0_stage0_iter1  |       and|   0|  0|   2|           1|           1|
    |ap_block_state5_pp0_stage0_iter4  |       and|   0|  0|   2|           1|           1|
    |ap_condition_540                  |       and|   0|  0|   2|           1|           1|
    |ap_predicate_op41_read_state2     |       and|   0|  0|   2|           1|           1|
    |icmp_ln1101_fu_217_p2             |      icmp|   0|  0|  24|          17|          17|
    |icmp_ln1107_fu_229_p2             |      icmp|   0|  0|  24|          17|          17|
    |icmp_ln1144_1_fu_479_p2           |      icmp|   0|  0|  12|           5|           5|
    |icmp_ln1144_2_fu_496_p2           |      icmp|   0|  0|  15|           8|           8|
    |icmp_ln1144_3_fu_508_p2           |      icmp|   0|  0|  12|           5|           5|
    |icmp_ln1144_fu_473_p2             |      icmp|   0|  0|  15|           8|           8|
    |icmp_ln1159_fu_235_p2             |      icmp|   0|  0|  24|          17|           1|
    |ap_block_pp0_stage0_01001         |        or|   0|  0|   2|           1|           1|
    |or_ln1144_fu_607_p2               |        or|   0|  0|   2|           1|           1|
    |conv3_i_i188661_fu_626_p3         |    select|   0|  0|   8|           1|           8|
    |conv3_i_i663_fu_613_p3            |    select|   0|  0|   8|           1|           8|
    |conv3_i_i79662_fu_620_p3          |    select|   0|  0|   8|           1|           8|
    |ap_enable_pp0                     |       xor|   0|  0|   2|           1|           2|
    |xor_ln1144_1_fu_502_p2            |       xor|   0|  0|   2|           1|           2|
    |xor_ln1144_fu_484_p2              |       xor|   0|  0|   2|           1|           2|
    +----------------------------------+----------+----+---+----+------------+------------+
    |Total                             |          |   0|  0| 347|         188|         180|
    +----------------------------------+----------+----+---+----+------------+------------+

    * Multiplexer: 
    +-------------------------+----+-----------+-----+-----------+
    |           Name          | LUT| Input Size| Bits| Total Bits|
    +-------------------------+----+-----------+-----+-----------+
    |ap_done_int              |   9|          2|    1|          2|
    |ap_enable_reg_pp0_iter2  |   9|          2|    1|          2|
    |ap_sig_allocacmp_x_1     |   9|          2|   17|         34|
    |imgRgb_blk_n             |   9|          2|    1|          2|
    |imgUnzip_blk_n           |   9|          2|    1|          2|
    |p_0_0_0480_1651_out_o    |   9|          2|    8|         16|
    |p_0_0_0480_1659_fu_126   |   9|          2|    8|         16|
    |p_0_0_0481_1650_out_o    |   9|          2|    8|         16|
    |p_0_0_0481_1656_fu_122   |   9|          2|    8|         16|
    |p_0_0_0482_1649_out_o    |   9|          2|    8|         16|
    |p_0_0_0482_1653_fu_118   |   9|          2|    8|         16|
    |p_0_0_0483_1648_out_o    |   9|          2|    8|         16|
    |p_0_0_0483_1652_fu_114   |   9|          2|    5|         10|
    |phi_ln1132_out           |  14|          3|    5|         15|
    |x_fu_110                 |   9|          2|   17|         34|
    +-------------------------+----+-----------+-----+-----------+
    |Total                    | 140|         31|  104|        213|
    +-------------------------+----+-----------+-----+-----------+

    * Register: 
    +--------------------------------------------+----+----+-----+-----------+
    |                    Name                    | FF | LUT| Bits| Const Bits|
    +--------------------------------------------+----+----+-----+-----------+
    |ap_CS_fsm                                   |   1|   0|    1|          0|
    |ap_done_reg                                 |   1|   0|    1|          0|
    |ap_enable_reg_pp0_iter1                     |   1|   0|    1|          0|
    |ap_enable_reg_pp0_iter2                     |   1|   0|    1|          0|
    |ap_enable_reg_pp0_iter3                     |   1|   0|    1|          0|
    |ap_enable_reg_pp0_iter4                     |   1|   0|    1|          0|
    |ap_loop_exit_ready_pp0_iter1_reg            |   1|   0|    1|          0|
    |ap_loop_exit_ready_pp0_iter2_reg            |   1|   0|    1|          0|
    |ap_loop_exit_ready_pp0_iter3_reg            |   1|   0|    1|          0|
    |conv3_i_i188661_reg_783                     |   8|   0|    8|          0|
    |conv3_i_i663_reg_773                        |   8|   0|    8|          0|
    |conv3_i_i79662_reg_778                      |   8|   0|    8|          0|
    |g_s_reg_768                                 |   8|   0|    8|          0|
    |icmp_ln1101_reg_715                         |   1|   0|    1|          0|
    |icmp_ln1107_reg_719                         |   1|   0|    1|          0|
    |icmp_ln1159_reg_723                         |   1|   0|    1|          0|
    |p_0_0_0480_1659_fu_126                      |   8|   0|    8|          0|
    |p_0_0_0480_1659_load_1_reg_756              |   8|   0|    8|          0|
    |p_0_0_0480_1659_load_reg_743                |   8|   0|    8|          0|
    |p_0_0_0480_1659_load_reg_743_pp0_iter2_reg  |   8|   0|    8|          0|
    |p_0_0_0481_1656_fu_122                      |   8|   0|    8|          0|
    |p_0_0_0481_1656_load_reg_735                |   8|   0|    8|          0|
    |p_0_0_0481_1656_load_reg_735_pp0_iter2_reg  |   8|   0|    8|          0|
    |p_0_0_0482_1653_fu_118                      |   8|   0|    8|          0|
    |p_0_0_0482_1653_load_1_reg_751              |   8|   0|    8|          0|
    |p_0_0_0482_1653_load_reg_727                |   8|   0|    8|          0|
    |p_0_0_0482_1653_load_reg_727_pp0_iter2_reg  |   8|   0|    8|          0|
    |p_0_0_0483_1652_fu_114                      |   5|   0|    5|          0|
    |trunc_ln1_reg_761                           |   5|   0|    5|          0|
    |x_fu_110                                    |  17|   0|   17|          0|
    |icmp_ln1101_reg_715                         |  64|  32|    1|          0|
    |icmp_ln1159_reg_723                         |  64|  32|    1|          0|
    +--------------------------------------------+----+----+-----+-----------+
    |Total                                       | 287|  64|  161|          0|
    +--------------------------------------------+----+----+-----+-----------+



================================================================
== Interface
================================================================
* Summary: 
+------------------------------+-----+-----+------------+------------------------------------------+--------------+
|           RTL Ports          | Dir | Bits|  Protocol  |               Source Object              |    C Type    |
+------------------------------+-----+-----+------------+------------------------------------------+--------------+
|ap_clk                        |   in|    1|  ap_ctrl_hs|  ZipperRemoval_Pipeline_VITIS_LOOP_1101_2|  return value|
|ap_rst                        |   in|    1|  ap_ctrl_hs|  ZipperRemoval_Pipeline_VITIS_LOOP_1101_2|  return value|
|ap_start                      |   in|    1|  ap_ctrl_hs|  ZipperRemoval_Pipeline_VITIS_LOOP_1101_2|  return value|
|ap_done                       |  out|    1|  ap_ctrl_hs|  ZipperRemoval_Pipeline_VITIS_LOOP_1101_2|  return value|
|ap_idle                       |  out|    1|  ap_ctrl_hs|  ZipperRemoval_Pipeline_VITIS_LOOP_1101_2|  return value|
|ap_ready                      |  out|    1|  ap_ctrl_hs|  ZipperRemoval_Pipeline_VITIS_LOOP_1101_2|  return value|
|imgRgb_dout                   |   in|   24|     ap_fifo|                                    imgRgb|       pointer|
|imgRgb_num_data_valid         |   in|    3|     ap_fifo|                                    imgRgb|       pointer|
|imgRgb_fifo_cap               |   in|    3|     ap_fifo|                                    imgRgb|       pointer|
|imgRgb_empty_n                |   in|    1|     ap_fifo|                                    imgRgb|       pointer|
|imgRgb_read                   |  out|    1|     ap_fifo|                                    imgRgb|       pointer|
|imgUnzip_din                  |  out|   24|     ap_fifo|                                  imgUnzip|       pointer|
|imgUnzip_num_data_valid       |   in|    3|     ap_fifo|                                  imgUnzip|       pointer|
|imgUnzip_fifo_cap             |   in|    3|     ap_fifo|                                  imgUnzip|       pointer|
|imgUnzip_full_n               |   in|    1|     ap_fifo|                                  imgUnzip|       pointer|
|imgUnzip_write                |  out|    1|     ap_fifo|                                  imgUnzip|       pointer|
|p_0_0_0477645_lcssa660684     |   in|    8|     ap_none|                 p_0_0_0477645_lcssa660684|        scalar|
|p_0_0_0478643_lcssa657682     |   in|    8|     ap_none|                 p_0_0_0478643_lcssa657682|        scalar|
|p_0_0_0479647_lcssa654681     |   in|    8|     ap_none|                 p_0_0_0479647_lcssa654681|        scalar|
|conv2_i_i_lcssa679            |   in|    5|     ap_none|                        conv2_i_i_lcssa679|        scalar|
|loopWidth                     |   in|   17|   ap_stable|                                 loopWidth|        scalar|
|zext_ln1085                   |   in|   16|   ap_stable|                               zext_ln1085|        scalar|
|p_0_0_0480_1659_out           |  out|    8|      ap_vld|                       p_0_0_0480_1659_out|       pointer|
|p_0_0_0480_1659_out_ap_vld    |  out|    1|      ap_vld|                       p_0_0_0480_1659_out|       pointer|
|p_0_0_0481_1656_out           |  out|    8|      ap_vld|                       p_0_0_0481_1656_out|       pointer|
|p_0_0_0481_1656_out_ap_vld    |  out|    1|      ap_vld|                       p_0_0_0481_1656_out|       pointer|
|p_0_0_0482_1653_out           |  out|    8|      ap_vld|                       p_0_0_0482_1653_out|       pointer|
|p_0_0_0482_1653_out_ap_vld    |  out|    1|      ap_vld|                       p_0_0_0482_1653_out|       pointer|
|p_0_0_0480_1651_out_i         |   in|    8|     ap_ovld|                       p_0_0_0480_1651_out|       pointer|
|p_0_0_0480_1651_out_o         |  out|    8|     ap_ovld|                       p_0_0_0480_1651_out|       pointer|
|p_0_0_0480_1651_out_o_ap_vld  |  out|    1|     ap_ovld|                       p_0_0_0480_1651_out|       pointer|
|p_0_0_0481_1650_out_i         |   in|    8|     ap_ovld|                       p_0_0_0481_1650_out|       pointer|
|p_0_0_0481_1650_out_o         |  out|    8|     ap_ovld|                       p_0_0_0481_1650_out|       pointer|
|p_0_0_0481_1650_out_o_ap_vld  |  out|    1|     ap_ovld|                       p_0_0_0481_1650_out|       pointer|
|p_0_0_0482_1649_out_i         |   in|    8|     ap_ovld|                       p_0_0_0482_1649_out|       pointer|
|p_0_0_0482_1649_out_o         |  out|    8|     ap_ovld|                       p_0_0_0482_1649_out|       pointer|
|p_0_0_0482_1649_out_o_ap_vld  |  out|    1|     ap_ovld|                       p_0_0_0482_1649_out|       pointer|
|p_0_0_0483_1648_out_i         |   in|    8|     ap_ovld|                       p_0_0_0483_1648_out|       pointer|
|p_0_0_0483_1648_out_o         |  out|    8|     ap_ovld|                       p_0_0_0483_1648_out|       pointer|
|p_0_0_0483_1648_out_o_ap_vld  |  out|    1|     ap_ovld|                       p_0_0_0483_1648_out|       pointer|
|phi_ln1132_out                |  out|    5|      ap_vld|                            phi_ln1132_out|       pointer|
|phi_ln1132_out_ap_vld         |  out|    1|      ap_vld|                            phi_ln1132_out|       pointer|
+------------------------------+-----+-----+------------+------------------------------------------+--------------+

